<?xml version="1.0" encoding="utf-8"?>
<TestRun id="58ac8d7c-7586-4ee0-af22-ac48999d499d" name="@worlesenric 2026-09-26 08:38:31" xmlns="http://microsoft.com/schemas/VisualStudio/TeamTest/2010">
  <Times creation="2026-09-26T08:38:31.4379340+08:00" queuing="2026-09-26T08:38:31.4379341+08:00" start="2026-09-26T08:38:30.0891276+08:00" finish="2026-09-26T08:38:31.8434281+08:00" />
  <TestSettings name="default" id="5ea43dcc-95bd-4c96-ac8f-560c22fe4631">
    <Deployment runDeploymentRoot="_worlesenric_2026-09-26_08_38_31" />
  </TestSettings>
  <Results>
    <UnitTestResult executionId="a9c56d81-ac80-4504-8db2-03fe161b9f71" testId="a368381b-c826-da5a-07f6-882159508464" testName="AllZeroImplementationIdentityRejects" computerName="worlesenric" duration="00:00:00.0045620" startTime="2026-09-26T08:38:31.2262100+08:00" endTime="2026-09-26T08:38:31.2307720+08:00" testType="13cdc9d9-ddb5-4fa4-a97d-d965ccfc6d4b" outcome="Passed" testListId="8c84fa94-04c1-424b-9868-57a2d4851a1d" relativeResultsDirectory="a9c56d81-ac80-4504-8db2-03fe161b9f71" />
    <UnitTestResult executionId="c16afc80-8e57-4ccd-a8f4-cc2442845310" testId="ef277f34-d036-305a-c91f-b7c197fd6f5a" testName="UnimplementedMinorRejects" computerName="worlesenric" duration="00:00:00.0001810" startTime="2026-09-26T08:38:31.4210103+08:00" endTime="2026-09-26T08:38:31.4211918+08:00" testType="13cdc9d9-ddb5-4fa4-a97d-d965ccfc6d4b" outcome="Passed" testListId="8c84fa94-04c1-424b-9868-57a2d4851a1d" relativeResultsDirectory="c16afc80-8e57-4ccd-a8f4-cc2442845310" />
    <UnitTestResult executionId="0f809ddb-9a62-41e6-ae42-b4ce945ab7ca" testId="435e0ca1-e757-c30d-ee9f-e04b15fca79d" testName="InvalidCodeFragmentRejects" computerName="worlesenric" duration="00:00:00.0002709" startTime="2026-09-26T08:38:31.2969091+08:00" endTime="2026-09-26T08:38:31.2971803+08:00" testType="13cdc9d9-ddb5-4fa4-a97d-d965ccfc6d4b" outcome="Passed" testListId="8c84fa94-04c1-424b-9868-57a2d4851a1d" relativeResultsDirectory="0f809ddb-9a62-41e6-ae42-b4ce945ab7ca" />
    <UnitTestResult executionId="ea27073a-6a67-48a6-aa5e-a4d8028e93d5" testId="191bd9eb-d6f4-9118-bbe7-31b63664155d" testName="ZeroVersionRejects" computerName="worlesenric" duration="00:00:00.0003089" startTime="2026-09-26T08:38:31.4708308+08:00" endTime="2026-09-26T08:38:31.4711401+08:00" testType="13cdc9d9-ddb5-4fa4-a97d-d965ccfc6d4b" outcome="Passed" testListId="8c84fa94-04c1-424b-9868-57a2d4851a1d" relativeResultsDirectory="ea27073a-6a67-48a6-aa5e-a4d8028e93d5" />
    <UnitTestResult executionId="c9439dcb-ffb4-42a9-b569-af9945e8f235" testId="99e59fa0-006c-3199-9f95-8228467dab50" testName="MalformedJsonIsReportedAsInvalidDocument" computerName="worlesenric" duration="00:00:00.0002340" startTime="2026-09-26T08:38:31.3348394+08:00" endTime="2026-09-26T08:38:31.3350734+08:00" testType="13cdc9d9-ddb5-4fa4-a97d-d965ccfc6d4b" outcome="Passed" testListId="8c84fa94-04c1-424b-9868-57a2d4851a1d" relativeResultsDirectory="c9439dcb-ffb4-42a9-b569-af9945e8f235" />
    <UnitTestResult executionId="589bb8c5-02dc-488a-a535-69ee9507f8b4" testId="388d1b6c-c036-23fb-6a43-e112170bf466" testName="CommittedCheckpointCatalogFingerprintMatchesItsDeclarations" computerName="worlesenric" duration="00:00:00.0046750" startTime="2026-09-26T08:38:31.5392994+08:00" endTime="2026-09-26T08:38:31.5439736+08:00" testType="13cdc9d9-ddb5-4fa4-a97d-d965ccfc6d4b" outcome="Passed" testListId="8c84fa94-04c1-424b-9868-57a2d4851a1d" relativeResultsDirectory="589bb8c5-02dc-488a-a535-69ee9507f8b4" />
    <UnitTestResult executionId="c3a8b1d5-0946-4f71-bc7b-cba0e43cf6cf" testId="07bdb500-f0b7-2ee6-905c-d6571a555619" testName="UnsupportedProtocolVersionRejects" computerName="worlesenric" duration="00:00:00.0002550" startTime="2026-09-26T08:38:31.4478309+08:00" endTime="2026-09-26T08:38:31.4480863+08:00" testType="13cdc9d9-ddb5-4fa4-a97d-d965ccfc6d4b" outcome="Passed" testListId="8c84fa94-04c1-424b-9868-57a2d4851a1d" relativeResultsDirectory="c3a8b1d5-0946-4f71-bc7b-cba0e43cf6cf" />
    <UnitTestResult executionId="2a7c7888-224d-4e03-8106-ccf6cc3fad95" testId="993883a5-b1e2-b818-b8df-804ff1a82623" testName="CommittedCardCatalogMatchesAFreshGeneration" computerName="worlesenric" duration="00:00:00.0011329" startTime="2026-09-26T08:38:31.2191907+08:00" endTime="2026-09-26T08:38:31.2203240+08:00" testType="13cdc9d9-ddb5-4fa4-a97d-d965ccfc6d4b" outcome="Passed" testListId="8c84fa94-04c1-424b-9868-57a2d4851a1d" relativeResultsDirectory="2a7c7888-224d-4e03-8106-ccf6cc3fad95" />
    <UnitTestResult executionId="4b84328f-45d5-491c-86ee-3f659ac1a6ba" testId="d661a575-f5db-dcc3-2651-f7a20a82908e" testName="SchemaMemberCollidingWithAReservedGeneratedMemberRejects" computerName="worlesenric" duration="00:00:00.0002500" startTime="2026-09-26T08:38:31.4138382+08:00" endTime="2026-09-26T08:38:31.4140881+08:00" testType="13cdc9d9-ddb5-4fa4-a97d-d965ccfc6d4b" outcome="Passed" testListId="8c84fa94-04c1-424b-9868-57a2d4851a1d" relativeResultsDirectory="4b84328f-45d5-491c-86ee-3f659ac1a6ba" />
    <UnitTestResult executionId="e1736680-5de0-4ff7-8d4a-3afdbbabb6d8" testId="e291aa66-ef60-353a-bdc1-17429cdfe2d3" testName="GeneratorArgumentsParseTheDocumentedCommandLine" computerName="worlesenric" duration="00:00:00.0009400" startTime="2026-09-26T08:38:31.5320872+08:00" endTime="2026-09-26T08:38:31.5330267+08:00" testType="13cdc9d9-ddb5-4fa4-a97d-d965ccfc6d4b" outcome="Passed" testListId="8c84fa94-04c1-424b-9868-57a2d4851a1d" relativeResultsDirectory="e1736680-5de0-4ff7-8d4a-3afdbbabb6d8" />
    <UnitTestResult executionId="bee2d59a-f2b1-4803-961c-77df57885432" testId="8b8f1802-4a72-d248-a440-52463b95133b" testName="FeatureDeclarationOrderDoesNotChangeGeneratedBytes" computerName="worlesenric" duration="00:00:00.0011660" startTime="2026-09-26T08:38:31.4949852+08:00" endTime="2026-09-26T08:38:31.4961513+08:00" testType="13cdc9d9-ddb5-4fa4-a97d-d965ccfc6d4b" outcome="Passed" testListId="8c84fa94-04c1-424b-9868-57a2d4851a1d" relativeResultsDirectory="bee2d59a-f2b1-4803-961c-77df57885432" />
    <UnitTestResult executionId="4f7f5db5-5933-4789-954b-c8206acebc4d" testId="c2a72dd0-27bf-137f-7c70-71c4bb2a9025" testName="InvalidDocumentRootRejects" computerName="worlesenric" duration="00:00:00.0001940" startTime="2026-09-26T08:38:31.3098395+08:00" endTime="2026-09-26T08:38:31.3100339+08:00" testType="13cdc9d9-ddb5-4fa4-a97d-d965ccfc6d4b" outcome="Passed" testListId="8c84fa94-04c1-424b-9868-57a2d4851a1d" relativeResultsDirectory="4f7f5db5-5933-4789-954b-c8206acebc4d" />
    <UnitTestResult executionId="efb8a8a6-7aba-4082-9aed-afef29cea71f" testId="f9352d4e-1c68-5156-44d6-9c0e393891bf" testName="ValidDescriptionEmitsDeterministicBytes" computerName="worlesenric" duration="00:00:00.0021390" startTime="2026-09-26T08:38:31.5364924+08:00" endTime="2026-09-26T08:38:31.5386308+08:00" testType="13cdc9d9-ddb5-4fa4-a97d-d965ccfc6d4b" outcome="Passed" testListId="8c84fa94-04c1-424b-9868-57a2d4851a1d" relativeResultsDirectory="efb8a8a6-7aba-4082-9aed-afef29cea71f" />
    <UnitTestResult executionId="6ab477a7-1034-4fc5-a582-84723aa41acc" testId="10a632d9-c0aa-8090-0dd4-c44bfef506d7" testName="MissingRequiredMemberRejects" computerName="worlesenric" duration="00:00:00.0001910" startTime="2026-09-26T08:38:31.3653958+08:00" endTime="2026-09-26T08:38:31.3655869+08:00" testType="13cdc9d9-ddb5-4fa4-a97d-d965ccfc6d4b" outcome="Passed" testListId="8c84fa94-04c1-424b-9868-57a2d4851a1d" relativeResultsDirectory="6ab477a7-1034-4fc5-a582-84723aa41acc" />
    <UnitTestResult executionId="3b03834f-0000-44f4-9969-5095dc968907" testId="db5fa11c-61f1-b840-f7d8-d72274333fb9" testName="CommittedProbeCatalogFingerprintMatchesItsDeclarations" computerName="worlesenric" duration="00:00:00.0009270" startTime="2026-09-26T08:38:31.7834914+08:00" endTime="2026-09-26T08:38:31.7844183+08:00" testType="13cdc9d9-ddb5-4fa4-a97d-d965ccfc6d4b" outcome="Passed" testListId="8c84fa94-04c1-424b-9868-57a2d4851a1d" relativeResultsDirectory="3b03834f-0000-44f4-9969-5095dc968907" />
    <UnitTestResult executionId="f6aff468-d930-41c6-97e5-ac2717628c16" testId="ce07497c-4dc6-a0b3-bd22-bf118f2b179f" testName="ClassNamedAfterAGeneratedMemberRejects" computerName="worlesenric" duration="00:00:00.0177170" startTime="2026-09-26T08:38:31.2338360+08:00" endTime="2026-09-26T08:38:31.2515536+08:00" testType="13cdc9d9-ddb5-4fa4-a97d-d965ccfc6d4b" outcome="Passed" testListId="8c84fa94-04c1-424b-9868-57a2d4851a1d" relativeResultsDirectory="f6aff468-d930-41c6-97e5-ac2717628c16" />
    <UnitTestResult executionId="b67e5eab-2ffd-4566-9ebb-100c29f5428d" testId="4a59641e-8e86-0476-d892-39db58235546" testName="DescriptionThatWouldBuildAnInvalidCatalogRejects" computerName="worlesenric" duration="00:00:00.0031330" startTime="2026-09-26T08:38:31.2582809+08:00" endTime="2026-09-26T08:38:31.2614138+08:00" testType="13cdc9d9-ddb5-4fa4-a97d-d965ccfc6d4b" outcome="Passed" testListId="8c84fa94-04c1-424b-9868-57a2d4851a1d" relativeResultsDirectory="b67e5eab-2ffd-4566-9ebb-100c29f5428d" />
    <UnitTestResult executionId="aa38fb2e-b8db-4941-8aa3-a09b63d79ee6" testId="4d635dde-9025-0f50-e5e6-4a0320b1f861" testName="CommittedGeneratedCatalogPassesItsOwnVerification" computerName="worlesenric" duration="00:00:00.0002720" startTime="2026-09-26T08:38:31.7830536+08:00" endTime="2026-09-26T08:38:31.7833257+08:00" testType="13cdc9d9-ddb5-4fa4-a97d-d965ccfc6d4b" outcome="Passed" testListId="8c84fa94-04c1-424b-9868-57a2d4851a1d" relativeResultsDirectory="aa38fb2e-b8db-4941-8aa3-a09b63d79ee6" />
    <UnitTestResult executionId="8b028bbc-75c8-4335-80a5-52c0654006d4" testId="8613c9dc-f124-68c2-ef82-d40b6dce25ca" testName="FingerprintLiteralMatchesTheDeclarations" computerName="worlesenric" duration="00:00:00.0111440" startTime="2026-09-26T08:38:31.5089755+08:00" endTime="2026-09-26T08:38:31.5201190+08:00" testType="13cdc9d9-ddb5-4fa4-a97d-d965ccfc6d4b" outcome="Passed" testListId="8c84fa94-04c1-424b-9868-57a2d4851a1d" relativeResultsDirectory="8b028bbc-75c8-4335-80a5-52c0654006d4" />
    <UnitTestResult executionId="2f29a2a2-2add-420f-8b4e-c4e6b097486a" testId="22b95d6a-5061-f409-c55c-173dfdb0009d" testName="EveryRejectionReportsAPathOrAnExplicitDocumentScope" computerName="worlesenric" duration="00:00:00.0020209" startTime="2026-09-26T08:38:31.2818380+08:00" endTime="2026-09-26T08:38:31.2838585+08:00" testType="13cdc9d9-ddb5-4fa4-a97d-d965ccfc6d4b" outcome="Passed" testListId="8c84fa94-04c1-424b-9868-57a2d4851a1d" relativeResultsDirectory="2f29a2a2-2add-420f-8b4e-c4e6b097486a" />
    <UnitTestResult executionId="f753184f-d101-40bf-a8d5-5e8088949d9b" testId="99fbf920-1989-3afa-e14d-521d4d16a8a2" testName="GroupMemberCollidingWithAReservedGeneratedMemberRejects" computerName="worlesenric" duration="00:00:00.0002740" startTime="2026-09-26T08:38:31.2898386+08:00" endTime="2026-09-26T08:38:31.2901126+08:00" testType="13cdc9d9-ddb5-4fa4-a97d-d965ccfc6d4b" outcome="Passed" testListId="8c84fa94-04c1-424b-9868-57a2d4851a1d" relativeResultsDirectory="f753184f-d101-40bf-a8d5-5e8088949d9b" />
    <UnitTestResult executionId="2a6772e5-da6e-4ad6-91fb-fb03bae5247e" testId="2109dcb9-5531-7c07-80ae-102d5db235ab" testName="CommittedCardCatalogKeyLiteralsMatchTheirDerivation" computerName="worlesenric" duration="00:00:00.0027600" startTime="2026-09-26T08:38:31.2163418+08:00" endTime="2026-09-26T08:38:31.2191018+08:00" testType="13cdc9d9-ddb5-4fa4-a97d-d965ccfc6d4b" outcome="Passed" testListId="8c84fa94-04c1-424b-9868-57a2d4851a1d" relativeResultsDirectory="2a6772e5-da6e-4ad6-91fb-fb03bae5247e" />
    <UnitTestResult executionId="325ceec1-d8a6-4974-8328-9f18aa4c6b70" testId="1e9dac80-9afc-f5b6-3b75-0fc15f043b6f" testName="ReservedFieldIdRejects" computerName="worlesenric" duration="00:00:00.0003200" startTime="2026-09-26T08:38:31.3968495+08:00" endTime="2026-09-26T08:38:31.3971697+08:00" testType="13cdc9d9-ddb5-4fa4-a97d-d965ccfc6d4b" outcome="Passed" testListId="8c84fa94-04c1-424b-9868-57a2d4851a1d" relativeResultsDirectory="325ceec1-d8a6-4974-8328-9f18aa4c6b70" />
    <UnitTestResult executionId="4460fce3-2b66-4631-a3cb-79048eb43ef3" testId="13e8be3f-a736-bbee-f765-0cd1b7840ac4" testName="EmittedFieldCasesCloseWithBreakAndBraceAndKeepBracesBalanced" computerName="worlesenric" duration="00:00:00.0029550" startTime="2026-09-26T08:38:31.4848300+08:00" endTime="2026-09-26T08:38:31.4877856+08:00" testType="13cdc9d9-ddb5-4fa4-a97d-d965ccfc6d4b" outcome="Passed" testListId="8c84fa94-04c1-424b-9868-57a2d4851a1d" relativeResultsDirectory="4460fce3-2b66-4631-a3cb-79048eb43ef3" />
    <UnitTestResult executionId="946169be-19f8-45aa-b10d-858150506386" testId="c121d14e-825f-8d1f-529b-c478c16dc572" testName="CommittedCardCatalogFingerprintMatchesItsDeclarations" computerName="worlesenric" duration="00:00:00.0404060" startTime="2026-09-26T08:38:31.1745827+08:00" endTime="2026-09-26T08:38:31.2149288+08:00" testType="13cdc9d9-ddb5-4fa4-a97d-d965ccfc6d4b" outcome="Passed" testListId="8c84fa94-04c1-424b-9868-57a2d4851a1d" relativeResultsDirectory="946169be-19f8-45aa-b10d-858150506386" />
    <UnitTestResult executionId="520fc5b9-4cd1-40a9-8352-7a62494e0c8b" testId="eae65d2c-f5c2-f597-c2f6-823f72c30479" testName="GenerationReportVerifiesWhatItWrote" computerName="worlesenric" duration="00:00:00.0028019" startTime="2026-09-26T08:38:31.5290402+08:00" endTime="2026-09-26T08:38:31.5318417+08:00" testType="13cdc9d9-ddb5-4fa4-a97d-d965ccfc6d4b" outcome="Passed" testListId="8c84fa94-04c1-424b-9868-57a2d4851a1d" relativeResultsDirectory="520fc5b9-4cd1-40a9-8352-7a62494e0c8b" />
    <UnitTestResult executionId="2122d3ae-5057-4ae5-a162-248a985e5cda" testId="957ea0be-e5c6-8b07-d28f-4de7d4fec13f" testName="UnknownMemberRejects" computerName="worlesenric" duration="00:00:00.0002540" startTime="2026-09-26T08:38:31.4409091+08:00" endTime="2026-09-26T08:38:31.4411641+08:00" testType="13cdc9d9-ddb5-4fa4-a97d-d965ccfc6d4b" outcome="Passed" testListId="8c84fa94-04c1-424b-9868-57a2d4851a1d" relativeResultsDirectory="2122d3ae-5057-4ae5-a162-248a985e5cda" />
    <UnitTestResult executionId="50d5d36a-b11b-4276-b932-fb0a3476ca3a" testId="9c637530-027b-7de2-d98f-03650bbed66a" testName="DeclarationOrderDoesNotChangeGeneratedBytes" computerName="worlesenric" duration="00:00:00.0012060" startTime="2026-09-26T08:38:31.4798528+08:00" endTime="2026-09-26T08:38:31.4810591+08:00" testType="13cdc9d9-ddb5-4fa4-a97d-d965ccfc6d4b" outcome="Passed" testListId="8c84fa94-04c1-424b-9868-57a2d4851a1d" relativeResultsDirectory="50d5d36a-b11b-4276-b932-fb0a3476ca3a" />
    <UnitTestResult executionId="6e623b1c-26ab-4707-8ee4-44bee0b2b4c4" testId="ebc2e79d-0013-5ac5-1a10-fdc0f753882f" testName="CommittedGeneratedCatalogMatchesAFreshGeneration" computerName="worlesenric" duration="00:00:00.0006230" startTime="2026-09-26T08:38:31.7822347+08:00" endTime="2026-09-26T08:38:31.7828575+08:00" testType="13cdc9d9-ddb5-4fa4-a97d-d965ccfc6d4b" outcome="Passed" testListId="8c84fa94-04c1-424b-9868-57a2d4851a1d" relativeResultsDirectory="6e623b1c-26ab-4707-8ee4-44bee0b2b4c4" />
    <UnitTestResult executionId="f1851dc5-a7cb-44dc-b373-bba9db1efd20" testId="15fffbf7-3b66-6103-20fd-b18305a69632" testName="DuplicateFieldIdRejects" computerName="worlesenric" duration="00:00:00.0002240" startTime="2026-09-26T08:38:31.2617742+08:00" endTime="2026-09-26T08:38:31.2619982+08:00" testType="13cdc9d9-ddb5-4fa4-a97d-d965ccfc6d4b" outcome="Passed" testListId="8c84fa94-04c1-424b-9868-57a2d4851a1d" relativeResultsDirectory="f1851dc5-a7cb-44dc-b373-bba9db1efd20" />
    <UnitTestResult executionId="a5d470c2-e6fa-46aa-8039-3e5d91934f4f" testId="7f00720d-4676-b91e-004b-d6d34e4dd4fa" testName="MemberNamedAfterTheGeneratedClassRejects" computerName="worlesenric" duration="00:00:00.0003180" startTime="2026-09-26T08:38:31.3488324+08:00" endTime="2026-09-26T08:38:31.3491509+08:00" testType="13cdc9d9-ddb5-4fa4-a97d-d965ccfc6d4b" outcome="Passed" testListId="8c84fa94-04c1-424b-9868-57a2d4851a1d" relativeResultsDirectory="a5d470c2-e6fa-46aa-8039-3e5d91934f4f" />
    <UnitTestResult executionId="a24b3cb3-7e9b-4348-9e99-c55049e08364" testId="a01acef7-6957-0e86-ccf9-6e0a07aed5f4" testName="UsedCatalogDescriptionHasNoClosedGenericRootsWhenNoneAreDeclared" computerName="worlesenric" duration="00:00:00.0009410" startTime="2026-09-26T08:38:31.5353334+08:00" endTime="2026-09-26T08:38:31.5362740+08:00" testType="13cdc9d9-ddb5-4fa4-a97d-d965ccfc6d4b" outcome="Passed" testListId="8c84fa94-04c1-424b-9868-57a2d4851a1d" relativeResultsDirectory="a24b3cb3-7e9b-4348-9e99-c55049e08364" />
    <UnitTestResult executionId="9f5b3cec-ab60-49bb-a48e-ed7b188829d5" testId="3ba806a4-bbf3-7b7e-27b5-2f86df0fc91e" testName="RepeatedEmissionIsByteIdentical" computerName="worlesenric" duration="00:00:00.0018180" startTime="2026-09-26T08:38:31.5332625+08:00" endTime="2026-09-26T08:38:31.5350799+08:00" testType="13cdc9d9-ddb5-4fa4-a97d-d965ccfc6d4b" outcome="Passed" testListId="8c84fa94-04c1-424b-9868-57a2d4851a1d" relativeResultsDirectory="9f5b3cec-ab60-49bb-a48e-ed7b188829d5" />
    <UnitTestResult executionId="b9cc598a-1a84-4cae-aa8e-ba42cabd84fa" testId="49ea4e69-52f4-11c0-268c-ff2c8e945926" testName="GeneratedClosedGenericRootsAndAttributesAreEmittedWithTerminators" computerName="worlesenric" duration="00:00:00.0023970" startTime="2026-09-26T08:38:31.5221378+08:00" endTime="2026-09-26T08:38:31.5245353+08:00" testType="13cdc9d9-ddb5-4fa4-a97d-d965ccfc6d4b" outcome="Passed" testListId="8c84fa94-04c1-424b-9868-57a2d4851a1d" relativeResultsDirectory="b9cc598a-1a84-4cae-aa8e-ba42cabd84fa" />
    <UnitTestResult executionId="5b06bee3-8828-481d-b7e1-5e767c3d6477" testId="bb935116-be01-14ef-e044-2191c3664db7" testName="CommittedCheckpointCatalogPassesItsOwnVerification" computerName="worlesenric" duration="00:00:00.0007520" startTime="2026-09-26T08:38:31.7753831+08:00" endTime="2026-09-26T08:38:31.7761350+08:00" testType="13cdc9d9-ddb5-4fa4-a97d-d965ccfc6d4b" outcome="Passed" testListId="8c84fa94-04c1-424b-9868-57a2d4851a1d" relativeResultsDirectory="5b06bee3-8828-481d-b7e1-5e767c3d6477" />
    <UnitTestResult executionId="4521e834-12ef-4866-ae36-994795596bda" testId="eda82127-ff29-41db-13bd-e18efa6bad16" testName="GeneratedSerializerDeclaresRequiredFieldsAndEnvelopeCalls" computerName="worlesenric" duration="00:00:00.0032930" startTime="2026-09-26T08:38:31.5248810+08:00" endTime="2026-09-26T08:38:31.5281732+08:00" testType="13cdc9d9-ddb5-4fa4-a97d-d965ccfc6d4b" outcome="Passed" testListId="8c84fa94-04c1-424b-9868-57a2d4851a1d" relativeResultsDirectory="4521e834-12ef-4866-ae36-994795596bda" />
    <UnitTestResult executionId="39d1fc0e-92c6-49bf-899c-1dbb874ae5a9" testId="abe7560b-0107-ad48-75f7-887769837b50" testName="EveryCheckpointSchemaIsDeclaredRequiredWithAscendingFieldIds" computerName="worlesenric" duration="00:00:00.0037840" startTime="2026-09-26T08:38:31.7778297+08:00" endTime="2026-09-26T08:38:31.7816131+08:00" testType="13cdc9d9-ddb5-4fa4-a97d-d965ccfc6d4b" outcome="Passed" testListId="8c84fa94-04c1-424b-9868-57a2d4851a1d" relativeResultsDirectory="39d1fc0e-92c6-49bf-899c-1dbb874ae5a9" />
    <UnitTestResult executionId="206b00b1-4b01-40dc-86f6-d271fc7d6993" testId="fa394697-3424-9c25-ece5-7e2d369a8920" testName="CodeFragmentWithStatementTerminatorRejects" computerName="worlesenric" duration="00:00:00.0001820" startTime="2026-09-26T08:38:31.2577899+08:00" endTime="2026-09-26T08:38:31.2579720+08:00" testType="13cdc9d9-ddb5-4fa4-a97d-d965ccfc6d4b" outcome="Passed" testListId="8c84fa94-04c1-424b-9868-57a2d4851a1d" relativeResultsDirectory="206b00b1-4b01-40dc-86f6-d271fc7d6993" />
    <UnitTestResult executionId="3cbb5681-e2e8-4545-aa73-13139eb709c3" testId="4a4f7ec1-0f1b-146c-8f0b-642d1643ee5c" testName="DuplicateStableNameRejects" computerName="worlesenric" duration="00:00:00.0003280" startTime="2026-09-26T08:38:31.2718357+08:00" endTime="2026-09-26T08:38:31.2721638+08:00" testType="13cdc9d9-ddb5-4fa4-a97d-d965ccfc6d4b" outcome="Passed" testListId="8c84fa94-04c1-424b-9868-57a2d4851a1d" relativeResultsDirectory="3cbb5681-e2e8-4545-aa73-13139eb709c3" />
    <UnitTestResult executionId="0de71c00-3d5c-44bf-90b8-0d863629fe6d" testId="d79887d3-a91f-2118-f432-95132cc40b07" testName="CommittedCardCatalogPassesItsOwnVerification" computerName="worlesenric" duration="00:00:00.0037520" startTime="2026-09-26T08:38:31.2203562+08:00" endTime="2026-09-26T08:38:31.2241076+08:00" testType="13cdc9d9-ddb5-4fa4-a97d-d965ccfc6d4b" outcome="Passed" testListId="8c84fa94-04c1-424b-9868-57a2d4851a1d" relativeResultsDirectory="0de71c00-3d5c-44bf-90b8-0d863629fe6d" />
    <UnitTestResult executionId="6793e521-8f25-490c-87b3-0be1a51c6f09" testId="7ed4bff5-de38-8fb8-34f1-2ff229d1b5c9" testName="InvalidIdentityHexRejects" computerName="worlesenric" duration="00:00:00.0002650" startTime="2026-09-26T08:38:31.3258296+08:00" endTime="2026-09-26T08:38:31.3260948+08:00" testType="13cdc9d9-ddb5-4fa4-a97d-d965ccfc6d4b" outcome="Passed" testListId="8c84fa94-04c1-424b-9868-57a2d4851a1d" relativeResultsDirectory="6793e521-8f25-490c-87b3-0be1a51c6f09" />
    <UnitTestResult executionId="49a75aa6-7fa4-400d-a17f-b982c9239e41" testId="2386ee34-1c98-0e7e-f863-0e97b7c67c92" testName="WrongDescriptionFormatRejects" computerName="worlesenric" duration="00:00:00.0004160" startTime="2026-09-26T08:38:31.4638314+08:00" endTime="2026-09-26T08:38:31.4642478+08:00" testType="13cdc9d9-ddb5-4fa4-a97d-d965ccfc6d4b" outcome="Passed" testListId="8c84fa94-04c1-424b-9868-57a2d4851a1d" relativeResultsDirectory="49a75aa6-7fa4-400d-a17f-b982c9239e41" />
    <UnitTestResult executionId="6dce581f-ad06-4389-a3e9-079f52856856" testId="948f1c00-52cc-8709-370c-1146d5c9950c" testName="UnsupportedWireTypeRejects" computerName="worlesenric" duration="00:00:00.0003160" startTime="2026-09-26T08:38:31.4548310+08:00" endTime="2026-09-26T08:38:31.4551478+08:00" testType="13cdc9d9-ddb5-4fa4-a97d-d965ccfc6d4b" outcome="Passed" testListId="8c84fa94-04c1-424b-9868-57a2d4851a1d" relativeResultsDirectory="6dce581f-ad06-4389-a3e9-079f52856856" />
    <UnitTestResult executionId="98d2412d-08b7-4b2b-be53-3aa24c139340" testId="62555781-d38d-97ac-09ee-252bcd5b99d5" testName="UnknownFactoryKindRejects" computerName="worlesenric" duration="00:00:00.0003010" startTime="2026-09-26T08:38:31.4300402+08:00" endTime="2026-09-26T08:38:31.4303415+08:00" testType="13cdc9d9-ddb5-4fa4-a97d-d965ccfc6d4b" outcome="Passed" testListId="8c84fa94-04c1-424b-9868-57a2d4851a1d" relativeResultsDirectory="98d2412d-08b7-4b2b-be53-3aa24c139340" />
    <UnitTestResult executionId="3491f72b-00d3-48d0-9d22-e021bef37a91" testId="f08fd216-3f6d-36d8-7a1a-55c818194c5b" testName="CommittedCheckpointCatalogKeyLiteralsMatchTheirDerivation" computerName="worlesenric" duration="00:00:00.0164520" startTime="2026-09-26T08:38:31.5442845+08:00" endTime="2026-09-26T08:38:31.5607361+08:00" testType="13cdc9d9-ddb5-4fa4-a97d-d965ccfc6d4b" outcome="Passed" testListId="8c84fa94-04c1-424b-9868-57a2d4851a1d" relativeResultsDirectory="3491f72b-00d3-48d0-9d22-e021bef37a91" />
    <UnitTestResult executionId="c5c3b7d5-82de-4f8f-89f4-9f263f4c98ad" testId="d64d72ea-7173-f86a-f0f0-b80bbefcdcf6" testName="DuplicateJsonMemberRejectsAsInvalidDocument" computerName="worlesenric" duration="00:00:00.0003360" startTime="2026-09-26T08:38:31.2656149+08:00" endTime="2026-09-26T08:38:31.2659508+08:00" testType="13cdc9d9-ddb5-4fa4-a97d-d965ccfc6d4b" outcome="Passed" testListId="8c84fa94-04c1-424b-9868-57a2d4851a1d" relativeResultsDirectory="c5c3b7d5-82de-4f8f-89f4-9f263f4c98ad" />
    <UnitTestResult executionId="b34c7119-adba-4c42-8100-b44bb6f14e5f" testId="5518edeb-57f1-cd40-289d-a92c12e305ae" testName="OptionalBytesFieldIsAcceptedAndEmittedAsNullable" computerName="worlesenric" duration="00:00:00.0009020" startTime="2026-09-26T08:38:31.3758538+08:00" endTime="2026-09-26T08:38:31.3767557+08:00" testType="13cdc9d9-ddb5-4fa4-a97d-d965ccfc6d4b" outcome="Passed" testListId="8c84fa94-04c1-424b-9868-57a2d4851a1d" relativeResultsDirectory="b34c7119-adba-4c42-8100-b44bb6f14e5f" />
    <UnitTestResult executionId="9b65ebf8-0119-44cf-8b38-b51e6d6aa20a" testId="1bdc01b8-aa5a-4047-67cf-8a70f7b04a5d" testName="CommittedCheckpointCatalogMatchesAFreshGeneration" computerName="worlesenric" duration="00:00:00.2138920" startTime="2026-09-26T08:38:31.5611355+08:00" endTime="2026-09-26T08:38:31.7750271+08:00" testType="13cdc9d9-ddb5-4fa4-a97d-d965ccfc6d4b" outcome="Passed" testListId="8c84fa94-04c1-424b-9868-57a2d4851a1d" relativeResultsDirectory="9b65ebf8-0119-44cf-8b38-b51e6d6aa20a" />
    <UnitTestResult executionId="0416173a-b67c-4e33-9079-4b7202b64fe7" testId="0fac49ff-9fc4-70da-0e12-4468b853b5ca" testName="FileHashCoversTheGeneratedPrefixAndDetectsEdits" computerName="worlesenric" duration="00:00:00.0010180" startTime="2026-09-26T08:38:31.5001849+08:00" endTime="2026-09-26T08:38:31.5012029+08:00" testType="13cdc9d9-ddb5-4fa4-a97d-d965ccfc6d4b" outcome="Passed" testListId="8c84fa94-04c1-424b-9868-57a2d4851a1d" relativeResultsDirectory="0416173a-b67c-4e33-9079-4b7202b64fe7" />
  </Results>
  <TestDefinitions>
    <UnitTest name="InvalidIdentityHexRejects" storage="/home/worlesenric/wkspace/gc-wt/w5-gate/dotnet/tests/gamecore.content.compiler.tests/bin/release/net8.0/gamecore.content.compiler.tests.dll" id="7ed4bff5-de38-8fb8-34f1-2ff229d1b5c9">
      <Execution id="6793e521-8f25-490c-87b3-0be1a51c6f09" />
      <TestMethod codeBase="/home/worlesenric/wkspace/gc-wt/w5-gate/dotnet/tests/GameCore.Content.Compiler.Tests/bin/Release/net8.0/GameCore.Content.Compiler.Tests.dll" adapterTypeName="executor://nunit3testexecutor/" className="GameCore.Content.Compiler.Tests.CatalogDescriptionRejectionTests" name="InvalidIdentityHexRejects" />
    </UnitTest>
    <UnitTest name="InvalidCodeFragmentRejects" storage="/home/worlesenric/wkspace/gc-wt/w5-gate/dotnet/tests/gamecore.content.compiler.tests/bin/release/net8.0/gamecore.content.compiler.tests.dll" id="435e0ca1-e757-c30d-ee9f-e04b15fca79d">
      <Execution id="0f809ddb-9a62-41e6-ae42-b4ce945ab7ca" />
      <TestMethod codeBase="/home/worlesenric/wkspace/gc-wt/w5-gate/dotnet/tests/GameCore.Content.Compiler.Tests/bin/Release/net8.0/GameCore.Content.Compiler.Tests.dll" adapterTypeName="executor://nunit3testexecutor/" className="GameCore.Content.Compiler.Tests.CatalogDescriptionRejectionTests" name="InvalidCodeFragmentRejects" />
    </UnitTest>
    <UnitTest name="DuplicateFieldIdRejects" storage="/home/worlesenric/wkspace/gc-wt/w5-gate/dotnet/tests/gamecore.content.compiler.tests/bin/release/net8.0/gamecore.content.compiler.tests.dll" id="15fffbf7-3b66-6103-20fd-b18305a69632">
      <Execution id="f1851dc5-a7cb-44dc-b373-bba9db1efd20" />
      <TestMethod codeBase="/home/worlesenric/wkspace/gc-wt/w5-gate/dotnet/tests/GameCore.Content.Compiler.Tests/bin/Release/net8.0/GameCore.Content.Compiler.Tests.dll" adapterTypeName="executor://nunit3testexecutor/" className="GameCore.Content.Compiler.Tests.CatalogDescriptionRejectionTests" name="DuplicateFieldIdRejects" />
    </UnitTest>
    <UnitTest name="CommittedGeneratedCatalogMatchesAFreshGeneration" storage="/home/worlesenric/wkspace/gc-wt/w5-gate/dotnet/tests/gamecore.content.compiler.tests/bin/release/net8.0/gamecore.content.compiler.tests.dll" id="ebc2e79d-0013-5ac5-1a10-fdc0f753882f">
      <Execution id="6e623b1c-26ab-4707-8ee4-44bee0b2b4c4" />
      <TestMethod codeBase="/home/worlesenric/wkspace/gc-wt/w5-gate/dotnet/tests/GameCore.Content.Compiler.Tests/bin/Release/net8.0/GameCore.Content.Compiler.Tests.dll" adapterTypeName="executor://nunit3testexecutor/" className="GameCore.Content.Compiler.Tests.CommittedProbeCatalogTests" name="CommittedGeneratedCatalogMatchesAFreshGeneration" />
    </UnitTest>
    <UnitTest name="CommittedProbeCatalogFingerprintMatchesItsDeclarations" storage="/home/worlesenric/wkspace/gc-wt/w5-gate/dotnet/tests/gamecore.content.compiler.tests/bin/release/net8.0/gamecore.content.compiler.tests.dll" id="db5fa11c-61f1-b840-f7d8-d72274333fb9">
      <Execution id="3b03834f-0000-44f4-9969-5095dc968907" />
      <TestMethod codeBase="/home/worlesenric/wkspace/gc-wt/w5-gate/dotnet/tests/GameCore.Content.Compiler.Tests/bin/Release/net8.0/GameCore.Content.Compiler.Tests.dll" adapterTypeName="executor://nunit3testexecutor/" className="GameCore.Content.Compiler.Tests.CommittedProbeCatalogTests" name="CommittedProbeCatalogFingerprintMatchesItsDeclarations" />
    </UnitTest>
    <UnitTest name="GroupMemberCollidingWithAReservedGeneratedMemberRejects" storage="/home/worlesenric/wkspace/gc-wt/w5-gate/dotnet/tests/gamecore.content.compiler.tests/bin/release/net8.0/gamecore.content.compiler.tests.dll" id="99fbf920-1989-3afa-e14d-521d4d16a8a2">
      <Execution id="f753184f-d101-40bf-a8d5-5e8088949d9b" />
      <TestMethod codeBase="/home/worlesenric/wkspace/gc-wt/w5-gate/dotnet/tests/GameCore.Content.Compiler.Tests/bin/Release/net8.0/GameCore.Content.Compiler.Tests.dll" adapterTypeName="executor://nunit3testexecutor/" className="GameCore.Content.Compiler.Tests.CatalogDescriptionRejectionTests" name="GroupMemberCollidingWithAReservedGeneratedMemberRejects" />
    </UnitTest>
    <UnitTest name="SchemaMemberCollidingWithAReservedGeneratedMemberRejects" storage="/home/worlesenric/wkspace/gc-wt/w5-gate/dotnet/tests/gamecore.content.compiler.tests/bin/release/net8.0/gamecore.content.compiler.tests.dll" id="d661a575-f5db-dcc3-2651-f7a20a82908e">
      <Execution id="4b84328f-45d5-491c-86ee-3f659ac1a6ba" />
      <TestMethod codeBase="/home/worlesenric/wkspace/gc-wt/w5-gate/dotnet/tests/GameCore.Content.Compiler.Tests/bin/Release/net8.0/GameCore.Content.Compiler.Tests.dll" adapterTypeName="executor://nunit3testexecutor/" className="GameCore.Content.Compiler.Tests.CatalogDescriptionRejectionTests" name="SchemaMemberCollidingWithAReservedGeneratedMemberRejects" />
    </UnitTest>
    <UnitTest name="FileHashCoversTheGeneratedPrefixAndDetectsEdits" storage="/home/worlesenric/wkspace/gc-wt/w5-gate/dotnet/tests/gamecore.content.compiler.tests/bin/release/net8.0/gamecore.content.compiler.tests.dll" id="0fac49ff-9fc4-70da-0e12-4468b853b5ca">
      <Execution id="0416173a-b67c-4e33-9079-4b7202b64fe7" />
      <TestMethod codeBase="/home/worlesenric/wkspace/gc-wt/w5-gate/dotnet/tests/GameCore.Content.Compiler.Tests/bin/Release/net8.0/GameCore.Content.Compiler.Tests.dll" adapterTypeName="executor://nunit3testexecutor/" className="GameCore.Content.Compiler.Tests.CatalogEmissionTests" name="FileHashCoversTheGeneratedPrefixAndDetectsEdits" />
    </UnitTest>
    <UnitTest name="UsedCatalogDescriptionHasNoClosedGenericRootsWhenNoneAreDeclared" storage="/home/worlesenric/wkspace/gc-wt/w5-gate/dotnet/tests/gamecore.content.compiler.tests/bin/release/net8.0/gamecore.content.compiler.tests.dll" id="a01acef7-6957-0e86-ccf9-6e0a07aed5f4">
      <Execution id="a24b3cb3-7e9b-4348-9e99-c55049e08364" />
      <TestMethod codeBase="/home/worlesenric/wkspace/gc-wt/w5-gate/dotnet/tests/GameCore.Content.Compiler.Tests/bin/Release/net8.0/GameCore.Content.Compiler.Tests.dll" adapterTypeName="executor://nunit3testexecutor/" className="GameCore.Content.Compiler.Tests.CatalogEmissionTests" name="UsedCatalogDescriptionHasNoClosedGenericRootsWhenNoneAreDeclared" />
    </UnitTest>
    <UnitTest name="OptionalBytesFieldIsAcceptedAndEmittedAsNullable" storage="/home/worlesenric/wkspace/gc-wt/w5-gate/dotnet/tests/gamecore.content.compiler.tests/bin/release/net8.0/gamecore.content.compiler.tests.dll" id="5518edeb-57f1-cd40-289d-a92c12e305ae">
      <Execution id="b34c7119-adba-4c42-8100-b44bb6f14e5f" />
      <TestMethod codeBase="/home/worlesenric/wkspace/gc-wt/w5-gate/dotnet/tests/GameCore.Content.Compiler.Tests/bin/Release/net8.0/GameCore.Content.Compiler.Tests.dll" adapterTypeName="executor://nunit3testexecutor/" className="GameCore.Content.Compiler.Tests.CatalogDescriptionRejectionTests" name="OptionalBytesFieldIsAcceptedAndEmittedAsNullable" />
    </UnitTest>
    <UnitTest name="RepeatedEmissionIsByteIdentical" storage="/home/worlesenric/wkspace/gc-wt/w5-gate/dotnet/tests/gamecore.content.compiler.tests/bin/release/net8.0/gamecore.content.compiler.tests.dll" id="3ba806a4-bbf3-7b7e-27b5-2f86df0fc91e">
      <Execution id="9f5b3cec-ab60-49bb-a48e-ed7b188829d5" />
      <TestMethod codeBase="/home/worlesenric/wkspace/gc-wt/w5-gate/dotnet/tests/GameCore.Content.Compiler.Tests/bin/Release/net8.0/GameCore.Content.Compiler.Tests.dll" adapterTypeName="executor://nunit3testexecutor/" className="GameCore.Content.Compiler.Tests.CatalogEmissionTests" name="RepeatedEmissionIsByteIdentical" />
    </UnitTest>
    <UnitTest name="ValidDescriptionEmitsDeterministicBytes" storage="/home/worlesenric/wkspace/gc-wt/w5-gate/dotnet/tests/gamecore.content.compiler.tests/bin/release/net8.0/gamecore.content.compiler.tests.dll" id="f9352d4e-1c68-5156-44d6-9c0e393891bf">
      <Execution id="efb8a8a6-7aba-4082-9aed-afef29cea71f" />
      <TestMethod codeBase="/home/worlesenric/wkspace/gc-wt/w5-gate/dotnet/tests/GameCore.Content.Compiler.Tests/bin/Release/net8.0/GameCore.Content.Compiler.Tests.dll" adapterTypeName="executor://nunit3testexecutor/" className="GameCore.Content.Compiler.Tests.CatalogEmissionTests" name="ValidDescriptionEmitsDeterministicBytes" />
    </UnitTest>
    <UnitTest name="UnimplementedMinorRejects" storage="/home/worlesenric/wkspace/gc-wt/w5-gate/dotnet/tests/gamecore.content.compiler.tests/bin/release/net8.0/gamecore.content.compiler.tests.dll" id="ef277f34-d036-305a-c91f-b7c197fd6f5a">
      <Execution id="c16afc80-8e57-4ccd-a8f4-cc2442845310" />
      <TestMethod codeBase="/home/worlesenric/wkspace/gc-wt/w5-gate/dotnet/tests/GameCore.Content.Compiler.Tests/bin/Release/net8.0/GameCore.Content.Compiler.Tests.dll" adapterTypeName="executor://nunit3testexecutor/" className="GameCore.Content.Compiler.Tests.CatalogDescriptionRejectionTests" name="UnimplementedMinorRejects" />
    </UnitTest>
    <UnitTest name="CommittedCardCatalogPassesItsOwnVerification" storage="/home/worlesenric/wkspace/gc-wt/w5-gate/dotnet/tests/gamecore.content.compiler.tests/bin/release/net8.0/gamecore.content.compiler.tests.dll" id="d79887d3-a91f-2118-f432-95132cc40b07">
      <Execution id="0de71c00-3d5c-44bf-90b8-0d863629fe6d" />
      <TestMethod codeBase="/home/worlesenric/wkspace/gc-wt/w5-gate/dotnet/tests/GameCore.Content.Compiler.Tests/bin/Release/net8.0/GameCore.Content.Compiler.Tests.dll" adapterTypeName="executor://nunit3testexecutor/" className="GameCore.Content.Compiler.Tests.CardCatalogTests" name="CommittedCardCatalogPassesItsOwnVerification" />
    </UnitTest>
    <UnitTest name="EmittedFieldCasesCloseWithBreakAndBraceAndKeepBracesBalanced" storage="/home/worlesenric/wkspace/gc-wt/w5-gate/dotnet/tests/gamecore.content.compiler.tests/bin/release/net8.0/gamecore.content.compiler.tests.dll" id="13e8be3f-a736-bbee-f765-0cd1b7840ac4">
      <Execution id="4460fce3-2b66-4631-a3cb-79048eb43ef3" />
      <TestMethod codeBase="/home/worlesenric/wkspace/gc-wt/w5-gate/dotnet/tests/GameCore.Content.Compiler.Tests/bin/Release/net8.0/GameCore.Content.Compiler.Tests.dll" adapterTypeName="executor://nunit3testexecutor/" className="GameCore.Content.Compiler.Tests.CatalogEmissionTests" name="EmittedFieldCasesCloseWithBreakAndBraceAndKeepBracesBalanced" />
    </UnitTest>
    <UnitTest name="MemberNamedAfterTheGeneratedClassRejects" storage="/home/worlesenric/wkspace/gc-wt/w5-gate/dotnet/tests/gamecore.content.compiler.tests/bin/release/net8.0/gamecore.content.compiler.tests.dll" id="7f00720d-4676-b91e-004b-d6d34e4dd4fa">
      <Execution id="a5d470c2-e6fa-46aa-8039-3e5d91934f4f" />
      <TestMethod codeBase="/home/worlesenric/wkspace/gc-wt/w5-gate/dotnet/tests/GameCore.Content.Compiler.Tests/bin/Release/net8.0/GameCore.Content.Compiler.Tests.dll" adapterTypeName="executor://nunit3testexecutor/" className="GameCore.Content.Compiler.Tests.CatalogDescriptionRejectionTests" name="MemberNamedAfterTheGeneratedClassRejects" />
    </UnitTest>
    <UnitTest name="CommittedCheckpointCatalogPassesItsOwnVerification" storage="/home/worlesenric/wkspace/gc-wt/w5-gate/dotnet/tests/gamecore.content.compiler.tests/bin/release/net8.0/gamecore.content.compiler.tests.dll" id="bb935116-be01-14ef-e044-2191c3664db7">
      <Execution id="5b06bee3-8828-481d-b7e1-5e767c3d6477" />
      <TestMethod codeBase="/home/worlesenric/wkspace/gc-wt/w5-gate/dotnet/tests/GameCore.Content.Compiler.Tests/bin/Release/net8.0/GameCore.Content.Compiler.Tests.dll" adapterTypeName="executor://nunit3testexecutor/" className="GameCore.Content.Compiler.Tests.CheckpointCatalogTests" name="CommittedCheckpointCatalogPassesItsOwnVerification" />
    </UnitTest>
    <UnitTest name="GenerationReportVerifiesWhatItWrote" storage="/home/worlesenric/wkspace/gc-wt/w5-gate/dotnet/tests/gamecore.content.compiler.tests/bin/release/net8.0/gamecore.content.compiler.tests.dll" id="eae65d2c-f5c2-f597-c2f6-823f72c30479">
      <Execution id="520fc5b9-4cd1-40a9-8352-7a62494e0c8b" />
      <TestMethod codeBase="/home/worlesenric/wkspace/gc-wt/w5-gate/dotnet/tests/GameCore.Content.Compiler.Tests/bin/Release/net8.0/GameCore.Content.Compiler.Tests.dll" adapterTypeName="executor://nunit3testexecutor/" className="GameCore.Content.Compiler.Tests.CatalogEmissionTests" name="GenerationReportVerifiesWhatItWrote" />
    </UnitTest>
    <UnitTest name="EveryRejectionReportsAPathOrAnExplicitDocumentScope" storage="/home/worlesenric/wkspace/gc-wt/w5-gate/dotnet/tests/gamecore.content.compiler.tests/bin/release/net8.0/gamecore.content.compiler.tests.dll" id="22b95d6a-5061-f409-c55c-173dfdb0009d">
      <Execution id="2f29a2a2-2add-420f-8b4e-c4e6b097486a" />
      <TestMethod codeBase="/home/worlesenric/wkspace/gc-wt/w5-gate/dotnet/tests/GameCore.Content.Compiler.Tests/bin/Release/net8.0/GameCore.Content.Compiler.Tests.dll" adapterTypeName="executor://nunit3testexecutor/" className="GameCore.Content.Compiler.Tests.CatalogDescriptionRejectionTests" name="EveryRejectionReportsAPathOrAnExplicitDocumentScope" />
    </UnitTest>
    <UnitTest name="GeneratedSerializerDeclaresRequiredFieldsAndEnvelopeCalls" storage="/home/worlesenric/wkspace/gc-wt/w5-gate/dotnet/tests/gamecore.content.compiler.tests/bin/release/net8.0/gamecore.content.compiler.tests.dll" id="eda82127-ff29-41db-13bd-e18efa6bad16">
      <Execution id="4521e834-12ef-4866-ae36-994795596bda" />
      <TestMethod codeBase="/home/worlesenric/wkspace/gc-wt/w5-gate/dotnet/tests/GameCore.Content.Compiler.Tests/bin/Release/net8.0/GameCore.Content.Compiler.Tests.dll" adapterTypeName="executor://nunit3testexecutor/" className="GameCore.Content.Compiler.Tests.CatalogEmissionTests" name="GeneratedSerializerDeclaresRequiredFieldsAndEnvelopeCalls" />
    </UnitTest>
    <UnitTest name="MalformedJsonIsReportedAsInvalidDocument" storage="/home/worlesenric/wkspace/gc-wt/w5-gate/dotnet/tests/gamecore.content.compiler.tests/bin/release/net8.0/gamecore.content.compiler.tests.dll" id="99e59fa0-006c-3199-9f95-8228467dab50">
      <Execution id="c9439dcb-ffb4-42a9-b569-af9945e8f235" />
      <TestMethod codeBase="/home/worlesenric/wkspace/gc-wt/w5-gate/dotnet/tests/GameCore.Content.Compiler.Tests/bin/Release/net8.0/GameCore.Content.Compiler.Tests.dll" adapterTypeName="executor://nunit3testexecutor/" className="GameCore.Content.Compiler.Tests.CatalogDescriptionRejectionTests" name="MalformedJsonIsReportedAsInvalidDocument" />
    </UnitTest>
    <UnitTest name="CommittedCardCatalogMatchesAFreshGeneration" storage="/home/worlesenric/wkspace/gc-wt/w5-gate/dotnet/tests/gamecore.content.compiler.tests/bin/release/net8.0/gamecore.content.compiler.tests.dll" id="993883a5-b1e2-b818-b8df-804ff1a82623">
      <Execution id="2a7c7888-224d-4e03-8106-ccf6cc3fad95" />
      <TestMethod codeBase="/home/worlesenric/wkspace/gc-wt/w5-gate/dotnet/tests/GameCore.Content.Compiler.Tests/bin/Release/net8.0/GameCore.Content.Compiler.Tests.dll" adapterTypeName="executor://nunit3testexecutor/" className="GameCore.Content.Compiler.Tests.CardCatalogTests" name="CommittedCardCatalogMatchesAFreshGeneration" />
    </UnitTest>
    <UnitTest name="ZeroVersionRejects" storage="/home/worlesenric/wkspace/gc-wt/w5-gate/dotnet/tests/gamecore.content.compiler.tests/bin/release/net8.0/gamecore.content.compiler.tests.dll" id="191bd9eb-d6f4-9118-bbe7-31b63664155d">
      <Execution id="ea27073a-6a67-48a6-aa5e-a4d8028e93d5" />
      <TestMethod codeBase="/home/worlesenric/wkspace/gc-wt/w5-gate/dotnet/tests/GameCore.Content.Compiler.Tests/bin/Release/net8.0/GameCore.Content.Compiler.Tests.dll" adapterTypeName="executor://nunit3testexecutor/" className="GameCore.Content.Compiler.Tests.CatalogDescriptionRejectionTests" name="ZeroVersionRejects" />
    </UnitTest>
    <UnitTest name="InvalidDocumentRootRejects" storage="/home/worlesenric/wkspace/gc-wt/w5-gate/dotnet/tests/gamecore.content.compiler.tests/bin/release/net8.0/gamecore.content.compiler.tests.dll" id="c2a72dd0-27bf-137f-7c70-71c4bb2a9025">
      <Execution id="4f7f5db5-5933-4789-954b-c8206acebc4d" />
      <TestMethod codeBase="/home/worlesenric/wkspace/gc-wt/w5-gate/dotnet/tests/GameCore.Content.Compiler.Tests/bin/Release/net8.0/GameCore.Content.Compiler.Tests.dll" adapterTypeName="executor://nunit3testexecutor/" className="GameCore.Content.Compiler.Tests.CatalogDescriptionRejectionTests" name="InvalidDocumentRootRejects" />
    </UnitTest>
    <UnitTest name="CommittedCardCatalogKeyLiteralsMatchTheirDerivation" storage="/home/worlesenric/wkspace/gc-wt/w5-gate/dotnet/tests/gamecore.content.compiler.tests/bin/release/net8.0/gamecore.content.compiler.tests.dll" id="2109dcb9-5531-7c07-80ae-102d5db235ab">
      <Execution id="2a6772e5-da6e-4ad6-91fb-fb03bae5247e" />
      <TestMethod codeBase="/home/worlesenric/wkspace/gc-wt/w5-gate/dotnet/tests/GameCore.Content.Compiler.Tests/bin/Release/net8.0/GameCore.Content.Compiler.Tests.dll" adapterTypeName="executor://nunit3testexecutor/" className="GameCore.Content.Compiler.Tests.CardCatalogTests" name="CommittedCardCatalogKeyLiteralsMatchTheirDerivation" />
    </UnitTest>
    <UnitTest name="CommittedCardCatalogFingerprintMatchesItsDeclarations" storage="/home/worlesenric/wkspace/gc-wt/w5-gate/dotnet/tests/gamecore.content.compiler.tests/bin/release/net8.0/gamecore.content.compiler.tests.dll" id="c121d14e-825f-8d1f-529b-c478c16dc572">
      <Execution id="946169be-19f8-45aa-b10d-858150506386" />
      <TestMethod codeBase="/home/worlesenric/wkspace/gc-wt/w5-gate/dotnet/tests/GameCore.Content.Compiler.Tests/bin/Release/net8.0/GameCore.Content.Compiler.Tests.dll" adapterTypeName="executor://nunit3testexecutor/" className="GameCore.Content.Compiler.Tests.CardCatalogTests" name="CommittedCardCatalogFingerprintMatchesItsDeclarations" />
    </UnitTest>
    <UnitTest name="FeatureDeclarationOrderDoesNotChangeGeneratedBytes" storage="/home/worlesenric/wkspace/gc-wt/w5-gate/dotnet/tests/gamecore.content.compiler.tests/bin/release/net8.0/gamecore.content.compiler.tests.dll" id="8b8f1802-4a72-d248-a440-52463b95133b">
      <Execution id="bee2d59a-f2b1-4803-961c-77df57885432" />
      <TestMethod codeBase="/home/worlesenric/wkspace/gc-wt/w5-gate/dotnet/tests/GameCore.Content.Compiler.Tests/bin/Release/net8.0/GameCore.Content.Compiler.Tests.dll" adapterTypeName="executor://nunit3testexecutor/" className="GameCore.Content.Compiler.Tests.CatalogEmissionTests" name="FeatureDeclarationOrderDoesNotChangeGeneratedBytes" />
    </UnitTest>
    <UnitTest name="UnsupportedWireTypeRejects" storage="/home/worlesenric/wkspace/gc-wt/w5-gate/dotnet/tests/gamecore.content.compiler.tests/bin/release/net8.0/gamecore.content.compiler.tests.dll" id="948f1c00-52cc-8709-370c-1146d5c9950c">
      <Execution id="6dce581f-ad06-4389-a3e9-079f52856856" />
      <TestMethod codeBase="/home/worlesenric/wkspace/gc-wt/w5-gate/dotnet/tests/GameCore.Content.Compiler.Tests/bin/Release/net8.0/GameCore.Content.Compiler.Tests.dll" adapterTypeName="executor://nunit3testexecutor/" className="GameCore.Content.Compiler.Tests.CatalogDescriptionRejectionTests" name="UnsupportedWireTypeRejects" />
    </UnitTest>
    <UnitTest name="DuplicateStableNameRejects" storage="/home/worlesenric/wkspace/gc-wt/w5-gate/dotnet/tests/gamecore.content.compiler.tests/bin/release/net8.0/gamecore.content.compiler.tests.dll" id="4a4f7ec1-0f1b-146c-8f0b-642d1643ee5c">
      <Execution id="3cbb5681-e2e8-4545-aa73-13139eb709c3" />
      <TestMethod codeBase="/home/worlesenric/wkspace/gc-wt/w5-gate/dotnet/tests/GameCore.Content.Compiler.Tests/bin/Release/net8.0/GameCore.Content.Compiler.Tests.dll" adapterTypeName="executor://nunit3testexecutor/" className="GameCore.Content.Compiler.Tests.CatalogDescriptionRejectionTests" name="DuplicateStableNameRejects" />
    </UnitTest>
    <UnitTest name="UnsupportedProtocolVersionRejects" storage="/home/worlesenric/wkspace/gc-wt/w5-gate/dotnet/tests/gamecore.content.compiler.tests/bin/release/net8.0/gamecore.content.compiler.tests.dll" id="07bdb500-f0b7-2ee6-905c-d6571a555619">
      <Execution id="c3a8b1d5-0946-4f71-bc7b-cba0e43cf6cf" />
      <TestMethod codeBase="/home/worlesenric/wkspace/gc-wt/w5-gate/dotnet/tests/GameCore.Content.Compiler.Tests/bin/Release/net8.0/GameCore.Content.Compiler.Tests.dll" adapterTypeName="executor://nunit3testexecutor/" className="GameCore.Content.Compiler.Tests.CatalogDescriptionRejectionTests" name="UnsupportedProtocolVersionRejects" />
    </UnitTest>
    <UnitTest name="CommittedCheckpointCatalogFingerprintMatchesItsDeclarations" storage="/home/worlesenric/wkspace/gc-wt/w5-gate/dotnet/tests/gamecore.content.compiler.tests/bin/release/net8.0/gamecore.content.compiler.tests.dll" id="388d1b6c-c036-23fb-6a43-e112170bf466">
      <Execution id="589bb8c5-02dc-488a-a535-69ee9507f8b4" />
      <TestMethod codeBase="/home/worlesenric/wkspace/gc-wt/w5-gate/dotnet/tests/GameCore.Content.Compiler.Tests/bin/Release/net8.0/GameCore.Content.Compiler.Tests.dll" adapterTypeName="executor://nunit3testexecutor/" className="GameCore.Content.Compiler.Tests.CheckpointCatalogTests" name="CommittedCheckpointCatalogFingerprintMatchesItsDeclarations" />
    </UnitTest>
    <UnitTest name="MissingRequiredMemberRejects" storage="/home/worlesenric/wkspace/gc-wt/w5-gate/dotnet/tests/gamecore.content.compiler.tests/bin/release/net8.0/gamecore.content.compiler.tests.dll" id="10a632d9-c0aa-8090-0dd4-c44bfef506d7">
      <Execution id="6ab477a7-1034-4fc5-a582-84723aa41acc" />
      <TestMethod codeBase="/home/worlesenric/wkspace/gc-wt/w5-gate/dotnet/tests/GameCore.Content.Compiler.Tests/bin/Release/net8.0/GameCore.Content.Compiler.Tests.dll" adapterTypeName="executor://nunit3testexecutor/" className="GameCore.Content.Compiler.Tests.CatalogDescriptionRejectionTests" name="MissingRequiredMemberRejects" />
    </UnitTest>
    <UnitTest name="DescriptionThatWouldBuildAnInvalidCatalogRejects" storage="/home/worlesenric/wkspace/gc-wt/w5-gate/dotnet/tests/gamecore.content.compiler.tests/bin/release/net8.0/gamecore.content.compiler.tests.dll" id="4a59641e-8e86-0476-d892-39db58235546">
      <Execution id="b67e5eab-2ffd-4566-9ebb-100c29f5428d" />
      <TestMethod codeBase="/home/worlesenric/wkspace/gc-wt/w5-gate/dotnet/tests/GameCore.Content.Compiler.Tests/bin/Release/net8.0/GameCore.Content.Compiler.Tests.dll" adapterTypeName="executor://nunit3testexecutor/" className="GameCore.Content.Compiler.Tests.CatalogDescriptionRejectionTests" name="DescriptionThatWouldBuildAnInvalidCatalogRejects" />
    </UnitTest>
    <UnitTest name="ClassNamedAfterAGeneratedMemberRejects" storage="/home/worlesenric/wkspace/gc-wt/w5-gate/dotnet/tests/gamecore.content.compiler.tests/bin/release/net8.0/gamecore.content.compiler.tests.dll" id="ce07497c-4dc6-a0b3-bd22-bf118f2b179f">
      <Execution id="f6aff468-d930-41c6-97e5-ac2717628c16" />
      <TestMethod codeBase="/home/worlesenric/wkspace/gc-wt/w5-gate/dotnet/tests/GameCore.Content.Compiler.Tests/bin/Release/net8.0/GameCore.Content.Compiler.Tests.dll" adapterTypeName="executor://nunit3testexecutor/" className="GameCore.Content.Compiler.Tests.CatalogDescriptionRejectionTests" name="ClassNamedAfterAGeneratedMemberRejects" />
    </UnitTest>
    <UnitTest name="GeneratorArgumentsParseTheDocumentedCommandLine" storage="/home/worlesenric/wkspace/gc-wt/w5-gate/dotnet/tests/gamecore.content.compiler.tests/bin/release/net8.0/gamecore.content.compiler.tests.dll" id="e291aa66-ef60-353a-bdc1-17429cdfe2d3">
      <Execution id="e1736680-5de0-4ff7-8d4a-3afdbbabb6d8" />
      <TestMethod codeBase="/home/worlesenric/wkspace/gc-wt/w5-gate/dotnet/tests/GameCore.Content.Compiler.Tests/bin/Release/net8.0/GameCore.Content.Compiler.Tests.dll" adapterTypeName="executor://nunit3testexecutor/" className="GameCore.Content.Compiler.Tests.CatalogEmissionTests" name="GeneratorArgumentsParseTheDocumentedCommandLine" />
    </UnitTest>
    <UnitTest name="AllZeroImplementationIdentityRejects" storage="/home/worlesenric/wkspace/gc-wt/w5-gate/dotnet/tests/gamecore.content.compiler.tests/bin/release/net8.0/gamecore.content.compiler.tests.dll" id="a368381b-c826-da5a-07f6-882159508464">
      <Execution id="a9c56d81-ac80-4504-8db2-03fe161b9f71" />
      <TestMethod codeBase="/home/worlesenric/wkspace/gc-wt/w5-gate/dotnet/tests/GameCore.Content.Compiler.Tests/bin/Release/net8.0/GameCore.Content.Compiler.Tests.dll" adapterTypeName="executor://nunit3testexecutor/" className="GameCore.Content.Compiler.Tests.CatalogDescriptionRejectionTests" name="AllZeroImplementationIdentityRejects" />
    </UnitTest>
    <UnitTest name="UnknownFactoryKindRejects" storage="/home/worlesenric/wkspace/gc-wt/w5-gate/dotnet/tests/gamecore.content.compiler.tests/bin/release/net8.0/gamecore.content.compiler.tests.dll" id="62555781-d38d-97ac-09ee-252bcd5b99d5">
      <Execution id="98d2412d-08b7-4b2b-be53-3aa24c139340" />
      <TestMethod codeBase="/home/worlesenric/wkspace/gc-wt/w5-gate/dotnet/tests/GameCore.Content.Compiler.Tests/bin/Release/net8.0/GameCore.Content.Compiler.Tests.dll" adapterTypeName="executor://nunit3testexecutor/" className="GameCore.Content.Compiler.Tests.CatalogDescriptionRejectionTests" name="UnknownFactoryKindRejects" />
    </UnitTest>
    <UnitTest name="EveryCheckpointSchemaIsDeclaredRequiredWithAscendingFieldIds" storage="/home/worlesenric/wkspace/gc-wt/w5-gate/dotnet/tests/gamecore.content.compiler.tests/bin/release/net8.0/gamecore.content.compiler.tests.dll" id="abe7560b-0107-ad48-75f7-887769837b50">
      <Execution id="39d1fc0e-92c6-49bf-899c-1dbb874ae5a9" />
      <TestMethod codeBase="/home/worlesenric/wkspace/gc-wt/w5-gate/dotnet/tests/GameCore.Content.Compiler.Tests/bin/Release/net8.0/GameCore.Content.Compiler.Tests.dll" adapterTypeName="executor://nunit3testexecutor/" className="GameCore.Content.Compiler.Tests.CheckpointCatalogTests" name="EveryCheckpointSchemaIsDeclaredRequiredWithAscendingFieldIds" />
    </UnitTest>
    <UnitTest name="FingerprintLiteralMatchesTheDeclarations" storage="/home/worlesenric/wkspace/gc-wt/w5-gate/dotnet/tests/gamecore.content.compiler.tests/bin/release/net8.0/gamecore.content.compiler.tests.dll" id="8613c9dc-f124-68c2-ef82-d40b6dce25ca">
      <Execution id="8b028bbc-75c8-4335-80a5-52c0654006d4" />
      <TestMethod codeBase="/home/worlesenric/wkspace/gc-wt/w5-gate/dotnet/tests/GameCore.Content.Compiler.Tests/bin/Release/net8.0/GameCore.Content.Compiler.Tests.dll" adapterTypeName="executor://nunit3testexecutor/" className="GameCore.Content.Compiler.Tests.CatalogEmissionTests" name="FingerprintLiteralMatchesTheDeclarations" />
    </UnitTest>
    <UnitTest name="DeclarationOrderDoesNotChangeGeneratedBytes" storage="/home/worlesenric/wkspace/gc-wt/w5-gate/dotnet/tests/gamecore.content.compiler.tests/bin/release/net8.0/gamecore.content.compiler.tests.dll" id="9c637530-027b-7de2-d98f-03650bbed66a">
      <Execution id="50d5d36a-b11b-4276-b932-fb0a3476ca3a" />
      <TestMethod codeBase="/home/worlesenric/wkspace/gc-wt/w5-gate/dotnet/tests/GameCore.Content.Compiler.Tests/bin/Release/net8.0/GameCore.Content.Compiler.Tests.dll" adapterTypeName="executor://nunit3testexecutor/" className="GameCore.Content.Compiler.Tests.CatalogEmissionTests" name="DeclarationOrderDoesNotChangeGeneratedBytes" />
    </UnitTest>
    <UnitTest name="UnknownMemberRejects" storage="/home/worlesenric/wkspace/gc-wt/w5-gate/dotnet/tests/gamecore.content.compiler.tests/bin/release/net8.0/gamecore.content.compiler.tests.dll" id="957ea0be-e5c6-8b07-d28f-4de7d4fec13f">
      <Execution id="2122d3ae-5057-4ae5-a162-248a985e5cda" />
      <TestMethod codeBase="/home/worlesenric/wkspace/gc-wt/w5-gate/dotnet/tests/GameCore.Content.Compiler.Tests/bin/Release/net8.0/GameCore.Content.Compiler.Tests.dll" adapterTypeName="executor://nunit3testexecutor/" className="GameCore.Content.Compiler.Tests.CatalogDescriptionRejectionTests" name="UnknownMemberRejects" />
    </UnitTest>
    <UnitTest name="CodeFragmentWithStatementTerminatorRejects" storage="/home/worlesenric/wkspace/gc-wt/w5-gate/dotnet/tests/gamecore.content.compiler.tests/bin/release/net8.0/gamecore.content.compiler.tests.dll" id="fa394697-3424-9c25-ece5-7e2d369a8920">
      <Execution id="206b00b1-4b01-40dc-86f6-d271fc7d6993" />
      <TestMethod codeBase="/home/worlesenric/wkspace/gc-wt/w5-gate/dotnet/tests/GameCore.Content.Compiler.Tests/bin/Release/net8.0/GameCore.Content.Compiler.Tests.dll" adapterTypeName="executor://nunit3testexecutor/" className="GameCore.Content.Compiler.Tests.CatalogDescriptionRejectionTests" name="CodeFragmentWithStatementTerminatorRejects" />
    </UnitTest>
    <UnitTest name="CommittedGeneratedCatalogPassesItsOwnVerification" storage="/home/worlesenric/wkspace/gc-wt/w5-gate/dotnet/tests/gamecore.content.compiler.tests/bin/release/net8.0/gamecore.content.compiler.tests.dll" id="4d635dde-9025-0f50-e5e6-4a0320b1f861">
      <Execution id="aa38fb2e-b8db-4941-8aa3-a09b63d79ee6" />
      <TestMethod codeBase="/home/worlesenric/wkspace/gc-wt/w5-gate/dotnet/tests/GameCore.Content.Compiler.Tests/bin/Release/net8.0/GameCore.Content.Compiler.Tests.dll" adapterTypeName="executor://nunit3testexecutor/" className="GameCore.Content.Compiler.Tests.CommittedProbeCatalogTests" name="CommittedGeneratedCatalogPassesItsOwnVerification" />
    </UnitTest>
    <UnitTest name="ReservedFieldIdRejects" storage="/home/worlesenric/wkspace/gc-wt/w5-gate/dotnet/tests/gamecore.content.compiler.tests/bin/release/net8.0/gamecore.content.compiler.tests.dll" id="1e9dac80-9afc-f5b6-3b75-0fc15f043b6f">
      <Execution id="325ceec1-d8a6-4974-8328-9f18aa4c6b70" />
      <TestMethod codeBase="/home/worlesenric/wkspace/gc-wt/w5-gate/dotnet/tests/GameCore.Content.Compiler.Tests/bin/Release/net8.0/GameCore.Content.Compiler.Tests.dll" adapterTypeName="executor://nunit3testexecutor/" className="GameCore.Content.Compiler.Tests.CatalogDescriptionRejectionTests" name="ReservedFieldIdRejects" />
    </UnitTest>
    <UnitTest name="CommittedCheckpointCatalogMatchesAFreshGeneration" storage="/home/worlesenric/wkspace/gc-wt/w5-gate/dotnet/tests/gamecore.content.compiler.tests/bin/release/net8.0/gamecore.content.compiler.tests.dll" id="1bdc01b8-aa5a-4047-67cf-8a70f7b04a5d">
      <Execution id="9b65ebf8-0119-44cf-8b38-b51e6d6aa20a" />
      <TestMethod codeBase="/home/worlesenric/wkspace/gc-wt/w5-gate/dotnet/tests/GameCore.Content.Compiler.Tests/bin/Release/net8.0/GameCore.Content.Compiler.Tests.dll" adapterTypeName="executor://nunit3testexecutor/" className="GameCore.Content.Compiler.Tests.CheckpointCatalogTests" name="CommittedCheckpointCatalogMatchesAFreshGeneration" />
    </UnitTest>
    <UnitTest name="DuplicateJsonMemberRejectsAsInvalidDocument" storage="/home/worlesenric/wkspace/gc-wt/w5-gate/dotnet/tests/gamecore.content.compiler.tests/bin/release/net8.0/gamecore.content.compiler.tests.dll" id="d64d72ea-7173-f86a-f0f0-b80bbefcdcf6">
      <Execution id="c5c3b7d5-82de-4f8f-89f4-9f263f4c98ad" />
      <TestMethod codeBase="/home/worlesenric/wkspace/gc-wt/w5-gate/dotnet/tests/GameCore.Content.Compiler.Tests/bin/Release/net8.0/GameCore.Content.Compiler.Tests.dll" adapterTypeName="executor://nunit3testexecutor/" className="GameCore.Content.Compiler.Tests.CatalogDescriptionRejectionTests" name="DuplicateJsonMemberRejectsAsInvalidDocument" />
    </UnitTest>
    <UnitTest name="CommittedCheckpointCatalogKeyLiteralsMatchTheirDerivation" storage="/home/worlesenric/wkspace/gc-wt/w5-gate/dotnet/tests/gamecore.content.compiler.tests/bin/release/net8.0/gamecore.content.compiler.tests.dll" id="f08fd216-3f6d-36d8-7a1a-55c818194c5b">
      <Execution id="3491f72b-00d3-48d0-9d22-e021bef37a91" />
      <TestMethod codeBase="/home/worlesenric/wkspace/gc-wt/w5-gate/dotnet/tests/GameCore.Content.Compiler.Tests/bin/Release/net8.0/GameCore.Content.Compiler.Tests.dll" adapterTypeName="executor://nunit3testexecutor/" className="GameCore.Content.Compiler.Tests.CheckpointCatalogTests" name="CommittedCheckpointCatalogKeyLiteralsMatchTheirDerivation" />
    </UnitTest>
    <UnitTest name="GeneratedClosedGenericRootsAndAttributesAreEmittedWithTerminators" storage="/home/worlesenric/wkspace/gc-wt/w5-gate/dotnet/tests/gamecore.content.compiler.tests/bin/release/net8.0/gamecore.content.compiler.tests.dll" id="49ea4e69-52f4-11c0-268c-ff2c8e945926">
      <Execution id="b9cc598a-1a84-4cae-aa8e-ba42cabd84fa" />
      <TestMethod codeBase="/home/worlesenric/wkspace/gc-wt/w5-gate/dotnet/tests/GameCore.Content.Compiler.Tests/bin/Release/net8.0/GameCore.Content.Compiler.Tests.dll" adapterTypeName="executor://nunit3testexecutor/" className="GameCore.Content.Compiler.Tests.CatalogEmissionTests" name="GeneratedClosedGenericRootsAndAttributesAreEmittedWithTerminators" />
    </UnitTest>
    <UnitTest name="WrongDescriptionFormatRejects" storage="/home/worlesenric/wkspace/gc-wt/w5-gate/dotnet/tests/gamecore.content.compiler.tests/bin/release/net8.0/gamecore.content.compiler.tests.dll" id="2386ee34-1c98-0e7e-f863-0e97b7c67c92">
      <Execution id="49a75aa6-7fa4-400d-a17f-b982c9239e41" />
      <TestMethod codeBase="/home/worlesenric/wkspace/gc-wt/w5-gate/dotnet/tests/GameCore.Content.Compiler.Tests/bin/Release/net8.0/GameCore.Content.Compiler.Tests.dll" adapterTypeName="executor://nunit3testexecutor/" className="GameCore.Content.Compiler.Tests.CatalogDescriptionRejectionTests" name="WrongDescriptionFormatRejects" />
    </UnitTest>
  </TestDefinitions>
  <TestEntries>
    <TestEntry testId="a368381b-c826-da5a-07f6-882159508464" executionId="a9c56d81-ac80-4504-8db2-03fe161b9f71" testListId="8c84fa94-04c1-424b-9868-57a2d4851a1d" />
    <TestEntry testId="ef277f34-d036-305a-c91f-b7c197fd6f5a" executionId="c16afc80-8e57-4ccd-a8f4-cc2442845310" testListId="8c84fa94-04c1-424b-9868-57a2d4851a1d" />
    <TestEntry testId="435e0ca1-e757-c30d-ee9f-e04b15fca79d" executionId="0f809ddb-9a62-41e6-ae42-b4ce945ab7ca" testListId="8c84fa94-04c1-424b-9868-57a2d4851a1d" />
    <TestEntry testId="191bd9eb-d6f4-9118-bbe7-31b63664155d" executionId="ea27073a-6a67-48a6-aa5e-a4d8028e93d5" testListId="8c84fa94-04c1-424b-9868-57a2d4851a1d" />
    <TestEntry testId="99e59fa0-006c-3199-9f95-8228467dab50" executionId="c9439dcb-ffb4-42a9-b569-af9945e8f235" testListId="8c84fa94-04c1-424b-9868-57a2d4851a1d" />
    <TestEntry testId="388d1b6c-c036-23fb-6a43-e112170bf466" executionId="589bb8c5-02dc-488a-a535-69ee9507f8b4" testListId="8c84fa94-04c1-424b-9868-57a2d4851a1d" />
    <TestEntry testId="07bdb500-f0b7-2ee6-905c-d6571a555619" executionId="c3a8b1d5-0946-4f71-bc7b-cba0e43cf6cf" testListId="8c84fa94-04c1-424b-9868-57a2d4851a1d" />
    <TestEntry testId="993883a5-b1e2-b818-b8df-804ff1a82623" executionId="2a7c7888-224d-4e03-8106-ccf6cc3fad95" testListId="8c84fa94-04c1-424b-9868-57a2d4851a1d" />
    <TestEntry testId="d661a575-f5db-dcc3-2651-f7a20a82908e" executionId="4b84328f-45d5-491c-86ee-3f659ac1a6ba" testListId="8c84fa94-04c1-424b-9868-57a2d4851a1d" />
    <TestEntry testId="e291aa66-ef60-353a-bdc1-17429cdfe2d3" executionId="e1736680-5de0-4ff7-8d4a-3afdbbabb6d8" testListId="8c84fa94-04c1-424b-9868-57a2d4851a1d" />
    <TestEntry testId="8b8f1802-4a72-d248-a440-52463b95133b" executionId="bee2d59a-f2b1-4803-961c-77df57885432" testListId="8c84fa94-04c1-424b-9868-57a2d4851a1d" />
    <TestEntry testId="c2a72dd0-27bf-137f-7c70-71c4bb2a9025" executionId="4f7f5db5-5933-4789-954b-c8206acebc4d" testListId="8c84fa94-04c1-424b-9868-57a2d4851a1d" />
    <TestEntry testId="f9352d4e-1c68-5156-44d6-9c0e393891bf" executionId="efb8a8a6-7aba-4082-9aed-afef29cea71f" testListId="8c84fa94-04c1-424b-9868-57a2d4851a1d" />
    <TestEntry testId="10a632d9-c0aa-8090-0dd4-c44bfef506d7" executionId="6ab477a7-1034-4fc5-a582-84723aa41acc" testListId="8c84fa94-04c1-424b-9868-57a2d4851a1d" />
    <TestEntry testId="db5fa11c-61f1-b840-f7d8-d72274333fb9" executionId="3b03834f-0000-44f4-9969-5095dc968907" testListId="8c84fa94-04c1-424b-9868-57a2d4851a1d" />
    <TestEntry testId="ce07497c-4dc6-a0b3-bd22-bf118f2b179f" executionId="f6aff468-d930-41c6-97e5-ac2717628c16" testListId="8c84fa94-04c1-424b-9868-57a2d4851a1d" />
    <TestEntry testId="4a59641e-8e86-0476-d892-39db58235546" executionId="b67e5eab-2ffd-4566-9ebb-100c29f5428d" testListId="8c84fa94-04c1-424b-9868-57a2d4851a1d" />
    <TestEntry testId="4d635dde-9025-0f50-e5e6-4a0320b1f861" executionId="aa38fb2e-b8db-4941-8aa3-a09b63d79ee6" testListId="8c84fa94-04c1-424b-9868-57a2d4851a1d" />
    <TestEntry testId="8613c9dc-f124-68c2-ef82-d40b6dce25ca" executionId="8b028bbc-75c8-4335-80a5-52c0654006d4" testListId="8c84fa94-04c1-424b-9868-57a2d4851a1d" />
    <TestEntry testId="22b95d6a-5061-f409-c55c-173dfdb0009d" executionId="2f29a2a2-2add-420f-8b4e-c4e6b097486a" testListId="8c84fa94-04c1-424b-9868-57a2d4851a1d" />
    <TestEntry testId="99fbf920-1989-3afa-e14d-521d4d16a8a2" executionId="f753184f-d101-40bf-a8d5-5e8088949d9b" testListId="8c84fa94-04c1-424b-9868-57a2d4851a1d" />
    <TestEntry testId="2109dcb9-5531-7c07-80ae-102d5db235ab" executionId="2a6772e5-da6e-4ad6-91fb-fb03bae5247e" testListId="8c84fa94-04c1-424b-9868-57a2d4851a1d" />
    <TestEntry testId="1e9dac80-9afc-f5b6-3b75-0fc15f043b6f" executionId="325ceec1-d8a6-4974-8328-9f18aa4c6b70" testListId="8c84fa94-04c1-424b-9868-57a2d4851a1d" />
    <TestEntry testId="13e8be3f-a736-bbee-f765-0cd1b7840ac4" executionId="4460fce3-2b66-4631-a3cb-79048eb43ef3" testListId="8c84fa94-04c1-424b-9868-57a2d4851a1d" />
    <TestEntry testId="c121d14e-825f-8d1f-529b-c478c16dc572" executionId="946169be-19f8-45aa-b10d-858150506386" testListId="8c84fa94-04c1-424b-9868-57a2d4851a1d" />
    <TestEntry testId="eae65d2c-f5c2-f597-c2f6-823f72c30479" executionId="520fc5b9-4cd1-40a9-8352-7a62494e0c8b" testListId="8c84fa94-04c1-424b-9868-57a2d4851a1d" />
    <TestEntry testId="957ea0be-e5c6-8b07-d28f-4de7d4fec13f" executionId="2122d3ae-5057-4ae5-a162-248a985e5cda" testListId="8c84fa94-04c1-424b-9868-57a2d4851a1d" />
    <TestEntry testId="9c637530-027b-7de2-d98f-03650bbed66a" executionId="50d5d36a-b11b-4276-b932-fb0a3476ca3a" testListId="8c84fa94-04c1-424b-9868-57a2d4851a1d" />
    <TestEntry testId="ebc2e79d-0013-5ac5-1a10-fdc0f753882f" executionId="6e623b1c-26ab-4707-8ee4-44bee0b2b4c4" testListId="8c84fa94-04c1-424b-9868-57a2d4851a1d" />
    <TestEntry testId="15fffbf7-3b66-6103-20fd-b18305a69632" executionId="f1851dc5-a7cb-44dc-b373-bba9db1efd20" testListId="8c84fa94-04c1-424b-9868-57a2d4851a1d" />
    <TestEntry testId="7f00720d-4676-b91e-004b-d6d34e4dd4fa" executionId="a5d470c2-e6fa-46aa-8039-3e5d91934f4f" testListId="8c84fa94-04c1-424b-9868-57a2d4851a1d" />
    <TestEntry testId="a01acef7-6957-0e86-ccf9-6e0a07aed5f4" executionId="a24b3cb3-7e9b-4348-9e99-c55049e08364" testListId="8c84fa94-04c1-424b-9868-57a2d4851a1d" />
    <TestEntry testId="3ba806a4-bbf3-7b7e-27b5-2f86df0fc91e" executionId="9f5b3cec-ab60-49bb-a48e-ed7b188829d5" testListId="8c84fa94-04c1-424b-9868-57a2d4851a1d" />
    <TestEntry testId="49ea4e69-52f4-11c0-268c-ff2c8e945926" executionId="b9cc598a-1a84-4cae-aa8e-ba42cabd84fa" testListId="8c84fa94-04c1-424b-9868-57a2d4851a1d" />
    <TestEntry testId="bb935116-be01-14ef-e044-2191c3664db7" executionId="5b06bee3-8828-481d-b7e1-5e767c3d6477" testListId="8c84fa94-04c1-424b-9868-57a2d4851a1d" />
    <TestEntry testId="eda82127-ff29-41db-13bd-e18efa6bad16" executionId="4521e834-12ef-4866-ae36-994795596bda" testListId="8c84fa94-04c1-424b-9868-57a2d4851a1d" />
    <TestEntry testId="abe7560b-0107-ad48-75f7-887769837b50" executionId="39d1fc0e-92c6-49bf-899c-1dbb874ae5a9" testListId="8c84fa94-04c1-424b-9868-57a2d4851a1d" />
    <TestEntry testId="fa394697-3424-9c25-ece5-7e2d369a8920" executionId="206b00b1-4b01-40dc-86f6-d271fc7d6993" testListId="8c84fa94-04c1-424b-9868-57a2d4851a1d" />
    <TestEntry testId="4a4f7ec1-0f1b-146c-8f0b-642d1643ee5c" executionId="3cbb5681-e2e8-4545-aa73-13139eb709c3" testListId="8c84fa94-04c1-424b-9868-57a2d4851a1d" />
    <TestEntry testId="d79887d3-a91f-2118-f432-95132cc40b07" executionId="0de71c00-3d5c-44bf-90b8-0d863629fe6d" testListId="8c84fa94-04c1-424b-9868-57a2d4851a1d" />
    <TestEntry testId="7ed4bff5-de38-8fb8-34f1-2ff229d1b5c9" executionId="6793e521-8f25-490c-87b3-0be1a51c6f09" testListId="8c84fa94-04c1-424b-9868-57a2d4851a1d" />
    <TestEntry testId="2386ee34-1c98-0e7e-f863-0e97b7c67c92" executionId="49a75aa6-7fa4-400d-a17f-b982c9239e41" testListId="8c84fa94-04c1-424b-9868-57a2d4851a1d" />
    <TestEntry testId="948f1c00-52cc-8709-370c-1146d5c9950c" executionId="6dce581f-ad06-4389-a3e9-079f52856856" testListId="8c84fa94-04c1-424b-9868-57a2d4851a1d" />
    <TestEntry testId="62555781-d38d-97ac-09ee-252bcd5b99d5" executionId="98d2412d-08b7-4b2b-be53-3aa24c139340" testListId="8c84fa94-04c1-424b-9868-57a2d4851a1d" />
    <TestEntry testId="f08fd216-3f6d-36d8-7a1a-55c818194c5b" executionId="3491f72b-00d3-48d0-9d22-e021bef37a91" testListId="8c84fa94-04c1-424b-9868-57a2d4851a1d" />
    <TestEntry testId="d64d72ea-7173-f86a-f0f0-b80bbefcdcf6" executionId="c5c3b7d5-82de-4f8f-89f4-9f263f4c98ad" testListId="8c84fa94-04c1-424b-9868-57a2d4851a1d" />
    <TestEntry testId="5518edeb-57f1-cd40-289d-a92c12e305ae" executionId="b34c7119-adba-4c42-8100-b44bb6f14e5f" testListId="8c84fa94-04c1-424b-9868-57a2d4851a1d" />
    <TestEntry testId="1bdc01b8-aa5a-4047-67cf-8a70f7b04a5d" executionId="9b65ebf8-0119-44cf-8b38-b51e6d6aa20a" testListId="8c84fa94-04c1-424b-9868-57a2d4851a1d" />
    <TestEntry testId="0fac49ff-9fc4-70da-0e12-4468b853b5ca" executionId="0416173a-b67c-4e33-9079-4b7202b64fe7" testListId="8c84fa94-04c1-424b-9868-57a2d4851a1d" />
  </TestEntries>
  <TestLists>
    <TestList name="Results Not in a List" id="8c84fa94-04c1-424b-9868-57a2d4851a1d" />
    <TestList name="All Loaded Results" id="19431567-8539-422a-85d7-44ee4e166bda" />
  </TestLists>
  <ResultSummary outcome="Completed">
    <Counters total="49" executed="49" passed="49" failed="0" error="0" timeout="0" aborted="0" inconclusive="0" passedButRunAborted="0" notRunnable="0" notExecuted="0" disconnected="0" warning="0" completed="0" inProgress="0" pending="0" />
    <Output>
      <StdOut>NUnit Adapter 4.5.0.0: Test execution started
Running all tests in /home/worlesenric/wkspace/gc-wt/w5-gate/dotnet/tests/GameCore.Content.Compiler.Tests/bin/Release/net8.0/GameCore.Content.Compiler.Tests.dll
   NUnit3TestExecutor discovered 49 of 49 NUnit test cases using Current Discovery mode, Non-Explicit run
NUnit Adapter 4.5.0.0: Test execution complete
</StdOut>
    </Output>
  </ResultSummary>
</TestRun>