<?xml version="1.0" encoding="utf-8"?>
<test-run id="2" testcasecount="688" result="Passed" total="688" passed="688" failed="0" inconclusive="0" skipped="0" asserts="0" engine-version="3.5.0.0" clr-version="4.0.30319.42000" start-time="2026-09-25 13:14:32Z" end-time="2026-09-25 13:14:38Z" duration="5.9079284">
  <test-suite type="TestSuite" id="1000" name="GameCoreProbe" fullname="GameCoreProbe" runstate="Runnable" testcasecount="688" result="Passed" start-time="2026-09-25 13:14:32Z" end-time="2026-09-25 13:14:38Z" duration="5.907928" total="688" passed="688" failed="0" inconclusive="0" skipped="0" asserts="0">
    <properties>
      <property name="platform" value="EditMode" />
    </properties>
    <test-suite type="Assembly" id="1017" name="GameCore.Cards.Tests.dll" fullname="/home/worlesenric/wkspace/gc-wt/gc-014/unity/GameCore.Validation/Library/ScriptAssemblies/GameCore.Cards.Tests.dll" runstate="Runnable" testcasecount="15" result="Passed" start-time="2026-09-25 13:14:32Z" end-time="2026-09-25 13:14:33Z" duration="0.453076" total="15" passed="15" failed="0" inconclusive="0" skipped="0" asserts="0">
      <properties>
        <property name="_PID" value="1071157" />
        <property name="_APPDOMAIN" value="Unity Child Domain" />
        <property name="platform" value="EditMode" />
        <property name="EditorOnly" value="True" />
      </properties>
      <test-suite type="TestSuite" id="1018" name="GameCore" fullname="GameCore" runstate="Runnable" testcasecount="15" result="Passed" start-time="2026-09-25 13:14:32Z" end-time="2026-09-25 13:14:33Z" duration="0.452856" total="15" passed="15" failed="0" inconclusive="0" skipped="0" asserts="0">
        <properties />
        <test-suite type="TestSuite" id="1019" name="Cards" fullname="GameCore.Cards" runstate="Runnable" testcasecount="15" result="Passed" start-time="2026-09-25 13:14:32Z" end-time="2026-09-25 13:14:33Z" duration="0.452791" total="15" passed="15" failed="0" inconclusive="0" skipped="0" asserts="0">
          <properties />
          <test-suite type="TestSuite" id="1020" name="Tests" fullname="GameCore.Cards.Tests" runstate="Runnable" testcasecount="15" result="Passed" start-time="2026-09-25 13:14:32Z" end-time="2026-09-25 13:14:33Z" duration="0.452725" total="15" passed="15" failed="0" inconclusive="0" skipped="0" asserts="0">
            <properties />
            <test-suite type="TestFixture" id="1001" name="CardsIntegrationTests" fullname="GameCore.Cards.Tests.CardsIntegrationTests" classname="GameCore.Cards.Tests.CardsIntegrationTests" runstate="Runnable" testcasecount="15" result="Passed" start-time="2026-09-25 13:14:32Z" end-time="2026-09-25 13:14:33Z" duration="0.452052" total="15" passed="15" failed="0" inconclusive="0" skipped="0" asserts="0">
              <properties />
              <test-case id="1007" name="ADuplicateCommandTransfersOnce" fullname="GameCore.Cards.Tests.CardsIntegrationTests.ADuplicateCommandTransfersOnce" methodname="ADuplicateCommandTransfersOnce" classname="GameCore.Cards.Tests.CardsIntegrationTests" runstate="Runnable" seed="1412352998" result="Passed" start-time="2026-09-25 13:14:32Z" end-time="2026-09-25 13:14:32Z" duration="0.015006" asserts="0">
                <properties>
                  <property name="retryIteration" value="0" />
                  <property name="repeatIteration" value="0" />
                </properties>
              </test-case>
              <test-case id="1011" name="AFutureSeatInheritsTheModifierOnFirstVisibility" fullname="GameCore.Cards.Tests.CardsIntegrationTests.AFutureSeatInheritsTheModifierOnFirstVisibility" methodname="AFutureSeatInheritsTheModifierOnFirstVisibility" classname="GameCore.Cards.Tests.CardsIntegrationTests" runstate="Runnable" seed="719453431" result="Passed" start-time="2026-09-25 13:14:32Z" end-time="2026-09-25 13:14:32Z" duration="0.000659" asserts="0">
                <properties>
                  <property name="retryIteration" value="0" />
                  <property name="repeatIteration" value="0" />
                </properties>
              </test-case>
              <test-case id="1012" name="AnIdleWorldPerformsZeroSteps" fullname="GameCore.Cards.Tests.CardsIntegrationTests.AnIdleWorldPerformsZeroSteps" methodname="AnIdleWorldPerformsZeroSteps" classname="GameCore.Cards.Tests.CardsIntegrationTests" runstate="Runnable" seed="1609353397" result="Passed" start-time="2026-09-25 13:14:32Z" end-time="2026-09-25 13:14:32Z" duration="0.000430" asserts="0">
                <properties>
                  <property name="retryIteration" value="0" />
                  <property name="repeatIteration" value="0" />
                </properties>
              </test-case>
              <test-case id="1008" name="ARejectedSettlementChangesNothing" fullname="GameCore.Cards.Tests.CardsIntegrationTests.ARejectedSettlementChangesNothing" methodname="ARejectedSettlementChangesNothing" classname="GameCore.Cards.Tests.CardsIntegrationTests" runstate="Runnable" seed="2042341036" result="Passed" start-time="2026-09-25 13:14:32Z" end-time="2026-09-25 13:14:32Z" duration="0.000731" asserts="0">
                <properties>
                  <property name="retryIteration" value="0" />
                  <property name="repeatIteration" value="0" />
                </properties>
              </test-case>
              <test-case id="1009" name="ATransferCommitsBothSides" fullname="GameCore.Cards.Tests.CardsIntegrationTests.ATransferCommitsBothSides" methodname="ATransferCommitsBothSides" classname="GameCore.Cards.Tests.CardsIntegrationTests" runstate="Runnable" seed="607914248" result="Passed" start-time="2026-09-25 13:14:32Z" end-time="2026-09-25 13:14:32Z" duration="0.000487" asserts="0">
                <properties>
                  <property name="retryIteration" value="0" />
                  <property name="repeatIteration" value="0" />
                </properties>
              </test-case>
              <test-case id="1003" name="EveryObservationPassesOverTheFixtureCatalog" fullname="GameCore.Cards.Tests.CardsIntegrationTests.EveryObservationPassesOverTheFixtureCatalog" methodname="EveryObservationPassesOverTheFixtureCatalog" classname="GameCore.Cards.Tests.CardsIntegrationTests" runstate="Runnable" seed="305421604" result="Passed" start-time="2026-09-25 13:14:32Z" end-time="2026-09-25 13:14:32Z" duration="0.001869" asserts="0">
                <properties>
                  <property name="retryIteration" value="0" />
                  <property name="repeatIteration" value="0" />
                </properties>
              </test-case>
              <test-case id="1002" name="EveryObservationPassesOverTheGeneratedCatalog" fullname="GameCore.Cards.Tests.CardsIntegrationTests.EveryObservationPassesOverTheGeneratedCatalog" methodname="EveryObservationPassesOverTheGeneratedCatalog" classname="GameCore.Cards.Tests.CardsIntegrationTests" runstate="Runnable" seed="2132232007" result="Passed" start-time="2026-09-25 13:14:32Z" end-time="2026-09-25 13:14:32Z" duration="0.000173" asserts="0">
                <properties>
                  <property name="retryIteration" value="0" />
                  <property name="repeatIteration" value="0" />
                </properties>
              </test-case>
              <test-case id="1006" name="OneCommandCommitsBothSides" fullname="GameCore.Cards.Tests.CardsIntegrationTests.OneCommandCommitsBothSides" methodname="OneCommandCommitsBothSides" classname="GameCore.Cards.Tests.CardsIntegrationTests" runstate="Runnable" seed="866062102" result="Passed" start-time="2026-09-25 13:14:32Z" end-time="2026-09-25 13:14:32Z" duration="0.000993" asserts="0">
                <properties>
                  <property name="retryIteration" value="0" />
                  <property name="repeatIteration" value="0" />
                </properties>
              </test-case>
              <test-case id="1014" name="OwnershipHasOneOwnerPerDeclaredDomainAndEverySlotPolicyValidated" fullname="GameCore.Cards.Tests.CardsIntegrationTests.OwnershipHasOneOwnerPerDeclaredDomainAndEverySlotPolicyValidated" methodname="OwnershipHasOneOwnerPerDeclaredDomainAndEverySlotPolicyValidated" classname="GameCore.Cards.Tests.CardsIntegrationTests" runstate="Runnable" seed="380332552" result="Passed" start-time="2026-09-25 13:14:32Z" end-time="2026-09-25 13:14:32Z" duration="0.000307" asserts="0">
                <properties>
                  <property name="retryIteration" value="0" />
                  <property name="repeatIteration" value="0" />
                </properties>
              </test-case>
              <test-case id="1016" name="TeardownSettlesWorkAndDisposesTheWorld" fullname="GameCore.Cards.Tests.CardsIntegrationTests.TeardownSettlesWorkAndDisposesTheWorld" methodname="TeardownSettlesWorkAndDisposesTheWorld" classname="GameCore.Cards.Tests.CardsIntegrationTests" runstate="Runnable" seed="1482368463" result="Passed" start-time="2026-09-25 13:14:32Z" end-time="2026-09-25 13:14:32Z" duration="0.000238" asserts="0">
                <properties>
                  <property name="retryIteration" value="0" />
                  <property name="repeatIteration" value="0" />
                </properties>
              </test-case>
              <test-case id="1010" name="TheBatchEnvelopeResolvesExactlyOneWinner" fullname="GameCore.Cards.Tests.CardsIntegrationTests.TheBatchEnvelopeResolvesExactlyOneWinner" methodname="TheBatchEnvelopeResolvesExactlyOneWinner" classname="GameCore.Cards.Tests.CardsIntegrationTests" runstate="Runnable" seed="252419857" result="Passed" start-time="2026-09-25 13:14:32Z" end-time="2026-09-25 13:14:32Z" duration="0.000617" asserts="0">
                <properties>
                  <property name="retryIteration" value="0" />
                  <property name="repeatIteration" value="0" />
                </properties>
              </test-case>
              <test-case id="1013" name="TheCompiledPlanIsFourStagesWithOnePlaybackPointAndTheDeclaredEdge" fullname="GameCore.Cards.Tests.CardsIntegrationTests.TheCompiledPlanIsFourStagesWithOnePlaybackPointAndTheDeclaredEdge" methodname="TheCompiledPlanIsFourStagesWithOnePlaybackPointAndTheDeclaredEdge" classname="GameCore.Cards.Tests.CardsIntegrationTests" runstate="Runnable" seed="1535626466" result="Passed" start-time="2026-09-25 13:14:32Z" end-time="2026-09-25 13:14:32Z" duration="0.000619" asserts="0">
                <properties>
                  <property name="retryIteration" value="0" />
                  <property name="repeatIteration" value="0" />
                </properties>
              </test-case>
              <test-case id="1015" name="TheGeneratedRunReportsTheCommittedCatalogFingerprint" fullname="GameCore.Cards.Tests.CardsIntegrationTests.TheGeneratedRunReportsTheCommittedCatalogFingerprint" methodname="TheGeneratedRunReportsTheCommittedCatalogFingerprint" classname="GameCore.Cards.Tests.CardsIntegrationTests" runstate="Runnable" seed="1180774076" result="Passed" start-time="2026-09-25 13:14:32Z" end-time="2026-09-25 13:14:32Z" duration="0.001304" asserts="0">
                <properties>
                  <property name="retryIteration" value="0" />
                  <property name="repeatIteration" value="0" />
                </properties>
              </test-case>
              <test-case id="1005" name="TheMountsReachEveryEligibleExistingSeat" fullname="GameCore.Cards.Tests.CardsIntegrationTests.TheMountsReachEveryEligibleExistingSeat" methodname="TheMountsReachEveryEligibleExistingSeat" classname="GameCore.Cards.Tests.CardsIntegrationTests" runstate="Runnable" seed="684105709" result="Passed" start-time="2026-09-25 13:14:32Z" end-time="2026-09-25 13:14:33Z" duration="0.000680" asserts="0">
                <properties>
                  <property name="retryIteration" value="0" />
                  <property name="repeatIteration" value="0" />
                </properties>
              </test-case>
              <test-case id="1004" name="TheScenarioRecordsEveryObservationTwiceAndNoDiagnostic" fullname="GameCore.Cards.Tests.CardsIntegrationTests.TheScenarioRecordsEveryObservationTwiceAndNoDiagnostic" methodname="TheScenarioRecordsEveryObservationTwiceAndNoDiagnostic" classname="GameCore.Cards.Tests.CardsIntegrationTests" runstate="Runnable" seed="587065543" result="Passed" start-time="2026-09-25 13:14:33Z" end-time="2026-09-25 13:14:33Z" duration="0.001822" asserts="0">
                <properties>
                  <property name="retryIteration" value="0" />
                  <property name="repeatIteration" value="0" />
                </properties>
              </test-case>
            </test-suite>
          </test-suite>
        </test-suite>
      </test-suite>
    </test-suite>
    <test-suite type="Assembly" id="1169" name="GameCore.Composition.Tests.dll" fullname="/home/worlesenric/wkspace/gc-wt/gc-014/unity/GameCore.Validation/Library/ScriptAssemblies/GameCore.Composition.Tests.dll" runstate="Runnable" testcasecount="134" result="Passed" start-time="2026-09-25 13:14:33Z" end-time="2026-09-25 13:14:33Z" duration="0.306634" total="134" passed="134" failed="0" inconclusive="0" skipped="0" asserts="0">
      <properties>
        <property name="_PID" value="1071157" />
        <property name="_APPDOMAIN" value="Unity Child Domain" />
        <property name="platform" value="EditMode" />
        <property name="EditorOnly" value="True" />
      </properties>
      <test-suite type="TestSuite" id="1170" name="GameCore" fullname="GameCore" runstate="Runnable" testcasecount="134" result="Passed" start-time="2026-09-25 13:14:33Z" end-time="2026-09-25 13:14:33Z" duration="0.306412" total="134" passed="134" failed="0" inconclusive="0" skipped="0" asserts="0">
        <properties />
        <test-suite type="TestSuite" id="1171" name="Composition" fullname="GameCore.Composition" runstate="Runnable" testcasecount="134" result="Passed" start-time="2026-09-25 13:14:33Z" end-time="2026-09-25 13:14:33Z" duration="0.306345" total="134" passed="134" failed="0" inconclusive="0" skipped="0" asserts="0">
          <properties />
          <test-suite type="TestSuite" id="1172" name="Tests" fullname="GameCore.Composition.Tests" runstate="Runnable" testcasecount="134" result="Passed" start-time="2026-09-25 13:14:33Z" end-time="2026-09-25 13:14:33Z" duration="0.306221" total="134" passed="134" failed="0" inconclusive="0" skipped="0" asserts="0">
            <properties />
            <test-suite type="TestFixture" id="1089" name="ActivationLedgerTests" fullname="GameCore.Composition.Tests.ActivationLedgerTests" classname="GameCore.Composition.Tests.ActivationLedgerTests" runstate="Runnable" testcasecount="11" result="Passed" start-time="2026-09-25 13:14:33Z" end-time="2026-09-25 13:14:33Z" duration="0.014523" total="11" passed="11" failed="0" inconclusive="0" skipped="0" asserts="0">
              <properties />
              <test-case id="1095" name="AbortingACandidateFailsItAndLeavesTheRunningActivationInCharge" fullname="GameCore.Composition.Tests.ActivationLedgerTests.AbortingACandidateFailsItAndLeavesTheRunningActivationInCharge" methodname="AbortingACandidateFailsItAndLeavesTheRunningActivationInCharge" classname="GameCore.Composition.Tests.ActivationLedgerTests" runstate="Runnable" seed="1124730851" result="Passed" start-time="2026-09-25 13:14:33Z" end-time="2026-09-25 13:14:33Z" duration="0.001955" asserts="0">
                <properties>
                  <property name="retryIteration" value="0" />
                  <property name="repeatIteration" value="0" />
                </properties>
              </test-case>
              <test-case id="1100" name="ARefusedEdgeCountsTheRefusalAndLeavesTheStoredStateUntouched" fullname="GameCore.Composition.Tests.ActivationLedgerTests.ARefusedEdgeCountsTheRefusalAndLeavesTheStoredStateUntouched" methodname="ARefusedEdgeCountsTheRefusalAndLeavesTheStoredStateUntouched" classname="GameCore.Composition.Tests.ActivationLedgerTests" runstate="Runnable" seed="1790209816" result="Passed" start-time="2026-09-25 13:14:33Z" end-time="2026-09-25 13:14:33Z" duration="0.005172" asserts="0">
                <properties>
                  <property name="retryIteration" value="0" />
                  <property name="repeatIteration" value="0" />
                </properties>
              </test-case>
              <test-case id="1094" name="CommitMovesTheCandidateInAndDisplacesTheRunningActivationToRetiring" fullname="GameCore.Composition.Tests.ActivationLedgerTests.CommitMovesTheCandidateInAndDisplacesTheRunningActivationToRetiring" methodname="CommitMovesTheCandidateInAndDisplacesTheRunningActivationToRetiring" classname="GameCore.Composition.Tests.ActivationLedgerTests" runstate="Runnable" seed="811325058" result="Passed" start-time="2026-09-25 13:14:33Z" end-time="2026-09-25 13:14:33Z" duration="0.000927" asserts="0">
                <properties>
                  <property name="retryIteration" value="0" />
                  <property name="repeatIteration" value="0" />
                </properties>
              </test-case>
              <test-case id="1090" name="FirstActivationIsPermittedAndALiveDuplicateIdentityIsRefused" fullname="GameCore.Composition.Tests.ActivationLedgerTests.FirstActivationIsPermittedAndALiveDuplicateIdentityIsRefused" methodname="FirstActivationIsPermittedAndALiveDuplicateIdentityIsRefused" classname="GameCore.Composition.Tests.ActivationLedgerTests" runstate="Runnable" seed="1403368186" result="Passed" start-time="2026-09-25 13:14:33Z" end-time="2026-09-25 13:14:33Z" duration="0.000576" asserts="0">
                <properties>
                  <property name="retryIteration" value="0" />
                  <property name="repeatIteration" value="0" />
                </properties>
              </test-case>
              <test-case id="1099" name="InstallationsInReturnsExactlyTheInstancesInThatStateInCanonicalOrder" fullname="GameCore.Composition.Tests.ActivationLedgerTests.InstallationsInReturnsExactlyTheInstancesInThatStateInCanonicalOrder" methodname="InstallationsInReturnsExactlyTheInstancesInThatStateInCanonicalOrder" classname="GameCore.Composition.Tests.ActivationLedgerTests" runstate="Runnable" seed="161321197" result="Passed" start-time="2026-09-25 13:14:33Z" end-time="2026-09-25 13:14:33Z" duration="0.000667" asserts="0">
                <properties>
                  <property name="retryIteration" value="0" />
                  <property name="repeatIteration" value="0" />
                </properties>
              </test-case>
              <test-case id="1098" name="RetireWalksTheTeardownPathAndSettlingRequiresEveryResourceSettled" fullname="GameCore.Composition.Tests.ActivationLedgerTests.RetireWalksTheTeardownPathAndSettlingRequiresEveryResourceSettled" methodname="RetireWalksTheTeardownPathAndSettlingRequiresEveryResourceSettled" classname="GameCore.Composition.Tests.ActivationLedgerTests" runstate="Runnable" seed="1438042189" result="Passed" start-time="2026-09-25 13:14:33Z" end-time="2026-09-25 13:14:33Z" duration="0.000691" asserts="0">
                <properties>
                  <property name="retryIteration" value="0" />
                  <property name="repeatIteration" value="0" />
                </properties>
              </test-case>
              <test-case id="1091" name="StagingACandidateKeepsTheRunningActivationInCharge" fullname="GameCore.Composition.Tests.ActivationLedgerTests.StagingACandidateKeepsTheRunningActivationInCharge" methodname="StagingACandidateKeepsTheRunningActivationInCharge" classname="GameCore.Composition.Tests.ActivationLedgerTests" runstate="Runnable" seed="1428368422" result="Passed" start-time="2026-09-25 13:14:33Z" end-time="2026-09-25 13:14:33Z" duration="0.000426" asserts="0">
                <properties>
                  <property name="retryIteration" value="0" />
                  <property name="repeatIteration" value="0" />
                </properties>
              </test-case>
              <test-case id="1092" name="StagingASecondCandidateIsRefusedAndLeavesTheFirstOneStaged" fullname="GameCore.Composition.Tests.ActivationLedgerTests.StagingASecondCandidateIsRefusedAndLeavesTheFirstOneStaged" methodname="StagingASecondCandidateIsRefusedAndLeavesTheFirstOneStaged" classname="GameCore.Composition.Tests.ActivationLedgerTests" runstate="Runnable" seed="70560664" result="Passed" start-time="2026-09-25 13:14:33Z" end-time="2026-09-25 13:14:33Z" duration="0.000333" asserts="0">
                <properties>
                  <property name="retryIteration" value="0" />
                  <property name="repeatIteration" value="0" />
                </properties>
              </test-case>
              <test-case id="1093" name="StagingIsRefusedForASuspendedActivation" fullname="GameCore.Composition.Tests.ActivationLedgerTests.StagingIsRefusedForASuspendedActivation" methodname="StagingIsRefusedForASuspendedActivation" classname="GameCore.Composition.Tests.ActivationLedgerTests" runstate="Runnable" seed="1601214141" result="Passed" start-time="2026-09-25 13:14:33Z" end-time="2026-09-25 13:14:33Z" duration="0.000358" asserts="0">
                <properties>
                  <property name="retryIteration" value="0" />
                  <property name="repeatIteration" value="0" />
                </properties>
              </test-case>
              <test-case id="1096" name="SuspendWalksThroughQuiescingAndResumeRecordsANewAttempt" fullname="GameCore.Composition.Tests.ActivationLedgerTests.SuspendWalksThroughQuiescingAndResumeRecordsANewAttempt" methodname="SuspendWalksThroughQuiescingAndResumeRecordsANewAttempt" classname="GameCore.Composition.Tests.ActivationLedgerTests" runstate="Runnable" seed="1825131011" result="Passed" start-time="2026-09-25 13:14:33Z" end-time="2026-09-25 13:14:33Z" duration="0.000668" asserts="0">
                <properties>
                  <property name="retryIteration" value="0" />
                  <property name="repeatIteration" value="0" />
                </properties>
              </test-case>
              <test-case id="1097" name="WaitingForDependenciesRetractsOnceAndResumeFromWaitingRestoresAuthority" fullname="GameCore.Composition.Tests.ActivationLedgerTests.WaitingForDependenciesRetractsOnceAndResumeFromWaitingRestoresAuthority" methodname="WaitingForDependenciesRetractsOnceAndResumeFromWaitingRestoresAuthority" classname="GameCore.Composition.Tests.ActivationLedgerTests" runstate="Runnable" seed="499753438" result="Passed" start-time="2026-09-25 13:14:33Z" end-time="2026-09-25 13:14:33Z" duration="0.001027" asserts="0">
                <properties>
                  <property name="retryIteration" value="0" />
                  <property name="repeatIteration" value="0" />
                </properties>
              </test-case>
            </test-suite>
            <test-suite type="TestFixture" id="1021" name="BuildHostRegressionTests" fullname="GameCore.Composition.Tests.BuildHostRegressionTests" classname="GameCore.Composition.Tests.BuildHostRegressionTests" runstate="Runnable" testcasecount="8" result="Passed" start-time="2026-09-25 13:14:33Z" end-time="2026-09-25 13:14:33Z" duration="0.032871" total="8" passed="8" failed="0" inconclusive="0" skipped="0" asserts="0">
              <properties />
              <test-case id="1025" name="DirectPublicationCannotOvertakeAnEarlierProposal" fullname="GameCore.Composition.Tests.BuildHostRegressionTests.DirectPublicationCannotOvertakeAnEarlierProposal" methodname="DirectPublicationCannotOvertakeAnEarlierProposal" classname="GameCore.Composition.Tests.BuildHostRegressionTests" runstate="Runnable" seed="1776232896" result="Passed" start-time="2026-09-25 13:14:33Z" end-time="2026-09-25 13:14:33Z" duration="0.003619" asserts="0">
                <properties>
                  <property name="retryIteration" value="0" />
                  <property name="repeatIteration" value="0" />
                </properties>
              </test-case>
              <test-case id="1026" name="ForeignWorldOperationCannotMutateThisScopeTree" fullname="GameCore.Composition.Tests.BuildHostRegressionTests.ForeignWorldOperationCannotMutateThisScopeTree" methodname="ForeignWorldOperationCannotMutateThisScopeTree" classname="GameCore.Composition.Tests.BuildHostRegressionTests" runstate="Runnable" seed="918229209" result="Passed" start-time="2026-09-25 13:14:33Z" end-time="2026-09-25 13:14:33Z" duration="0.000603" asserts="0">
                <properties>
                  <property name="retryIteration" value="0" />
                  <property name="repeatIteration" value="0" />
                </properties>
              </test-case>
              <test-case id="1027" name="ForgottenAndUnseenLowerSequencesRemainExpired" fullname="GameCore.Composition.Tests.BuildHostRegressionTests.ForgottenAndUnseenLowerSequencesRemainExpired" methodname="ForgottenAndUnseenLowerSequencesRemainExpired" classname="GameCore.Composition.Tests.BuildHostRegressionTests" runstate="Runnable" seed="2032730914" result="Passed" start-time="2026-09-25 13:14:33Z" end-time="2026-09-25 13:14:33Z" duration="0.001041" asserts="0">
                <properties>
                  <property name="retryIteration" value="0" />
                  <property name="repeatIteration" value="0" />
                </properties>
              </test-case>
              <test-case id="1029" name="ReconfigurationRetiresOnlyTheOldActivationResources" fullname="GameCore.Composition.Tests.BuildHostRegressionTests.ReconfigurationRetiresOnlyTheOldActivationResources" methodname="ReconfigurationRetiresOnlyTheOldActivationResources" classname="GameCore.Composition.Tests.BuildHostRegressionTests" runstate="Runnable" seed="214340750" result="Passed" start-time="2026-09-25 13:14:33Z" end-time="2026-09-25 13:14:33Z" duration="0.012324" asserts="0">
                <properties>
                  <property name="retryIteration" value="0" />
                  <property name="repeatIteration" value="0" />
                </properties>
              </test-case>
              <test-case id="1023" name="RequiredProviderLossRetractsTheWholeChainAndReturnReactivatesIt" fullname="GameCore.Composition.Tests.BuildHostRegressionTests.RequiredProviderLossRetractsTheWholeChainAndReturnReactivatesIt" methodname="RequiredProviderLossRetractsTheWholeChainAndReturnReactivatesIt" classname="GameCore.Composition.Tests.BuildHostRegressionTests" runstate="Runnable" seed="143363546" result="Passed" start-time="2026-09-25 13:14:33Z" end-time="2026-09-25 13:14:33Z" duration="0.006294" asserts="0">
                <properties>
                  <property name="retryIteration" value="0" />
                  <property name="repeatIteration" value="0" />
                </properties>
              </test-case>
              <test-case id="1022" name="SuspensionClosesAuthorityAndExplicitResumeUsesAFreshActivation" fullname="GameCore.Composition.Tests.BuildHostRegressionTests.SuspensionClosesAuthorityAndExplicitResumeUsesAFreshActivation" methodname="SuspensionClosesAuthorityAndExplicitResumeUsesAFreshActivation" classname="GameCore.Composition.Tests.BuildHostRegressionTests" runstate="Runnable" seed="2117733324" result="Passed" start-time="2026-09-25 13:14:33Z" end-time="2026-09-25 13:14:33Z" duration="0.002424" asserts="0">
                <properties>
                  <property name="retryIteration" value="0" />
                  <property name="repeatIteration" value="0" />
                </properties>
              </test-case>
              <test-case id="1024" name="TerminalRetransmissionKeepsItsOriginalHandle" fullname="GameCore.Composition.Tests.BuildHostRegressionTests.TerminalRetransmissionKeepsItsOriginalHandle" methodname="TerminalRetransmissionKeepsItsOriginalHandle" classname="GameCore.Composition.Tests.BuildHostRegressionTests" runstate="Runnable" seed="327414826" result="Passed" start-time="2026-09-25 13:14:33Z" end-time="2026-09-25 13:14:33Z" duration="0.001072" asserts="0">
                <properties>
                  <property name="retryIteration" value="0" />
                  <property name="repeatIteration" value="0" />
                </properties>
              </test-case>
              <test-case id="1028" name="UnrelatedCleanupCannotChangeAnEarlierOperationResult" fullname="GameCore.Composition.Tests.BuildHostRegressionTests.UnrelatedCleanupCannotChangeAnEarlierOperationResult" methodname="UnrelatedCleanupCannotChangeAnEarlierOperationResult" classname="GameCore.Composition.Tests.BuildHostRegressionTests" runstate="Runnable" seed="1910490932" result="Passed" start-time="2026-09-25 13:14:33Z" end-time="2026-09-25 13:14:33Z" duration="0.003062" asserts="0">
                <properties>
                  <property name="retryIteration" value="0" />
                  <property name="repeatIteration" value="0" />
                </properties>
              </test-case>
            </test-suite>
            <test-suite type="TestFixture" id="1030" name="CancellationIdentityTests" fullname="GameCore.Composition.Tests.CancellationIdentityTests" classname="GameCore.Composition.Tests.CancellationIdentityTests" runstate="Runnable" testcasecount="12" result="Passed" start-time="2026-09-25 13:14:33Z" end-time="2026-09-25 13:14:33Z" duration="0.016810" total="12" passed="12" failed="0" inconclusive="0" skipped="0" asserts="0">
              <properties />
              <test-case id="1037" name="AdmittedCancellationBindsItsIdentityAndKeepsTheIssuerSequenceInStep" fullname="GameCore.Composition.Tests.CancellationIdentityTests.AdmittedCancellationBindsItsIdentityAndKeepsTheIssuerSequenceInStep" methodname="AdmittedCancellationBindsItsIdentityAndKeepsTheIssuerSequenceInStep" classname="GameCore.Composition.Tests.CancellationIdentityTests" runstate="Runnable" seed="1800208595" result="Passed" start-time="2026-09-25 13:14:33Z" end-time="2026-09-25 13:14:33Z" duration="0.003098" asserts="0">
                <properties>
                  <property name="retryIteration" value="0" />
                  <property name="repeatIteration" value="0" />
                </properties>
              </test-case>
              <test-case id="1038" name="CancellationDecidedAtTheApplyingLatchIsTooLateAndRecordsWhy" fullname="GameCore.Composition.Tests.CancellationIdentityTests.CancellationDecidedAtTheApplyingLatchIsTooLateAndRecordsWhy" methodname="CancellationDecidedAtTheApplyingLatchIsTooLateAndRecordsWhy" classname="GameCore.Composition.Tests.CancellationIdentityTests" runstate="Runnable" seed="1512699840" result="Passed" start-time="2026-09-25 13:14:33Z" end-time="2026-09-25 13:14:33Z" duration="0.000610" asserts="0">
                <properties>
                  <property name="retryIteration" value="0" />
                  <property name="repeatIteration" value="0" />
                </properties>
              </test-case>
              <test-case id="1042" name="CancellationInputHashIsDomainSeparatedFromEditInputs" fullname="GameCore.Composition.Tests.CancellationIdentityTests.CancellationInputHashIsDomainSeparatedFromEditInputs" methodname="CancellationInputHashIsDomainSeparatedFromEditInputs" classname="GameCore.Composition.Tests.CancellationIdentityTests" runstate="Runnable" seed="1245892287" result="Passed" start-time="2026-09-25 13:14:33Z" end-time="2026-09-25 13:14:33Z" duration="0.000731" asserts="0">
                <properties>
                  <property name="retryIteration" value="0" />
                  <property name="repeatIteration" value="0" />
                </properties>
              </test-case>
              <test-case id="1039" name="CancellationOfAnUnknownTargetIsRejectedAgainstThatHandle" fullname="GameCore.Composition.Tests.CancellationIdentityTests.CancellationOfAnUnknownTargetIsRejectedAgainstThatHandle" methodname="CancellationOfAnUnknownTargetIsRejectedAgainstThatHandle" classname="GameCore.Composition.Tests.CancellationIdentityTests" runstate="Runnable" seed="2033966987" result="Passed" start-time="2026-09-25 13:14:33Z" end-time="2026-09-25 13:14:33Z" duration="0.000487" asserts="0">
                <properties>
                  <property name="retryIteration" value="0" />
                  <property name="repeatIteration" value="0" />
                </properties>
              </test-case>
              <test-case id="1036" name="CancellationRequestAtAnAlreadyUsedIssuerSequenceIsRejected" fullname="GameCore.Composition.Tests.CancellationIdentityTests.CancellationRequestAtAnAlreadyUsedIssuerSequenceIsRejected" methodname="CancellationRequestAtAnAlreadyUsedIssuerSequenceIsRejected" classname="GameCore.Composition.Tests.CancellationIdentityTests" runstate="Runnable" seed="656182769" result="Passed" start-time="2026-09-25 13:14:33Z" end-time="2026-09-25 13:14:33Z" duration="0.000961" asserts="0">
                <properties>
                  <property name="retryIteration" value="0" />
                  <property name="repeatIteration" value="0" />
                </properties>
              </test-case>
              <test-case id="1035" name="CancellationRequestWithoutRemainingLaneCapacityIsRejectedAndDecidesNothing" fullname="GameCore.Composition.Tests.CancellationIdentityTests.CancellationRequestWithoutRemainingLaneCapacityIsRejectedAndDecidesNothing" methodname="CancellationRequestWithoutRemainingLaneCapacityIsRejectedAndDecidesNothing" classname="GameCore.Composition.Tests.CancellationIdentityTests" runstate="Runnable" seed="1924327817" result="Passed" start-time="2026-09-25 13:14:33Z" end-time="2026-09-25 13:14:33Z" duration="0.001048" asserts="0">
                <properties>
                  <property name="retryIteration" value="0" />
                  <property name="repeatIteration" value="0" />
                </properties>
              </test-case>
              <test-case id="1031" name="CancellationRetransmissionCoalescesToTheOriginalOutcomeWithoutRepeatingTheCutoff" fullname="GameCore.Composition.Tests.CancellationIdentityTests.CancellationRetransmissionCoalescesToTheOriginalOutcomeWithoutRepeatingTheCutoff" methodname="CancellationRetransmissionCoalescesToTheOriginalOutcomeWithoutRepeatingTheCutoff" classname="GameCore.Composition.Tests.CancellationIdentityTests" runstate="Runnable" seed="1374513397" result="Passed" start-time="2026-09-25 13:14:33Z" end-time="2026-09-25 13:14:33Z" duration="0.001283" asserts="0">
                <properties>
                  <property name="retryIteration" value="0" />
                  <property name="repeatIteration" value="0" />
                </properties>
              </test-case>
              <test-case id="1041" name="CancelledTargetRetentionStartsAtCancellationRatherThanWorldCreation" fullname="GameCore.Composition.Tests.CancellationIdentityTests.CancelledTargetRetentionStartsAtCancellationRatherThanWorldCreation" methodname="CancelledTargetRetentionStartsAtCancellationRatherThanWorldCreation" classname="GameCore.Composition.Tests.CancellationIdentityTests" runstate="Runnable" seed="37111538" result="Passed" start-time="2026-09-25 13:14:33Z" end-time="2026-09-25 13:14:33Z" duration="0.001040" asserts="0">
                <properties>
                  <property name="retryIteration" value="0" />
                  <property name="repeatIteration" value="0" />
                </properties>
              </test-case>
              <test-case id="1032" name="ConflictingCancellationReuseKeepsTheOriginalAndLeavesTheSecondTargetUntouched" fullname="GameCore.Composition.Tests.CancellationIdentityTests.ConflictingCancellationReuseKeepsTheOriginalAndLeavesTheSecondTargetUntouched" methodname="ConflictingCancellationReuseKeepsTheOriginalAndLeavesTheSecondTargetUntouched" classname="GameCore.Composition.Tests.CancellationIdentityTests" runstate="Runnable" seed="418277867" result="Passed" start-time="2026-09-25 13:14:33Z" end-time="2026-09-25 13:14:33Z" duration="0.001187" asserts="0">
                <properties>
                  <property name="retryIteration" value="0" />
                  <property name="repeatIteration" value="0" />
                </properties>
              </test-case>
              <test-case id="1033" name="ReusingAnEditIdentityAsACancellationIsAConflictThatCancelsNothing" fullname="GameCore.Composition.Tests.CancellationIdentityTests.ReusingAnEditIdentityAsACancellationIsAConflictThatCancelsNothing" methodname="ReusingAnEditIdentityAsACancellationIsAConflictThatCancelsNothing" classname="GameCore.Composition.Tests.CancellationIdentityTests" runstate="Runnable" seed="1708654952" result="Passed" start-time="2026-09-25 13:14:33Z" end-time="2026-09-25 13:14:33Z" duration="0.000917" asserts="0">
                <properties>
                  <property name="retryIteration" value="0" />
                  <property name="repeatIteration" value="0" />
                </properties>
              </test-case>
              <test-case id="1040" name="TheConformanceProbeForCancellationIdentityNowResolvesCorrectly" fullname="GameCore.Composition.Tests.CancellationIdentityTests.TheConformanceProbeForCancellationIdentityNowResolvesCorrectly" methodname="TheConformanceProbeForCancellationIdentityNowResolvesCorrectly" classname="GameCore.Composition.Tests.CancellationIdentityTests" runstate="Runnable" seed="1741694542" result="Passed" start-time="2026-09-25 13:14:33Z" end-time="2026-09-25 13:14:33Z" duration="0.001077" asserts="0">
                <properties>
                  <property name="retryIteration" value="0" />
                  <property name="repeatIteration" value="0" />
                </properties>
              </test-case>
              <test-case id="1034" name="UnadmittedCancellationRequestIsRejectedAndChangesNothing" fullname="GameCore.Composition.Tests.CancellationIdentityTests.UnadmittedCancellationRequestIsRejectedAndChangesNothing" methodname="UnadmittedCancellationRequestIsRejectedAndChangesNothing" classname="GameCore.Composition.Tests.CancellationIdentityTests" runstate="Runnable" seed="1511429704" result="Passed" start-time="2026-09-25 13:14:33Z" end-time="2026-09-25 13:14:33Z" duration="0.001249" asserts="0">
                <properties>
                  <property name="retryIteration" value="0" />
                  <property name="repeatIteration" value="0" />
                </properties>
              </test-case>
            </test-suite>
            <test-suite type="TestFixture" id="1140" name="ConfigurationTests" fullname="GameCore.Composition.Tests.ConfigurationTests" classname="GameCore.Composition.Tests.ConfigurationTests" runstate="Runnable" testcasecount="8" result="Passed" start-time="2026-09-25 13:14:33Z" end-time="2026-09-25 13:14:33Z" duration="0.018401" total="8" passed="8" failed="0" inconclusive="0" skipped="0" asserts="0">
              <properties />
              <test-case id="1143" name="ComposedDocumentHasAStableCanonicalHashAndRoundTrips" fullname="GameCore.Composition.Tests.ConfigurationTests.ComposedDocumentHasAStableCanonicalHashAndRoundTrips" methodname="ComposedDocumentHasAStableCanonicalHashAndRoundTrips" classname="GameCore.Composition.Tests.ConfigurationTests" runstate="Runnable" seed="2000076504" result="Passed" start-time="2026-09-25 13:14:33Z" end-time="2026-09-25 13:14:33Z" duration="0.002512" asserts="0">
                <properties>
                  <property name="retryIteration" value="0" />
                  <property name="repeatIteration" value="0" />
                </properties>
              </test-case>
              <test-case id="1144" name="ConfigDocumentRejectsDuplicateFieldKeys" fullname="GameCore.Composition.Tests.ConfigurationTests.ConfigDocumentRejectsDuplicateFieldKeys" methodname="ConfigDocumentRejectsDuplicateFieldKeys" classname="GameCore.Composition.Tests.ConfigurationTests" runstate="Runnable" seed="1700597252" result="Passed" start-time="2026-09-25 13:14:33Z" end-time="2026-09-25 13:14:33Z" duration="0.001241" asserts="0">
                <properties>
                  <property name="retryIteration" value="0" />
                  <property name="repeatIteration" value="0" />
                </properties>
              </test-case>
              <test-case id="1147" name="DeclaredConfigurationHashMustDescribeTheComposedDocument" fullname="GameCore.Composition.Tests.ConfigurationTests.DeclaredConfigurationHashMustDescribeTheComposedDocument" methodname="DeclaredConfigurationHashMustDescribeTheComposedDocument" classname="GameCore.Composition.Tests.ConfigurationTests" runstate="Runnable" seed="582499471" result="Passed" start-time="2026-09-25 13:14:33Z" end-time="2026-09-25 13:14:33Z" duration="0.000868" asserts="0">
                <properties>
                  <property name="retryIteration" value="0" />
                  <property name="repeatIteration" value="0" />
                </properties>
              </test-case>
              <test-case id="1142" name="EveryFieldKindRoundTripsThroughTheCanonicalDocument" fullname="GameCore.Composition.Tests.ConfigurationTests.EveryFieldKindRoundTripsThroughTheCanonicalDocument" methodname="EveryFieldKindRoundTripsThroughTheCanonicalDocument" classname="GameCore.Composition.Tests.ConfigurationTests" runstate="Runnable" seed="64001890" result="Passed" start-time="2026-09-25 13:14:33Z" end-time="2026-09-25 13:14:33Z" duration="0.005018" asserts="0">
                <properties>
                  <property name="retryIteration" value="0" />
                  <property name="repeatIteration" value="0" />
                </properties>
              </test-case>
              <test-case id="1141" name="FieldMaskDistinguishesNullFromMissingAndUnionsSets" fullname="GameCore.Composition.Tests.ConfigurationTests.FieldMaskDistinguishesNullFromMissingAndUnionsSets" methodname="FieldMaskDistinguishesNullFromMissingAndUnionsSets" classname="GameCore.Composition.Tests.ConfigurationTests" runstate="Runnable" seed="631909510" result="Passed" start-time="2026-09-25 13:14:33Z" end-time="2026-09-25 13:14:33Z" duration="0.002777" asserts="0">
                <properties>
                  <property name="retryIteration" value="0" />
                  <property name="repeatIteration" value="0" />
                </properties>
              </test-case>
              <test-case id="1145" name="MountStoresTheComposedEffectiveConfiguration" fullname="GameCore.Composition.Tests.ConfigurationTests.MountStoresTheComposedEffectiveConfiguration" methodname="MountStoresTheComposedEffectiveConfiguration" classname="GameCore.Composition.Tests.ConfigurationTests" runstate="Runnable" seed="1934700611" result="Passed" start-time="2026-09-25 13:14:33Z" end-time="2026-09-25 13:14:33Z" duration="0.001390" asserts="0">
                <properties>
                  <property name="retryIteration" value="0" />
                  <property name="repeatIteration" value="0" />
                </properties>
              </test-case>
              <test-case id="1148" name="ReconfigurePreservesStateAndIncrementsOnlyTheActivationEpoch" fullname="GameCore.Composition.Tests.ConfigurationTests.ReconfigurePreservesStateAndIncrementsOnlyTheActivationEpoch" methodname="ReconfigurePreservesStateAndIncrementsOnlyTheActivationEpoch" classname="GameCore.Composition.Tests.ConfigurationTests" runstate="Runnable" seed="232849490" result="Passed" start-time="2026-09-25 13:14:33Z" end-time="2026-09-25 13:14:33Z" duration="0.002031" asserts="0">
                <properties>
                  <property name="retryIteration" value="0" />
                  <property name="repeatIteration" value="0" />
                </properties>
              </test-case>
              <test-case id="1146" name="UndeclaredConfigurationFieldIsRejected" fullname="GameCore.Composition.Tests.ConfigurationTests.UndeclaredConfigurationFieldIsRejected" methodname="UndeclaredConfigurationFieldIsRejected" classname="GameCore.Composition.Tests.ConfigurationTests" runstate="Runnable" seed="1441240337" result="Passed" start-time="2026-09-25 13:14:33Z" end-time="2026-09-25 13:14:33Z" duration="0.000561" asserts="0">
                <properties>
                  <property name="retryIteration" value="0" />
                  <property name="repeatIteration" value="0" />
                </properties>
              </test-case>
            </test-suite>
            <test-suite type="TestFixture" id="1043" name="ControlLaneTests" fullname="GameCore.Composition.Tests.ControlLaneTests" classname="GameCore.Composition.Tests.ControlLaneTests" runstate="Runnable" testcasecount="20" result="Passed" start-time="2026-09-25 13:14:33Z" end-time="2026-09-25 13:14:33Z" duration="0.035322" total="20" passed="20" failed="0" inconclusive="0" skipped="0" asserts="0">
              <properties />
              <test-case id="1055" name="CancelBeforeTheCutoffIsCancelledAndImmediatelyAfterIsTooLate" fullname="GameCore.Composition.Tests.ControlLaneTests.CancelBeforeTheCutoffIsCancelledAndImmediatelyAfterIsTooLate" methodname="CancelBeforeTheCutoffIsCancelledAndImmediatelyAfterIsTooLate" classname="GameCore.Composition.Tests.ControlLaneTests" runstate="Runnable" seed="2121934995" result="Passed" start-time="2026-09-25 13:14:33Z" end-time="2026-09-25 13:14:33Z" duration="0.001452" asserts="0">
                <properties>
                  <property name="retryIteration" value="0" />
                  <property name="repeatIteration" value="0" />
                </properties>
              </test-case>
              <test-case id="1057" name="CancellingAnExpiredOperationReportsExpiry" fullname="GameCore.Composition.Tests.ControlLaneTests.CancellingAnExpiredOperationReportsExpiry" methodname="CancellingAnExpiredOperationReportsExpiry" classname="GameCore.Composition.Tests.ControlLaneTests" runstate="Runnable" seed="1992916888" result="Passed" start-time="2026-09-25 13:14:33Z" end-time="2026-09-25 13:14:33Z" duration="0.000945" asserts="0">
                <properties>
                  <property name="retryIteration" value="0" />
                  <property name="repeatIteration" value="0" />
                </properties>
              </test-case>
              <test-case id="1056" name="CancellingARequiredStepRejectsTheDependentProposal" fullname="GameCore.Composition.Tests.ControlLaneTests.CancellingARequiredStepRejectsTheDependentProposal" methodname="CancellingARequiredStepRejectsTheDependentProposal" classname="GameCore.Composition.Tests.ControlLaneTests" runstate="Runnable" seed="2143152582" result="Passed" start-time="2026-09-25 13:14:33Z" end-time="2026-09-25 13:14:33Z" duration="0.000996" asserts="0">
                <properties>
                  <property name="retryIteration" value="0" />
                  <property name="repeatIteration" value="0" />
                </properties>
              </test-case>
              <test-case id="1046" name="ConflictingReuseIsRejectedAndKeepsTheOriginalResult" fullname="GameCore.Composition.Tests.ControlLaneTests.ConflictingReuseIsRejectedAndKeepsTheOriginalResult" methodname="ConflictingReuseIsRejectedAndKeepsTheOriginalResult" classname="GameCore.Composition.Tests.ControlLaneTests" runstate="Runnable" seed="650833150" result="Passed" start-time="2026-09-25 13:14:33Z" end-time="2026-09-25 13:14:33Z" duration="0.000887" asserts="0">
                <properties>
                  <property name="retryIteration" value="0" />
                  <property name="repeatIteration" value="0" />
                </properties>
              </test-case>
              <test-case id="1053" name="LaneCapacityRefusesFurtherAdmission" fullname="GameCore.Composition.Tests.ControlLaneTests.LaneCapacityRefusesFurtherAdmission" methodname="LaneCapacityRefusesFurtherAdmission" classname="GameCore.Composition.Tests.ControlLaneTests" runstate="Runnable" seed="1471626730" result="Passed" start-time="2026-09-25 13:14:33Z" end-time="2026-09-25 13:14:33Z" duration="0.001952" asserts="0">
                <properties>
                  <property name="retryIteration" value="0" />
                  <property name="repeatIteration" value="0" />
                </properties>
              </test-case>
              <test-case id="1050" name="ModeSwitchPublishesOneSettingAndKeepsAutomaticAsTheDefault" fullname="GameCore.Composition.Tests.ControlLaneTests.ModeSwitchPublishesOneSettingAndKeepsAutomaticAsTheDefault" methodname="ModeSwitchPublishesOneSettingAndKeepsAutomaticAsTheDefault" classname="GameCore.Composition.Tests.ControlLaneTests" runstate="Runnable" seed="1481871318" result="Passed" start-time="2026-09-25 13:14:33Z" end-time="2026-09-25 13:14:33Z" duration="0.001118" asserts="0">
                <properties>
                  <property name="retryIteration" value="0" />
                  <property name="repeatIteration" value="0" />
                </properties>
              </test-case>
              <test-case id="1049" name="NoChangeIncrementsNothing" fullname="GameCore.Composition.Tests.ControlLaneTests.NoChangeIncrementsNothing" methodname="NoChangeIncrementsNothing" classname="GameCore.Composition.Tests.ControlLaneTests" runstate="Runnable" seed="381410663" result="Passed" start-time="2026-09-25 13:14:33Z" end-time="2026-09-25 13:14:33Z" duration="0.000534" asserts="0">
                <properties>
                  <property name="retryIteration" value="0" />
                  <property name="repeatIteration" value="0" />
                </properties>
              </test-case>
              <test-case id="1061" name="PayloadEncodingRoundTripsEveryField" fullname="GameCore.Composition.Tests.ControlLaneTests.PayloadEncodingRoundTripsEveryField" methodname="PayloadEncodingRoundTripsEveryField" classname="GameCore.Composition.Tests.ControlLaneTests" runstate="Runnable" seed="1013660816" result="Passed" start-time="2026-09-25 13:14:33Z" end-time="2026-09-25 13:14:33Z" duration="0.011469" asserts="0">
                <properties>
                  <property name="retryIteration" value="0" />
                  <property name="repeatIteration" value="0" />
                </properties>
              </test-case>
              <test-case id="1063" name="PlanHashIsCanonicalForTheSameDeclarationAndBaseRevision" fullname="GameCore.Composition.Tests.ControlLaneTests.PlanHashIsCanonicalForTheSameDeclarationAndBaseRevision" methodname="PlanHashIsCanonicalForTheSameDeclarationAndBaseRevision" classname="GameCore.Composition.Tests.ControlLaneTests" runstate="Runnable" seed="1073002744" result="Passed" start-time="2026-09-25 13:14:33Z" end-time="2026-09-25 13:14:33Z" duration="0.001100" asserts="0">
                <properties>
                  <property name="retryIteration" value="0" />
                  <property name="repeatIteration" value="0" />
                </properties>
              </test-case>
              <test-case id="1044" name="PublicationMovesRevisionAndEpochButNeverTheLogicalStep" fullname="GameCore.Composition.Tests.ControlLaneTests.PublicationMovesRevisionAndEpochButNeverTheLogicalStep" methodname="PublicationMovesRevisionAndEpochButNeverTheLogicalStep" classname="GameCore.Composition.Tests.ControlLaneTests" runstate="Runnable" seed="891834960" result="Passed" start-time="2026-09-25 13:14:33Z" end-time="2026-09-25 13:14:33Z" duration="0.000846" asserts="0">
                <properties>
                  <property name="retryIteration" value="0" />
                  <property name="repeatIteration" value="0" />
                </properties>
              </test-case>
              <test-case id="1062" name="RemountingAStableInstanceIdentityAdvancesItsInstallationGeneration" fullname="GameCore.Composition.Tests.ControlLaneTests.RemountingAStableInstanceIdentityAdvancesItsInstallationGeneration" methodname="RemountingAStableInstanceIdentityAdvancesItsInstallationGeneration" classname="GameCore.Composition.Tests.ControlLaneTests" runstate="Runnable" seed="230614188" result="Passed" start-time="2026-09-25 13:14:33Z" end-time="2026-09-25 13:14:33Z" duration="0.001441" asserts="0">
                <properties>
                  <property name="retryIteration" value="0" />
                  <property name="repeatIteration" value="0" />
                </properties>
              </test-case>
              <test-case id="1054" name="ReorderedIssuerSequenceIsRefused" fullname="GameCore.Composition.Tests.ControlLaneTests.ReorderedIssuerSequenceIsRefused" methodname="ReorderedIssuerSequenceIsRefused" classname="GameCore.Composition.Tests.ControlLaneTests" runstate="Runnable" seed="625298921" result="Passed" start-time="2026-09-25 13:14:33Z" end-time="2026-09-25 13:14:33Z" duration="0.000933" asserts="0">
                <properties>
                  <property name="retryIteration" value="0" />
                  <property name="repeatIteration" value="0" />
                </properties>
              </test-case>
              <test-case id="1052" name="ResultsAlsoExpireByLogicalStepWindow" fullname="GameCore.Composition.Tests.ControlLaneTests.ResultsAlsoExpireByLogicalStepWindow" methodname="ResultsAlsoExpireByLogicalStepWindow" classname="GameCore.Composition.Tests.ControlLaneTests" runstate="Runnable" seed="1557562205" result="Passed" start-time="2026-09-25 13:14:33Z" end-time="2026-09-25 13:14:33Z" duration="0.000557" asserts="0">
                <properties>
                  <property name="retryIteration" value="0" />
                  <property name="repeatIteration" value="0" />
                </properties>
              </test-case>
              <test-case id="1051" name="ResultsExpireByCountAndAnExpiredOperationCannotReexecute" fullname="GameCore.Composition.Tests.ControlLaneTests.ResultsExpireByCountAndAnExpiredOperationCannotReexecute" methodname="ResultsExpireByCountAndAnExpiredOperationCannotReexecute" classname="GameCore.Composition.Tests.ControlLaneTests" runstate="Runnable" seed="236884693" result="Passed" start-time="2026-09-25 13:14:33Z" end-time="2026-09-25 13:14:33Z" duration="0.001745" asserts="0">
                <properties>
                  <property name="retryIteration" value="0" />
                  <property name="repeatIteration" value="0" />
                </properties>
              </test-case>
              <test-case id="1045" name="SameOperationIdAndSameInputCoalesceToOnePublication" fullname="GameCore.Composition.Tests.ControlLaneTests.SameOperationIdAndSameInputCoalesceToOnePublication" methodname="SameOperationIdAndSameInputCoalesceToOnePublication" classname="GameCore.Composition.Tests.ControlLaneTests" runstate="Runnable" seed="107504789" result="Passed" start-time="2026-09-25 13:14:33Z" end-time="2026-09-25 13:14:33Z" duration="0.000898" asserts="0">
                <properties>
                  <property name="retryIteration" value="0" />
                  <property name="repeatIteration" value="0" />
                </properties>
              </test-case>
              <test-case id="1060" name="SeamSubmissionRequiresTheDeclaredKindToMatchTheSubject" fullname="GameCore.Composition.Tests.ControlLaneTests.SeamSubmissionRequiresTheDeclaredKindToMatchTheSubject" methodname="SeamSubmissionRequiresTheDeclaredKindToMatchTheSubject" classname="GameCore.Composition.Tests.ControlLaneTests" runstate="Runnable" seed="1560849279" result="Passed" start-time="2026-09-25 13:14:33Z" end-time="2026-09-25 13:14:33Z" duration="0.001078" asserts="0">
                <properties>
                  <property name="retryIteration" value="0" />
                  <property name="repeatIteration" value="0" />
                </properties>
              </test-case>
              <test-case id="1058" name="SeveralAdmittedProposalsPublishInAdmissionOrder" fullname="GameCore.Composition.Tests.ControlLaneTests.SeveralAdmittedProposalsPublishInAdmissionOrder" methodname="SeveralAdmittedProposalsPublishInAdmissionOrder" classname="GameCore.Composition.Tests.ControlLaneTests" runstate="Runnable" seed="830581112" result="Passed" start-time="2026-09-25 13:14:33Z" end-time="2026-09-25 13:14:33Z" duration="0.000973" asserts="0">
                <properties>
                  <property name="retryIteration" value="0" />
                  <property name="repeatIteration" value="0" />
                </properties>
              </test-case>
              <test-case id="1048" name="StagedProposalIsInspectableWhileTheCommittedRevisionIsUnchanged" fullname="GameCore.Composition.Tests.ControlLaneTests.StagedProposalIsInspectableWhileTheCommittedRevisionIsUnchanged" methodname="StagedProposalIsInspectableWhileTheCommittedRevisionIsUnchanged" classname="GameCore.Composition.Tests.ControlLaneTests" runstate="Runnable" seed="569831453" result="Passed" start-time="2026-09-25 13:14:33Z" end-time="2026-09-25 13:14:33Z" duration="0.000874" asserts="0">
                <properties>
                  <property name="retryIteration" value="0" />
                  <property name="repeatIteration" value="0" />
                </properties>
              </test-case>
              <test-case id="1047" name="StaleExpectedRevisionIsRejectedWithoutPublishing" fullname="GameCore.Composition.Tests.ControlLaneTests.StaleExpectedRevisionIsRejectedWithoutPublishing" methodname="StaleExpectedRevisionIsRejectedWithoutPublishing" classname="GameCore.Composition.Tests.ControlLaneTests" runstate="Runnable" seed="1419677234" result="Passed" start-time="2026-09-25 13:14:33Z" end-time="2026-09-25 13:14:33Z" duration="0.000676" asserts="0">
                <properties>
                  <property name="retryIteration" value="0" />
                  <property name="repeatIteration" value="0" />
                </properties>
              </test-case>
              <test-case id="1059" name="UndecodableProposalIsRejectedThroughTheFrozenSeam" fullname="GameCore.Composition.Tests.ControlLaneTests.UndecodableProposalIsRejectedThroughTheFrozenSeam" methodname="UndecodableProposalIsRejectedThroughTheFrozenSeam" classname="GameCore.Composition.Tests.ControlLaneTests" runstate="Runnable" seed="501255423" result="Passed" start-time="2026-09-25 13:14:33Z" end-time="2026-09-25 13:14:33Z" duration="0.000396" asserts="0">
                <properties>
                  <property name="retryIteration" value="0" />
                  <property name="repeatIteration" value="0" />
                </properties>
              </test-case>
            </test-suite>
            <test-suite type="TestFixture" id="1064" name="DeclaredScopeTreeTests" fullname="GameCore.Composition.Tests.DeclaredScopeTreeTests" classname="GameCore.Composition.Tests.DeclaredScopeTreeTests" runstate="Runnable" testcasecount="6" result="Passed" start-time="2026-09-25 13:14:33Z" end-time="2026-09-25 13:14:33Z" duration="0.007729" total="6" passed="6" failed="0" inconclusive="0" skipped="0" asserts="0">
              <properties />
              <test-case id="1070" name="ADeclaredTreeIsNotTheSameAsASeedWithoutOne" fullname="GameCore.Composition.Tests.DeclaredScopeTreeTests.ADeclaredTreeIsNotTheSameAsASeedWithoutOne" methodname="ADeclaredTreeIsNotTheSameAsASeedWithoutOne" classname="GameCore.Composition.Tests.DeclaredScopeTreeTests" runstate="Runnable" seed="1284738475" result="Passed" start-time="2026-09-25 13:14:33Z" end-time="2026-09-25 13:14:33Z" duration="0.000695" asserts="0">
                <properties>
                  <property name="retryIteration" value="0" />
                  <property name="repeatIteration" value="0" />
                </properties>
              </test-case>
              <test-case id="1065" name="ADeclaredTreeOpensTheCommittedCompositionWithEveryDeclaredScope" fullname="GameCore.Composition.Tests.DeclaredScopeTreeTests.ADeclaredTreeOpensTheCommittedCompositionWithEveryDeclaredScope" methodname="ADeclaredTreeOpensTheCommittedCompositionWithEveryDeclaredScope" classname="GameCore.Composition.Tests.DeclaredScopeTreeTests" runstate="Runnable" seed="1237688710" result="Passed" start-time="2026-09-25 13:14:33Z" end-time="2026-09-25 13:14:33Z" duration="0.001940" asserts="0">
                <properties>
                  <property name="retryIteration" value="0" />
                  <property name="repeatIteration" value="0" />
                </properties>
              </test-case>
              <test-case id="1069" name="ADeclaredTreesRegistrationOrderDoesNotMatter" fullname="GameCore.Composition.Tests.DeclaredScopeTreeTests.ADeclaredTreesRegistrationOrderDoesNotMatter" methodname="ADeclaredTreesRegistrationOrderDoesNotMatter" classname="GameCore.Composition.Tests.DeclaredScopeTreeTests" runstate="Runnable" seed="599926629" result="Passed" start-time="2026-09-25 13:14:33Z" end-time="2026-09-25 13:14:33Z" duration="0.000806" asserts="0">
                <properties>
                  <property name="retryIteration" value="0" />
                  <property name="repeatIteration" value="0" />
                </properties>
              </test-case>
              <test-case id="1068" name="AMalformedDeclaredTreeIsRefusedBeforeTheLaneIsExposed" fullname="GameCore.Composition.Tests.DeclaredScopeTreeTests.AMalformedDeclaredTreeIsRefusedBeforeTheLaneIsExposed" methodname="AMalformedDeclaredTreeIsRefusedBeforeTheLaneIsExposed" classname="GameCore.Composition.Tests.DeclaredScopeTreeTests" runstate="Runnable" seed="2061208783" result="Passed" start-time="2026-09-25 13:14:33Z" end-time="2026-09-25 13:14:33Z" duration="0.000963" asserts="0">
                <properties>
                  <property name="retryIteration" value="0" />
                  <property name="repeatIteration" value="0" />
                </properties>
              </test-case>
              <test-case id="1066" name="ASeedWithoutADeclaredTreeStillOpensARootOnlyWorld" fullname="GameCore.Composition.Tests.DeclaredScopeTreeTests.ASeedWithoutADeclaredTreeStillOpensARootOnlyWorld" methodname="ASeedWithoutADeclaredTreeStillOpensARootOnlyWorld" classname="GameCore.Composition.Tests.DeclaredScopeTreeTests" runstate="Runnable" seed="1449246288" result="Passed" start-time="2026-09-25 13:14:33Z" end-time="2026-09-25 13:14:33Z" duration="0.000876" asserts="0">
                <properties>
                  <property name="retryIteration" value="0" />
                  <property name="repeatIteration" value="0" />
                </properties>
              </test-case>
              <test-case id="1067" name="WithScopesKeepsTheSeedsPublicationAndConsistency" fullname="GameCore.Composition.Tests.DeclaredScopeTreeTests.WithScopesKeepsTheSeedsPublicationAndConsistency" methodname="WithScopesKeepsTheSeedsPublicationAndConsistency" classname="GameCore.Composition.Tests.DeclaredScopeTreeTests" runstate="Runnable" seed="1305005955" result="Passed" start-time="2026-09-25 13:14:33Z" end-time="2026-09-25 13:14:33Z" duration="0.000770" asserts="0">
                <properties>
                  <property name="retryIteration" value="0" />
                  <property name="repeatIteration" value="0" />
                </properties>
              </test-case>
            </test-suite>
            <test-suite type="TestFixture" id="1071" name="DiagnosticContractTests" fullname="GameCore.Composition.Tests.DiagnosticContractTests" classname="GameCore.Composition.Tests.DiagnosticContractTests" runstate="Runnable" testcasecount="4" result="Passed" start-time="2026-09-25 13:14:33Z" end-time="2026-09-25 13:14:33Z" duration="0.010992" total="4" passed="4" failed="0" inconclusive="0" skipped="0" asserts="0">
              <properties />
              <test-case id="1073" name="AMissingRequiredProviderDiagnosticNamesTheContractAndZeroProviders" fullname="GameCore.Composition.Tests.DiagnosticContractTests.AMissingRequiredProviderDiagnosticNamesTheContractAndZeroProviders" methodname="AMissingRequiredProviderDiagnosticNamesTheContractAndZeroProviders" classname="GameCore.Composition.Tests.DiagnosticContractTests" runstate="Runnable" seed="774159172" result="Passed" start-time="2026-09-25 13:14:33Z" end-time="2026-09-25 13:14:33Z" duration="0.001367" asserts="0">
                <properties>
                  <property name="retryIteration" value="0" />
                  <property name="repeatIteration" value="0" />
                </properties>
              </test-case>
              <test-case id="1072" name="AServiceConflictDiagnosticNamesTheOperationPhaseInvolvedProvidersAndRetry" fullname="GameCore.Composition.Tests.DiagnosticContractTests.AServiceConflictDiagnosticNamesTheOperationPhaseInvolvedProvidersAndRetry" methodname="AServiceConflictDiagnosticNamesTheOperationPhaseInvolvedProvidersAndRetry" classname="GameCore.Composition.Tests.DiagnosticContractTests" runstate="Runnable" seed="1691575814" result="Passed" start-time="2026-09-25 13:14:33Z" end-time="2026-09-25 13:14:33Z" duration="0.002764" asserts="0">
                <properties>
                  <property name="retryIteration" value="0" />
                  <property name="repeatIteration" value="0" />
                </properties>
              </test-case>
              <test-case id="1074" name="AValidationRejectionDiagnosticCarriesTheOperationAndAClassification" fullname="GameCore.Composition.Tests.DiagnosticContractTests.AValidationRejectionDiagnosticCarriesTheOperationAndAClassification" methodname="AValidationRejectionDiagnosticCarriesTheOperationAndAClassification" classname="GameCore.Composition.Tests.DiagnosticContractTests" runstate="Runnable" seed="183851235" result="Passed" start-time="2026-09-25 13:14:33Z" end-time="2026-09-25 13:14:33Z" duration="0.000606" asserts="0">
                <properties>
                  <property name="retryIteration" value="0" />
                  <property name="repeatIteration" value="0" />
                </properties>
              </test-case>
              <test-case id="1075" name="EveryReachableRefusalCarriesItsCodePhaseOperationAndClassification" fullname="GameCore.Composition.Tests.DiagnosticContractTests.EveryReachableRefusalCarriesItsCodePhaseOperationAndClassification" methodname="EveryReachableRefusalCarriesItsCodePhaseOperationAndClassification" classname="GameCore.Composition.Tests.DiagnosticContractTests" runstate="Runnable" seed="803028453" result="Passed" start-time="2026-09-25 13:14:33Z" end-time="2026-09-25 13:14:33Z" duration="0.004995" asserts="0">
                <properties>
                  <property name="retryIteration" value="0" />
                  <property name="repeatIteration" value="0" />
                </properties>
              </test-case>
            </test-suite>
            <test-suite type="TestFixture" id="1076" name="InstallationLifecycleTests" fullname="GameCore.Composition.Tests.InstallationLifecycleTests" classname="GameCore.Composition.Tests.InstallationLifecycleTests" runstate="Runnable" testcasecount="5" result="Passed" start-time="2026-09-25 13:14:33Z" end-time="2026-09-25 13:14:33Z" duration="0.006777" total="5" passed="5" failed="0" inconclusive="0" skipped="0" asserts="0">
              <properties />
              <test-case id="1077" name="EveryStatePairMatchesTheLifecycleDiagramExactly" fullname="GameCore.Composition.Tests.InstallationLifecycleTests.EveryStatePairMatchesTheLifecycleDiagramExactly" methodname="EveryStatePairMatchesTheLifecycleDiagramExactly" classname="GameCore.Composition.Tests.InstallationLifecycleTests" runstate="Runnable" seed="1268250407" result="Passed" start-time="2026-09-25 13:14:33Z" end-time="2026-09-25 13:14:33Z" duration="0.000897" asserts="0">
                <properties>
                  <property name="retryIteration" value="0" />
                  <property name="repeatIteration" value="0" />
                </properties>
              </test-case>
              <test-case id="1080" name="HostRefusesAnIllegalLifecycleRequestAndKeepsTheInstallation" fullname="GameCore.Composition.Tests.InstallationLifecycleTests.HostRefusesAnIllegalLifecycleRequestAndKeepsTheInstallation" methodname="HostRefusesAnIllegalLifecycleRequestAndKeepsTheInstallation" classname="GameCore.Composition.Tests.InstallationLifecycleTests" runstate="Runnable" seed="340078595" result="Passed" start-time="2026-09-25 13:14:33Z" end-time="2026-09-25 13:14:33Z" duration="0.001895" asserts="0">
                <properties>
                  <property name="retryIteration" value="0" />
                  <property name="repeatIteration" value="0" />
                </properties>
              </test-case>
              <test-case id="1078" name="NoStateIsItsOwnSuccessorAndDisposedIsTerminal" fullname="GameCore.Composition.Tests.InstallationLifecycleTests.NoStateIsItsOwnSuccessorAndDisposedIsTerminal" methodname="NoStateIsItsOwnSuccessorAndDisposedIsTerminal" classname="GameCore.Composition.Tests.InstallationLifecycleTests" runstate="Runnable" seed="1876484598" result="Passed" start-time="2026-09-25 13:14:33Z" end-time="2026-09-25 13:14:33Z" duration="0.000584" asserts="0">
                <properties>
                  <property name="retryIteration" value="0" />
                  <property name="repeatIteration" value="0" />
                </properties>
              </test-case>
              <test-case id="1079" name="RefusalIsAValueAndContributionAuthorityFollowsTheState" fullname="GameCore.Composition.Tests.InstallationLifecycleTests.RefusalIsAValueAndContributionAuthorityFollowsTheState" methodname="RefusalIsAValueAndContributionAuthorityFollowsTheState" classname="GameCore.Composition.Tests.InstallationLifecycleTests" runstate="Runnable" seed="2032671661" result="Passed" start-time="2026-09-25 13:14:33Z" end-time="2026-09-25 13:14:33Z" duration="0.000389" asserts="0">
                <properties>
                  <property name="retryIteration" value="0" />
                  <property name="repeatIteration" value="0" />
                </properties>
              </test-case>
              <test-case id="1081" name="UnmountOfANeverActivatedInstallationIsAllowedAndRetiresIt" fullname="GameCore.Composition.Tests.InstallationLifecycleTests.UnmountOfANeverActivatedInstallationIsAllowedAndRetiresIt" methodname="UnmountOfANeverActivatedInstallationIsAllowedAndRetiresIt" classname="GameCore.Composition.Tests.InstallationLifecycleTests" runstate="Runnable" seed="934255577" result="Passed" start-time="2026-09-25 13:14:33Z" end-time="2026-09-25 13:14:33Z" duration="0.001469" asserts="0">
                <properties>
                  <property name="retryIteration" value="0" />
                  <property name="repeatIteration" value="0" />
                </properties>
              </test-case>
            </test-suite>
            <test-suite type="TestFixture" id="1082" name="LaneSeedTests" fullname="GameCore.Composition.Tests.LaneSeedTests" classname="GameCore.Composition.Tests.LaneSeedTests" runstate="Runnable" testcasecount="6" result="Passed" start-time="2026-09-25 13:14:33Z" end-time="2026-09-25 13:14:33Z" duration="0.009278" total="6" passed="6" failed="0" inconclusive="0" skipped="0" asserts="0">
              <properties />
              <test-case id="1087" name="AnInconsistentSeedIsRefused" fullname="GameCore.Composition.Tests.LaneSeedTests.AnInconsistentSeedIsRefused" methodname="AnInconsistentSeedIsRefused" classname="GameCore.Composition.Tests.LaneSeedTests" runstate="Runnable" seed="740755269" result="Passed" start-time="2026-09-25 13:14:33Z" end-time="2026-09-25 13:14:33Z" duration="0.002230" asserts="0">
                <properties>
                  <property name="retryIteration" value="0" />
                  <property name="repeatIteration" value="0" />
                </properties>
              </test-case>
              <test-case id="1083" name="ASeedJoinsTheLaneToTheWorldsPublishedAssembly" fullname="GameCore.Composition.Tests.LaneSeedTests.ASeedJoinsTheLaneToTheWorldsPublishedAssembly" methodname="ASeedJoinsTheLaneToTheWorldsPublishedAssembly" classname="GameCore.Composition.Tests.LaneSeedTests" runstate="Runnable" seed="2090442329" result="Passed" start-time="2026-09-25 13:14:33Z" end-time="2026-09-25 13:14:33Z" duration="0.000510" asserts="0">
                <properties>
                  <property name="retryIteration" value="0" />
                  <property name="repeatIteration" value="0" />
                </properties>
              </test-case>
              <test-case id="1084" name="AStandaloneLaneKeepsThePrePublicationCounters" fullname="GameCore.Composition.Tests.LaneSeedTests.AStandaloneLaneKeepsThePrePublicationCounters" methodname="AStandaloneLaneKeepsThePrePublicationCounters" classname="GameCore.Composition.Tests.LaneSeedTests" runstate="Runnable" seed="1289469447" result="Passed" start-time="2026-09-25 13:14:33Z" end-time="2026-09-25 13:14:33Z" duration="0.000340" asserts="0">
                <properties>
                  <property name="retryIteration" value="0" />
                  <property name="repeatIteration" value="0" />
                </properties>
              </test-case>
              <test-case id="1086" name="AStandaloneLaneStillPublishesFromZero" fullname="GameCore.Composition.Tests.LaneSeedTests.AStandaloneLaneStillPublishesFromZero" methodname="AStandaloneLaneStillPublishesFromZero" classname="GameCore.Composition.Tests.LaneSeedTests" runstate="Runnable" seed="1585278245" result="Passed" start-time="2026-09-25 13:14:33Z" end-time="2026-09-25 13:14:33Z" duration="0.001389" asserts="0">
                <properties>
                  <property name="retryIteration" value="0" />
                  <property name="repeatIteration" value="0" />
                </properties>
              </test-case>
              <test-case id="1085" name="EveryPublicationMovesRevisionAndEpochTogether" fullname="GameCore.Composition.Tests.LaneSeedTests.EveryPublicationMovesRevisionAndEpochTogether" methodname="EveryPublicationMovesRevisionAndEpochTogether" classname="GameCore.Composition.Tests.LaneSeedTests" runstate="Runnable" seed="1356493722" result="Passed" start-time="2026-09-25 13:14:33Z" end-time="2026-09-25 13:14:33Z" duration="0.002481" asserts="0">
                <properties>
                  <property name="retryIteration" value="0" />
                  <property name="repeatIteration" value="0" />
                </properties>
              </test-case>
              <test-case id="1088" name="TheSeedIsVisibleOnTheHostAndItsCommittedSnapshot" fullname="GameCore.Composition.Tests.LaneSeedTests.TheSeedIsVisibleOnTheHostAndItsCommittedSnapshot" methodname="TheSeedIsVisibleOnTheHostAndItsCommittedSnapshot" classname="GameCore.Composition.Tests.LaneSeedTests" runstate="Runnable" seed="1432584158" result="Passed" start-time="2026-09-25 13:14:33Z" end-time="2026-09-25 13:14:33Z" duration="0.000718" asserts="0">
                <properties>
                  <property name="retryIteration" value="0" />
                  <property name="repeatIteration" value="0" />
                </properties>
              </test-case>
            </test-suite>
            <test-suite type="TestFixture" id="1120" name="ResourceGateTests" fullname="GameCore.Composition.Tests.ResourceGateTests" classname="GameCore.Composition.Tests.ResourceGateTests" runstate="Runnable" testcasecount="7" result="Passed" start-time="2026-09-25 13:14:33Z" end-time="2026-09-25 13:14:33Z" duration="0.014153" total="7" passed="7" failed="0" inconclusive="0" skipped="0" asserts="0">
              <properties />
              <test-case id="1122" name="CancellingAStagedOperationReleasesItsGatedLeases" fullname="GameCore.Composition.Tests.ResourceGateTests.CancellingAStagedOperationReleasesItsGatedLeases" methodname="CancellingAStagedOperationReleasesItsGatedLeases" classname="GameCore.Composition.Tests.ResourceGateTests" runstate="Runnable" seed="1666445593" result="Passed" start-time="2026-09-25 13:14:33Z" end-time="2026-09-25 13:14:33Z" duration="0.001933" asserts="0">
                <properties>
                  <property name="retryIteration" value="0" />
                  <property name="repeatIteration" value="0" />
                </properties>
              </test-case>
              <test-case id="1123" name="FailedPreparationReleasesEarlierStagedAcquisitions" fullname="GameCore.Composition.Tests.ResourceGateTests.FailedPreparationReleasesEarlierStagedAcquisitions" methodname="FailedPreparationReleasesEarlierStagedAcquisitions" classname="GameCore.Composition.Tests.ResourceGateTests" runstate="Runnable" seed="1315896818" result="Passed" start-time="2026-09-25 13:14:33Z" end-time="2026-09-25 13:14:33Z" duration="0.001000" asserts="0">
                <properties>
                  <property name="retryIteration" value="0" />
                  <property name="repeatIteration" value="0" />
                </properties>
              </test-case>
              <test-case id="1125" name="FailedReleaseQuarantinesTheResourceInsteadOfReportingADisposal" fullname="GameCore.Composition.Tests.ResourceGateTests.FailedReleaseQuarantinesTheResourceInsteadOfReportingADisposal" methodname="FailedReleaseQuarantinesTheResourceInsteadOfReportingADisposal" classname="GameCore.Composition.Tests.ResourceGateTests" runstate="Runnable" seed="922870293" result="Passed" start-time="2026-09-25 13:14:33Z" end-time="2026-09-25 13:14:33Z" duration="0.001172" asserts="0">
                <properties>
                  <property name="retryIteration" value="0" />
                  <property name="repeatIteration" value="0" />
                </properties>
              </test-case>
              <test-case id="1121" name="PreparedLeaseStaysInertUntilPublication" fullname="GameCore.Composition.Tests.ResourceGateTests.PreparedLeaseStaysInertUntilPublication" methodname="PreparedLeaseStaysInertUntilPublication" classname="GameCore.Composition.Tests.ResourceGateTests" runstate="Runnable" seed="1256445612" result="Passed" start-time="2026-09-25 13:14:33Z" end-time="2026-09-25 13:14:33Z" duration="0.001576" asserts="0">
                <properties>
                  <property name="retryIteration" value="0" />
                  <property name="repeatIteration" value="0" />
                </properties>
              </test-case>
              <test-case id="1127" name="RetirementRunsConsumersBeforeTheirProviders" fullname="GameCore.Composition.Tests.ResourceGateTests.RetirementRunsConsumersBeforeTheirProviders" methodname="RetirementRunsConsumersBeforeTheirProviders" classname="GameCore.Composition.Tests.ResourceGateTests" runstate="Runnable" seed="251905245" result="Passed" start-time="2026-09-25 13:14:33Z" end-time="2026-09-25 13:14:33Z" duration="0.003615" asserts="0">
                <properties>
                  <property name="retryIteration" value="0" />
                  <property name="repeatIteration" value="0" />
                </properties>
              </test-case>
              <test-case id="1124" name="RetiringAnInstanceDisposesEachLeaseOnceInReverseAcquisitionOrder" fullname="GameCore.Composition.Tests.ResourceGateTests.RetiringAnInstanceDisposesEachLeaseOnceInReverseAcquisitionOrder" methodname="RetiringAnInstanceDisposesEachLeaseOnceInReverseAcquisitionOrder" classname="GameCore.Composition.Tests.ResourceGateTests" runstate="Runnable" seed="2054795453" result="Passed" start-time="2026-09-25 13:14:33Z" end-time="2026-09-25 13:14:33Z" duration="0.001414" asserts="0">
                <properties>
                  <property name="retryIteration" value="0" />
                  <property name="repeatIteration" value="0" />
                </properties>
              </test-case>
[...]
                <properties>
                  <property name="retryIteration" value="0" />
                  <property name="repeatIteration" value="0" />
                </properties>
              </test-case>
              <test-case id="1785" name="TwoOwnedWorldsAreCreatedAndTheSecondStaysIdle" fullname="GameCore.W1Gate.Tests.W1GateIntegrationTests.TwoOwnedWorldsAreCreatedAndTheSecondStaysIdle" methodname="TwoOwnedWorldsAreCreatedAndTheSecondStaysIdle" classname="GameCore.W1Gate.Tests.W1GateIntegrationTests" runstate="Runnable" seed="81913759" result="Passed" start-time="2026-09-25 13:14:38Z" end-time="2026-09-25 13:14:38Z" duration="0.000474" asserts="0">
                <properties>
                  <property name="retryIteration" value="0" />
                  <property name="repeatIteration" value="0" />
                </properties>
              </test-case>
            </test-suite>
          </test-suite>
        </test-suite>
      </test-suite>
    </test-suite>
    <test-suite type="Assembly" id="1806" name="GameCore.W2Gate.Tests.dll" fullname="/home/worlesenric/wkspace/gc-wt/gc-014/unity/GameCore.Validation/Library/ScriptAssemblies/GameCore.W2Gate.Tests.dll" runstate="Runnable" testcasecount="11" result="Passed" start-time="2026-09-25 13:14:38Z" end-time="2026-09-25 13:14:38Z" duration="0.033393" total="11" passed="11" failed="0" inconclusive="0" skipped="0" asserts="0">
      <properties>
        <property name="_PID" value="1071157" />
        <property name="_APPDOMAIN" value="Unity Child Domain" />
        <property name="platform" value="EditMode" />
        <property name="EditorOnly" value="True" />
      </properties>
      <test-suite type="TestSuite" id="1807" name="GameCore" fullname="GameCore" runstate="Runnable" testcasecount="11" result="Passed" start-time="2026-09-25 13:14:38Z" end-time="2026-09-25 13:14:38Z" duration="0.033257" total="11" passed="11" failed="0" inconclusive="0" skipped="0" asserts="0">
        <properties />
        <test-suite type="TestSuite" id="1808" name="W2Gate" fullname="GameCore.W2Gate" runstate="Runnable" testcasecount="11" result="Passed" start-time="2026-09-25 13:14:38Z" end-time="2026-09-25 13:14:38Z" duration="0.033209" total="11" passed="11" failed="0" inconclusive="0" skipped="0" asserts="0">
          <properties />
          <test-suite type="TestSuite" id="1809" name="Tests" fullname="GameCore.W2Gate.Tests" runstate="Runnable" testcasecount="11" result="Passed" start-time="2026-09-25 13:14:38Z" end-time="2026-09-25 13:14:38Z" duration="0.033158" total="11" passed="11" failed="0" inconclusive="0" skipped="0" asserts="0">
            <properties />
            <test-suite type="TestFixture" id="1794" name="W2GateIntegrationTests" fullname="GameCore.W2Gate.Tests.W2GateIntegrationTests" classname="GameCore.W2Gate.Tests.W2GateIntegrationTests" runstate="Runnable" testcasecount="11" result="Passed" start-time="2026-09-25 13:14:38Z" end-time="2026-09-25 13:14:38Z" duration="0.033057" total="11" passed="11" failed="0" inconclusive="0" skipped="0" asserts="0">
              <properties />
              <test-case id="1803" name="AFutureTargetAppearsFullyAssembledAtOneEpoch" fullname="GameCore.W2Gate.Tests.W2GateIntegrationTests.AFutureTargetAppearsFullyAssembledAtOneEpoch" methodname="AFutureTargetAppearsFullyAssembledAtOneEpoch" classname="GameCore.W2Gate.Tests.W2GateIntegrationTests" runstate="Runnable" seed="496685703" result="Passed" start-time="2026-09-25 13:14:38Z" end-time="2026-09-25 13:14:38Z" duration="0.003267" asserts="0">
                <properties>
                  <property name="retryIteration" value="0" />
                  <property name="repeatIteration" value="0" />
                </properties>
              </test-case>
              <test-case id="1804" name="AnIdleWorldPerformsNoStep" fullname="GameCore.W2Gate.Tests.W2GateIntegrationTests.AnIdleWorldPerformsNoStep" methodname="AnIdleWorldPerformsNoStep" classname="GameCore.W2Gate.Tests.W2GateIntegrationTests" runstate="Runnable" seed="40040864" result="Passed" start-time="2026-09-25 13:14:38Z" end-time="2026-09-25 13:14:38Z" duration="0.000351" asserts="0">
                <properties>
                  <property name="retryIteration" value="0" />
                  <property name="repeatIteration" value="0" />
                </properties>
              </test-case>
              <test-case id="1802" name="ARegisteredWakeAdvancesOneStepWithoutCommittingARequest" fullname="GameCore.W2Gate.Tests.W2GateIntegrationTests.ARegisteredWakeAdvancesOneStepWithoutCommittingARequest" methodname="ARegisteredWakeAdvancesOneStepWithoutCommittingARequest" classname="GameCore.W2Gate.Tests.W2GateIntegrationTests" runstate="Runnable" seed="235727209" result="Passed" start-time="2026-09-25 13:14:38Z" end-time="2026-09-25 13:14:38Z" duration="0.000365" asserts="0">
                <properties>
                  <property name="retryIteration" value="0" />
                  <property name="repeatIteration" value="0" />
                </properties>
              </test-case>
              <test-case id="1796" name="EveryGateCheckPassesOverTheFixtureCatalog" fullname="GameCore.W2Gate.Tests.W2GateIntegrationTests.EveryGateCheckPassesOverTheFixtureCatalog" methodname="EveryGateCheckPassesOverTheFixtureCatalog" classname="GameCore.W2Gate.Tests.W2GateIntegrationTests" runstate="Runnable" seed="2056463551" result="Passed" start-time="2026-09-25 13:14:38Z" end-time="2026-09-25 13:14:38Z" duration="0.000593" asserts="0">
                <properties>
                  <property name="retryIteration" value="0" />
                  <property name="repeatIteration" value="0" />
                </properties>
              </test-case>
              <test-case id="1795" name="EveryGateCheckPassesOverTheGeneratedCatalog" fullname="GameCore.W2Gate.Tests.W2GateIntegrationTests.EveryGateCheckPassesOverTheGeneratedCatalog" methodname="EveryGateCheckPassesOverTheGeneratedCatalog" classname="GameCore.W2Gate.Tests.W2GateIntegrationTests" runstate="Runnable" seed="1005230108" result="Passed" start-time="2026-09-25 13:14:38Z" end-time="2026-09-25 13:14:38Z" duration="0.000111" asserts="0">
                <properties>
                  <property name="retryIteration" value="0" />
                  <property name="repeatIteration" value="0" />
                </properties>
              </test-case>
              <test-case id="1800" name="OneBoundedCommandCommitsExactlyOneConsistentResult" fullname="GameCore.W2Gate.Tests.W2GateIntegrationTests.OneBoundedCommandCommitsExactlyOneConsistentResult" methodname="OneBoundedCommandCommitsExactlyOneConsistentResult" classname="GameCore.W2Gate.Tests.W2GateIntegrationTests" runstate="Runnable" seed="64531918" result="Passed" start-time="2026-09-25 13:14:38Z" end-time="2026-09-25 13:14:38Z" duration="0.000685" asserts="0">
                <properties>
                  <property name="retryIteration" value="0" />
                  <property name="repeatIteration" value="0" />
                </properties>
              </test-case>
              <test-case id="1805" name="TeardownSettlesWorkAndLeavesNoWorldRegistered" fullname="GameCore.W2Gate.Tests.W2GateIntegrationTests.TeardownSettlesWorkAndLeavesNoWorldRegistered" methodname="TeardownSettlesWorkAndLeavesNoWorldRegistered" classname="GameCore.W2Gate.Tests.W2GateIntegrationTests" runstate="Runnable" seed="398306282" result="Passed" start-time="2026-09-25 13:14:38Z" end-time="2026-09-25 13:14:38Z" duration="0.000283" asserts="0">
                <properties>
                  <property name="retryIteration" value="0" />
                  <property name="repeatIteration" value="0" />
                </properties>
              </test-case>
              <test-case id="1801" name="TheCompiledOrderAndTheNativeProducerFenceReallyRan" fullname="GameCore.W2Gate.Tests.W2GateIntegrationTests.TheCompiledOrderAndTheNativeProducerFenceReallyRan" methodname="TheCompiledOrderAndTheNativeProducerFenceReallyRan" classname="GameCore.W2Gate.Tests.W2GateIntegrationTests" runstate="Runnable" seed="43518349" result="Passed" start-time="2026-09-25 13:14:38Z" end-time="2026-09-25 13:14:38Z" duration="0.000549" asserts="0">
                <properties>
                  <property name="retryIteration" value="0" />
                  <property name="repeatIteration" value="0" />
                </properties>
              </test-case>
              <test-case id="1799" name="TheDerivedLayoutAndTheMigratedStateAreReal" fullname="GameCore.W2Gate.Tests.W2GateIntegrationTests.TheDerivedLayoutAndTheMigratedStateAreReal" methodname="TheDerivedLayoutAndTheMigratedStateAreReal" classname="GameCore.W2Gate.Tests.W2GateIntegrationTests" runstate="Runnable" seed="1710442776" result="Passed" start-time="2026-09-25 13:14:38Z" end-time="2026-09-25 13:14:38Z" duration="0.000675" asserts="0">
                <properties>
                  <property name="retryIteration" value="0" />
                  <property name="repeatIteration" value="0" />
                </properties>
              </test-case>
              <test-case id="1798" name="TheMountPublishesTheDerivedAssemblyAtTheLanesOwnEpoch" fullname="GameCore.W2Gate.Tests.W2GateIntegrationTests.TheMountPublishesTheDerivedAssemblyAtTheLanesOwnEpoch" methodname="TheMountPublishesTheDerivedAssemblyAtTheLanesOwnEpoch" classname="GameCore.W2Gate.Tests.W2GateIntegrationTests" runstate="Runnable" seed="800323622" result="Passed" start-time="2026-09-25 13:14:38Z" end-time="2026-09-25 13:14:38Z" duration="0.000697" asserts="0">
                <properties>
                  <property name="retryIteration" value="0" />
                  <property name="repeatIteration" value="0" />
                </properties>
              </test-case>
              <test-case id="1797" name="TheRealCompilerAndValidatorsProducedOneExecutableGraph" fullname="GameCore.W2Gate.Tests.W2GateIntegrationTests.TheRealCompilerAndValidatorsProducedOneExecutableGraph" methodname="TheRealCompilerAndValidatorsProducedOneExecutableGraph" classname="GameCore.W2Gate.Tests.W2GateIntegrationTests" runstate="Runnable" seed="1152168113" result="Passed" start-time="2026-09-25 13:14:38Z" end-time="2026-09-25 13:14:38Z" duration="0.000593" asserts="0">
                <properties>
                  <property name="retryIteration" value="0" />
                  <property name="repeatIteration" value="0" />
                </properties>
              </test-case>
            </test-suite>
          </test-suite>
        </test-suite>
      </test-suite>
    </test-suite>
    <test-suite type="Assembly" id="1821" name="GameCore.W3Gate.Tests.dll" fullname="/home/worlesenric/wkspace/gc-wt/gc-014/unity/GameCore.Validation/Library/ScriptAssemblies/GameCore.W3Gate.Tests.dll" runstate="Runnable" testcasecount="10" result="Passed" start-time="2026-09-25 13:14:38Z" end-time="2026-09-25 13:14:38Z" duration="0.028943" total="10" passed="10" failed="0" inconclusive="0" skipped="0" asserts="0">
      <properties>
        <property name="_PID" value="1071157" />
        <property name="_APPDOMAIN" value="Unity Child Domain" />
        <property name="platform" value="EditMode" />
        <property name="EditorOnly" value="True" />
      </properties>
      <test-suite type="TestSuite" id="1822" name="GameCore" fullname="GameCore" runstate="Runnable" testcasecount="10" result="Passed" start-time="2026-09-25 13:14:38Z" end-time="2026-09-25 13:14:38Z" duration="0.028709" total="10" passed="10" failed="0" inconclusive="0" skipped="0" asserts="0">
        <properties />
        <test-suite type="TestSuite" id="1823" name="W3Gate" fullname="GameCore.W3Gate" runstate="Runnable" testcasecount="10" result="Passed" start-time="2026-09-25 13:14:38Z" end-time="2026-09-25 13:14:38Z" duration="0.028645" total="10" passed="10" failed="0" inconclusive="0" skipped="0" asserts="0">
          <properties />
          <test-suite type="TestSuite" id="1824" name="Tests" fullname="GameCore.W3Gate.Tests" runstate="Runnable" testcasecount="10" result="Passed" start-time="2026-09-25 13:14:38Z" end-time="2026-09-25 13:14:38Z" duration="0.028592" total="10" passed="10" failed="0" inconclusive="0" skipped="0" asserts="0">
            <properties />
            <test-suite type="TestFixture" id="1810" name="W3GateIntegrationTests" fullname="GameCore.W3Gate.Tests.W3GateIntegrationTests" classname="GameCore.W3Gate.Tests.W3GateIntegrationTests" runstate="Runnable" testcasecount="10" result="Passed" start-time="2026-09-25 13:14:38Z" end-time="2026-09-25 13:14:38Z" duration="0.028491" total="10" passed="10" failed="0" inconclusive="0" skipped="0" asserts="0">
              <properties />
              <test-case id="1820" name="BothCompositionsCompletedWithoutAFailedObservation" fullname="GameCore.W3Gate.Tests.W3GateIntegrationTests.BothCompositionsCompletedWithoutAFailedObservation" methodname="BothCompositionsCompletedWithoutAFailedObservation" classname="GameCore.W3Gate.Tests.W3GateIntegrationTests" runstate="Runnable" seed="1507672297" result="Passed" start-time="2026-09-25 13:14:38Z" end-time="2026-09-25 13:14:38Z" duration="0.001440" asserts="0">
                <properties>
                  <property name="retryIteration" value="0" />
                  <property name="repeatIteration" value="0" />
                </properties>
              </test-case>
              <test-case id="1814" name="BothCompositionsRunInTheirOwnWorldOnOneKernelImage" fullname="GameCore.W3Gate.Tests.W3GateIntegrationTests.BothCompositionsRunInTheirOwnWorldOnOneKernelImage" methodname="BothCompositionsRunInTheirOwnWorldOnOneKernelImage" classname="GameCore.W3Gate.Tests.W3GateIntegrationTests" runstate="Runnable" seed="356222637" result="Passed" start-time="2026-09-25 13:14:38Z" end-time="2026-09-25 13:14:38Z" duration="0.000375" asserts="0">
                <properties>
                  <property name="retryIteration" value="0" />
                  <property name="repeatIteration" value="0" />
                </properties>
              </test-case>
              <test-case id="1811" name="EveryGateCheckPasses" fullname="GameCore.W3Gate.Tests.W3GateIntegrationTests.EveryGateCheckPasses" methodname="EveryGateCheckPasses" classname="GameCore.W3Gate.Tests.W3GateIntegrationTests" runstate="Runnable" seed="1718133334" result="Passed" start-time="2026-09-25 13:14:38Z" end-time="2026-09-25 13:14:38Z" duration="0.000556" asserts="0">
                <properties>
                  <property name="retryIteration" value="0" />
                  <property name="repeatIteration" value="0" />
                </properties>
              </test-case>
              <test-case id="1815" name="NoIdleCommandStepInEitherFamily" fullname="GameCore.W3Gate.Tests.W3GateIntegrationTests.NoIdleCommandStepInEitherFamily" methodname="NoIdleCommandStepInEitherFamily" classname="GameCore.W3Gate.Tests.W3GateIntegrationTests" runstate="Runnable" seed="1878896708" result="Passed" start-time="2026-09-25 13:14:38Z" end-time="2026-09-25 13:14:38Z" duration="0.000465" asserts="0">
                <properties>
                  <property name="retryIteration" value="0" />
                  <property name="repeatIteration" value="0" />
                </properties>
              </test-case>
              <test-case id="1813" name="NoKernelAsmdefReferencesAGameplayAssembly" fullname="GameCore.W3Gate.Tests.W3GateIntegrationTests.NoKernelAsmdefReferencesAGameplayAssembly" methodname="NoKernelAsmdefReferencesAGameplayAssembly" classname="GameCore.W3Gate.Tests.W3GateIntegrationTests" runstate="Runnable" seed="556937205" result="Passed" start-time="2026-09-25 13:14:38Z" end-time="2026-09-25 13:14:38Z" duration="0.004084" asserts="0">
                <properties>
                  <property name="retryIteration" value="0" />
                  <property name="repeatIteration" value="0" />
                </properties>
              </test-case>
              <test-case id="1812" name="NoLoadedKernelAssemblyReferencesAGameplayPackage" fullname="GameCore.W3Gate.Tests.W3GateIntegrationTests.NoLoadedKernelAssemblyReferencesAGameplayPackage" methodname="NoLoadedKernelAssemblyReferencesAGameplayPackage" classname="GameCore.W3Gate.Tests.W3GateIntegrationTests" runstate="Runnable" seed="82139230" result="Passed" start-time="2026-09-25 13:14:38Z" end-time="2026-09-25 13:14:38Z" duration="0.000350" asserts="0">
                <properties>
                  <property name="retryIteration" value="0" />
                  <property name="repeatIteration" value="0" />
                </properties>
              </test-case>
              <test-case id="1819" name="TheCardDomainTransferCommitsBothSides" fullname="GameCore.W3Gate.Tests.W3GateIntegrationTests.TheCardDomainTransferCommitsBothSides" methodname="TheCardDomainTransferCommitsBothSides" classname="GameCore.W3Gate.Tests.W3GateIntegrationTests" runstate="Runnable" seed="1606625790" result="Passed" start-time="2026-09-25 13:14:38Z" end-time="2026-09-25 13:14:38Z" duration="0.000446" asserts="0">
                <properties>
                  <property name="retryIteration" value="0" />
                  <property name="repeatIteration" value="0" />
                </properties>
              </test-case>
              <test-case id="1817" name="TheCardModifierReachesExistingAndFutureSeatsAutomatically" fullname="GameCore.W3Gate.Tests.W3GateIntegrationTests.TheCardModifierReachesExistingAndFutureSeatsAutomatically" methodname="TheCardModifierReachesExistingAndFutureSeatsAutomatically" classname="GameCore.W3Gate.Tests.W3GateIntegrationTests" runstate="Runnable" seed="91918448" result="Passed" start-time="2026-09-25 13:14:38Z" end-time="2026-09-25 13:14:38Z" duration="0.000523" asserts="0">
                <properties>
                  <property name="retryIteration" value="0" />
                  <property name="repeatIteration" value="0" />
                </properties>
              </test-case>
              <test-case id="1816" name="TheNarrativeChapterReachesExistingAndFutureTargetsAutomatically" fullname="GameCore.W3Gate.Tests.W3GateIntegrationTests.TheNarrativeChapterReachesExistingAndFutureTargetsAutomatically" methodname="TheNarrativeChapterReachesExistingAndFutureTargetsAutomatically" classname="GameCore.W3Gate.Tests.W3GateIntegrationTests" runstate="Runnable" seed="1604619882" result="Passed" start-time="2026-09-25 13:14:38Z" end-time="2026-09-25 13:14:38Z" duration="0.000812" asserts="0">
                <properties>
                  <property name="retryIteration" value="0" />
                  <property name="repeatIteration" value="0" />
                </properties>
              </test-case>
              <test-case id="1818" name="TheNarrativeStateChangeIsVisibleInTheCommittedSnapshot" fullname="GameCore.W3Gate.Tests.W3GateIntegrationTests.TheNarrativeStateChangeIsVisibleInTheCommittedSnapshot" methodname="TheNarrativeStateChangeIsVisibleInTheCommittedSnapshot" classname="GameCore.W3Gate.Tests.W3GateIntegrationTests" runstate="Runnable" seed="852145323" result="Passed" start-time="2026-09-25 13:14:38Z" end-time="2026-09-25 13:14:38Z" duration="0.000652" asserts="0">
                <properties>
                  <property name="retryIteration" value="0" />
                  <property name="repeatIteration" value="0" />
                </properties>
                <output><![CDATA[Saving results to: /home/worlesenric/.config/unity3d/GameCore/GameCoreProbe/TestResults.xml
]]></output>
              </test-case>
            </test-suite>
          </test-suite>
        </test-suite>
      </test-suite>
    </test-suite>
  </test-suite>
</test-run>