<?xml version="1.0" encoding="utf-8"?>
<test-run id="2" testcasecount="781" result="Passed" total="781" passed="781" failed="0" inconclusive="0" skipped="0" asserts="0" engine-version="3.5.0.0" clr-version="4.0.30319.42000" start-time="2026-09-25 16:06:53Z" end-time="2026-09-25 16:07:26Z" duration="33.546632">
  <test-suite type="TestSuite" id="1000" name="GameCoreProbe" fullname="GameCoreProbe" runstate="Runnable" testcasecount="781" result="Passed" start-time="2026-09-25 16:06:53Z" end-time="2026-09-25 16:07:26Z" duration="33.546632" total="781" passed="781" failed="0" inconclusive="0" skipped="0" asserts="0">
    <properties>
      <property name="platform" value="EditMode" />
    </properties>
    <test-suite type="Assembly" id="1023" name="GameCore.Cards.Tests.dll" fullname="/home/worlesenric/wkspace/gc-wt/w4-gate/unity/GameCore.Validation/Library/ScriptAssemblies/GameCore.Cards.Tests.dll" runstate="Runnable" testcasecount="20" result="Passed" start-time="2026-09-25 16:06:53Z" end-time="2026-09-25 16:06:53Z" duration="0.525153" total="20" passed="20" failed="0" inconclusive="0" skipped="0" asserts="0">
      <properties>
        <property name="_PID" value="1594624" />
        <property name="_APPDOMAIN" value="Unity Child Domain" />
        <property name="platform" value="EditMode" />
        <property name="EditorOnly" value="True" />
      </properties>
      <test-suite type="TestSuite" id="1024" name="GameCore" fullname="GameCore" runstate="Runnable" testcasecount="20" result="Passed" start-time="2026-09-25 16:06:53Z" end-time="2026-09-25 16:06:53Z" duration="0.524972" total="20" passed="20" failed="0" inconclusive="0" skipped="0" asserts="0">
        <properties />
        <test-suite type="TestSuite" id="1025" name="Cards" fullname="GameCore.Cards" runstate="Runnable" testcasecount="20" result="Passed" start-time="2026-09-25 16:06:53Z" end-time="2026-09-25 16:06:53Z" duration="0.524923" total="20" passed="20" failed="0" inconclusive="0" skipped="0" asserts="0">
          <properties />
          <test-suite type="TestSuite" id="1026" name="Tests" fullname="GameCore.Cards.Tests" runstate="Runnable" testcasecount="20" result="Passed" start-time="2026-09-25 16:06:53Z" end-time="2026-09-25 16:06:53Z" duration="0.524854" total="20" passed="20" failed="0" inconclusive="0" skipped="0" asserts="0">
            <properties />
            <test-suite type="TestFixture" id="1007" name="CardsIntegrationTests" fullname="GameCore.Cards.Tests.CardsIntegrationTests" classname="GameCore.Cards.Tests.CardsIntegrationTests" runstate="Runnable" testcasecount="15" result="Passed" start-time="2026-09-25 16:06:53Z" end-time="2026-09-25 16:06:53Z" duration="0.478214" total="15" passed="15" failed="0" inconclusive="0" skipped="0" asserts="0">
              <properties />
              <test-case id="1013" name="ADuplicateCommandTransfersOnce" fullname="GameCore.Cards.Tests.CardsIntegrationTests.ADuplicateCommandTransfersOnce" methodname="ADuplicateCommandTransfersOnce" classname="GameCore.Cards.Tests.CardsIntegrationTests" runstate="Runnable" seed="1255598499" result="Passed" start-time="2026-09-25 16:06:53Z" end-time="2026-09-25 16:06:53Z" duration="0.015755" asserts="0">
                <properties>
                  <property name="retryIteration" value="0" />
                  <property name="repeatIteration" value="0" />
                </properties>
              </test-case>
              <test-case id="1017" name="AFutureSeatInheritsTheModifierOnFirstVisibility" fullname="GameCore.Cards.Tests.CardsIntegrationTests.AFutureSeatInheritsTheModifierOnFirstVisibility" methodname="AFutureSeatInheritsTheModifierOnFirstVisibility" classname="GameCore.Cards.Tests.CardsIntegrationTests" runstate="Runnable" seed="736686945" result="Passed" start-time="2026-09-25 16:06:53Z" end-time="2026-09-25 16:06:53Z" duration="0.000639" asserts="0">
                <properties>
                  <property name="retryIteration" value="0" />
                  <property name="repeatIteration" value="0" />
                </properties>
              </test-case>
              <test-case id="1018" name="AnIdleWorldPerformsZeroSteps" fullname="GameCore.Cards.Tests.CardsIntegrationTests.AnIdleWorldPerformsZeroSteps" methodname="AnIdleWorldPerformsZeroSteps" classname="GameCore.Cards.Tests.CardsIntegrationTests" runstate="Runnable" seed="182880508" result="Passed" start-time="2026-09-25 16:06:53Z" end-time="2026-09-25 16:06:53Z" duration="0.000406" asserts="0">
                <properties>
                  <property name="retryIteration" value="0" />
                  <property name="repeatIteration" value="0" />
                </properties>
              </test-case>
              <test-case id="1014" name="ARejectedSettlementChangesNothing" fullname="GameCore.Cards.Tests.CardsIntegrationTests.ARejectedSettlementChangesNothing" methodname="ARejectedSettlementChangesNothing" classname="GameCore.Cards.Tests.CardsIntegrationTests" runstate="Runnable" seed="91123636" result="Passed" start-time="2026-09-25 16:06:53Z" end-time="2026-09-25 16:06:53Z" duration="0.000695" asserts="0">
                <properties>
                  <property name="retryIteration" value="0" />
                  <property name="repeatIteration" value="0" />
                </properties>
              </test-case>
              <test-case id="1015" name="ATransferCommitsBothSides" fullname="GameCore.Cards.Tests.CardsIntegrationTests.ATransferCommitsBothSides" methodname="ATransferCommitsBothSides" classname="GameCore.Cards.Tests.CardsIntegrationTests" runstate="Runnable" seed="2124365001" result="Passed" start-time="2026-09-25 16:06:53Z" end-time="2026-09-25 16:06:53Z" duration="0.000456" asserts="0">
                <properties>
                  <property name="retryIteration" value="0" />
                  <property name="repeatIteration" value="0" />
                </properties>
              </test-case>
              <test-case id="1009" name="EveryObservationPassesOverTheFixtureCatalog" fullname="GameCore.Cards.Tests.CardsIntegrationTests.EveryObservationPassesOverTheFixtureCatalog" methodname="EveryObservationPassesOverTheFixtureCatalog" classname="GameCore.Cards.Tests.CardsIntegrationTests" runstate="Runnable" seed="473753790" result="Passed" start-time="2026-09-25 16:06:53Z" end-time="2026-09-25 16:06:53Z" duration="0.001844" asserts="0">
                <properties>
                  <property name="retryIteration" value="0" />
                  <property name="repeatIteration" value="0" />
                </properties>
              </test-case>
              <test-case id="1008" name="EveryObservationPassesOverTheGeneratedCatalog" fullname="GameCore.Cards.Tests.CardsIntegrationTests.EveryObservationPassesOverTheGeneratedCatalog" methodname="EveryObservationPassesOverTheGeneratedCatalog" classname="GameCore.Cards.Tests.CardsIntegrationTests" runstate="Runnable" seed="801501026" result="Passed" start-time="2026-09-25 16:06:53Z" end-time="2026-09-25 16:06:53Z" duration="0.000171" asserts="0">
                <properties>
                  <property name="retryIteration" value="0" />
                  <property name="repeatIteration" value="0" />
                </properties>
              </test-case>
              <test-case id="1012" name="OneCommandCommitsBothSides" fullname="GameCore.Cards.Tests.CardsIntegrationTests.OneCommandCommitsBothSides" methodname="OneCommandCommitsBothSides" classname="GameCore.Cards.Tests.CardsIntegrationTests" runstate="Runnable" seed="226294615" result="Passed" start-time="2026-09-25 16:06:53Z" end-time="2026-09-25 16:06:53Z" duration="0.000903" asserts="0">
                <properties>
                  <property name="retryIteration" value="0" />
                  <property name="repeatIteration" value="0" />
                </properties>
              </test-case>
              <test-case id="1020" name="OwnershipHasOneOwnerPerDeclaredDomainAndEverySlotPolicyValidated" fullname="GameCore.Cards.Tests.CardsIntegrationTests.OwnershipHasOneOwnerPerDeclaredDomainAndEverySlotPolicyValidated" methodname="OwnershipHasOneOwnerPerDeclaredDomainAndEverySlotPolicyValidated" classname="GameCore.Cards.Tests.CardsIntegrationTests" runstate="Runnable" seed="748532386" result="Passed" start-time="2026-09-25 16:06:53Z" end-time="2026-09-25 16:06:53Z" duration="0.000277" asserts="0">
                <properties>
                  <property name="retryIteration" value="0" />
                  <property name="repeatIteration" value="0" />
                </properties>
              </test-case>
              <test-case id="1022" name="TeardownSettlesWorkAndDisposesTheWorld" fullname="GameCore.Cards.Tests.CardsIntegrationTests.TeardownSettlesWorkAndDisposesTheWorld" methodname="TeardownSettlesWorkAndDisposesTheWorld" classname="GameCore.Cards.Tests.CardsIntegrationTests" runstate="Runnable" seed="464886179" result="Passed" start-time="2026-09-25 16:06:53Z" end-time="2026-09-25 16:06:53Z" duration="0.000210" asserts="0">
                <properties>
                  <property name="retryIteration" value="0" />
                  <property name="repeatIteration" value="0" />
                </properties>
              </test-case>
              <test-case id="1016" name="TheBatchEnvelopeResolvesExactlyOneWinner" fullname="GameCore.Cards.Tests.CardsIntegrationTests.TheBatchEnvelopeResolvesExactlyOneWinner" methodname="TheBatchEnvelopeResolvesExactlyOneWinner" classname="GameCore.Cards.Tests.CardsIntegrationTests" runstate="Runnable" seed="1751241106" result="Passed" start-time="2026-09-25 16:06:53Z" end-time="2026-09-25 16:06:53Z" duration="0.000590" asserts="0">
                <properties>
                  <property name="retryIteration" value="0" />
                  <property name="repeatIteration" value="0" />
                </properties>
              </test-case>
              <test-case id="1019" name="TheCompiledPlanIsFourStagesWithOnePlaybackPointAndTheDeclaredEdge" fullname="GameCore.Cards.Tests.CardsIntegrationTests.TheCompiledPlanIsFourStagesWithOnePlaybackPointAndTheDeclaredEdge" methodname="TheCompiledPlanIsFourStagesWithOnePlaybackPointAndTheDeclaredEdge" classname="GameCore.Cards.Tests.CardsIntegrationTests" runstate="Runnable" seed="803414233" result="Passed" start-time="2026-09-25 16:06:53Z" end-time="2026-09-25 16:06:53Z" duration="0.000583" asserts="0">
                <properties>
                  <property name="retryIteration" value="0" />
                  <property name="repeatIteration" value="0" />
                </properties>
              </test-case>
              <test-case id="1021" name="TheGeneratedRunReportsTheCommittedCatalogFingerprint" fullname="GameCore.Cards.Tests.CardsIntegrationTests.TheGeneratedRunReportsTheCommittedCatalogFingerprint" methodname="TheGeneratedRunReportsTheCommittedCatalogFingerprint" classname="GameCore.Cards.Tests.CardsIntegrationTests" runstate="Runnable" seed="1037111678" result="Passed" start-time="2026-09-25 16:06:53Z" end-time="2026-09-25 16:06:53Z" duration="0.001456" asserts="0">
                <properties>
                  <property name="retryIteration" value="0" />
                  <property name="repeatIteration" value="0" />
                </properties>
              </test-case>
              <test-case id="1011" name="TheMountsReachEveryEligibleExistingSeat" fullname="GameCore.Cards.Tests.CardsIntegrationTests.TheMountsReachEveryEligibleExistingSeat" methodname="TheMountsReachEveryEligibleExistingSeat" classname="GameCore.Cards.Tests.CardsIntegrationTests" runstate="Runnable" seed="823806028" result="Passed" start-time="2026-09-25 16:06:53Z" end-time="2026-09-25 16:06:53Z" duration="0.000818" asserts="0">
                <properties>
                  <property name="retryIteration" value="0" />
                  <property name="repeatIteration" value="0" />
                </properties>
              </test-case>
              <test-case id="1010" name="TheScenarioRecordsEveryObservationTwiceAndNoDiagnostic" fullname="GameCore.Cards.Tests.CardsIntegrationTests.TheScenarioRecordsEveryObservationTwiceAndNoDiagnostic" methodname="TheScenarioRecordsEveryObservationTwiceAndNoDiagnostic" classname="GameCore.Cards.Tests.CardsIntegrationTests" runstate="Runnable" seed="1985156501" result="Passed" start-time="2026-09-25 16:06:53Z" end-time="2026-09-25 16:06:53Z" duration="0.001540" asserts="0">
                <properties>
                  <property name="retryIteration" value="0" />
                  <property name="repeatIteration" value="0" />
                </properties>
              </test-case>
            </test-suite>
            <test-suite type="TestFixture" id="1001" name="CardStatePolicyAssertions" fullname="GameCore.Cards.Tests.CardStatePolicyAssertions" classname="GameCore.Cards.Tests.CardStatePolicyAssertions" runstate="Runnable" testcasecount="5" result="Passed" start-time="2026-09-25 16:06:53Z" end-time="2026-09-25 16:06:53Z" duration="0.045920" total="5" passed="5" failed="0" inconclusive="0" skipped="0" asserts="0">
              <properties />
              <test-case id="1006" name="AFailedMigrationLeavesTheOldAssemblyAndItsBoundsObservable" fullname="GameCore.Cards.Tests.CardStatePolicyAssertions.AFailedMigrationLeavesTheOldAssemblyAndItsBoundsObservable" methodname="AFailedMigrationLeavesTheOldAssemblyAndItsBoundsObservable" classname="GameCore.Cards.Tests.CardStatePolicyAssertions" runstate="Runnable" seed="767742391" result="Passed" start-time="2026-09-25 16:06:53Z" end-time="2026-09-25 16:06:53Z" duration="0.000803" asserts="0">
                <properties>
                  <property name="retryIteration" value="0" />
                  <property name="repeatIteration" value="0" />
                </properties>
              </test-case>
              <test-case id="1003" name="EveryObservationHolds" fullname="GameCore.Cards.Tests.CardStatePolicyAssertions.EveryObservationHolds" methodname="EveryObservationHolds" classname="GameCore.Cards.Tests.CardStatePolicyAssertions" runstate="Runnable" seed="1661357926" result="Passed" start-time="2026-09-25 16:06:53Z" end-time="2026-09-25 16:06:53Z" duration="0.000257" asserts="0">
                <properties>
                  <property name="retryIteration" value="0" />
                  <property name="repeatIteration" value="0" />
                </properties>
              </test-case>
              <test-case id="1005" name="EverySlotPolicyRanAgainstTheLiveWorld" fullname="GameCore.Cards.Tests.CardStatePolicyAssertions.EverySlotPolicyRanAgainstTheLiveWorld" methodname="EverySlotPolicyRanAgainstTheLiveWorld" classname="GameCore.Cards.Tests.CardStatePolicyAssertions" runstate="Runnable" seed="1198618998" result="Passed" start-time="2026-09-25 16:06:53Z" end-time="2026-09-25 16:06:53Z" duration="0.000228" asserts="0">
                <properties>
                  <property name="retryIteration" value="0" />
                  <property name="repeatIteration" value="0" />
                </properties>
              </test-case>
              <test-case id="1004" name="NonDefaultTableAndSeatCountersSurviveTuningAndReparenting" fullname="GameCore.Cards.Tests.CardStatePolicyAssertions.NonDefaultTableAndSeatCountersSurviveTuningAndReparenting" methodname="NonDefaultTableAndSeatCountersSurviveTuningAndReparenting" classname="GameCore.Cards.Tests.CardStatePolicyAssertions" runstate="Runnable" seed="1149212448" result="Passed" start-time="2026-09-25 16:06:53Z" end-time="2026-09-25 16:06:53Z" duration="0.000194" asserts="0">
                <properties>
                  <property name="retryIteration" value="0" />
                  <property name="repeatIteration" value="0" />
                </properties>
              </test-case>
              <test-case id="1002" name="TheScenarioProducesEveryRequiredObservation" fullname="GameCore.Cards.Tests.CardStatePolicyAssertions.TheScenarioProducesEveryRequiredObservation" methodname="TheScenarioProducesEveryRequiredObservation" classname="GameCore.Cards.Tests.CardStatePolicyAssertions" runstate="Runnable" seed="134054543" result="Passed" start-time="2026-09-25 16:06:53Z" end-time="2026-09-25 16:06:53Z" duration="0.000314" asserts="0">
                <properties>
                  <property name="retryIteration" value="0" />
                  <property name="repeatIteration" value="0" />
                </properties>
              </test-case>
            </test-suite>
          </test-suite>
        </test-suite>
      </test-suite>
    </test-suite>
    <test-suite type="Assembly" id="1186" name="GameCore.Composition.Tests.dll" fullname="/home/worlesenric/wkspace/gc-wt/w4-gate/unity/GameCore.Validation/Library/ScriptAssemblies/GameCore.Composition.Tests.dll" runstate="Runnable" testcasecount="144" result="Passed" start-time="2026-09-25 16:06:53Z" end-time="2026-09-25 16:06:53Z" duration="0.184032" total="144" passed="144" failed="0" inconclusive="0" skipped="0" asserts="0">
      <properties>
        <property name="_PID" value="1594624" />
        <property name="_APPDOMAIN" value="Unity Child Domain" />
        <property name="platform" value="EditMode" />
        <property name="EditorOnly" value="True" />
      </properties>
      <test-suite type="TestSuite" id="1187" name="GameCore" fullname="GameCore" runstate="Runnable" testcasecount="144" result="Passed" start-time="2026-09-25 16:06:53Z" end-time="2026-09-25 16:06:53Z" duration="0.183893" total="144" passed="144" failed="0" inconclusive="0" skipped="0" asserts="0">
        <properties />
        <test-suite type="TestSuite" id="1188" name="Composition" fullname="GameCore.Composition" runstate="Runnable" testcasecount="144" result="Passed" start-time="2026-09-25 16:06:53Z" end-time="2026-09-25 16:06:53Z" duration="0.183842" total="144" passed="144" failed="0" inconclusive="0" skipped="0" asserts="0">
          <properties />
          <test-suite type="TestSuite" id="1189" name="Tests" fullname="GameCore.Composition.Tests" runstate="Runnable" testcasecount="144" result="Passed" start-time="2026-09-25 16:06:53Z" end-time="2026-09-25 16:06:53Z" duration="0.183726" total="144" passed="144" failed="0" inconclusive="0" skipped="0" asserts="0">
            <properties />
            <test-suite type="TestFixture" id="1106" name="ActivationLedgerTests" fullname="GameCore.Composition.Tests.ActivationLedgerTests" classname="GameCore.Composition.Tests.ActivationLedgerTests" runstate="Runnable" testcasecount="11" result="Passed" start-time="2026-09-25 16:06:53Z" end-time="2026-09-25 16:06:53Z" duration="0.009267" total="11" passed="11" failed="0" inconclusive="0" skipped="0" asserts="0">
              <properties />
              <test-case id="1112" name="AbortingACandidateFailsItAndLeavesTheRunningActivationInCharge" fullname="GameCore.Composition.Tests.ActivationLedgerTests.AbortingACandidateFailsItAndLeavesTheRunningActivationInCharge" methodname="AbortingACandidateFailsItAndLeavesTheRunningActivationInCharge" classname="GameCore.Composition.Tests.ActivationLedgerTests" runstate="Runnable" seed="505149260" result="Passed" start-time="2026-09-25 16:06:53Z" end-time="2026-09-25 16:06:53Z" duration="0.002000" asserts="0">
                <properties>
                  <property name="retryIteration" value="0" />
                  <property name="repeatIteration" value="0" />
                </properties>
              </test-case>
              <test-case id="1117" name="ARefusedEdgeCountsTheRefusalAndLeavesTheStoredStateUntouched" fullname="GameCore.Composition.Tests.ActivationLedgerTests.ARefusedEdgeCountsTheRefusalAndLeavesTheStoredStateUntouched" methodname="ARefusedEdgeCountsTheRefusalAndLeavesTheStoredStateUntouched" classname="GameCore.Composition.Tests.ActivationLedgerTests" runstate="Runnable" seed="2134143089" result="Passed" start-time="2026-09-25 16:06:53Z" end-time="2026-09-25 16:06:53Z" duration="0.000825" asserts="0">
                <properties>
                  <property name="retryIteration" value="0" />
                  <property name="repeatIteration" value="0" />
                </properties>
              </test-case>
              <test-case id="1111" name="CommitMovesTheCandidateInAndDisplacesTheRunningActivationToRetiring" fullname="GameCore.Composition.Tests.ActivationLedgerTests.CommitMovesTheCandidateInAndDisplacesTheRunningActivationToRetiring" methodname="CommitMovesTheCandidateInAndDisplacesTheRunningActivationToRetiring" classname="GameCore.Composition.Tests.ActivationLedgerTests" runstate="Runnable" seed="2061752960" result="Passed" start-time="2026-09-25 16:06:53Z" end-time="2026-09-25 16:06:53Z" duration="0.000839" asserts="0">
                <properties>
                  <property name="retryIteration" value="0" />
                  <property name="repeatIteration" value="0" />
                </properties>
              </test-case>
              <test-case id="1107" name="FirstActivationIsPermittedAndALiveDuplicateIdentityIsRefused" fullname="GameCore.Composition.Tests.ActivationLedgerTests.FirstActivationIsPermittedAndALiveDuplicateIdentityIsRefused" methodname="FirstActivationIsPermittedAndALiveDuplicateIdentityIsRefused" classname="GameCore.Composition.Tests.ActivationLedgerTests" runstate="Runnable" seed="1469467349" result="Passed" start-time="2026-09-25 16:06:53Z" end-time="2026-09-25 16:06:53Z" duration="0.000573" asserts="0">
                <properties>
                  <property name="retryIteration" value="0" />
                  <property name="repeatIteration" value="0" />
                </properties>
              </test-case>
              <test-case id="1116" name="InstallationsInReturnsExactlyTheInstancesInThatStateInCanonicalOrder" fullname="GameCore.Composition.Tests.ActivationLedgerTests.InstallationsInReturnsExactlyTheInstancesInThatStateInCanonicalOrder" methodname="InstallationsInReturnsExactlyTheInstancesInThatStateInCanonicalOrder" classname="GameCore.Composition.Tests.ActivationLedgerTests" runstate="Runnable" seed="1975138072" result="Passed" start-time="2026-09-25 16:06:53Z" end-time="2026-09-25 16:06:53Z" duration="0.000622" asserts="0">
                <properties>
                  <property name="retryIteration" value="0" />
                  <property name="repeatIteration" value="0" />
                </properties>
              </test-case>
              <test-case id="1115" name="RetireWalksTheTeardownPathAndSettlingRequiresEveryResourceSettled" fullname="GameCore.Composition.Tests.ActivationLedgerTests.RetireWalksTheTeardownPathAndSettlingRequiresEveryResourceSettled" methodname="RetireWalksTheTeardownPathAndSettlingRequiresEveryResourceSettled" classname="GameCore.Composition.Tests.ActivationLedgerTests" runstate="Runnable" seed="2095016960" result="Passed" start-time="2026-09-25 16:06:53Z" end-time="2026-09-25 16:06:53Z" duration="0.000694" asserts="0">
                <properties>
                  <property name="retryIteration" value="0" />
                  <property name="repeatIteration" value="0" />
                </properties>
              </test-case>
              <test-case id="1108" name="StagingACandidateKeepsTheRunningActivationInCharge" fullname="GameCore.Composition.Tests.ActivationLedgerTests.StagingACandidateKeepsTheRunningActivationInCharge" methodname="StagingACandidateKeepsTheRunningActivationInCharge" classname="GameCore.Composition.Tests.ActivationLedgerTests" runstate="Runnable" seed="1627959121" result="Passed" start-time="2026-09-25 16:06:53Z" end-time="2026-09-25 16:06:53Z" duration="0.000420" asserts="0">
                <properties>
                  <property name="retryIteration" value="0" />
                  <property name="repeatIteration" value="0" />
                </properties>
              </test-case>
              <test-case id="1109" name="StagingASecondCandidateIsRefusedAndLeavesTheFirstOneStaged" fullname="GameCore.Composition.Tests.ActivationLedgerTests.StagingASecondCandidateIsRefusedAndLeavesTheFirstOneStaged" methodname="StagingASecondCandidateIsRefusedAndLeavesTheFirstOneStaged" classname="GameCore.Composition.Tests.ActivationLedgerTests" runstate="Runnable" seed="508114761" result="Passed" start-time="2026-09-25 16:06:53Z" end-time="2026-09-25 16:06:53Z" duration="0.000350" asserts="0">
                <properties>
                  <property name="retryIteration" value="0" />
                  <property name="repeatIteration" value="0" />
                </properties>
              </test-case>
              <test-case id="1110" name="StagingIsRefusedForASuspendedActivation" fullname="GameCore.Composition.Tests.ActivationLedgerTests.StagingIsRefusedForASuspendedActivation" methodname="StagingIsRefusedForASuspendedActivation" classname="GameCore.Composition.Tests.ActivationLedgerTests" runstate="Runnable" seed="71601139" result="Passed" start-time="2026-09-25 16:06:53Z" end-time="2026-09-25 16:06:53Z" duration="0.000282" asserts="0">
                <properties>
                  <property name="retryIteration" value="0" />
                  <property name="repeatIteration" value="0" />
                </properties>
              </test-case>
              <test-case id="1113" name="SuspendWalksThroughQuiescingAndResumeRecordsANewAttempt" fullname="GameCore.Composition.Tests.ActivationLedgerTests.SuspendWalksThroughQuiescingAndResumeRecordsANewAttempt" methodname="SuspendWalksThroughQuiescingAndResumeRecordsANewAttempt" classname="GameCore.Composition.Tests.ActivationLedgerTests" runstate="Runnable" seed="1544147643" result="Passed" start-time="2026-09-25 16:06:53Z" end-time="2026-09-25 16:06:53Z" duration="0.000573" asserts="0">
                <properties>
                  <property name="retryIteration" value="0" />
                  <property name="repeatIteration" value="0" />
                </properties>
              </test-case>
              <test-case id="1114" name="WaitingForDependenciesRetractsOnceAndResumeFromWaitingRestoresAuthority" fullname="GameCore.Composition.Tests.ActivationLedgerTests.WaitingForDependenciesRetractsOnceAndResumeFromWaitingRestoresAuthority" methodname="WaitingForDependenciesRetractsOnceAndResumeFromWaitingRestoresAuthority" classname="GameCore.Composition.Tests.ActivationLedgerTests" runstate="Runnable" seed="1416731732" result="Passed" start-time="2026-09-25 16:06:53Z" end-time="2026-09-25 16:06:53Z" duration="0.000924" asserts="0">
                <properties>
                  <property name="retryIteration" value="0" />
                  <property name="repeatIteration" value="0" />
                </properties>
              </test-case>
            </test-suite>
            <test-suite type="TestFixture" id="1027" name="BuildHostRegressionTests" fullname="GameCore.Composition.Tests.BuildHostRegressionTests" classname="GameCore.Composition.Tests.BuildHostRegressionTests" runstate="Runnable" testcasecount="8" result="Passed" start-time="2026-09-25 16:06:53Z" end-time="2026-09-25 16:06:53Z" duration="0.024755" total="8" passed="8" failed="0" inconclusive="0" skipped="0" asserts="0">
              <properties />
              <test-case id="1031" name="DirectPublicationCannotOvertakeAnEarlierProposal" fullname="GameCore.Composition.Tests.BuildHostRegressionTests.DirectPublicationCannotOvertakeAnEarlierProposal" methodname="DirectPublicationCannotOvertakeAnEarlierProposal" classname="GameCore.Composition.Tests.BuildHostRegressionTests" runstate="Runnable" seed="2100352154" result="Passed" start-time="2026-09-25 16:06:53Z" end-time="2026-09-25 16:06:53Z" duration="0.003071" asserts="0">
                <properties>
                  <property name="retryIteration" value="0" />
                  <property name="repeatIteration" value="0" />
                </properties>
              </test-case>
              <test-case id="1032" name="ForeignWorldOperationCannotMutateThisScopeTree" fullname="GameCore.Composition.Tests.BuildHostRegressionTests.ForeignWorldOperationCannotMutateThisScopeTree" methodname="ForeignWorldOperationCannotMutateThisScopeTree" classname="GameCore.Composition.Tests.BuildHostRegressionTests" runstate="Runnable" seed="688632465" result="Passed" start-time="2026-09-25 16:06:53Z" end-time="2026-09-25 16:06:53Z" duration="0.000499" asserts="0">
                <properties>
                  <property name="retryIteration" value="0" />
                  <property name="repeatIteration" value="0" />
                </properties>
              </test-case>
              <test-case id="1033" name="ForgottenAndUnseenLowerSequencesRemainExpired" fullname="GameCore.Composition.Tests.BuildHostRegressionTests.ForgottenAndUnseenLowerSequencesRemainExpired" methodname="ForgottenAndUnseenLowerSequencesRemainExpired" classname="GameCore.Composition.Tests.BuildHostRegressionTests" runstate="Runnable" seed="1852192873" result="Passed" start-time="2026-09-25 16:06:53Z" end-time="2026-09-25 16:06:53Z" duration="0.000871" asserts="0">
                <properties>
                  <property name="retryIteration" value="0" />
                  <property name="repeatIteration" value="0" />
                </properties>
              </test-case>
              <test-case id="1035" name="ReconfigurationRetiresOnlyTheOldActivationResources" fullname="GameCore.Composition.Tests.BuildHostRegressionTests.ReconfigurationRetiresOnlyTheOldActivationResources" methodname="ReconfigurationRetiresOnlyTheOldActivationResources" classname="GameCore.Composition.Tests.BuildHostRegressionTests" runstate="Runnable" seed="563672941" result="Passed" start-time="2026-09-25 16:06:53Z" end-time="2026-09-25 16:06:53Z" duration="0.011375" asserts="0">
                <properties>
                  <property name="retryIteration" value="0" />
                  <property name="repeatIteration" value="0" />
                </properties>
              </test-case>
              <test-case id="1029" name="RequiredProviderLossRetractsTheWholeChainAndReturnReactivatesIt" fullname="GameCore.Composition.Tests.BuildHostRegressionTests.RequiredProviderLossRetractsTheWholeChainAndReturnReactivatesIt" methodname="RequiredProviderLossRetractsTheWholeChainAndReturnReactivatesIt" classname="GameCore.Composition.Tests.BuildHostRegressionTests" runstate="Runnable" seed="1462512323" result="Passed" start-time="2026-09-25 16:06:53Z" end-time="2026-09-25 16:06:53Z" duration="0.003474" asserts="0">
                <properties>
                  <property name="retryIteration" value="0" />
                  <property name="repeatIteration" value="0" />
                </properties>
              </test-case>
              <test-case id="1028" name="SuspensionClosesAuthorityAndExplicitResumeUsesAFreshActivation" fullname="GameCore.Composition.Tests.BuildHostRegressionTests.SuspensionClosesAuthorityAndExplicitResumeUsesAFreshActivation" methodname="SuspensionClosesAuthorityAndExplicitResumeUsesAFreshActivation" classname="GameCore.Composition.Tests.BuildHostRegressionTests" runstate="Runnable" seed="1026934670" result="Passed" start-time="2026-09-25 16:06:53Z" end-time="2026-09-25 16:06:53Z" duration="0.001331" asserts="0">
                <properties>
                  <property name="retryIteration" value="0" />
                  <property name="repeatIteration" value="0" />
                </properties>
              </test-case>
              <test-case id="1030" name="TerminalRetransmissionKeepsItsOriginalHandle" fullname="GameCore.Composition.Tests.BuildHostRegressionTests.TerminalRetransmissionKeepsItsOriginalHandle" methodname="TerminalRetransmissionKeepsItsOriginalHandle" classname="GameCore.Composition.Tests.BuildHostRegressionTests" runstate="Runnable" seed="759377061" result="Passed" start-time="2026-09-25 16:06:53Z" end-time="2026-09-25 16:06:53Z" duration="0.000719" asserts="0">
                <properties>
                  <property name="retryIteration" value="0" />
                  <property name="repeatIteration" value="0" />
                </properties>
              </test-case>
              <test-case id="1034" name="UnrelatedCleanupCannotChangeAnEarlierOperationResult" fullname="GameCore.Composition.Tests.BuildHostRegressionTests.UnrelatedCleanupCannotChangeAnEarlierOperationResult" methodname="UnrelatedCleanupCannotChangeAnEarlierOperationResult" classname="GameCore.Composition.Tests.BuildHostRegressionTests" runstate="Runnable" seed="661990398" result="Passed" start-time="2026-09-25 16:06:53Z" end-time="2026-09-25 16:06:53Z" duration="0.002362" asserts="0">
                <properties>
                  <property name="retryIteration" value="0" />
                  <property name="repeatIteration" value="0" />
                </properties>
              </test-case>
            </test-suite>
            <test-suite type="TestFixture" id="1036" name="CancellationIdentityTests" fullname="GameCore.Composition.Tests.CancellationIdentityTests" classname="GameCore.Composition.Tests.CancellationIdentityTests" runstate="Runnable" testcasecount="12" result="Passed" start-time="2026-09-25 16:06:53Z" end-time="2026-09-25 16:06:53Z" duration="0.010690" total="12" passed="12" failed="0" inconclusive="0" skipped="0" asserts="0">
              <properties />
              <test-case id="1043" name="AdmittedCancellationBindsItsIdentityAndKeepsTheIssuerSequenceInStep" fullname="GameCore.Composition.Tests.CancellationIdentityTests.AdmittedCancellationBindsItsIdentityAndKeepsTheIssuerSequenceInStep" methodname="AdmittedCancellationBindsItsIdentityAndKeepsTheIssuerSequenceInStep" classname="GameCore.Composition.Tests.CancellationIdentityTests" runstate="Runnable" seed="170813873" result="Passed" start-time="2026-09-25 16:06:53Z" end-time="2026-09-25 16:06:53Z" duration="0.002516" asserts="0">
                <properties>
                  <property name="retryIteration" value="0" />
                  <property name="repeatIteration" value="0" />
                </properties>
              </test-case>
              <test-case id="1044" name="CancellationDecidedAtTheApplyingLatchIsTooLateAndRecordsWhy" fullname="GameCore.Composition.Tests.CancellationIdentityTests.CancellationDecidedAtTheApplyingLatchIsTooLateAndRecordsWhy" methodname="CancellationDecidedAtTheApplyingLatchIsTooLateAndRecordsWhy" classname="GameCore.Composition.Tests.CancellationIdentityTests" runstate="Runnable" seed="413787492" result="Passed" start-time="2026-09-25 16:06:53Z" end-time="2026-09-25 16:06:53Z" duration="0.000432" asserts="0">
                <properties>
                  <property name="retryIteration" value="0" />
                  <property name="repeatIteration" value="0" />
                </properties>
              </test-case>
              <test-case id="1048" name="CancellationInputHashIsDomainSeparatedFromEditInputs" fullname="GameCore.Composition.Tests.CancellationIdentityTests.CancellationInputHashIsDomainSeparatedFromEditInputs" methodname="CancellationInputHashIsDomainSeparatedFromEditInputs" classname="GameCore.Composition.Tests.CancellationIdentityTests" runstate="Runnable" seed="1412943774" result="Passed" start-time="2026-09-25 16:06:53Z" end-time="2026-09-25 16:06:53Z" duration="0.000559" asserts="0">
                <properties>
                  <property name="retryIteration" value="0" />
                  <property name="repeatIteration" value="0" />
                </properties>
              </test-case>
              <test-case id="1045" name="CancellationOfAnUnknownTargetIsRejectedAgainstThatHandle" fullname="GameCore.Composition.Tests.CancellationIdentityTests.CancellationOfAnUnknownTargetIsRejectedAgainstThatHandle" methodname="CancellationOfAnUnknownTargetIsRejectedAgainstThatHandle" classname="GameCore.Composition.Tests.CancellationIdentityTests" runstate="Runnable" seed="1183800124" result="Passed" start-time="2026-09-25 16:06:53Z" end-time="2026-09-25 16:06:53Z" duration="0.000402" asserts="0">
                <properties>
                  <property name="retryIteration" value="0" />
                  <property name="repeatIteration" value="0" />
                </properties>
              </test-case>
              <test-case id="1042" name="CancellationRequestAtAnAlreadyUsedIssuerSequenceIsRejected" fullname="GameCore.Composition.Tests.CancellationIdentityTests.CancellationRequestAtAnAlreadyUsedIssuerSequenceIsRejected" methodname="CancellationRequestAtAnAlreadyUsedIssuerSequenceIsRejected" classname="GameCore.Composition.Tests.CancellationIdentityTests" runstate="Runnable" seed="10514685" result="Passed" start-time="2026-09-25 16:06:53Z" end-time="2026-09-25 16:06:53Z" duration="0.000593" asserts="0">
                <properties>
                  <property name="retryIteration" value="0" />
                  <property name="repeatIteration" value="0" />
                </properties>
              </test-case>
              <test-case id="1041" name="CancellationRequestWithoutRemainingLaneCapacityIsRejectedAndDecidesNothing" fullname="GameCore.Composition.Tests.CancellationIdentityTests.CancellationRequestWithoutRemainingLaneCapacityIsRejectedAndDecidesNothing" methodname="CancellationRequestWithoutRemainingLaneCapacityIsRejectedAndDecidesNothing" classname="GameCore.Composition.Tests.CancellationIdentityTests" runstate="Runnable" seed="2138698257" result="Passed" start-time="2026-09-25 16:06:53Z" end-time="2026-09-25 16:06:53Z" duration="0.000555" asserts="0">
                <properties>
                  <property name="retryIteration" value="0" />
                  <property name="repeatIteration" value="0" />
                </properties>
              </test-case>
              <test-case id="1037" name="CancellationRetransmissionCoalescesToTheOriginalOutcomeWithoutRepeatingTheCutoff" fullname="GameCore.Composition.Tests.CancellationIdentityTests.CancellationRetransmissionCoalescesToTheOriginalOutcomeWithoutRepeatingTheCutoff" methodname="CancellationRetransmissionCoalescesToTheOriginalOutcomeWithoutRepeatingTheCutoff" classname="GameCore.Composition.Tests.CancellationIdentityTests" runstate="Runnable" seed="1701942741" result="Passed" start-time="2026-09-25 16:06:53Z" end-time="2026-09-25 16:06:53Z" duration="0.000853" asserts="0">
                <properties>
                  <property name="retryIteration" value="0" />
                  <property name="repeatIteration" value="0" />
                </properties>
              </test-case>
              <test-case id="1047" name="CancelledTargetRetentionStartsAtCancellationRatherThanWorldCreation" fullname="GameCore.Composition.Tests.CancellationIdentityTests.CancelledTargetRetentionStartsAtCancellationRatherThanWorldCreation" methodname="CancelledTargetRetentionStartsAtCancellationRatherThanWorldCreation" classname="GameCore.Composition.Tests.CancellationIdentityTests" runstate="Runnable" seed="335738868" result="Passed" start-time="2026-09-25 16:06:53Z" end-time="2026-09-25 16:06:53Z" duration="0.000832" asserts="0">
                <properties>
                  <property name="retryIteration" value="0" />
                  <property name="repeatIteration" value="0" />
                </properties>
              </test-case>
              <test-case id="1038" name="ConflictingCancellationReuseKeepsTheOriginalAndLeavesTheSecondTargetUntouched" fullname="GameCore.Composition.Tests.CancellationIdentityTests.ConflictingCancellationReuseKeepsTheOriginalAndLeavesTheSecondTargetUntouched" methodname="ConflictingCancellationReuseKeepsTheOriginalAndLeavesTheSecondTargetUntouched" classname="GameCore.Composition.Tests.CancellationIdentityTests" runstate="Runnable" seed="1709997961" result="Passed" start-time="2026-09-25 16:06:53Z" end-time="2026-09-25 16:06:53Z" duration="0.000785" asserts="0">
                <properties>
                  <property name="retryIteration" value="0" />
                  <property name="repeatIteration" value="0" />
                </properties>
              </test-case>
              <test-case id="1039" name="ReusingAnEditIdentityAsACancellationIsAConflictThatCancelsNothing" fullname="GameCore.Composition.Tests.CancellationIdentityTests.ReusingAnEditIdentityAsACancellationIsAConflictThatCancelsNothing" methodname="ReusingAnEditIdentityAsACancellationIsAConflictThatCancelsNothing" classname="GameCore.Composition.Tests.CancellationIdentityTests" runstate="Runnable" seed="1538137352" result="Passed" start-time="2026-09-25 16:06:53Z" end-time="2026-09-25 16:06:53Z" duration="0.000492" asserts="0">
                <properties>
                  <property name="retryIteration" value="0" />
                  <property name="repeatIteration" value="0" />
                </properties>
              </test-case>
              <test-case id="1046" name="TheConformanceProbeForCancellationIdentityNowResolvesCorrectly" fullname="GameCore.Composition.Tests.CancellationIdentityTests.TheConformanceProbeForCancellationIdentityNowResolvesCorrectly" methodname="TheConformanceProbeForCancellationIdentityNowResolvesCorrectly" classname="GameCore.Composition.Tests.CancellationIdentityTests" runstate="Runnable" seed="359328327" result="Passed" start-time="2026-09-25 16:06:53Z" end-time="2026-09-25 16:06:53Z" duration="0.000625" asserts="0">
                <properties>
                  <property name="retryIteration" value="0" />
                  <property name="repeatIteration" value="0" />
                </properties>
              </test-case>
              <test-case id="1040" name="UnadmittedCancellationRequestIsRejectedAndChangesNothing" fullname="GameCore.Composition.Tests.CancellationIdentityTests.UnadmittedCancellationRequestIsRejectedAndChangesNothing" methodname="UnadmittedCancellationRequestIsRejectedAndChangesNothing" classname="GameCore.Composition.Tests.CancellationIdentityTests" runstate="Runnable" seed="561761234" result="Passed" start-time="2026-09-25 16:06:53Z" end-time="2026-09-25 16:06:53Z" duration="0.000778" asserts="0">
                <properties>
                  <property name="retryIteration" value="0" />
                  <property name="repeatIteration" value="0" />
                </properties>
              </test-case>
            </test-suite>
            <test-suite type="TestFixture" id="1157" name="ConfigurationTests" fullname="GameCore.Composition.Tests.ConfigurationTests" classname="GameCore.Composition.Tests.ConfigurationTests" runstate="Runnable" testcasecount="8" result="Passed" start-time="2026-09-25 16:06:53Z" end-time="2026-09-25 16:06:53Z" duration="0.014249" total="8" passed="8" failed="0" inconclusive="0" skipped="0" asserts="0">
              <properties />
              <test-case id="1160" name="ComposedDocumentHasAStableCanonicalHashAndRoundTrips" fullname="GameCore.Composition.Tests.ConfigurationTests.ComposedDocumentHasAStableCanonicalHashAndRoundTrips" methodname="ComposedDocumentHasAStableCanonicalHashAndRoundTrips" classname="GameCore.Composition.Tests.ConfigurationTests" runstate="Runnable" seed="522214738" result="Passed" start-time="2026-09-25 16:06:53Z" end-time="2026-09-25 16:06:53Z" duration="0.002295" asserts="0">
                <properties>
                  <property name="retryIteration" value="0" />
                  <property name="repeatIteration" value="0" />
                </properties>
              </test-case>
              <test-case id="1161" name="ConfigDocumentRejectsDuplicateFieldKeys" fullname="GameCore.Composition.Tests.ConfigurationTests.ConfigDocumentRejectsDuplicateFieldKeys" methodname="ConfigDocumentRejectsDuplicateFieldKeys" classname="GameCore.Composition.Tests.ConfigurationTests" runstate="Runnable" seed="1737662727" result="Passed" start-time="2026-09-25 16:06:53Z" end-time="2026-09-25 16:06:53Z" duration="0.001138" asserts="0">
                <properties>
                  <property name="retryIteration" value="0" />
                  <property name="repeatIteration" value="0" />
                </properties>
              </test-case>
              <test-case id="1164" name="DeclaredConfigurationHashMustDescribeTheComposedDocument" fullname="GameCore.Composition.Tests.ConfigurationTests.DeclaredConfigurationHashMustDescribeTheComposedDocument" methodname="DeclaredConfigurationHashMustDescribeTheComposedDocument" classname="GameCore.Composition.Tests.ConfigurationTests" runstate="Runnable" seed="1953510281" result="Passed" start-time="2026-09-25 16:06:53Z" end-time="2026-09-25 16:06:53Z" duration="0.000541" asserts="0">
                <properties>
                  <property name="retryIteration" value="0" />
                  <property name="repeatIteration" value="0" />
                </properties>
              </test-case>
              <test-case id="1159" name="EveryFieldKindRoundTripsThroughTheCanonicalDocument" fullname="GameCore.Composition.Tests.ConfigurationTests.EveryFieldKindRoundTripsThroughTheCanonicalDocument" methodname="EveryFieldKindRoundTripsThroughTheCanonicalDocument" classname="GameCore.Composition.Tests.ConfigurationTests" runstate="Runnable" seed="282177712" result="Passed" start-time="2026-09-25 16:06:53Z" end-time="2026-09-25 16:06:53Z" duration="0.004173" asserts="0">
                <properties>
                  <property name="retryIteration" value="0" />
                  <property name="repeatIteration" value="0" />
                </properties>
              </test-case>
              <test-case id="1158" name="FieldMaskDistinguishesNullFromMissingAndUnionsSets" fullname="GameCore.Composition.Tests.ConfigurationTests.FieldMaskDistinguishesNullFromMissingAndUnionsSets" methodname="FieldMaskDistinguishesNullFromMissingAndUnionsSets" classname="GameCore.Composition.Tests.ConfigurationTests" runstate="Runnable" seed="1487186039" result="Passed" start-time="2026-09-25 16:06:53Z" end-time="2026-09-25 16:06:53Z" duration="0.002466" asserts="0">
                <properties>
                  <property name="retryIteration" value="0" />
                  <property name="repeatIteration" value="0" />
                </properties>
              </test-case>
              <test-case id="1162" name="MountStoresTheComposedEffectiveConfiguration" fullname="GameCore.Composition.Tests.ConfigurationTests.MountStoresTheComposedEffectiveConfiguration" methodname="MountStoresTheComposedEffectiveConfiguration" classname="GameCore.Composition.Tests.ConfigurationTests" runstate="Runnable" seed="563730536" result="Passed" start-time="2026-09-25 16:06:53Z" end-time="2026-09-25 16:06:53Z" duration="0.000960" asserts="0">
                <properties>
                  <property name="retryIteration" value="0" />
                  <property name="repeatIteration" value="0" />
                </properties>
              </test-case>
              <test-case id="1165" name="ReconfigurePreservesStateAndIncrementsOnlyTheActivationEpoch" fullname="GameCore.Composition.Tests.ConfigurationTests.ReconfigurePreservesStateAndIncrementsOnlyTheActivationEpoch" methodname="ReconfigurePreservesStateAndIncrementsOnlyTheActivationEpoch" classname="GameCore.Composition.Tests.ConfigurationTests" runstate="Runnable" seed="1648050064" result="Passed" start-time="2026-09-25 16:06:53Z" end-time="2026-09-25 16:06:53Z" duration="0.001268" asserts="0">
                <properties>
                  <property name="retryIteration" value="0" />
                  <property name="repeatIteration" value="0" />
                </properties>
              </test-case>
              <test-case id="1163" name="UndeclaredConfigurationFieldIsRejected" fullname="GameCore.Composition.Tests.ConfigurationTests.UndeclaredConfigurationFieldIsRejected" methodname="UndeclaredConfigurationFieldIsRejected" classname="GameCore.Composition.Tests.ConfigurationTests" runstate="Runnable" seed="988746463" result="Passed" start-time="2026-09-25 16:06:53Z" end-time="2026-09-25 16:06:53Z" duration="0.000418" asserts="0">
                <properties>
                  <property name="retryIteration" value="0" />
                  <property name="repeatIteration" value="0" />
                </properties>
              </test-case>
            </test-suite>
            <test-suite type="TestFixture" id="1049" name="ControlLaneTests" fullname="GameCore.Composition.Tests.ControlLaneTests" classname="GameCore.Composition.Tests.ControlLaneTests" runstate="Runnable" testcasecount="20" result="Passed" start-time="2026-09-25 16:06:53Z" end-time="2026-09-25 16:06:53Z" duration="0.019818" total="20" passed="20" failed="0" inconclusive="0" skipped="0" asserts="0">
              <properties />
              <test-case id="1061" name="CancelBeforeTheCutoffIsCancelledAndImmediatelyAfterIsTooLate" fullname="GameCore.Composition.Tests.ControlLaneTests.CancelBeforeTheCutoffIsCancelledAndImmediatelyAfterIsTooLate" methodname="CancelBeforeTheCutoffIsCancelledAndImmediatelyAfterIsTooLate" classname="GameCore.Composition.Tests.ControlLaneTests" runstate="Runnable" seed="1617603166" result="Passed" start-time="2026-09-25 16:06:53Z" end-time="2026-09-25 16:06:53Z" duration="0.000931" asserts="0">
                <properties>
                  <property name="retryIteration" value="0" />
                  <property name="repeatIteration" value="0" />
                </properties>
              </test-case>
              <test-case id="1063" name="CancellingAnExpiredOperationReportsExpiry" fullname="GameCore.Composition.Tests.ControlLaneTests.CancellingAnExpiredOperationReportsExpiry" methodname="CancellingAnExpiredOperationReportsExpiry" classname="GameCore.Composition.Tests.ControlLaneTests" runstate="Runnable" seed="1902600243" result="Passed" start-time="2026-09-25 16:06:53Z" end-time="2026-09-25 16:06:53Z" duration="0.000483" asserts="0">
                <properties>
                  <property name="retryIteration" value="0" />
                  <property name="repeatIteration" value="0" />
                </properties>
              </test-case>
              <test-case id="1062" name="CancellingARequiredStepRejectsTheDependentProposal" fullname="GameCore.Composition.Tests.ControlLaneTests.CancellingARequiredStepRejectsTheDependentProposal" methodname="CancellingARequiredStepRejectsTheDependentProposal" classname="GameCore.Composition.Tests.ControlLaneTests" runstate="Runnable" seed="1786759551" result="Passed" start-time="2026-09-25 16:06:53Z" end-time="2026-09-25 16:06:53Z" duration="0.000521" asserts="0">
                <properties>
                  <property name="retryIteration" value="0" />
                  <property name="repeatIteration" value="0" />
                </properties>
              </test-case>
              <test-case id="1052" name="ConflictingReuseIsRejectedAndKeepsTheOriginalResult" fullname="GameCore.Composition.Tests.ControlLaneTests.ConflictingReuseIsRejectedAndKeepsTheOriginalResult" methodname="ConflictingReuseIsRejectedAndKeepsTheOriginalResult" classname="GameCore.Composition.Tests.ControlLaneTests" runstate="Runnable" seed="1482979444" result="Passed" start-time="2026-09-25 16:06:53Z" end-time="2026-09-25 16:06:53Z" duration="0.000508" asserts="0">
                <properties>
                  <property name="retryIteration" value="0" />
                  <property name="repeatIteration" value="0" />
                </properties>
              </test-case>
              <test-case id="1059" name="LaneCapacityRefusesFurtherAdmission" fullname="GameCore.Composition.Tests.ControlLaneTests.LaneCapacityRefusesFurtherAdmission" methodname="LaneCapacityRefusesFurtherAdmission" classname="GameCore.Composition.Tests.ControlLaneTests" runstate="Runnable" seed="338819949" result="Passed" start-time="2026-09-25 16:06:53Z" end-time="2026-09-25 16:06:53Z" duration="0.000968" asserts="0">
                <properties>
                  <property name="retryIteration" value="0" />
                  <property name="repeatIteration" value="0" />
                </properties>
              </test-case>
              <test-case id="1056" name="ModeSwitchPublishesOneSettingAndKeepsAutomaticAsTheDefault" fullname="GameCore.Composition.Tests.ControlLaneTests.ModeSwitchPublishesOneSettingAndKeepsAutomaticAsTheDefault" methodname="ModeSwitchPublishesOneSettingAndKeepsAutomaticAsTheDefault" classname="GameCore.Composition.Tests.ControlLaneTests" runstate="Runnable" seed="1235247616" result="Passed" start-time="2026-09-25 16:06:53Z" end-time="2026-09-25 16:06:53Z" duration="0.000834" asserts="0">
                <properties>
                  <property name="retryIteration" value="0" />
                  <property name="repeatIteration" value="0" />
                </properties>
              </test-case>
              <test-case id="1055" name="NoChangeIncrementsNothing" fullname="GameCore.Composition.Tests.ControlLaneTests.NoChangeIncrementsNothing" methodname="NoChangeIncrementsNothing" classname="GameCore.Composition.Tests.ControlLaneTests" runstate="Runnable" seed="198785509" result="Passed" start-time="2026-09-25 16:06:53Z" end-time="2026-09-25 16:06:53Z" duration="0.000338" asserts="0">
                <properties>
                  <property name="retryIteration" value="0" />
                  <property name="repeatIteration" value="0" />
                </properties>
              </test-case>
              <test-case id="1067" name="PayloadEncodingRoundTripsEveryField" fullname="GameCore.Composition.Tests.ControlLaneTests.PayloadEncodingRoundTripsEveryField" methodname="PayloadEncodingRoundTripsEveryField" classname="GameCore.Composition.Tests.ControlLaneTests" runstate="Runnable" seed="166941292" result="Passed" start-time="2026-09-25 16:06:53Z" end-time="2026-09-25 16:06:53Z" duration="0.006580" asserts="0">
                <properties>
                  <property name="retryIteration" value="0" />
                  <property name="repeatIteration" value="0" />
                </properties>
              </test-case>
              <test-case id="1069" name="PlanHashIsCanonicalForTheSameDeclarationAndBaseRevision" fullname="GameCore.Composition.Tests.ControlLaneTests.PlanHashIsCanonicalForTheSameDeclarationAndBaseRevision" methodname="PlanHashIsCanonicalForTheSameDeclarationAndBaseRevision" classname="GameCore.Composition.Tests.ControlLaneTests" runstate="Runnable" seed="498470680" result="Passed" start-time="2026-09-25 16:06:53Z" end-time="2026-09-25 16:06:53Z" duration="0.000700" asserts="0">
                <properties>
                  <property name="retryIteration" value="0" />
                  <property name="repeatIteration" value="0" />
                </properties>
              </test-case>
              <test-case id="1050" name="PublicationMovesRevisionAndEpochButNeverTheLogicalStep" fullname="GameCore.Composition.Tests.ControlLaneTests.PublicationMovesRevisionAndEpochButNeverTheLogicalStep" methodname="PublicationMovesRevisionAndEpochButNeverTheLogicalStep" classname="GameCore.Composition.Tests.ControlLaneTests" runstate="Runnable" seed="976918809" result="Passed" start-time="2026-09-25 16:06:53Z" end-time="2026-09-25 16:06:53Z" duration="0.000495" asserts="0">
                <properties>
                  <property name="retryIteration" value="0" />
                  <property name="repeatIteration" value="0" />
                </properties>
              </test-case>
              <test-case id="1068" name="RemountingAStableInstanceIdentityAdvancesItsInstallationGeneration" fullname="GameCore.Composition.Tests.ControlLaneTests.RemountingAStableInstanceIdentityAdvancesItsInstallationGeneration" methodname="RemountingAStableInstanceIdentityAdvancesItsInstallationGeneration" classname="GameCore.Composition.Tests.ControlLaneTests" runstate="Runnable" seed="1064741516" result="Passed" start-time="2026-09-25 16:06:53Z" end-time="2026-09-25 16:06:53Z" duration="0.000662" asserts="0">
                <properties>
                  <property name="retryIteration" value="0" />
                  <property name="repeatIteration" value="0" />
                </properties>
              </test-case>
              <test-case id="1060" name="ReorderedIssuerSequenceIsRefused" fullname="GameCore.Composition.Tests.ControlLaneTests.ReorderedIssuerSequenceIsRefused" methodname="ReorderedIssuerSequenceIsRefused" classname="GameCore.Composition.Tests.ControlLaneTests" runstate="Runnable" seed="692954463" result="Passed" start-time="2026-09-25 16:06:53Z" end-time="2026-09-25 16:06:53Z" duration="0.000570" asserts="0">
                <properties>
                  <property name="retryIteration" value="0" />
                  <property name="repeatIteration" value="0" />
                </properties>
              </test-case>
              <test-case id="1058" name="ResultsAlsoExpireByLogicalStepWindow" fullname="GameCore.Composition.Tests.ControlLaneTests.ResultsAlsoExpireByLogicalStepWindow" methodname="ResultsAlsoExpireByLogicalStepWindow" classname="GameCore.Composition.Tests.ControlLaneTests" runstate="Runnable" seed="307253110" result="Passed" start-time="2026-09-25 16:06:53Z" end-time="2026-09-25 16:06:53Z" duration="0.000414" asserts="0">
                <properties>
                  <property name="retryIteration" value="0" />
                  <property name="repeatIteration" value="0" />
                </properties>
              </test-case>
              <test-case id="1057" name="ResultsExpireByCountAndAnExpiredOperationCannotReexecute" fullname="GameCore.Composition.Tests.ControlLaneTests.ResultsExpireByCountAndAnExpiredOperationCannotReexecute" methodname="ResultsExpireByCountAndAnExpiredOperationCannotReexecute" classname="GameCore.Composition.Tests.ControlLaneTests" runstate="Runnable" seed="1612343691" result="Passed" start-time="2026-09-25 16:06:53Z" end-time="2026-09-25 16:06:53Z" duration="0.001060" asserts="0">
                <properties>
                  <property name="retryIteration" value="0" />
                  <property name="repeatIteration" value="0" />
                </properties>
              </test-case>
              <test-case id="1051" name="SameOperationIdAndSameInputCoalesceToOnePublication" fullname="GameCore.Composition.Tests.ControlLaneTests.SameOperationIdAndSameInputCoalesceToOnePublication" methodname="SameOperationIdAndSameInputCoalesceToOnePublication" classname="GameCore.Composition.Tests.ControlLaneTests" runstate="Runnable" seed="1305834967" result="Passed" start-time="2026-09-25 16:06:53Z" end-time="2026-09-25 16:06:53Z" duration="0.000564" asserts="0">
                <properties>
                  <property name="retryIteration" value="0" />
                  <property name="repeatIteration" value="0" />
                </properties>
              </test-case>
              <test-case id="1066" name="SeamSubmissionRequiresTheDeclaredKindToMatchTheSubject" fullname="GameCore.Composition.Tests.ControlLaneTests.SeamSubmissionRequiresTheDeclaredKindToMatchTheSubject" methodname="SeamSubmissionRequiresTheDeclaredKindToMatchTheSubject" classname="GameCore.Composition.Tests.ControlLaneTests" runstate="Runnable" seed="1587713513" result="Passed" start-time="2026-09-25 16:06:53Z" end-time="2026-09-25 16:06:53Z" duration="0.000678" asserts="0">
                <properties>
                  <property name="retryIteration" value="0" />
                  <property name="repeatIteration" value="0" />
                </properties>
              </test-case>
              <test-case id="1064" name="SeveralAdmittedProposalsPublishInAdmissionOrder" fullname="GameCore.Composition.Tests.ControlLaneTests.SeveralAdmittedProposalsPublishInAdmissionOrder" methodname="SeveralAdmittedProposalsPublishInAdmissionOrder" classname="GameCore.Composition.Tests.ControlLaneTests" runstate="Runnable" seed="1385934383" result="Passed" start-time="2026-09-25 16:06:53Z" end-time="2026-09-25 16:06:53Z" duration="0.000552" asserts="0">
                <properties>
                  <property name="retryIteration" value="0" />
                  <property name="repeatIteration" value="0" />
                </properties>
              </test-case>
              <test-case id="1054" name="StagedProposalIsInspectableWhileTheCommittedRevisionIsUnchanged" fullname="GameCore.Composition.Tests.ControlLaneTests.StagedProposalIsInspectableWhileTheCommittedRevisionIsUnchanged" methodname="StagedProposalIsInspectableWhileTheCommittedRevisionIsUnchanged" classname="GameCore.Composition.Tests.ControlLaneTests" runstate="Runnable" seed="1082573415" result="Passed" start-time="2026-09-25 16:06:53Z" end-time="2026-09-25 16:06:53Z" duration="0.000502" asserts="0">
                <properties>
                  <property name="retryIteration" value="0" />
                  <property name="repeatIteration" value="0" />
                </properties>
              </test-case>
              <test-case id="1053" name="StaleExpectedRevisionIsRejectedWithoutPublishing" fullname="GameCore.Composition.Tests.ControlLaneTests.StaleExpectedRevisionIsRejectedWithoutPublishing" methodname="StaleExpectedRevisionIsRejectedWithoutPublishing" classname="GameCore.Composition.Tests.ControlLaneTests" runstate="Runnable" seed="191361351" result="Passed" start-time="2026-09-25 16:06:53Z" end-time="2026-09-25 16:06:53Z" duration="0.000383" asserts="0">
                <properties>
                  <property name="retryIteration" value="0" />
                  <property name="repeatIteration" value="0" />
                </properties>
              </test-case>
              <test-case id="1065" name="UndecodableProposalIsRejectedThroughTheFrozenSeam" fullname="GameCore.Composition.Tests.ControlLaneTests.UndecodableProposalIsRejectedThroughTheFrozenSeam" methodname="UndecodableProposalIsRejectedThroughTheFrozenSeam" classname="GameCore.Composition.Tests.ControlLaneTests" runstate="Runnable" seed="1906101302" result="Passed" start-time="2026-09-25 16:06:53Z" end-time="2026-09-25 16:06:53Z" duration="0.000265" asserts="0">
                <properties>
                  <property name="retryIteration" value="0" />
                  <property name="repeatIteration" value="0" />
                </properties>
              </test-case>
            </test-suite>
            <test-suite type="TestFixture" id="1070" name="DeclaredScopeTreeTests" fullname="GameCore.Composition.Tests.DeclaredScopeTreeTests" classname="GameCore.Composition.Tests.DeclaredScopeTreeTests" runstate="Runnable" testcasecount="6" result="Passed" start-time="2026-09-25 16:06:53Z" end-time="2026-09-25 16:06:53Z" duration="0.005964" total="6" passed="6" failed="0" inconclusive="0" skipped="0" asserts="0">
              <properties />
              <test-case id="1076" name="ADeclaredTreeIsNotTheSameAsASeedWithoutOne" fullname="GameCore.Composition.Tests.DeclaredScopeTreeTests.ADeclaredTreeIsNotTheSameAsASeedWithoutOne" methodname="ADeclaredTreeIsNotTheSameAsASeedWithoutOne" classname="GameCore.Composition.Tests.DeclaredScopeTreeTests" runstate="Runnable" seed="2096150634" result="Passed" start-time="2026-09-25 16:06:53Z" end-time="2026-09-25 16:06:53Z" duration="0.000583" asserts="0">
                <properties>
                  <property name="retryIteration" value="0" />
                  <property name="repeatIteration" value="0" />
                </properties>
              </test-case>
              <test-case id="1071" name="ADeclaredTreeOpensTheCommittedCompositionWithEveryDeclaredScope" fullname="GameCore.Composition.Tests.DeclaredScopeTreeTests.ADeclaredTreeOpensTheCommittedCompositionWithEveryDeclaredScope" methodname="ADeclaredTreeOpensTheCommittedCompositionWithEveryDeclaredScope" classname="GameCore.Composition.Tests.DeclaredScopeTreeTests" runstate="Runnable" seed="353050317" result="Passed" start-time="2026-09-25 16:06:53Z" end-time="2026-09-25 16:06:53Z" duration="0.001774" asserts="0">
                <properties>
                  <property name="retryIteration" value="0" />
                  <property name="repeatIteration" value="0" />
                </properties>
              </test-case>
              <test-case id="1075" name="ADeclaredTreesRegistrationOrderDoesNotMatter" fullname="GameCore.Composition.Tests.DeclaredScopeTreeTests.ADeclaredTreesRegistrationOrderDoesNotMatter" methodname="ADeclaredTreesRegistrationOrderDoesNotMatter" classname="GameCore.Composition.Tests.DeclaredScopeTreeTests" runstate="Runnable" seed="781695358" result="Passed" start-time="2026-09-25 16:06:53Z" end-time="2026-09-25 16:06:53Z" duration="0.000700" asserts="0">
                <properties>
                  <property name="retryIteration" value="0" />
                  <property name="repeatIteration" value="0" />
                </properties>
              </test-case>
              <test-case id="1074" name="AMalformedDeclaredTreeIsRefusedBeforeTheLaneIsExposed" fullname="GameCore.Composition.Tests.DeclaredScopeTreeTests.AMalformedDeclaredTreeIsRefusedBeforeTheLaneIsExposed" methodname="AMalformedDeclaredTreeIsRefusedBeforeTheLaneIsExposed" classname="GameCore.Composition.Tests.DeclaredScopeTreeTests" runstate="Runnable" seed="783898738" result="Passed" start-time="2026-09-25 16:06:53Z" end-time="2026-09-25 16:06:53Z" duration="0.000841" asserts="0">
                <properties>
                  <property name="retryIteration" value="0" />
                  <property name="repeatIteration" value="0" />
                </properties>
              </test-case>
              <test-case id="1072" name="ASeedWithoutADeclaredTreeStillOpensARootOnlyWorld" fullname="GameCore.Composition.Tests.DeclaredScopeTreeTests.ASeedWithoutADeclaredTreeStillOpensARootOnlyWorld" methodname="ASeedWithoutADeclaredTreeStillOpensARootOnlyWorld" classname="GameCore.Composition.Tests.DeclaredScopeTreeTests" runstate="Runnable" seed="590628852" result="Passed" start-time="2026-09-25 16:06:53Z" end-time="2026-09-25 16:06:53Z" duration="0.000744" asserts="0">
                <properties>
                  <property name="retryIteration" value="0" />
                  <property name="repeatIteration" value="0" />
                </properties>
              </test-case>
              <test-case id="1073" name="WithScopesKeepsTheSeedsPublicationAndConsistency" fullname="GameCore.Composition.Tests.DeclaredScopeTreeTests.WithScopesKeepsTheSeedsPublicationAndConsistency" methodname="WithScopesKeepsTheSeedsPublicationAndConsistency" classname="GameCore.Composition.Tests.DeclaredScopeTreeTests" runstate="Runnable" seed="1541848630" result="Passed" start-time="2026-09-25 16:06:53Z" end-time="2026-09-25 16:06:53Z" duration="0.000457" asserts="0">
                <properties>
                  <property name="retryIteration" value="0" />
                  <property name="repeatIteration" value="0" />
                </properties>
              </test-case>
            </test-suite>
            <test-suite type="TestFixture" id="1077" name="DiagnosticContractTests" fullname="GameCore.Composition.Tests.DiagnosticContractTests" classname="GameCore.Composition.Tests.DiagnosticContractTests" runstate="Runnable" testcasecount="4" result="Passed" start-time="2026-09-25 16:06:53Z" end-time="2026-09-25 16:06:53Z" duration="0.007377" total="4" passed="4" failed="0" inconclusive="0" skipped="0" asserts="0">
              <properties />
              <test-case id="1079" name="AMissingRequiredProviderDiagnosticNamesTheContractAndZeroProviders" fullname="GameCore.Composition.Tests.DiagnosticContractTests.AMissingRequiredProviderDiagnosticNamesTheContractAndZeroProviders" methodname="AMissingRequiredProviderDiagnosticNamesTheContractAndZeroProviders" classname="GameCore.Composition.Tests.DiagnosticContractTests" runstate="Runnable" seed="2075336011" result="Passed" start-time="2026-09-25 16:06:53Z" end-time="2026-09-25 16:06:53Z" duration="0.000993" asserts="0">
                <properties>
                  <property name="retryIteration" value="0" />
                  <property name="repeatIteration" value="0" />
                </properties>
              </test-case>
              <test-case id="1078" name="AServiceConflictDiagnosticNamesTheOperationPhaseInvolvedProvidersAndRetry" fullname="GameCore.Composition.Tests.DiagnosticContractTests.AServiceConflictDiagnosticNamesTheOperationPhaseInvolvedProvidersAndRetry" methodname="AServiceConflictDiagnosticNamesTheOperationPhaseInvolvedProvidersAndRetry" classname="GameCore.Composition.Tests.DiagnosticContractTests" runstate="Runnable" seed="5502876" result="Passed" start-time="2026-09-25 16:06:53Z" end-time="2026-09-25 16:06:53Z" duration="0.002250" asserts="0">
                <properties>
                  <property name="retryIteration" value="0" />
                  <property name="repeatIteration" value="0" />
                </properties>
              </test-case>
              <test-case id="1080" name="AValidationRejectionDiagnosticCarriesTheOperationAndAClassification" fullname="GameCore.Composition.Tests.DiagnosticContractTests.AValidationRejectionDiagnosticCarriesTheOperationAndAClassification" methodname="AValidationRejectionDiagnosticCarriesTheOperationAndAClassification" classname="GameCore.Composition.Tests.DiagnosticContractTests" runstate="Runnable" seed="1117573925" result="Passed" start-time="2026-09-25 16:06:53Z" end-time="2026-09-25 16:06:53Z" duration="0.000438" asserts="0">
                <properties>
                  <property name="retryIteration" value="0" />
                  <property name="repeatIteration" value="0" />
                </properties>
              </test-case>
              <test-case id="1081" name="EveryReachableRefusalCarriesItsCodePhaseOperationAndClassification" fullname="GameCore.Composition.Tests.DiagnosticContractTests.EveryReachableRefusalCarriesItsCodePhaseOperationAndClassification" methodname="EveryReachableRefusalCarriesItsCodePhaseOperationAndClassification" classname="GameCore.Composition.Tests.DiagnosticContractTests" runstate="Runnable" seed="1275080149" result="Passed" start-time="2026-09-25 16:06:53Z" end-time="2026-09-25 16:06:53Z" duration="0.003067" asserts="0">
                <properties>
                  <property name="retryIteration" value="0" />
                  <property name="repeatIteration" value="0" />
                </properties>
              </test-case>
            </test-suite>
            <test-suite type="TestFixture" id="1082" name="IncrementalInvalidationTests" fullname="GameCore.Composition.Tests.IncrementalInvalidationTests" classname="GameCore.Composition.Tests.IncrementalInvalidationTests" runstate="Runnable" testcasecount="10" result="Passed" start-time="2026-09-25 16:06:53Z" end-time="2026-09-25 16:06:53Z" duration="0.009396" total="10" passed="10" failed="0" inconclusive="0" skipped="0" asserts="0">
              <properties />
              <test-case id="1092" name="ALaneWithoutAValidatorBehavesExactlyAsBefore" fullname="GameCore.Composition.Tests.IncrementalInvalidationTests.ALaneWithoutAValidatorBehavesExactlyAsBefore" methodname="ALaneWithoutAValidatorBehavesExactlyAsBefore" classname="GameCore.Composition.Tests.IncrementalInvalidationTests" runstate="Runnable" seed="1864567365" result="Passed" start-time="2026-09-25 16:06:53Z" end-time="2026-09-25 16:06:53Z" duration="0.000415" asserts="0">
                <properties>
                  <property name="retryIteration" value="0" />
                  <property name="repeatIteration" value="0" />
                </properties>
              </test-case>
              <test-case id="1083" name="AModeSwitchPublishesAWholeWorldChangeSet" fullname="GameCore.Composition.Tests.IncrementalInvalidationTests.AModeSwitchPublishesAWholeWorldChangeSet" methodname="AModeSwitchPublishesAWholeWorldChangeSet" classname="GameCore.Composition.Tests.IncrementalInvalidationTests" runstate="Runnable" seed="184688208" result="Passed" start-time="2026-09-25 16:06:53Z" end-time="2026-09-25 16:06:53Z" duration="0.001217" asserts="0">
                <properties>
                  <property name="retryIteration" value="0" />
                  <property name="repeatIteration" value="0" />
                </properties>
              </test-case>
              <test-case id="1090" name="AnAcceptingValidatorIsAskedAboutEveryProposalAndChangesNothing" fullname="GameCore.Composition.Tests.IncrementalInvalidationTests.AnAcceptingValidatorIsAskedAboutEveryProposalAndChangesNothing" methodname="AnAcceptingValidatorIsAskedAboutEveryProposalAndChangesNothing" classname="GameCore.Composition.Tests.IncrementalInvalidationTests" runstate="Runnable" seed="1371579009" result="Passed" start-time="2026-09-25 16:06:53Z" end-time="2026-09-25 16:06:53Z" duration="0.001082" asserts="0">
                <properties>
                  <property name="retryIteration" value="0" />
                  <property name="repeatIteration" value="0" />
                </properties>
              </test-case>
              <test-case id="1087" name="AnExclusionEditAndAnImportEditAreBothReportedAsScopeFacts" fullname="GameCore.Composition.Tests.IncrementalInvalidationTests.AnExclusionEditAndAnImportEditAreBothReportedAsScopeFacts" methodname="AnExclusionEditAndAnImportEditAreBothReportedAsScopeFacts" classname="GameCore.Composition.Tests.IncrementalInvalidationTests" runstate="Runnable" seed="546713145" result="Passed" start-time="2026-09-25 16:06:53Z" end-time="2026-09-25 16:06:53Z" duration="0.001937" asserts="0">
                <properties>
                  <property name="retryIteration" value="0" />
                  <property name="repeatIteration" value="0" />
                </properties>
              </test-case>
              <test-case id="1086" name="AnIsolationEditIsVisibleAsAChangeRatherThanAnEmptyDelta" fullname="GameCore.Composition.Tests.IncrementalInvalidationTests.AnIsolationEditIsVisibleAsAChangeRatherThanAnEmptyDelta" methodname="AnIsolationEditIsVisibleAsAChangeRatherThanAnEmptyDelta" classname="GameCore.Composition.Tests.IncrementalInvalidationTests" runstate="Runnable" seed="2118724044" result="Passed" start-time="2026-09-25 16:06:53Z" end-time="2026-09-25 16:06:53Z" duration="0.000867" asserts="0">
                <properties>
                  <property name="retryIteration" value="0" />
                  <property name="repeatIteration" value="0" />
                </properties>
              </test-case>
              <test-case id="1091" name="ARefusalAlsoWorksForANonModeEditSoTheSeamIsGeneral" fullname="GameCore.Composition.Tests.IncrementalInvalidationTests.ARefusalAlsoWorksForANonModeEditSoTheSeamIsGeneral" methodname="ARefusalAlsoWorksForANonModeEditSoTheSeamIsGeneral" classname="GameCore.Composition.Tests.IncrementalInvalidationTests" runstate="Runnable" seed="133295283" result="Passed" start-time="2026-09-25 16:06:53Z" end-time="2026-09-25 16:06:53Z" duration="0.000770" asserts="0">
                <properties>
                  <property name="retryIteration" value="0" />
                  <property name="repeatIteration" value="0" />
                </properties>
              </test-case>
              <test-case id="1088" name="AScopeReparentReportsTheMoveAndItsNewParent" fullname="GameCore.Composition.Tests.IncrementalInvalidationTests.AScopeReparentReportsTheMoveAndItsNewParent" methodname="AScopeReparentReportsTheMoveAndItsNewParent" classname="GameCore.Composition.Tests.IncrementalInvalidationTests" runstate="Runnable" seed="1692306293" result="Passed" start-time="2026-09-25 16:06:53Z" end-time="2026-09-25 16:06:53Z" duration="0.000858" asserts="0">
                <properties>
                  <property name="retryIteration" value="0" />
                  <property name="repeatIteration" value="0" />
                </properties>
              </test-case>
              <test-case id="1089" name="AValidatorRefusalRejectsTheSwitchAndKeepsTheOldModeAndRevision" fullname="GameCore.Composition.Tests.IncrementalInvalidationTests.AValidatorRefusalRejectsTheSwitchAndKeepsTheOldModeAndRevision" methodname="AValidatorRefusalRejectsTheSwitchAndKeepsTheOldModeAndRevision" classname="GameCore.Composition.Tests.IncrementalInvalidationTests" runstate="Runnable" seed="2054437648" result="Passed" start-time="2026-09-25 16:06:53Z" end-time="2026-09-25 16:06:53Z" duration="0.000475" asserts="0">
                <properties>
                  <property name="retryIteration" value="0" />
                  <property name="repeatIteration" value="0" />
                </properties>
              </test-case>
              <test-case id="1084" name="BothModeSwitchDirectionsPublishAndAreReported" fullname="GameCore.Composition.Tests.IncrementalInvalidationTests.BothModeSwitchDirectionsPublishAndAreReported" methodname="BothModeSwitchDirectionsPublishAndAreReported" classname="GameCore.Composition.Tests.IncrementalInvalidationTests" runstate="Runnable" seed="1840438324" result="Passed" start-time="2026-09-25 16:06:53Z" end-time="2026-09-25 16:06:53Z" duration="0.000433" asserts="0">
                <properties>
                  <property name="retryIteration" value="0" />
                  <property name="repeatIteration" value="0" />
                </properties>
              </test-case>
              <test-case id="1085" name="RepeatingTheCurrentModeIsNoChangeAndReportsNothing" fullname="GameCore.Composition.Tests.IncrementalInvalidationTests.RepeatingTheCurrentModeIsNoChangeAndReportsNothing" methodname="RepeatingTheCurrentModeIsNoChangeAndReportsNothing" classname="GameCore.Composition.Tests.IncrementalInvalidationTests" runstate="Runnable" seed="1276370868" result="Passed" start-time="2026-09-25 16:06:53Z" end-time="2026-09-25 16:06:53Z" duration="0.000267" asserts="0">
                <properties>
                  <property name="retryIteration" value="0" />
                  <property name="repeatIteration" value="0" />
                </properties>
              </test-case>
            </test-suite>
            <test-suite type="TestFixture" id="1093" name="InstallationLifecycleTests" fullname="GameCore.Composition.Tests.InstallationLifecycleTests" classname="GameCore.Composition.Tests.InstallationLifecycleTests" runstate="Runnable" testcasecount="5" result="Passed" start-time="2026-09-25 16:06:53Z" end-time="2026-09-25 16:06:53Z" duration="0.004277" total="5" passed="5" failed="0" inconclusive="0" skipped="0" asserts="0">
              <properties />
              <test-case id="1094" name="EveryStatePairMatchesTheLifecycleDiagramExactly" fullname="GameCore.Composition.Tests.InstallationLifecycleTests.EveryStatePairMatchesTheLifecycleDiagramExactly" methodname="EveryStatePairMatchesTheLifecycleDiagramExactly" classname="GameCore.Composition.Tests.InstallationLifecycleTests" runstate="Runnable" seed="1152755899" result="Passed" start-time="2026-09-25 16:06:53Z" end-time="2026-09-25 16:06:53Z" duration="0.000739" asserts="0">
                <properties>
                  <property name="retryIteration" value="0" />
                  <property name="repeatIteration" value="0" />
                </properties>
              </test-case>
              <test-case id="1097" name="HostRefusesAnIllegalLifecycleRequestAndKeepsTheInstallation" fullname="GameCore.Composition.Tests.InstallationLifecycleTests.HostRefusesAnIllegalLifecycleRequestAndKeepsTheInstallation" methodname="HostRefusesAnIllegalLifecycleRequestAndKeepsTheInstallation" classname="GameCore.Composition.Tests.InstallationLifecycleTests" runstate="Runnable" seed="223423480" result="Passed" start-time="2026-09-25 16:06:53Z" end-time="2026-09-25 16:06:53Z" duration="0.001015" asserts="0">
                <properties>
                  <property name="retryIteration" value="0" />
                  <property name="repeatIteration" value="0" />
                </properties>
              </test-case>
[...]
                <properties>
                  <property name="retryIteration" value="0" />
                  <property name="repeatIteration" value="0" />
                </properties>
              </test-case>
              <test-case id="1907" name="BothCompositionsRunInTheirOwnWorldOnOneKernelImage" fullname="GameCore.W3Gate.Tests.W3GateIntegrationTests.BothCompositionsRunInTheirOwnWorldOnOneKernelImage" methodname="BothCompositionsRunInTheirOwnWorldOnOneKernelImage" classname="GameCore.W3Gate.Tests.W3GateIntegrationTests" runstate="Runnable" seed="1454588755" result="Passed" start-time="2026-09-25 16:07:26Z" end-time="2026-09-25 16:07:26Z" duration="0.000360" asserts="0">
                <properties>
                  <property name="retryIteration" value="0" />
                  <property name="repeatIteration" value="0" />
                </properties>
              </test-case>
              <test-case id="1904" name="EveryGateCheckPasses" fullname="GameCore.W3Gate.Tests.W3GateIntegrationTests.EveryGateCheckPasses" methodname="EveryGateCheckPasses" classname="GameCore.W3Gate.Tests.W3GateIntegrationTests" runstate="Runnable" seed="1685376225" result="Passed" start-time="2026-09-25 16:07:26Z" end-time="2026-09-25 16:07:26Z" duration="0.000560" asserts="0">
                <properties>
                  <property name="retryIteration" value="0" />
                  <property name="repeatIteration" value="0" />
                </properties>
              </test-case>
              <test-case id="1908" name="NoIdleCommandStepInEitherFamily" fullname="GameCore.W3Gate.Tests.W3GateIntegrationTests.NoIdleCommandStepInEitherFamily" methodname="NoIdleCommandStepInEitherFamily" classname="GameCore.W3Gate.Tests.W3GateIntegrationTests" runstate="Runnable" seed="2020543111" result="Passed" start-time="2026-09-25 16:07:26Z" end-time="2026-09-25 16:07:26Z" duration="0.000456" asserts="0">
                <properties>
                  <property name="retryIteration" value="0" />
                  <property name="repeatIteration" value="0" />
                </properties>
              </test-case>
              <test-case id="1906" name="NoKernelAsmdefReferencesAGameplayAssembly" fullname="GameCore.W3Gate.Tests.W3GateIntegrationTests.NoKernelAsmdefReferencesAGameplayAssembly" methodname="NoKernelAsmdefReferencesAGameplayAssembly" classname="GameCore.W3Gate.Tests.W3GateIntegrationTests" runstate="Runnable" seed="1148469705" result="Passed" start-time="2026-09-25 16:07:26Z" end-time="2026-09-25 16:07:26Z" duration="0.004196" asserts="0">
                <properties>
                  <property name="retryIteration" value="0" />
                  <property name="repeatIteration" value="0" />
                </properties>
              </test-case>
              <test-case id="1905" name="NoLoadedKernelAssemblyReferencesAGameplayPackage" fullname="GameCore.W3Gate.Tests.W3GateIntegrationTests.NoLoadedKernelAssemblyReferencesAGameplayPackage" methodname="NoLoadedKernelAssemblyReferencesAGameplayPackage" classname="GameCore.W3Gate.Tests.W3GateIntegrationTests" runstate="Runnable" seed="1208957351" result="Passed" start-time="2026-09-25 16:07:26Z" end-time="2026-09-25 16:07:26Z" duration="0.000343" asserts="0">
                <properties>
                  <property name="retryIteration" value="0" />
                  <property name="repeatIteration" value="0" />
                </properties>
              </test-case>
              <test-case id="1912" name="TheCardDomainTransferCommitsBothSides" fullname="GameCore.W3Gate.Tests.W3GateIntegrationTests.TheCardDomainTransferCommitsBothSides" methodname="TheCardDomainTransferCommitsBothSides" classname="GameCore.W3Gate.Tests.W3GateIntegrationTests" runstate="Runnable" seed="1820501030" result="Passed" start-time="2026-09-25 16:07:26Z" end-time="2026-09-25 16:07:26Z" duration="0.000436" asserts="0">
                <properties>
                  <property name="retryIteration" value="0" />
                  <property name="repeatIteration" value="0" />
                </properties>
              </test-case>
              <test-case id="1910" name="TheCardModifierReachesExistingAndFutureSeatsAutomatically" fullname="GameCore.W3Gate.Tests.W3GateIntegrationTests.TheCardModifierReachesExistingAndFutureSeatsAutomatically" methodname="TheCardModifierReachesExistingAndFutureSeatsAutomatically" classname="GameCore.W3Gate.Tests.W3GateIntegrationTests" runstate="Runnable" seed="3877901" result="Passed" start-time="2026-09-25 16:07:26Z" end-time="2026-09-25 16:07:26Z" duration="0.000500" asserts="0">
                <properties>
                  <property name="retryIteration" value="0" />
                  <property name="repeatIteration" value="0" />
                </properties>
              </test-case>
              <test-case id="1909" name="TheNarrativeChapterReachesExistingAndFutureTargetsAutomatically" fullname="GameCore.W3Gate.Tests.W3GateIntegrationTests.TheNarrativeChapterReachesExistingAndFutureTargetsAutomatically" methodname="TheNarrativeChapterReachesExistingAndFutureTargetsAutomatically" classname="GameCore.W3Gate.Tests.W3GateIntegrationTests" runstate="Runnable" seed="354334856" result="Passed" start-time="2026-09-25 16:07:26Z" end-time="2026-09-25 16:07:26Z" duration="0.000810" asserts="0">
                <properties>
                  <property name="retryIteration" value="0" />
                  <property name="repeatIteration" value="0" />
                </properties>
              </test-case>
              <test-case id="1911" name="TheNarrativeStateChangeIsVisibleInTheCommittedSnapshot" fullname="GameCore.W3Gate.Tests.W3GateIntegrationTests.TheNarrativeStateChangeIsVisibleInTheCommittedSnapshot" methodname="TheNarrativeStateChangeIsVisibleInTheCommittedSnapshot" classname="GameCore.W3Gate.Tests.W3GateIntegrationTests" runstate="Runnable" seed="1831716042" result="Passed" start-time="2026-09-25 16:07:26Z" end-time="2026-09-25 16:07:26Z" duration="0.000620" asserts="0">
                <properties>
                  <property name="retryIteration" value="0" />
                  <property name="repeatIteration" value="0" />
                </properties>
              </test-case>
            </test-suite>
          </test-suite>
        </test-suite>
      </test-suite>
    </test-suite>
    <test-suite type="Assembly" id="1922" name="GameCore.W4Gate.Tests.dll" fullname="/home/worlesenric/wkspace/gc-wt/w4-gate/unity/GameCore.Validation/Library/ScriptAssemblies/GameCore.W4Gate.Tests.dll" runstate="Runnable" testcasecount="3" result="Passed" start-time="2026-09-25 16:07:26Z" end-time="2026-09-25 16:07:26Z" duration="0.190970" total="3" passed="3" failed="0" inconclusive="0" skipped="0" asserts="0">
      <properties>
        <property name="_PID" value="1594624" />
        <property name="_APPDOMAIN" value="Unity Child Domain" />
        <property name="platform" value="EditMode" />
        <property name="EditorOnly" value="True" />
      </properties>
      <test-suite type="TestSuite" id="1923" name="GameCore" fullname="GameCore" runstate="Runnable" testcasecount="3" result="Passed" start-time="2026-09-25 16:07:26Z" end-time="2026-09-25 16:07:26Z" duration="0.190843" total="3" passed="3" failed="0" inconclusive="0" skipped="0" asserts="0">
        <properties />
        <test-suite type="TestSuite" id="1924" name="W4Gate" fullname="GameCore.W4Gate" runstate="Runnable" testcasecount="3" result="Passed" start-time="2026-09-25 16:07:26Z" end-time="2026-09-25 16:07:26Z" duration="0.190794" total="3" passed="3" failed="0" inconclusive="0" skipped="0" asserts="0">
          <properties />
          <test-suite type="TestSuite" id="1925" name="Tests" fullname="GameCore.W4Gate.Tests" runstate="Runnable" testcasecount="3" result="Passed" start-time="2026-09-25 16:07:26Z" end-time="2026-09-25 16:07:26Z" duration="0.190745" total="3" passed="3" failed="0" inconclusive="0" skipped="0" asserts="0">
            <properties />
            <test-suite type="TestFixture" id="1918" name="W4GateIntegrationTests" fullname="GameCore.W4Gate.Tests.W4GateIntegrationTests" classname="GameCore.W4Gate.Tests.W4GateIntegrationTests" runstate="Runnable" testcasecount="3" result="Passed" start-time="2026-09-25 16:07:26Z" end-time="2026-09-25 16:07:26Z" duration="0.190679" total="3" passed="3" failed="0" inconclusive="0" skipped="0" asserts="0">
              <properties />
              <test-case id="1920" name="TheCardFamilyPassesEveryObservationOverBothCatalogs" fullname="GameCore.W4Gate.Tests.W4GateIntegrationTests.TheCardFamilyPassesEveryObservationOverBothCatalogs" methodname="TheCardFamilyPassesEveryObservationOverBothCatalogs" classname="GameCore.W4Gate.Tests.W4GateIntegrationTests" runstate="Runnable" seed="1695168051" result="Passed" start-time="2026-09-25 16:07:26Z" end-time="2026-09-25 16:07:26Z" duration="0.077122" asserts="0">
                <properties>
                  <property name="retryIteration" value="0" />
                  <property name="repeatIteration" value="0" />
                </properties>
              </test-case>
              <test-case id="1921" name="TheGateObservationTableIsExactlyThePublishedSequence" fullname="GameCore.W4Gate.Tests.W4GateIntegrationTests.TheGateObservationTableIsExactlyThePublishedSequence" methodname="TheGateObservationTableIsExactlyThePublishedSequence" classname="GameCore.W4Gate.Tests.W4GateIntegrationTests" runstate="Runnable" seed="1368069596" result="Passed" start-time="2026-09-25 16:07:26Z" end-time="2026-09-25 16:07:26Z" duration="0.000549" asserts="0">
                <properties>
                  <property name="retryIteration" value="0" />
                  <property name="repeatIteration" value="0" />
                </properties>
              </test-case>
              <test-case id="1919" name="TheNarrativeFamilyPassesEveryObservationOverBothCatalogs" fullname="GameCore.W4Gate.Tests.W4GateIntegrationTests.TheNarrativeFamilyPassesEveryObservationOverBothCatalogs" methodname="TheNarrativeFamilyPassesEveryObservationOverBothCatalogs" classname="GameCore.W4Gate.Tests.W4GateIntegrationTests" runstate="Runnable" seed="418114418" result="Passed" start-time="2026-09-25 16:07:26Z" end-time="2026-09-25 16:07:26Z" duration="0.112421" asserts="0">
                <properties>
                  <property name="retryIteration" value="0" />
                  <property name="repeatIteration" value="0" />
                </properties>
              </test-case>
            </test-suite>
          </test-suite>
        </test-suite>
      </test-suite>
    </test-suite>
    <test-suite type="Assembly" id="1937" name="GameCore.W4Profile.Tests.dll" fullname="/home/worlesenric/wkspace/gc-wt/w4-gate/unity/GameCore.Validation/Library/ScriptAssemblies/GameCore.W4Profile.Tests.dll" runstate="Runnable" testcasecount="10" result="Passed" start-time="2026-09-25 16:07:26Z" end-time="2026-09-25 16:07:26Z" duration="0.050795" total="10" passed="10" failed="0" inconclusive="0" skipped="0" asserts="0">
      <properties>
        <property name="_PID" value="1594624" />
        <property name="_APPDOMAIN" value="Unity Child Domain" />
        <property name="platform" value="EditMode" />
        <property name="EditorOnly" value="True" />
      </properties>
      <test-suite type="TestSuite" id="1938" name="GameCore" fullname="GameCore" runstate="Runnable" testcasecount="10" result="Passed" start-time="2026-09-25 16:07:26Z" end-time="2026-09-25 16:07:26Z" duration="0.050186" total="10" passed="10" failed="0" inconclusive="0" skipped="0" asserts="0">
        <properties />
        <test-suite type="TestSuite" id="1939" name="W4Profile" fullname="GameCore.W4Profile" runstate="Runnable" testcasecount="10" result="Passed" start-time="2026-09-25 16:07:26Z" end-time="2026-09-25 16:07:26Z" duration="0.050098" total="10" passed="10" failed="0" inconclusive="0" skipped="0" asserts="0">
          <properties />
          <test-suite type="TestSuite" id="1940" name="Tests" fullname="GameCore.W4Profile.Tests" runstate="Runnable" testcasecount="10" result="Passed" start-time="2026-09-25 16:07:26Z" end-time="2026-09-25 16:07:26Z" duration="0.050039" total="10" passed="10" failed="0" inconclusive="0" skipped="0" asserts="0">
            <properties />
            <test-suite type="TestFixture" id="1926" name="W4ProfileIntegrationTests" fullname="GameCore.W4Profile.Tests.W4ProfileIntegrationTests" classname="GameCore.W4Profile.Tests.W4ProfileIntegrationTests" runstate="Runnable" testcasecount="10" result="Passed" start-time="2026-09-25 16:07:26Z" end-time="2026-09-25 16:07:26Z" duration="0.049922" total="10" passed="10" failed="0" inconclusive="0" skipped="0" asserts="0">
              <properties />
              <test-case id="1929" name="BothFamiliesRunLateInOneProcessAndLeaveNoWorld" fullname="GameCore.W4Profile.Tests.W4ProfileIntegrationTests.BothFamiliesRunLateInOneProcessAndLeaveNoWorld" methodname="BothFamiliesRunLateInOneProcessAndLeaveNoWorld" classname="GameCore.W4Profile.Tests.W4ProfileIntegrationTests" runstate="Runnable" seed="248225056" result="Passed" start-time="2026-09-25 16:07:26Z" end-time="2026-09-25 16:07:26Z" duration="0.000388" asserts="0">
                <properties>
                  <property name="retryIteration" value="0" />
                  <property name="repeatIteration" value="0" />
                </properties>
              </test-case>
              <test-case id="1928" name="BothGeneratedFamilyEntriesResolveAndAreInactive" fullname="GameCore.W4Profile.Tests.W4ProfileIntegrationTests.BothGeneratedFamilyEntriesResolveAndAreInactive" methodname="BothGeneratedFamilyEntriesResolveAndAreInactive" classname="GameCore.W4Profile.Tests.W4ProfileIntegrationTests" runstate="Runnable" seed="1903430776" result="Passed" start-time="2026-09-25 16:07:26Z" end-time="2026-09-25 16:07:26Z" duration="0.000258" asserts="0">
                <properties>
                  <property name="retryIteration" value="0" />
                  <property name="repeatIteration" value="0" />
                </properties>
              </test-case>
              <test-case id="1927" name="EveryProfileCheckPasses" fullname="GameCore.W4Profile.Tests.W4ProfileIntegrationTests.EveryProfileCheckPasses" methodname="EveryProfileCheckPasses" classname="GameCore.W4Profile.Tests.W4ProfileIntegrationTests" runstate="Runnable" seed="207315783" result="Passed" start-time="2026-09-25 16:07:26Z" end-time="2026-09-25 16:07:26Z" duration="0.000401" asserts="0">
                <properties>
                  <property name="retryIteration" value="0" />
                  <property name="repeatIteration" value="0" />
                </properties>
              </test-case>
              <test-case id="1935" name="NoKernelAsmdefReferencesAGameplayAssembly" fullname="GameCore.W4Profile.Tests.W4ProfileIntegrationTests.NoKernelAsmdefReferencesAGameplayAssembly" methodname="NoKernelAsmdefReferencesAGameplayAssembly" classname="GameCore.W4Profile.Tests.W4ProfileIntegrationTests" runstate="Runnable" seed="631368181" result="Passed" start-time="2026-09-25 16:07:26Z" end-time="2026-09-25 16:07:26Z" duration="0.002158" asserts="0">
                <properties>
                  <property name="retryIteration" value="0" />
                  <property name="repeatIteration" value="0" />
                </properties>
              </test-case>
              <test-case id="1934" name="NoLoadedKernelAssemblyReferencesAGameplayOrRulesAssembly" fullname="GameCore.W4Profile.Tests.W4ProfileIntegrationTests.NoLoadedKernelAssemblyReferencesAGameplayOrRulesAssembly" methodname="NoLoadedKernelAssemblyReferencesAGameplayOrRulesAssembly" classname="GameCore.W4Profile.Tests.W4ProfileIntegrationTests" runstate="Runnable" seed="2054641875" result="Passed" start-time="2026-09-25 16:07:26Z" end-time="2026-09-25 16:07:26Z" duration="0.000882" asserts="0">
                <properties>
                  <property name="retryIteration" value="0" />
                  <property name="repeatIteration" value="0" />
                </properties>
              </test-case>
              <test-case id="1936" name="TheAdditiveFixtureMountsTheNestedProviderOnItsOwnScope" fullname="GameCore.W4Profile.Tests.W4ProfileIntegrationTests.TheAdditiveFixtureMountsTheNestedProviderOnItsOwnScope" methodname="TheAdditiveFixtureMountsTheNestedProviderOnItsOwnScope" classname="GameCore.W4Profile.Tests.W4ProfileIntegrationTests" runstate="Runnable" seed="1705643198" result="Passed" start-time="2026-09-25 16:07:26Z" end-time="2026-09-25 16:07:26Z" duration="0.000320" asserts="0">
                <properties>
                  <property name="retryIteration" value="0" />
                  <property name="repeatIteration" value="0" />
                </properties>
              </test-case>
              <test-case id="1932" name="TheAdditiveSlotCarriesItsComposedValueAndEverySupporter" fullname="GameCore.W4Profile.Tests.W4ProfileIntegrationTests.TheAdditiveSlotCarriesItsComposedValueAndEverySupporter" methodname="TheAdditiveSlotCarriesItsComposedValueAndEverySupporter" classname="GameCore.W4Profile.Tests.W4ProfileIntegrationTests" runstate="Runnable" seed="1259473842" result="Passed" start-time="2026-09-25 16:07:26Z" end-time="2026-09-25 16:07:26Z" duration="0.000258" asserts="0">
                <properties>
                  <property name="retryIteration" value="0" />
                  <property name="repeatIteration" value="0" />
                </properties>
              </test-case>
              <test-case id="1931" name="TheCardRunsAgreeCanonically" fullname="GameCore.W4Profile.Tests.W4ProfileIntegrationTests.TheCardRunsAgreeCanonically" methodname="TheCardRunsAgreeCanonically" classname="GameCore.W4Profile.Tests.W4ProfileIntegrationTests" runstate="Runnable" seed="845236370" result="Passed" start-time="2026-09-25 16:07:26Z" end-time="2026-09-25 16:07:26Z" duration="0.000168" asserts="0">
                <properties>
                  <property name="retryIteration" value="0" />
                  <property name="repeatIteration" value="0" />
                </properties>
              </test-case>
              <test-case id="1933" name="TheGeneratedEntryRootsTheFamilyRegistrationSurfaceItself" fullname="GameCore.W4Profile.Tests.W4ProfileIntegrationTests.TheGeneratedEntryRootsTheFamilyRegistrationSurfaceItself" methodname="TheGeneratedEntryRootsTheFamilyRegistrationSurfaceItself" classname="GameCore.W4Profile.Tests.W4ProfileIntegrationTests" runstate="Runnable" seed="39370275" result="Passed" start-time="2026-09-25 16:07:26Z" end-time="2026-09-25 16:07:26Z" duration="0.000284" asserts="0">
                <properties>
                  <property name="retryIteration" value="0" />
                  <property name="repeatIteration" value="0" />
                </properties>
              </test-case>
              <test-case id="1930" name="TheNarrativeRunsMatchTheDeclaredCanonicalTraceAndEachOther" fullname="GameCore.W4Profile.Tests.W4ProfileIntegrationTests.TheNarrativeRunsMatchTheDeclaredCanonicalTraceAndEachOther" methodname="TheNarrativeRunsMatchTheDeclaredCanonicalTraceAndEachOther" classname="GameCore.W4Profile.Tests.W4ProfileIntegrationTests" runstate="Runnable" seed="1812422855" result="Passed" start-time="2026-09-25 16:07:26Z" end-time="2026-09-25 16:07:26Z" duration="0.000186" asserts="0">
                <properties>
                  <property name="retryIteration" value="0" />
                  <property name="repeatIteration" value="0" />
                </properties>
                <output><![CDATA[Saving results to: /home/worlesenric/.config/unity3d/GameCore/GameCoreProbe/TestResults.xml
]]></output>
              </test-case>
            </test-suite>
          </test-suite>
        </test-suite>
      </test-suite>
    </test-suite>
  </test-suite>
</test-run>