<?xml version="1.0" encoding="utf-8"?>
<TestRun id="4eed4abc-d1f0-40fc-bcef-e85e3e70843d" name="@worlesenric 2026-09-26 16:55:48" xmlns="http://microsoft.com/schemas/VisualStudio/TeamTest/2010">
  <Times creation="2026-09-26T16:55:48.1434044+08:00" queuing="2026-09-26T16:55:48.1434044+08:00" start="2026-09-26T16:55:47.5216864+08:00" finish="2026-09-26T16:55:48.1705710+08:00" />
  <TestSettings name="default" id="5a841f13-e30c-4e06-9be4-6c3531363598">
    <Deployment runDeploymentRoot="_worlesenric_2026-09-26_16_55_48" />
  </TestSettings>
  <Results>
    <UnitTestResult executionId="4a0c4c82-e8f0-4994-91cb-c04d667c0116" testId="ac328f24-fc5f-c95f-7002-cd4e4da1e13a" testName="ResourceLedgerRetiresInReverseOrderAndQuarantinesTheFailedRelease" computerName="worlesenric" duration="00:00:00.0028460" startTime="2026-09-26T16:55:48.0939491+08:00" endTime="2026-09-26T16:55:48.0967945+08:00" testType="13cdc9d9-ddb5-4fa4-a97d-d965ccfc6d4b" outcome="Passed" testListId="8c84fa94-04c1-424b-9868-57a2d4851a1d" relativeResultsDirectory="4a0c4c82-e8f0-4994-91cb-c04d667c0116" />
    <UnitTestResult executionId="b93e6afc-f6af-4188-817a-e8c0a6de45be" testId="3530962c-8b08-0273-b193-cfdd4fe2eab5" testName="ApiSnapshotAndFixtureRootsResolveFromTheRepository" computerName="worlesenric" duration="00:00:00.0001830" startTime="2026-09-26T16:55:48.0096007+08:00" endTime="2026-09-26T16:55:48.0097843+08:00" testType="13cdc9d9-ddb5-4fa4-a97d-d965ccfc6d4b" outcome="Passed" testListId="8c84fa94-04c1-424b-9868-57a2d4851a1d" relativeResultsDirectory="b93e6afc-f6af-4188-817a-e8c0a6de45be" />
    <UnitTestResult executionId="1c0ee035-be85-4b32-8bb1-1a3c6b86c814" testId="e1774b76-c692-a92a-7eda-36d1b4645b68" testName="SeamApiSnapshotMatchesCommittedFile" computerName="worlesenric" duration="00:00:00.0148690" startTime="2026-09-26T16:55:47.9927630+08:00" endTime="2026-09-26T16:55:48.0076317+08:00" testType="13cdc9d9-ddb5-4fa4-a97d-d965ccfc6d4b" outcome="Passed" testListId="8c84fa94-04c1-424b-9868-57a2d4851a1d" relativeResultsDirectory="1c0ee035-be85-4b32-8bb1-1a3c6b86c814" />
    <UnitTestResult executionId="957c765b-0134-49af-86ea-2fdff0527847" testId="22d76bcf-6054-f7f8-c474-aec21dc14102" testName="TimeDebtRefusesToBecomeNegativeOrWrap" computerName="worlesenric" duration="00:00:00.0002980" startTime="2026-09-26T16:55:48.0971236+08:00" endTime="2026-09-26T16:55:48.0974217+08:00" testType="13cdc9d9-ddb5-4fa4-a97d-d965ccfc6d4b" outcome="Passed" testListId="8c84fa94-04c1-424b-9868-57a2d4851a1d" relativeResultsDirectory="957c765b-0134-49af-86ea-2fdff0527847" />
    <UnitTestResult executionId="e634e703-8847-40a2-b33c-c1989720119e" testId="1d810114-6320-763b-9364-04cab31fb10e" testName="CompositionHostDoubleAdmitsStaleRejectsRetainsAndExpires" computerName="worlesenric" duration="00:00:00.0104239" startTime="2026-09-26T16:55:48.0342099+08:00" endTime="2026-09-26T16:55:48.0446336+08:00" testType="13cdc9d9-ddb5-4fa4-a97d-d965ccfc6d4b" outcome="Passed" testListId="8c84fa94-04c1-424b-9868-57a2d4851a1d" relativeResultsDirectory="e634e703-8847-40a2-b33c-c1989720119e" />
    <UnitTestResult executionId="b0f09460-4bc8-4e3e-b310-0d15dc87c0be" testId="44393411-8886-43e4-471b-63daf54783fa" testName="HandleGenerationZeroIsNeverAllocatedAndSlotsAreUnsigned" computerName="worlesenric" duration="00:00:00.0050700" startTime="2026-09-26T16:55:48.0667638+08:00" endTime="2026-09-26T16:55:48.0718331+08:00" testType="13cdc9d9-ddb5-4fa4-a97d-d965ccfc6d4b" outcome="Passed" testListId="8c84fa94-04c1-424b-9868-57a2d4851a1d" relativeResultsDirectory="b0f09460-4bc8-4e3e-b310-0d15dc87c0be" />
    <UnitTestResult executionId="bcba7abf-af32-41a0-af5e-cf6f6f2b966a" testId="716c4b7d-18fb-65f7-bece-aae7ee956104" testName="CanonicalMapOrderIsIndependentOfInsertionOrderAndReportsDuplicates" computerName="worlesenric" duration="00:00:00.0066530" startTime="2026-09-26T16:55:48.0176999+08:00" endTime="2026-09-26T16:55:48.0243523+08:00" testType="13cdc9d9-ddb5-4fa4-a97d-d965ccfc6d4b" outcome="Passed" testListId="8c84fa94-04c1-424b-9868-57a2d4851a1d" relativeResultsDirectory="bcba7abf-af32-41a0-af5e-cf6f6f2b966a" />
    <UnitTestResult executionId="3a4cc594-159d-49da-bdbd-d50ec2be0e77" testId="4221d7bc-224e-b4d0-e885-94afe3f9bddc" testName="LifecycleObserverRecordsChangesAndCommittedSteps" computerName="worlesenric" duration="00:00:00.0011210" startTime="2026-09-26T16:55:48.0898641+08:00" endTime="2026-09-26T16:55:48.0909854+08:00" testType="13cdc9d9-ddb5-4fa4-a97d-d965ccfc6d4b" outcome="Passed" testListId="8c84fa94-04c1-424b-9868-57a2d4851a1d" relativeResultsDirectory="3a4cc594-159d-49da-bdbd-d50ec2be0e77" />
    <UnitTestResult executionId="df39ba76-7152-4bb9-bb03-616fba10a5b3" testId="649197f0-cec6-3424-2ff5-fedb9577b6bb" testName="CatalogLookupReportsMissingKeysAndUnsupportedVersions" computerName="worlesenric" duration="00:00:00.0097900" startTime="2026-09-26T16:55:48.0243880+08:00" endTime="2026-09-26T16:55:48.0341776+08:00" testType="13cdc9d9-ddb5-4fa4-a97d-d965ccfc6d4b" outcome="Passed" testListId="8c84fa94-04c1-424b-9868-57a2d4851a1d" relativeResultsDirectory="df39ba76-7152-4bb9-bb03-616fba10a5b3" />
    <UnitTestResult executionId="8927f368-eabc-4557-b8c3-51d4c9d0a6d6" testId="50091f9a-c536-8dea-1383-3a9caf51e4d6" testName="HostLedgerDistinguishesUnknownFromExpired" computerName="worlesenric" duration="00:00:00.0040040" startTime="2026-09-26T16:55:48.0738497+08:00" endTime="2026-09-26T16:55:48.0778537+08:00" testType="13cdc9d9-ddb5-4fa4-a97d-d965ccfc6d4b" outcome="Passed" testListId="8c84fa94-04c1-424b-9868-57a2d4851a1d" relativeResultsDirectory="8927f368-eabc-4557-b8c3-51d4c9d0a6d6" />
    <UnitTestResult executionId="8157302b-7a56-4799-97ba-df048348e8ce" testId="a7ae154e-b77a-da3d-3166-de717fb5e8b6" testName="GeneratedListingIsDeterministicAndExcludesAssemblyName" computerName="worlesenric" duration="00:00:00.0407650" startTime="2026-09-26T16:55:47.9494730+08:00" endTime="2026-09-26T16:55:47.9901867+08:00" testType="13cdc9d9-ddb5-4fa4-a97d-d965ccfc6d4b" outcome="Passed" testListId="8c84fa94-04c1-424b-9868-57a2d4851a1d" relativeResultsDirectory="8157302b-7a56-4799-97ba-df048348e8ce" />
    <UnitTestResult executionId="2f1a8900-01c5-4377-8a37-2a5ea44a1aea" testId="e6f20a6a-1c8d-30cf-0140-a1e5cbc574ae" testName="ObservationReaderReturnsExpiryAndBackpressureInsteadOfThrowing" computerName="worlesenric" duration="00:00:00.0029250" startTime="2026-09-26T16:55:48.0910057+08:00" endTime="2026-09-26T16:55:48.0939301+08:00" testType="13cdc9d9-ddb5-4fa4-a97d-d965ccfc6d4b" outcome="Passed" testListId="8c84fa94-04c1-424b-9868-57a2d4851a1d" relativeResultsDirectory="2f1a8900-01c5-4377-8a37-2a5ea44a1aea" />
    <UnitTestResult executionId="1fb0b90c-d8bb-4546-8ed6-062b0ce331ac" testId="e8745615-eb5c-4a83-b2fe-aebbc6d82be6" testName="ExplanationPagingIsBoundedAndStagedPlanReadsAreLabelled" computerName="worlesenric" duration="00:00:00.0049900" startTime="2026-09-26T16:55:48.0617470+08:00" endTime="2026-09-26T16:55:48.0667365+08:00" testType="13cdc9d9-ddb5-4fa4-a97d-d965ccfc6d4b" outcome="Passed" testListId="8c84fa94-04c1-424b-9868-57a2d4851a1d" relativeResultsDirectory="1fb0b90c-d8bb-4546-8ed6-062b0ce331ac" />
    <UnitTestResult executionId="941333ae-c68c-4400-93ae-24ffd8276cda" testId="c091883c-49a9-9694-25d0-6310db701b2b" testName="VersionDomainsUseTypedCounters" computerName="worlesenric" duration="00:00:00.0004310" startTime="2026-09-26T16:55:48.0974341+08:00" endTime="2026-09-26T16:55:48.0978651+08:00" testType="13cdc9d9-ddb5-4fa4-a97d-d965ccfc6d4b" outcome="Passed" testListId="8c84fa94-04c1-424b-9868-57a2d4851a1d" relativeResultsDirectory="941333ae-c68c-4400-93ae-24ffd8276cda" />
    <UnitTestResult executionId="9d28585f-796b-4459-87f2-08ed30d08ea3" testId="430ac3ec-6eeb-7e0d-543f-353b70893c16" testName="Id128ParsingAcceptsOnlyTheCanonicalLowercaseForm" computerName="worlesenric" duration="00:00:00.0002780" startTime="2026-09-26T16:55:48.0888279+08:00" endTime="2026-09-26T16:55:48.0891058+08:00" testType="13cdc9d9-ddb5-4fa4-a97d-d965ccfc6d4b" outcome="Passed" testListId="8c84fa94-04c1-424b-9868-57a2d4851a1d" relativeResultsDirectory="9d28585f-796b-4459-87f2-08ed30d08ea3" />
    <UnitTestResult executionId="30386cdc-b2c7-42ae-9b04-7053ea2c7edd" testId="3e986657-0ff6-94b8-3149-cd09c334ddac" testName="PendingHeaderIsTreatedAsFailureWithClearMessage" computerName="worlesenric" duration="00:00:00.0013610" startTime="2026-09-26T16:55:47.9913713+08:00" endTime="2026-09-26T16:55:47.9927318+08:00" testType="13cdc9d9-ddb5-4fa4-a97d-d965ccfc6d4b" outcome="Passed" testListId="8c84fa94-04c1-424b-9868-57a2d4851a1d" relativeResultsDirectory="30386cdc-b2c7-42ae-9b04-7053ea2c7edd" />
    <UnitTestResult executionId="9aeb2e41-9365-47ed-b0fa-c6ac9275e12b" testId="b714dd36-75bf-5c46-4888-5636ef315d8e" testName="CallbackGateRejectsForeignWorldAndStaleActivation" computerName="worlesenric" duration="00:00:00.0078710" startTime="2026-09-26T16:55:48.0097980+08:00" endTime="2026-09-26T16:55:48.0176685+08:00" testType="13cdc9d9-ddb5-4fa4-a97d-d965ccfc6d4b" outcome="Passed" testListId="8c84fa94-04c1-424b-9868-57a2d4851a1d" relativeResultsDirectory="9aeb2e41-9365-47ed-b0fa-c6ac9275e12b" />
    <UnitTestResult executionId="f10624e6-c3dc-4b16-987c-5f5a47ae814d" testId="96b1dc78-9c8b-bcb9-c630-ddd1b913a11b" testName="HostLedgerKeepsTheOriginalResultOnConflictingReuse" computerName="worlesenric" duration="00:00:00.0056860" startTime="2026-09-26T16:55:48.0798507+08:00" endTime="2026-09-26T16:55:48.0855369+08:00" testType="13cdc9d9-ddb5-4fa4-a97d-d965ccfc6d4b" outcome="Passed" testListId="8c84fa94-04c1-424b-9868-57a2d4851a1d" relativeResultsDirectory="f10624e6-c3dc-4b16-987c-5f5a47ae814d" />
    <UnitTestResult executionId="6121c8a0-3088-4100-8c16-fe893334e6c0" testId="5c062fe0-a391-cb63-c8e0-d2b0cbe44288" testName="ExecutionDriverRetainsTimeDebtAndStopsDispatchAtTheFailingEntry" computerName="worlesenric" duration="00:00:00.0158939" startTime="2026-09-26T16:55:48.0458298+08:00" endTime="2026-09-26T16:55:48.0617239+08:00" testType="13cdc9d9-ddb5-4fa4-a97d-d965ccfc6d4b" outcome="Passed" testListId="8c84fa94-04c1-424b-9868-57a2d4851a1d" relativeResultsDirectory="6121c8a0-3088-4100-8c16-fe893334e6c0" />
    <UnitTestResult executionId="85fdf8ca-3ad3-4f80-8c25-c9dfb5bfa638" testId="c8a2bc68-db93-13f7-24b1-112255f7bc32" testName="ContentHashParsingAcceptsOnlyTheCanonicalLowercaseForm" computerName="worlesenric" duration="00:00:00.0011360" startTime="2026-09-26T16:55:48.0446659+08:00" endTime="2026-09-26T16:55:48.0458018+08:00" testType="13cdc9d9-ddb5-4fa4-a97d-d965ccfc6d4b" outcome="Passed" testListId="8c84fa94-04c1-424b-9868-57a2d4851a1d" relativeResultsDirectory="85fdf8ca-3ad3-4f80-8c25-c9dfb5bfa638" />
    <UnitTestResult executionId="8111c7e5-9ba0-41d5-859d-e6280631e2f7" testId="48127a2a-7669-c50a-1c9d-bf2118d95106" testName="StalledJobBlocksStopInsteadOfBeingFreedOnTimeout" computerName="worlesenric" duration="00:00:00.0002830" startTime="2026-09-26T16:55:48.0968246+08:00" endTime="2026-09-26T16:55:48.0971073+08:00" testType="13cdc9d9-ddb5-4fa4-a97d-d965ccfc6d4b" outcome="Passed" testListId="8c84fa94-04c1-424b-9868-57a2d4851a1d" relativeResultsDirectory="8111c7e5-9ba0-41d5-859d-e6280631e2f7" />
  </Results>
  <TestDefinitions>
    <UnitTest name="ApiSnapshotAndFixtureRootsResolveFromTheRepository" storage="/home/worlesenric/wkspace/gc-wt/gc-025/dotnet/tests/gamecore.referenceseams.tests/bin/release/net8.0/gamecore.referenceseams.tests.dll" id="3530962c-8b08-0273-b193-cfdd4fe2eab5">
      <Execution id="b93e6afc-f6af-4188-817a-e8c0a6de45be" />
      <TestMethod codeBase="/home/worlesenric/wkspace/gc-wt/gc-025/dotnet/tests/GameCore.ReferenceSeams.Tests/bin/Release/net8.0/GameCore.ReferenceSeams.Tests.dll" adapterTypeName="executor://nunit3testexecutor/" className="GameCore.ReferenceSeams.Tests.SeamContractTests" name="ApiSnapshotAndFixtureRootsResolveFromTheRepository" />
    </UnitTest>
    <UnitTest name="VersionDomainsUseTypedCounters" storage="/home/worlesenric/wkspace/gc-wt/gc-025/dotnet/tests/gamecore.referenceseams.tests/bin/release/net8.0/gamecore.referenceseams.tests.dll" id="c091883c-49a9-9694-25d0-6310db701b2b">
      <Execution id="941333ae-c68c-4400-93ae-24ffd8276cda" />
      <TestMethod codeBase="/home/worlesenric/wkspace/gc-wt/gc-025/dotnet/tests/GameCore.ReferenceSeams.Tests/bin/Release/net8.0/GameCore.ReferenceSeams.Tests.dll" adapterTypeName="executor://nunit3testexecutor/" className="GameCore.ReferenceSeams.Tests.SeamContractTests" name="VersionDomainsUseTypedCounters" />
    </UnitTest>
    <UnitTest name="GeneratedListingIsDeterministicAndExcludesAssemblyName" storage="/home/worlesenric/wkspace/gc-wt/gc-025/dotnet/tests/gamecore.referenceseams.tests/bin/release/net8.0/gamecore.referenceseams.tests.dll" id="a7ae154e-b77a-da3d-3166-de717fb5e8b6">
      <Execution id="8157302b-7a56-4799-97ba-df048348e8ce" />
      <TestMethod codeBase="/home/worlesenric/wkspace/gc-wt/gc-025/dotnet/tests/GameCore.ReferenceSeams.Tests/bin/Release/net8.0/GameCore.ReferenceSeams.Tests.dll" adapterTypeName="executor://nunit3testexecutor/" className="GameCore.ReferenceSeams.Tests.ApiSnapshotTests" name="GeneratedListingIsDeterministicAndExcludesAssemblyName" />
    </UnitTest>
    <UnitTest name="HostLedgerKeepsTheOriginalResultOnConflictingReuse" storage="/home/worlesenric/wkspace/gc-wt/gc-025/dotnet/tests/gamecore.referenceseams.tests/bin/release/net8.0/gamecore.referenceseams.tests.dll" id="96b1dc78-9c8b-bcb9-c630-ddd1b913a11b">
      <Execution id="f10624e6-c3dc-4b16-987c-5f5a47ae814d" />
      <TestMethod codeBase="/home/worlesenric/wkspace/gc-wt/gc-025/dotnet/tests/GameCore.ReferenceSeams.Tests/bin/Release/net8.0/GameCore.ReferenceSeams.Tests.dll" adapterTypeName="executor://nunit3testexecutor/" className="GameCore.ReferenceSeams.Tests.SeamContractTests" name="HostLedgerKeepsTheOriginalResultOnConflictingReuse" />
    </UnitTest>
    <UnitTest name="CallbackGateRejectsForeignWorldAndStaleActivation" storage="/home/worlesenric/wkspace/gc-wt/gc-025/dotnet/tests/gamecore.referenceseams.tests/bin/release/net8.0/gamecore.referenceseams.tests.dll" id="b714dd36-75bf-5c46-4888-5636ef315d8e">
      <Execution id="9aeb2e41-9365-47ed-b0fa-c6ac9275e12b" />
      <TestMethod codeBase="/home/worlesenric/wkspace/gc-wt/gc-025/dotnet/tests/GameCore.ReferenceSeams.Tests/bin/Release/net8.0/GameCore.ReferenceSeams.Tests.dll" adapterTypeName="executor://nunit3testexecutor/" className="GameCore.ReferenceSeams.Tests.SeamContractTests" name="CallbackGateRejectsForeignWorldAndStaleActivation" />
    </UnitTest>
    <UnitTest name="ResourceLedgerRetiresInReverseOrderAndQuarantinesTheFailedRelease" storage="/home/worlesenric/wkspace/gc-wt/gc-025/dotnet/tests/gamecore.referenceseams.tests/bin/release/net8.0/gamecore.referenceseams.tests.dll" id="ac328f24-fc5f-c95f-7002-cd4e4da1e13a">
      <Execution id="4a0c4c82-e8f0-4994-91cb-c04d667c0116" />
      <TestMethod codeBase="/home/worlesenric/wkspace/gc-wt/gc-025/dotnet/tests/GameCore.ReferenceSeams.Tests/bin/Release/net8.0/GameCore.ReferenceSeams.Tests.dll" adapterTypeName="executor://nunit3testexecutor/" className="GameCore.ReferenceSeams.Tests.SeamContractTests" name="ResourceLedgerRetiresInReverseOrderAndQuarantinesTheFailedRelease" />
    </UnitTest>
    <UnitTest name="TimeDebtRefusesToBecomeNegativeOrWrap" storage="/home/worlesenric/wkspace/gc-wt/gc-025/dotnet/tests/gamecore.referenceseams.tests/bin/release/net8.0/gamecore.referenceseams.tests.dll" id="22d76bcf-6054-f7f8-c474-aec21dc14102">
      <Execution id="957c765b-0134-49af-86ea-2fdff0527847" />
      <TestMethod codeBase="/home/worlesenric/wkspace/gc-wt/gc-025/dotnet/tests/GameCore.ReferenceSeams.Tests/bin/Release/net8.0/GameCore.ReferenceSeams.Tests.dll" adapterTypeName="executor://nunit3testexecutor/" className="GameCore.ReferenceSeams.Tests.SeamContractTests" name="TimeDebtRefusesToBecomeNegativeOrWrap" />
    </UnitTest>
    <UnitTest name="CanonicalMapOrderIsIndependentOfInsertionOrderAndReportsDuplicates" storage="/home/worlesenric/wkspace/gc-wt/gc-025/dotnet/tests/gamecore.referenceseams.tests/bin/release/net8.0/gamecore.referenceseams.tests.dll" id="716c4b7d-18fb-65f7-bece-aae7ee956104">
      <Execution id="bcba7abf-af32-41a0-af5e-cf6f6f2b966a" />
      <TestMethod codeBase="/home/worlesenric/wkspace/gc-wt/gc-025/dotnet/tests/GameCore.ReferenceSeams.Tests/bin/Release/net8.0/GameCore.ReferenceSeams.Tests.dll" adapterTypeName="executor://nunit3testexecutor/" className="GameCore.ReferenceSeams.Tests.SeamContractTests" name="CanonicalMapOrderIsIndependentOfInsertionOrderAndReportsDuplicates" />
    </UnitTest>
    <UnitTest name="SeamApiSnapshotMatchesCommittedFile" storage="/home/worlesenric/wkspace/gc-wt/gc-025/dotnet/tests/gamecore.referenceseams.tests/bin/release/net8.0/gamecore.referenceseams.tests.dll" id="e1774b76-c692-a92a-7eda-36d1b4645b68">
      <Execution id="1c0ee035-be85-4b32-8bb1-1a3c6b86c814" />
      <TestMethod codeBase="/home/worlesenric/wkspace/gc-wt/gc-025/dotnet/tests/GameCore.ReferenceSeams.Tests/bin/Release/net8.0/GameCore.ReferenceSeams.Tests.dll" adapterTypeName="executor://nunit3testexecutor/" className="GameCore.ReferenceSeams.Tests.ApiSnapshotTests" name="SeamApiSnapshotMatchesCommittedFile" />
    </UnitTest>
    <UnitTest name="CompositionHostDoubleAdmitsStaleRejectsRetainsAndExpires" storage="/home/worlesenric/wkspace/gc-wt/gc-025/dotnet/tests/gamecore.referenceseams.tests/bin/release/net8.0/gamecore.referenceseams.tests.dll" id="1d810114-6320-763b-9364-04cab31fb10e">
      <Execution id="e634e703-8847-40a2-b33c-c1989720119e" />
      <TestMethod codeBase="/home/worlesenric/wkspace/gc-wt/gc-025/dotnet/tests/GameCore.ReferenceSeams.Tests/bin/Release/net8.0/GameCore.ReferenceSeams.Tests.dll" adapterTypeName="executor://nunit3testexecutor/" className="GameCore.ReferenceSeams.Tests.SeamContractTests" name="CompositionHostDoubleAdmitsStaleRejectsRetainsAndExpires" />
    </UnitTest>
    <UnitTest name="PendingHeaderIsTreatedAsFailureWithClearMessage" storage="/home/worlesenric/wkspace/gc-wt/gc-025/dotnet/tests/gamecore.referenceseams.tests/bin/release/net8.0/gamecore.referenceseams.tests.dll" id="3e986657-0ff6-94b8-3149-cd09c334ddac">
      <Execution id="30386cdc-b2c7-42ae-9b04-7053ea2c7edd" />
      <TestMethod codeBase="/home/worlesenric/wkspace/gc-wt/gc-025/dotnet/tests/GameCore.ReferenceSeams.Tests/bin/Release/net8.0/GameCore.ReferenceSeams.Tests.dll" adapterTypeName="executor://nunit3testexecutor/" className="GameCore.ReferenceSeams.Tests.ApiSnapshotTests" name="PendingHeaderIsTreatedAsFailureWithClearMessage" />
    </UnitTest>
    <UnitTest name="HandleGenerationZeroIsNeverAllocatedAndSlotsAreUnsigned" storage="/home/worlesenric/wkspace/gc-wt/gc-025/dotnet/tests/gamecore.referenceseams.tests/bin/release/net8.0/gamecore.referenceseams.tests.dll" id="44393411-8886-43e4-471b-63daf54783fa">
      <Execution id="b0f09460-4bc8-4e3e-b310-0d15dc87c0be" />
      <TestMethod codeBase="/home/worlesenric/wkspace/gc-wt/gc-025/dotnet/tests/GameCore.ReferenceSeams.Tests/bin/Release/net8.0/GameCore.ReferenceSeams.Tests.dll" adapterTypeName="executor://nunit3testexecutor/" className="GameCore.ReferenceSeams.Tests.SeamContractTests" name="HandleGenerationZeroIsNeverAllocatedAndSlotsAreUnsigned" />
    </UnitTest>
    <UnitTest name="ExecutionDriverRetainsTimeDebtAndStopsDispatchAtTheFailingEntry" storage="/home/worlesenric/wkspace/gc-wt/gc-025/dotnet/tests/gamecore.referenceseams.tests/bin/release/net8.0/gamecore.referenceseams.tests.dll" id="5c062fe0-a391-cb63-c8e0-d2b0cbe44288">
      <Execution id="6121c8a0-3088-4100-8c16-fe893334e6c0" />
      <TestMethod codeBase="/home/worlesenric/wkspace/gc-wt/gc-025/dotnet/tests/GameCore.ReferenceSeams.Tests/bin/Release/net8.0/GameCore.ReferenceSeams.Tests.dll" adapterTypeName="executor://nunit3testexecutor/" className="GameCore.ReferenceSeams.Tests.SeamContractTests" name="ExecutionDriverRetainsTimeDebtAndStopsDispatchAtTheFailingEntry" />
    </UnitTest>
    <UnitTest name="LifecycleObserverRecordsChangesAndCommittedSteps" storage="/home/worlesenric/wkspace/gc-wt/gc-025/dotnet/tests/gamecore.referenceseams.tests/bin/release/net8.0/gamecore.referenceseams.tests.dll" id="4221d7bc-224e-b4d0-e885-94afe3f9bddc">
      <Execution id="3a4cc594-159d-49da-bdbd-d50ec2be0e77" />
      <TestMethod codeBase="/home/worlesenric/wkspace/gc-wt/gc-025/dotnet/tests/GameCore.ReferenceSeams.Tests/bin/Release/net8.0/GameCore.ReferenceSeams.Tests.dll" adapterTypeName="executor://nunit3testexecutor/" className="GameCore.ReferenceSeams.Tests.SeamContractTests" name="LifecycleObserverRecordsChangesAndCommittedSteps" />
    </UnitTest>
    <UnitTest name="CatalogLookupReportsMissingKeysAndUnsupportedVersions" storage="/home/worlesenric/wkspace/gc-wt/gc-025/dotnet/tests/gamecore.referenceseams.tests/bin/release/net8.0/gamecore.referenceseams.tests.dll" id="649197f0-cec6-3424-2ff5-fedb9577b6bb">
      <Execution id="df39ba76-7152-4bb9-bb03-616fba10a5b3" />
      <TestMethod codeBase="/home/worlesenric/wkspace/gc-wt/gc-025/dotnet/tests/GameCore.ReferenceSeams.Tests/bin/Release/net8.0/GameCore.ReferenceSeams.Tests.dll" adapterTypeName="executor://nunit3testexecutor/" className="GameCore.ReferenceSeams.Tests.SeamContractTests" name="CatalogLookupReportsMissingKeysAndUnsupportedVersions" />
    </UnitTest>
    <UnitTest name="ContentHashParsingAcceptsOnlyTheCanonicalLowercaseForm" storage="/home/worlesenric/wkspace/gc-wt/gc-025/dotnet/tests/gamecore.referenceseams.tests/bin/release/net8.0/gamecore.referenceseams.tests.dll" id="c8a2bc68-db93-13f7-24b1-112255f7bc32">
      <Execution id="85fdf8ca-3ad3-4f80-8c25-c9dfb5bfa638" />
      <TestMethod codeBase="/home/worlesenric/wkspace/gc-wt/gc-025/dotnet/tests/GameCore.ReferenceSeams.Tests/bin/Release/net8.0/GameCore.ReferenceSeams.Tests.dll" adapterTypeName="executor://nunit3testexecutor/" className="GameCore.ReferenceSeams.Tests.SeamContractTests" name="ContentHashParsingAcceptsOnlyTheCanonicalLowercaseForm" />
    </UnitTest>
    <UnitTest name="Id128ParsingAcceptsOnlyTheCanonicalLowercaseForm" storage="/home/worlesenric/wkspace/gc-wt/gc-025/dotnet/tests/gamecore.referenceseams.tests/bin/release/net8.0/gamecore.referenceseams.tests.dll" id="430ac3ec-6eeb-7e0d-543f-353b70893c16">
      <Execution id="9d28585f-796b-4459-87f2-08ed30d08ea3" />
      <TestMethod codeBase="/home/worlesenric/wkspace/gc-wt/gc-025/dotnet/tests/GameCore.ReferenceSeams.Tests/bin/Release/net8.0/GameCore.ReferenceSeams.Tests.dll" adapterTypeName="executor://nunit3testexecutor/" className="GameCore.ReferenceSeams.Tests.SeamContractTests" name="Id128ParsingAcceptsOnlyTheCanonicalLowercaseForm" />
    </UnitTest>
    <UnitTest name="ObservationReaderReturnsExpiryAndBackpressureInsteadOfThrowing" storage="/home/worlesenric/wkspace/gc-wt/gc-025/dotnet/tests/gamecore.referenceseams.tests/bin/release/net8.0/gamecore.referenceseams.tests.dll" id="e6f20a6a-1c8d-30cf-0140-a1e5cbc574ae">
      <Execution id="2f1a8900-01c5-4377-8a37-2a5ea44a1aea" />
      <TestMethod codeBase="/home/worlesenric/wkspace/gc-wt/gc-025/dotnet/tests/GameCore.ReferenceSeams.Tests/bin/Release/net8.0/GameCore.ReferenceSeams.Tests.dll" adapterTypeName="executor://nunit3testexecutor/" className="GameCore.ReferenceSeams.Tests.SeamContractTests" name="ObservationReaderReturnsExpiryAndBackpressureInsteadOfThrowing" />
    </UnitTest>
    <UnitTest name="HostLedgerDistinguishesUnknownFromExpired" storage="/home/worlesenric/wkspace/gc-wt/gc-025/dotnet/tests/gamecore.referenceseams.tests/bin/release/net8.0/gamecore.referenceseams.tests.dll" id="50091f9a-c536-8dea-1383-3a9caf51e4d6">
      <Execution id="8927f368-eabc-4557-b8c3-51d4c9d0a6d6" />
      <TestMethod codeBase="/home/worlesenric/wkspace/gc-wt/gc-025/dotnet/tests/GameCore.ReferenceSeams.Tests/bin/Release/net8.0/GameCore.ReferenceSeams.Tests.dll" adapterTypeName="executor://nunit3testexecutor/" className="GameCore.ReferenceSeams.Tests.SeamContractTests" name="HostLedgerDistinguishesUnknownFromExpired" />
    </UnitTest>
    <UnitTest name="ExplanationPagingIsBoundedAndStagedPlanReadsAreLabelled" storage="/home/worlesenric/wkspace/gc-wt/gc-025/dotnet/tests/gamecore.referenceseams.tests/bin/release/net8.0/gamecore.referenceseams.tests.dll" id="e8745615-eb5c-4a83-b2fe-aebbc6d82be6">
      <Execution id="1fb0b90c-d8bb-4546-8ed6-062b0ce331ac" />
      <TestMethod codeBase="/home/worlesenric/wkspace/gc-wt/gc-025/dotnet/tests/GameCore.ReferenceSeams.Tests/bin/Release/net8.0/GameCore.ReferenceSeams.Tests.dll" adapterTypeName="executor://nunit3testexecutor/" className="GameCore.ReferenceSeams.Tests.SeamContractTests" name="ExplanationPagingIsBoundedAndStagedPlanReadsAreLabelled" />
    </UnitTest>
    <UnitTest name="StalledJobBlocksStopInsteadOfBeingFreedOnTimeout" storage="/home/worlesenric/wkspace/gc-wt/gc-025/dotnet/tests/gamecore.referenceseams.tests/bin/release/net8.0/gamecore.referenceseams.tests.dll" id="48127a2a-7669-c50a-1c9d-bf2118d95106">
      <Execution id="8111c7e5-9ba0-41d5-859d-e6280631e2f7" />
      <TestMethod codeBase="/home/worlesenric/wkspace/gc-wt/gc-025/dotnet/tests/GameCore.ReferenceSeams.Tests/bin/Release/net8.0/GameCore.ReferenceSeams.Tests.dll" adapterTypeName="executor://nunit3testexecutor/" className="GameCore.ReferenceSeams.Tests.SeamContractTests" name="StalledJobBlocksStopInsteadOfBeingFreedOnTimeout" />
    </UnitTest>
  </TestDefinitions>
  <TestEntries>
    <TestEntry testId="ac328f24-fc5f-c95f-7002-cd4e4da1e13a" executionId="4a0c4c82-e8f0-4994-91cb-c04d667c0116" testListId="8c84fa94-04c1-424b-9868-57a2d4851a1d" />
    <TestEntry testId="3530962c-8b08-0273-b193-cfdd4fe2eab5" executionId="b93e6afc-f6af-4188-817a-e8c0a6de45be" testListId="8c84fa94-04c1-424b-9868-57a2d4851a1d" />
    <TestEntry testId="e1774b76-c692-a92a-7eda-36d1b4645b68" executionId="1c0ee035-be85-4b32-8bb1-1a3c6b86c814" testListId="8c84fa94-04c1-424b-9868-57a2d4851a1d" />
    <TestEntry testId="22d76bcf-6054-f7f8-c474-aec21dc14102" executionId="957c765b-0134-49af-86ea-2fdff0527847" testListId="8c84fa94-04c1-424b-9868-57a2d4851a1d" />
    <TestEntry testId="1d810114-6320-763b-9364-04cab31fb10e" executionId="e634e703-8847-40a2-b33c-c1989720119e" testListId="8c84fa94-04c1-424b-9868-57a2d4851a1d" />
    <TestEntry testId="44393411-8886-43e4-471b-63daf54783fa" executionId="b0f09460-4bc8-4e3e-b310-0d15dc87c0be" testListId="8c84fa94-04c1-424b-9868-57a2d4851a1d" />
    <TestEntry testId="716c4b7d-18fb-65f7-bece-aae7ee956104" executionId="bcba7abf-af32-41a0-af5e-cf6f6f2b966a" testListId="8c84fa94-04c1-424b-9868-57a2d4851a1d" />
    <TestEntry testId="4221d7bc-224e-b4d0-e885-94afe3f9bddc" executionId="3a4cc594-159d-49da-bdbd-d50ec2be0e77" testListId="8c84fa94-04c1-424b-9868-57a2d4851a1d" />
    <TestEntry testId="649197f0-cec6-3424-2ff5-fedb9577b6bb" executionId="df39ba76-7152-4bb9-bb03-616fba10a5b3" testListId="8c84fa94-04c1-424b-9868-57a2d4851a1d" />
    <TestEntry testId="50091f9a-c536-8dea-1383-3a9caf51e4d6" executionId="8927f368-eabc-4557-b8c3-51d4c9d0a6d6" testListId="8c84fa94-04c1-424b-9868-57a2d4851a1d" />
    <TestEntry testId="a7ae154e-b77a-da3d-3166-de717fb5e8b6" executionId="8157302b-7a56-4799-97ba-df048348e8ce" testListId="8c84fa94-04c1-424b-9868-57a2d4851a1d" />
    <TestEntry testId="e6f20a6a-1c8d-30cf-0140-a1e5cbc574ae" executionId="2f1a8900-01c5-4377-8a37-2a5ea44a1aea" testListId="8c84fa94-04c1-424b-9868-57a2d4851a1d" />
    <TestEntry testId="e8745615-eb5c-4a83-b2fe-aebbc6d82be6" executionId="1fb0b90c-d8bb-4546-8ed6-062b0ce331ac" testListId="8c84fa94-04c1-424b-9868-57a2d4851a1d" />
    <TestEntry testId="c091883c-49a9-9694-25d0-6310db701b2b" executionId="941333ae-c68c-4400-93ae-24ffd8276cda" testListId="8c84fa94-04c1-424b-9868-57a2d4851a1d" />
    <TestEntry testId="430ac3ec-6eeb-7e0d-543f-353b70893c16" executionId="9d28585f-796b-4459-87f2-08ed30d08ea3" testListId="8c84fa94-04c1-424b-9868-57a2d4851a1d" />
    <TestEntry testId="3e986657-0ff6-94b8-3149-cd09c334ddac" executionId="30386cdc-b2c7-42ae-9b04-7053ea2c7edd" testListId="8c84fa94-04c1-424b-9868-57a2d4851a1d" />
    <TestEntry testId="b714dd36-75bf-5c46-4888-5636ef315d8e" executionId="9aeb2e41-9365-47ed-b0fa-c6ac9275e12b" testListId="8c84fa94-04c1-424b-9868-57a2d4851a1d" />
    <TestEntry testId="96b1dc78-9c8b-bcb9-c630-ddd1b913a11b" executionId="f10624e6-c3dc-4b16-987c-5f5a47ae814d" testListId="8c84fa94-04c1-424b-9868-57a2d4851a1d" />
    <TestEntry testId="5c062fe0-a391-cb63-c8e0-d2b0cbe44288" executionId="6121c8a0-3088-4100-8c16-fe893334e6c0" testListId="8c84fa94-04c1-424b-9868-57a2d4851a1d" />
    <TestEntry testId="c8a2bc68-db93-13f7-24b1-112255f7bc32" executionId="85fdf8ca-3ad3-4f80-8c25-c9dfb5bfa638" testListId="8c84fa94-04c1-424b-9868-57a2d4851a1d" />
    <TestEntry testId="48127a2a-7669-c50a-1c9d-bf2118d95106" executionId="8111c7e5-9ba0-41d5-859d-e6280631e2f7" testListId="8c84fa94-04c1-424b-9868-57a2d4851a1d" />
  </TestEntries>
  <TestLists>
    <TestList name="Results Not in a List" id="8c84fa94-04c1-424b-9868-57a2d4851a1d" />
    <TestList name="All Loaded Results" id="19431567-8539-422a-85d7-44ee4e166bda" />
  </TestLists>
  <ResultSummary outcome="Completed">
    <Counters total="21" executed="21" passed="21" failed="0" error="0" timeout="0" aborted="0" inconclusive="0" passedButRunAborted="0" notRunnable="0" notExecuted="0" disconnected="0" warning="0" completed="0" inProgress="0" pending="0" />
    <Output>
      <StdOut>NUnit Adapter 4.5.0.0: Test execution started
Running all tests in /home/worlesenric/wkspace/gc-wt/gc-025/dotnet/tests/GameCore.ReferenceSeams.Tests/bin/Release/net8.0/GameCore.ReferenceSeams.Tests.dll
   NUnit3TestExecutor discovered 21 of 21 NUnit test cases using Current Discovery mode, Non-Explicit run
NUnit Adapter 4.5.0.0: Test execution complete
</StdOut>
    </Output>
  </ResultSummary>
</TestRun>