<?xml version="1.0" encoding="utf-8"?>
<TestRun id="510207a5-5965-4711-9d43-f52e62d4bb95" name="@worlesenric 2026-09-26 13:08:13" xmlns="http://microsoft.com/schemas/VisualStudio/TeamTest/2010">
  <Times creation="2026-09-26T13:08:13.9673827+08:00" queuing="2026-09-26T13:08:13.9673828+08:00" start="2026-09-26T13:08:12.1060806+08:00" finish="2026-09-26T13:08:23.3379247+08:00" />
  <TestSettings name="default" id="c06d1a8a-d1c4-4c03-8ae7-4d2812e9f6db">
    <Deployment runDeploymentRoot="_worlesenric_2026-09-26_13_08_13" />
  </TestSettings>
  <Results>
    <UnitTestResult executionId="abc0d17a-df04-4fab-8b41-b08bb354ea7f" testId="f582c52c-727b-7674-04e7-da652c7c572f" testName="ContributionQuotaExhaustionRejectsBeforeAnyPartialResult" computerName="worlesenric" duration="00:00:00.0002180" startTime="2026-09-26T13:08:23.2984928+08:00" endTime="2026-09-26T13:08:23.2987108+08:00" testType="13cdc9d9-ddb5-4fa4-a97d-d965ccfc6d4b" outcome="Passed" testListId="8c84fa94-04c1-424b-9868-57a2d4851a1d" relativeResultsDirectory="abc0d17a-df04-4fab-8b41-b08bb354ea7f" />
    <UnitTestResult executionId="b97f5678-ebc1-47c4-b715-d2b5cc2bdfec" testId="ce6a163a-68d4-9ff7-d70d-9362d3902455" testName="AnOptInOrImportCannotReopenABoundaryInEitherMode" computerName="worlesenric" duration="00:00:00.0010510" startTime="2026-09-26T13:08:22.2652815+08:00" endTime="2026-09-26T13:08:22.2663328+08:00" testType="13cdc9d9-ddb5-4fa4-a97d-d965ccfc6d4b" outcome="Passed" testListId="8c84fa94-04c1-424b-9868-57a2d4851a1d" relativeResultsDirectory="b97f5678-ebc1-47c4-b715-d2b5cc2bdfec" />
    <UnitTestResult executionId="88871393-968f-48e1-b1e1-175b4ffedb66" testId="350e0595-81ed-ffbf-674f-bb88719b34a5" testName="AdditiveWithoutAReducerProducesTheCanonicalSetUnion" computerName="worlesenric" duration="00:00:00.0034000" startTime="2026-09-26T13:08:13.7914945+08:00" endTime="2026-09-26T13:08:13.7948950+08:00" testType="13cdc9d9-ddb5-4fa4-a97d-d965ccfc6d4b" outcome="Passed" testListId="8c84fa94-04c1-424b-9868-57a2d4851a1d" relativeResultsDirectory="88871393-968f-48e1-b1e1-175b4ffedb66" />
    <UnitTestResult executionId="d2ad9dcb-e60d-4a6c-8615-4ddd15b21783" testId="681767f6-9228-caa9-5c98-b907ad33e032" testName="AdditiveReducerOverflowRejectsTheWholeProposal" computerName="worlesenric" duration="00:00:00.0199780" startTime="2026-09-26T13:08:13.7673838+08:00" endTime="2026-09-26T13:08:13.7873625+08:00" testType="13cdc9d9-ddb5-4fa4-a97d-d965ccfc6d4b" outcome="Passed" testListId="8c84fa94-04c1-424b-9868-57a2d4851a1d" relativeResultsDirectory="d2ad9dcb-e60d-4a6c-8615-4ddd15b21783" />
    <UnitTestResult executionId="85c60e30-f413-46b0-901e-50d90cc42c12" testId="24b2e343-1fd6-fc1b-0459-4ffa985c8f70" testName="ALocalEditCarriesEveryTargetOfTheUntouchedBranch" computerName="worlesenric" duration="00:00:00.0042590" startTime="2026-09-26T13:08:22.2505023+08:00" endTime="2026-09-26T13:08:22.2547612+08:00" testType="13cdc9d9-ddb5-4fa4-a97d-d965ccfc6d4b" outcome="Passed" testListId="8c84fa94-04c1-424b-9868-57a2d4851a1d" relativeResultsDirectory="85c60e30-f413-46b0-901e-50d90cc42c12" />
    <UnitTestResult executionId="7c41dfb2-d463-4f09-9d1f-f6c082c8cf8b" testId="b7537a1d-5c90-4d23-b6ee-34b7fb7ba983" testName="ARandomizedSmallOperationSequenceKeepsEveryExplanationReconstructable" computerName="worlesenric" duration="00:00:00.0038790" startTime="2026-09-26T13:08:23.2716094+08:00" endTime="2026-09-26T13:08:23.2754882+08:00" testType="13cdc9d9-ddb5-4fa4-a97d-d965ccfc6d4b" outcome="Passed" testListId="8c84fa94-04c1-424b-9868-57a2d4851a1d" relativeResultsDirectory="7c41dfb2-d463-4f09-9d1f-f6c082c8cf8b" />
    <UnitTestResult executionId="2e290c3b-4127-4135-be16-efb64ea5cbd3" testId="2bba5057-fbe4-53b8-e488-1880afb4c43c" testName="ARuleDeclaredOutsideTheThirtyTwoStrataIsRejected" computerName="worlesenric" duration="00:00:00.0003330" startTime="2026-09-26T13:08:23.2974897+08:00" endTime="2026-09-26T13:08:23.2978231+08:00" testType="13cdc9d9-ddb5-4fa4-a97d-d965ccfc6d4b" outcome="Passed" testListId="8c84fa94-04c1-424b-9868-57a2d4851a1d" relativeResultsDirectory="2e290c3b-4127-4135-be16-efb64ea5cbd3" />
    <UnitTestResult executionId="629ccc38-0de5-4c82-8da4-70e2a4e3cb22" testId="ae5d7d72-03d4-2fc7-8877-053abbc90626" testName="IncompatibleRejectsASecondActiveMemberOfTheSet" computerName="worlesenric" duration="00:00:00.0009350" startTime="2026-09-26T13:08:13.8728761+08:00" endTime="2026-09-26T13:08:13.8738110+08:00" testType="13cdc9d9-ddb5-4fa4-a97d-d965ccfc6d4b" outcome="Passed" testListId="8c84fa94-04c1-424b-9868-57a2d4851a1d" relativeResultsDirectory="629ccc38-0de5-4c82-8da4-70e2a4e3cb22" />
    <UnitTestResult executionId="0a9263c6-a8dd-4e09-b0fc-874786826073" testId="40c43985-1975-c7e0-4284-0fde65078022" testName="AnIneligibleSelectorVersionIsReportedWithItsOwnStatus" computerName="worlesenric" duration="00:00:00.0002500" startTime="2026-09-26T13:08:23.2705015+08:00" endTime="2026-09-26T13:08:23.2707510+08:00" testType="13cdc9d9-ddb5-4fa4-a97d-d965ccfc6d4b" outcome="Passed" testListId="8c84fa94-04c1-424b-9868-57a2d4851a1d" relativeResultsDirectory="0a9263c6-a8dd-4e09-b0fc-874786826073" />
    <UnitTestResult executionId="f573dde6-6c64-42d7-abd3-1d6e9e3df95d" testId="1d2c817a-0846-08db-2327-78f8b99a4e58" testName="RefN04_MovingVillageToChapterTwoRebindsTheVillagersAndKeepsTheirIdentity" computerName="worlesenric" duration="00:00:00.0008460" startTime="2026-09-26T13:08:23.2857977+08:00" endTime="2026-09-26T13:08:23.2866439+08:00" testType="13cdc9d9-ddb5-4fa4-a97d-d965ccfc6d4b" outcome="Passed" testListId="8c84fa94-04c1-424b-9868-57a2d4851a1d" relativeResultsDirectory="f573dde6-6c64-42d7-abd3-1d6e9e3df95d" />
    <UnitTestResult executionId="4b99114b-036e-4786-a1bf-24519946e215" testId="4c05094b-c42f-26e1-c69b-b1026eb935d8" testName="RefC04_MountingANestedFestivalAddsItsBonusAndRetractingTheAncestorLeavesTheNestedOne" computerName="worlesenric" duration="00:00:00.0004960" startTime="2026-09-26T13:08:23.2812811+08:00" endTime="2026-09-26T13:08:23.2817775+08:00" testType="13cdc9d9-ddb5-4fa4-a97d-d965ccfc6d4b" outcome="Passed" testListId="8c84fa94-04c1-424b-9868-57a2d4851a1d" relativeResultsDirectory="4b99114b-036e-4786-a1bf-24519946e215" />
    <UnitTestResult executionId="50f994ce-52bb-4a6f-a886-fc287dc624f9" testId="c1521347-e685-c497-06d6-f3b2786a0c58" testName="ReplayingTheSameDerivationProducesTheSameResultHash" computerName="worlesenric" duration="00:00:00.0004110" startTime="2026-09-26T13:08:23.2650159+08:00" endTime="2026-09-26T13:08:23.2654272+08:00" testType="13cdc9d9-ddb5-4fa4-a97d-d965ccfc6d4b" outcome="Passed" testListId="8c84fa94-04c1-424b-9868-57a2d4851a1d" relativeResultsDirectory="50f994ce-52bb-4a6f-a886-fc287dc624f9" />
    <UnitTestResult executionId="483fab1d-bb7c-4cb2-b24f-8589c9d4ae7d" testId="ed5c5c9b-8552-38e9-860f-f869d9659fee" testName="ExclusiveAcceptsTheExplicitlySelectedEligibleWinner" computerName="worlesenric" duration="00:00:00.0028420" startTime="2026-09-26T13:08:13.8623895+08:00" endTime="2026-09-26T13:08:13.8652316+08:00" testType="13cdc9d9-ddb5-4fa4-a97d-d965ccfc6d4b" outcome="Passed" testListId="8c84fa94-04c1-424b-9868-57a2d4851a1d" relativeResultsDirectory="483fab1d-bb7c-4cb2-b24f-8589c9d4ae7d" />
    <UnitTestResult executionId="0aeee84a-6655-4b5e-a43f-585cc16262ce" testId="6c789893-6dbd-9ddb-4677-66305fea8677" testName="RefP02_ExclusionsAndBoundariesHoldInBothModesWithIdentifiedBlockers" computerName="worlesenric" duration="00:00:00.0010950" startTime="2026-09-26T13:08:23.2883332+08:00" endTime="2026-09-26T13:08:23.2894281+08:00" testType="13cdc9d9-ddb5-4fa4-a97d-d965ccfc6d4b" outcome="Passed" testListId="8c84fa94-04c1-424b-9868-57a2d4851a1d" relativeResultsDirectory="0aeee84a-6655-4b5e-a43f-585cc16262ce" />
    <UnitTestResult executionId="5dab1528-10b0-4e37-9822-4b5625f00be0" testId="5a5ec945-7206-491c-12bd-ecefa49124f2" testName="UnmountingTheLastProviderRetractsExactlyItsSupport" computerName="worlesenric" duration="00:00:00.0006690" startTime="2026-09-26T13:08:22.2623639+08:00" endTime="2026-09-26T13:08:22.2630329+08:00" testType="13cdc9d9-ddb5-4fa4-a97d-d965ccfc6d4b" outcome="Passed" testListId="8c84fa94-04c1-424b-9868-57a2d4851a1d" relativeResultsDirectory="5dab1528-10b0-4e37-9822-4b5625f00be0" />
    <UnitTestResult executionId="99786f27-42d2-44ec-bcd5-6d4dc5c8da4d" testId="ba3fb245-e60c-5609-f383-f616607cf685" testName="ADeltaComputedFromEitherEngineIsTheSame" computerName="worlesenric" duration="00:00:00.0012930" startTime="2026-09-26T13:08:22.2756458+08:00" endTime="2026-09-26T13:08:22.2769391+08:00" testType="13cdc9d9-ddb5-4fa4-a97d-d965ccfc6d4b" outcome="Passed" testListId="8c84fa94-04c1-424b-9868-57a2d4851a1d" relativeResultsDirectory="99786f27-42d2-44ec-bcd5-6d4dc5c8da4d" />
    <UnitTestResult executionId="db22f2fd-e45e-4073-a39e-c90cc8e1204f" testId="c833a160-d840-8a53-c06a-53bb8f5f4575" testName="BothModeDirectionsApplyToExistingAndFutureTargets" computerName="worlesenric" duration="00:00:00.0011350" startTime="2026-09-26T13:08:23.2912265+08:00" endTime="2026-09-26T13:08:23.2923611+08:00" testType="13cdc9d9-ddb5-4fa4-a97d-d965ccfc6d4b" outcome="Passed" testListId="8c84fa94-04c1-424b-9868-57a2d4851a1d" relativeResultsDirectory="db22f2fd-e45e-4073-a39e-c90cc8e1204f" />
    <UnitTestResult executionId="58bd59ec-909f-4da8-940a-e0258bc7c2a3" testId="3427fcae-b29e-66b7-52ff-7e7eca8b6d99" testName="ANamedBoundaryBlocksOnlyTheNamedCapability" computerName="worlesenric" duration="00:00:00.0004100" startTime="2026-09-26T13:08:22.2648583+08:00" endTime="2026-09-26T13:08:22.2652680+08:00" testType="13cdc9d9-ddb5-4fa4-a97d-d965ccfc6d4b" outcome="Passed" testListId="8c84fa94-04c1-424b-9868-57a2d4851a1d" relativeResultsDirectory="58bd59ec-909f-4da8-940a-e0258bc7c2a3" />
    <UnitTestResult executionId="b4ad4990-25c6-41ef-a678-9b62f3b2d8ae" testId="4bcac53a-e85e-7e6f-3e11-abd31db86978" testName="AnExplanationNamesTheProviderRuleScopePathStratumAndRecipeHash" computerName="worlesenric" duration="00:00:00.0015320" startTime="2026-09-26T13:08:23.2689563+08:00" endTime="2026-09-26T13:08:23.2704883+08:00" testType="13cdc9d9-ddb5-4fa4-a97d-d965ccfc6d4b" outcome="Passed" testListId="8c84fa94-04c1-424b-9868-57a2d4851a1d" relativeResultsDirectory="b4ad4990-25c6-41ef-a678-9b62f3b2d8ae" />
    <UnitTestResult executionId="9cbfaf69-6205-4b5a-95df-6120e47d943a" testId="269eec10-c786-58c9-2be8-830e26f2e9a1" testName="AutomaticAppliesToAFutureDescendantWithNoPerInstanceImport" computerName="worlesenric" duration="00:00:00.0002810" startTime="2026-09-26T13:08:22.2710693+08:00" endTime="2026-09-26T13:08:22.2713503+08:00" testType="13cdc9d9-ddb5-4fa4-a97d-d965ccfc6d4b" outcome="Passed" testListId="8c84fa94-04c1-424b-9868-57a2d4851a1d" relativeResultsDirectory="9cbfaf69-6205-4b5a-95df-6120e47d943a" />
    <UnitTestResult executionId="10753497-0fd9-40ea-93e8-25d05692936f" testId="1352c5eb-225f-01a5-220e-b379d1ad1ebb" testName="EqualPriorityIsBrokenByTheNearerProviderScope" computerName="worlesenric" duration="00:00:00.0001540" startTime="2026-09-26T13:08:23.2638908+08:00" endTime="2026-09-26T13:08:23.2640450+08:00" testType="13cdc9d9-ddb5-4fa4-a97d-d965ccfc6d4b" outcome="Passed" testListId="8c84fa94-04c1-424b-9868-57a2d4851a1d" relativeResultsDirectory="10753497-0fd9-40ea-93e8-25d05692936f" />
    <UnitTestResult executionId="b9838b49-bb47-47bc-92db-61d8b2411422" testId="2aca1bfc-ba5a-16c2-50b1-b9c87af5a04d" testName="PreparationDeadlineExhaustionRejectsWithTheElapsedValue" computerName="worlesenric" duration="00:00:00.0006140" startTime="2026-09-26T13:08:23.2987204+08:00" endTime="2026-09-26T13:08:23.2993341+08:00" testType="13cdc9d9-ddb5-4fa4-a97d-d965ccfc6d4b" outcome="Passed" testListId="8c84fa94-04c1-424b-9868-57a2d4851a1d" relativeResultsDirectory="b9838b49-bb47-47bc-92db-61d8b2411422" />
    <UnitTestResult executionId="3a127170-33cb-4720-80cf-918700d730d3" testId="da74904a-6095-99d3-ba1a-347205bbeac8" testName="AnOrderingKeyChangeTouchesOnlyThatRulesPopulation" computerName="worlesenric" duration="00:00:00.0016220" startTime="2026-09-26T13:08:22.2568344+08:00" endTime="2026-09-26T13:08:22.2584566+08:00" testType="13cdc9d9-ddb5-4fa4-a97d-d965ccfc6d4b" outcome="Passed" testListId="8c84fa94-04c1-424b-9868-57a2d4851a1d" relativeResultsDirectory="3a127170-33cb-4720-80cf-918700d730d3" />
    <UnitTestResult executionId="f1fae46c-873e-451b-8ea9-eb3635e5f3b1" testId="83ef58d6-00af-eea2-6649-cf07b0726fc0" testName="AutomaticGrantsEligibleDescendantsWithoutAnyImport" computerName="worlesenric" duration="00:00:00.0003570" startTime="2026-09-26T13:08:22.2713621+08:00" endTime="2026-09-26T13:08:22.2717191+08:00" testType="13cdc9d9-ddb5-4fa4-a97d-d965ccfc6d4b" outcome="Passed" testListId="8c84fa94-04c1-424b-9868-57a2d4851a1d" relativeResultsDirectory="f1fae46c-873e-451b-8ea9-eb3635e5f3b1" />
    <UnitTestResult executionId="0c50dc42-5b0e-4a87-8c35-3fa084901df3" testId="978fc7d8-ba1c-fbc0-2fd0-8839d334a660" testName="ALosingCandidateIsProvenanceAndNeverSupport" computerName="worlesenric" duration="00:00:00.0008160" startTime="2026-09-26T13:08:23.2672340+08:00" endTime="2026-09-26T13:08:23.2680497+08:00" testType="13cdc9d9-ddb5-4fa4-a97d-d965ccfc6d4b" outcome="Passed" testListId="8c84fa94-04c1-424b-9868-57a2d4851a1d" relativeResultsDirectory="0c50dc42-5b0e-4a87-8c35-3fa084901df3" />
    <UnitTestResult executionId="86f8c218-2a98-4c3d-8b17-67632d071289" testId="5c30bab8-1ef8-41ff-dfd6-7224f96294c6" testName="ExclusiveRejectsMoreThanOneCandidateEvenWhenRanksDiffer" computerName="worlesenric" duration="00:00:00.0015280" startTime="2026-09-26T13:08:13.8652607+08:00" endTime="2026-09-26T13:08:13.8667885+08:00" testType="13cdc9d9-ddb5-4fa4-a97d-d965ccfc6d4b" outcome="Passed" testListId="8c84fa94-04c1-424b-9868-57a2d4851a1d" relativeResultsDirectory="86f8c218-2a98-4c3d-8b17-67632d071289" />
    <UnitTestResult executionId="91dd4f16-a49c-4339-b159-59763fbd3c36" testId="b0e223e3-0496-0147-dd03-0e4335de20fb" testName="AModeSwitchMovesTheStoryIntoOneCoherentExplanation" computerName="worlesenric" duration="00:00:00.0008810" startTime="2026-09-26T13:08:23.2680625+08:00" endTime="2026-09-26T13:08:23.2689439+08:00" testType="13cdc9d9-ddb5-4fa4-a97d-d965ccfc6d4b" outcome="Passed" testListId="8c84fa94-04c1-424b-9868-57a2d4851a1d" relativeResultsDirectory="91dd4f16-a49c-4339-b159-59763fbd3c36" />
    <UnitTestResult executionId="190d94fc-4ea6-455a-b12f-494a0a36923a" testId="e55722a5-dbf7-30ff-fa1e-f88b06cc116d" testName="AWildcardBoundaryBlocksEveryCapabilityBelowIt" computerName="worlesenric" duration="00:00:00.0002360" startTime="2026-09-26T13:08:22.2681960+08:00" endTime="2026-09-26T13:08:22.2684323+08:00" testType="13cdc9d9-ddb5-4fa4-a97d-d965ccfc6d4b" outcome="Passed" testListId="8c84fa94-04c1-424b-9868-57a2d4851a1d" relativeResultsDirectory="190d94fc-4ea6-455a-b12f-494a0a36923a" />
    <UnitTestResult executionId="47e8efc0-b0e9-4eb4-a4f2-03079dc7517a" testId="1619fa05-6118-91b8-ca3d-9319e56c3426" testName="SwitchingModesChangesOnlyGatedRulesAndKeepsLocalOnlyContributionsAndStableState" computerName="worlesenric" duration="00:00:00.0011910" startTime="2026-09-26T13:08:22.2743607+08:00" endTime="2026-09-26T13:08:22.2755516+08:00" testType="13cdc9d9-ddb5-4fa4-a97d-d965ccfc6d4b" outcome="Passed" testListId="8c84fa94-04c1-424b-9868-57a2d4851a1d" relativeResultsDirectory="47e8efc0-b0e9-4eb4-a4f2-03079dc7517a" />
    <UnitTestResult executionId="c405e036-a596-4f81-b653-7035746c4df2" testId="56f4b301-08aa-06bc-4454-af40367ec8d5" testName="AnUnregisteredPredicateOrReducerIsReportedRatherThanSubstituted" computerName="worlesenric" duration="00:00:00.0003050" startTime="2026-09-26T13:08:23.2962310+08:00" endTime="2026-09-26T13:08:23.2965362+08:00" testType="13cdc9d9-ddb5-4fa4-a97d-d965ccfc6d4b" outcome="Passed" testListId="8c84fa94-04c1-424b-9868-57a2d4851a1d" relativeResultsDirectory="c405e036-a596-4f81-b653-7035746c4df2" />
    <UnitTestResult executionId="669a3d7c-98a9-46ec-aae2-3a617978215a" testId="f25b835e-c07c-4d1e-5157-5da0043429b9" testName="ReconfiguringAPayloadChangesTheValueWhileTheContributionIdentitySurvives" computerName="worlesenric" duration="00:00:00.0006340" startTime="2026-09-26T13:08:23.2640533+08:00" endTime="2026-09-26T13:08:23.2646874+08:00" testType="13cdc9d9-ddb5-4fa4-a97d-d965ccfc6d4b" outcome="Passed" testListId="8c84fa94-04c1-424b-9868-57a2d4851a1d" relativeResultsDirectory="669a3d7c-98a9-46ec-aae2-3a617978215a" />
    <UnitTestResult executionId="01330cef-92f9-4f59-984c-134c87127f02" testId="612254d0-f1ca-3596-67a4-bc106c49fe6e" testName="ACompleteOptInKeepsItsBindingInConservative" computerName="worlesenric" duration="00:00:00.0003140" startTime="2026-09-26T13:08:23.2900904+08:00" endTime="2026-09-26T13:08:23.2904046+08:00" testType="13cdc9d9-ddb5-4fa4-a97d-d965ccfc6d4b" outcome="Passed" testListId="8c84fa94-04c1-424b-9868-57a2d4851a1d" relativeResultsDirectory="01330cef-92f9-4f59-984c-134c87127f02" />
    <UnitTestResult executionId="b8b28877-ad63-4d02-8bc4-40b66d494114" testId="d0a1c2ce-8d03-00b7-449b-ec7ea67eceda" testName="LocalOnlyIsPermittedAtItsInstallationScopeInBothModesAndNeverReachesDescendants" computerName="worlesenric" duration="00:00:00.0006660" startTime="2026-09-26T13:08:22.2736812+08:00" endTime="2026-09-26T13:08:22.2743469+08:00" testType="13cdc9d9-ddb5-4fa4-a97d-d965ccfc6d4b" outcome="Passed" testListId="8c84fa94-04c1-424b-9868-57a2d4851a1d" relativeResultsDirectory="b8b28877-ad63-4d02-8bc4-40b66d494114" />
    <UnitTestResult executionId="e875f79c-22ec-4d0b-b9cd-a38a36041ff6" testId="64486b7b-f86d-10ef-df96-d0f2c29dccc9" testName="ConservativeDeniesADescendantWithoutExportImportOrOptIn" computerName="worlesenric" duration="00:00:00.0003310" startTime="2026-09-26T13:08:22.2717313+08:00" endTime="2026-09-26T13:08:22.2720627+08:00" testType="13cdc9d9-ddb5-4fa4-a97d-d965ccfc6d4b" outcome="Passed" testListId="8c84fa94-04c1-424b-9868-57a2d4851a1d" relativeResultsDirectory="e875f79c-22ec-4d0b-b9cd-a38a36041ff6" />
    <UnitTestResult executionId="2bd6cd5d-a9dc-4195-95d5-cb1e54dbaf3f" testId="f51cfb29-e23a-58f4-2ddf-57e87ccb900e" testName="RefN02_TheOrderedEncounterHooksComeOutInTheirDeclaredOrder" computerName="worlesenric" duration="00:00:00.0005160" startTime="2026-09-26T13:08:23.2852711+08:00" endTime="2026-09-26T13:08:23.2857875+08:00" testType="13cdc9d9-ddb5-4fa4-a97d-d965ccfc6d4b" outcome="Passed" testListId="8c84fa94-04c1-424b-9868-57a2d4851a1d" relativeResultsDirectory="2bd6cd5d-a9dc-4195-95d5-cb1e54dbaf3f" />
    <UnitTestResult executionId="834c15cf-4ce9-47b6-878e-51e146d1883c" testId="1eae1f43-964c-fa73-6927-10b1243a905c" testName="ARuleThatWouldEmitMoreSlotsThanTheContractDeclaresIsRejected" computerName="worlesenric" duration="00:00:00.0001890" startTime="2026-09-26T13:08:23.2978344+08:00" endTime="2026-09-26T13:08:23.2980235+08:00" testType="13cdc9d9-ddb5-4fa4-a97d-d965ccfc6d4b" outcome="Passed" testListId="8c84fa94-04c1-424b-9868-57a2d4851a1d" relativeResultsDirectory="834c15cf-4ce9-47b6-878e-51e146d1883c" />
    <UnitTestResult executionId="708704ee-ee56-4b84-bc68-7173e51eb224" testId="ff950aa4-4a3f-0d36-2512-af93d269315e" testName="TheCountersReportCostAndIndexVisitsWithoutUnboundedStrings" computerName="worlesenric" duration="00:00:00.0011830" startTime="2026-09-26T13:08:23.2764224+08:00" endTime="2026-09-26T13:08:23.2776056+08:00" testType="13cdc9d9-ddb5-4fa4-a97d-d965ccfc6d4b" outcome="Passed" testListId="8c84fa94-04c1-424b-9868-57a2d4851a1d" relativeResultsDirectory="708704ee-ee56-4b84-bc68-7173e51eb224" />
    <UnitTestResult executionId="c2c09462-50e3-4aa0-a09b-fd4eef2dda3e" testId="83fd31a3-550f-e88e-9271-1a21dededa73" testName="AnOptInCannotGrantAnIneligibleTarget" computerName="worlesenric" duration="00:00:00.0008760" startTime="2026-09-26T13:08:22.2695507+08:00" endTime="2026-09-26T13:08:22.2704270+08:00" testType="13cdc9d9-ddb5-4fa4-a97d-d965ccfc6d4b" outcome="Passed" testListId="8c84fa94-04c1-424b-9868-57a2d4851a1d" relativeResultsDirectory="c2c09462-50e3-4aa0-a09b-fd4eef2dda3e" />
    <UnitTestResult executionId="c8a4c7f6-8359-4fa4-9d56-6852525349e3" testId="18b23bbb-b347-4158-6b0e-0cd5ec1fd5d0" testName="AFiniteCapabilityChainTerminatesAtTheHighestStratum" computerName="worlesenric" duration="00:00:00.0004350" startTime="2026-09-26T13:08:23.2942971+08:00" endTime="2026-09-26T13:08:23.2947324+08:00" testType="13cdc9d9-ddb5-4fa4-a97d-d965ccfc6d4b" outcome="Passed" testListId="8c84fa94-04c1-424b-9868-57a2d4851a1d" relativeResultsDirectory="c8a4c7f6-8359-4fa4-9d56-6852525349e3" />
    <UnitTestResult executionId="916a7791-61fe-4564-8d9a-abf8e8b23b23" testId="aaa1eff6-af89-6772-dd73-59bb6b407164" testName="TheIncrementalEngineMatchesTheOracleOnEverySeedAndStep" computerName="worlesenric" duration="00:00:04.9800440" startTime="2026-09-26T13:08:14.4064202+08:00" endTime="2026-09-26T13:08:19.3864633+08:00" testType="13cdc9d9-ddb5-4fa4-a97d-d965ccfc6d4b" outcome="Passed" testListId="8c84fa94-04c1-424b-9868-57a2d4851a1d" relativeResultsDirectory="916a7791-61fe-4564-8d9a-abf8e8b23b23" />
    <UnitTestResult executionId="a06216b0-a126-4ee3-8853-2ef564051bee" testId="13e6cc34-9418-7a7a-6098-30bb0096cd20" testName="TwoOverridesNamingDifferentProvidersForOneSlotAreAmbiguous" computerName="worlesenric" duration="00:00:00.0007660" startTime="2026-09-26T13:08:23.2663785+08:00" endTime="2026-09-26T13:08:23.2671447+08:00" testType="13cdc9d9-ddb5-4fa4-a97d-d965ccfc6d4b" outcome="Passed" testListId="8c84fa94-04c1-424b-9868-57a2d4851a1d" relativeResultsDirectory="a06216b0-a126-4ee3-8853-2ef564051bee" />
    <UnitTestResult executionId="86777b7f-4490-4546-8fe7-0752565b53c7" testId="07a425a4-3282-9a0b-4afb-b2462523da9f" testName="EqualPriorityAndDepthAreBrokenByAscendingProviderIdentity" computerName="worlesenric" duration="00:00:00.0002320" startTime="2026-09-26T13:08:23.2636483+08:00" endTime="2026-09-26T13:08:23.2638808+08:00" testType="13cdc9d9-ddb5-4fa4-a97d-d965ccfc6d4b" outcome="Passed" testListId="8c84fa94-04c1-424b-9868-57a2d4851a1d" relativeResultsDirectory="86777b7f-4490-4546-8fe7-0752565b53c7" />
    <UnitTestResult executionId="b643d458-9703-4565-a661-46dcff411ff5" testId="843b5114-31c0-a0c7-8cd1-301be6040ac4" testName="ConservativeGrantsAnExportedCapabilityImportedByTheTargetScope" computerName="worlesenric" duration="00:00:00.0002860" startTime="2026-09-26T13:08:22.2720729+08:00" endTime="2026-09-26T13:08:22.2723591+08:00" testType="13cdc9d9-ddb5-4fa4-a97d-d965ccfc6d4b" outcome="Passed" testListId="8c84fa94-04c1-424b-9868-57a2d4851a1d" relativeResultsDirectory="b643d458-9703-4565-a661-46dcff411ff5" />
    <UnitTestResult executionId="1029bb13-56d7-44e0-ae0a-4fae3b20df1e" testId="3d7e4d47-4208-1582-b342-d6ee93c7781b" testName="ApplyCostEstimateExhaustionRejects" computerName="worlesenric" duration="00:00:00.0005380" startTime="2026-09-26T13:08:23.2965477+08:00" endTime="2026-09-26T13:08:23.2970858+08:00" testType="13cdc9d9-ddb5-4fa4-a97d-d965ccfc6d4b" outcome="Passed" testListId="8c84fa94-04c1-424b-9868-57a2d4851a1d" relativeResultsDirectory="1029bb13-56d7-44e0-ae0a-4fae3b20df1e" />
    <UnitTestResult executionId="2b16646e-79a1-45b3-b815-1d88a71835c0" testId="7ba3aaaa-8aec-3f17-c8e8-748e3ca2eaa2" testName="ARejectedProposalLeavesThePreviouslyPublishedResultUsable" computerName="worlesenric" duration="00:00:00.0003800" startTime="2026-09-26T13:08:23.2970985+08:00" endTime="2026-09-26T13:08:23.2974781+08:00" testType="13cdc9d9-ddb5-4fa4-a97d-d965ccfc6d4b" outcome="Passed" testListId="8c84fa94-04c1-424b-9868-57a2d4851a1d" relativeResultsDirectory="2b16646e-79a1-45b3-b815-1d88a71835c0" />
    <UnitTestResult executionId="a149d21f-d33e-465b-9885-6a1d7b889f88" testId="f4e04d59-f32a-7c83-bb54-ce37d851ee69" testName="ConservativeGrantsAnExportedCapabilityThatTheTargetImports" computerName="worlesenric" duration="00:00:00.0012970" startTime="2026-09-26T13:08:22.2723707+08:00" endTime="2026-09-26T13:08:22.2736676+08:00" testType="13cdc9d9-ddb5-4fa4-a97d-d965ccfc6d4b" outcome="Passed" testListId="8c84fa94-04c1-424b-9868-57a2d4851a1d" relativeResultsDirectory="a149d21f-d33e-465b-9885-6a1d7b889f88" />
    <UnitTestResult executionId="6a96e7cf-9c73-42ec-a3fc-ca4bc9daa1c7" testId="28742101-fe1f-331f-fd89-2dbc9377d12b" testName="TheRuntimeAndTheOracleAgreeOnEverySeedAndStep" computerName="worlesenric" duration="00:00:00.9726790" startTime="2026-09-26T13:08:22.2783647+08:00" endTime="2026-09-26T13:08:23.2510434+08:00" testType="13cdc9d9-ddb5-4fa4-a97d-d965ccfc6d4b" outcome="Passed" testListId="8c84fa94-04c1-424b-9868-57a2d4851a1d" relativeResultsDirectory="6a96e7cf-9c73-42ec-a3fc-ca4bc9daa1c7" />
    <UnitTestResult executionId="a739dbfc-6a40-413a-a5e6-5ac2d277ec24" testId="2721b543-db98-af3b-fbcb-df62537da6ec" testName="IsCurrentRejectsAVariantResolvedUnderAnotherFingerprint" computerName="worlesenric" duration="00:00:00.0012359" startTime="2026-09-26T13:08:13.9141642+08:00" endTime="2026-09-26T13:08:13.9154001+08:00" testType="13cdc9d9-ddb5-4fa4-a97d-d965ccfc6d4b" outcome="Passed" testListId="8c84fa94-04c1-424b-9868-57a2d4851a1d" relativeResultsDirectory="a739dbfc-6a40-413a-a5e6-5ac2d277ec24" />
    <UnitTestResult executionId="a63ea603-66b2-494f-b041-c769717cf8d3" testId="3f79f781-5fde-cc09-9d51-645b41dd6d8c" testName="ReplaceChoosesTheHighestRankedCandidateAndKeepsTheLosersAsProvenance" computerName="worlesenric" duration="00:00:00.0017580" startTime="2026-09-26T13:08:13.8839215+08:00" endTime="2026-09-26T13:08:13.8856789+08:00" testType="13cdc9d9-ddb5-4fa4-a97d-d965ccfc6d4b" outcome="Passed" testListId="8c84fa94-04c1-424b-9868-57a2d4851a1d" relativeResultsDirectory="a63ea603-66b2-494f-b041-c769717cf8d3" />
    <UnitTestResult executionId="397f5659-ff59-4916-9166-df2520b1c35e" testId="3debaba7-eafa-0b12-0a1c-02f0658f5c86" testName="AnUnchangedInheritanceIsAHitAndAChangedOneIsAStaleRecomputation" computerName="worlesenric" duration="00:00:00.0017300" startTime="2026-09-26T13:08:13.9103054+08:00" endTime="2026-09-26T13:08:13.9120348+08:00" testType="13cdc9d9-ddb5-4fa4-a97d-d965ccfc6d4b" outcome="Passed" testListId="8c84fa94-04c1-424b-9868-57a2d4851a1d" relativeResultsDirectory="397f5659-ff59-4916-9166-df2520b1c35e" />
    <UnitTestResult executionId="10b47b49-6f9b-4884-90b4-e87507f9d8b6" testId="cfcd80ab-6e28-ff43-acac-5b093d36032d" testName="ReparentingTheVillageSelectsTheNewChaptersBindings" computerName="worlesenric" duration="00:00:00.0013930" startTime="2026-09-26T13:08:23.2923736+08:00" endTime="2026-09-26T13:08:23.2937662+08:00" testType="13cdc9d9-ddb5-4fa4-a97d-d965ccfc6d4b" outcome="Passed" testListId="8c84fa94-04c1-424b-9868-57a2d4851a1d" relativeResultsDirectory="10b47b49-6f9b-4884-90b4-e87507f9d8b6" />
    <UnitTestResult executionId="8afd3827-c378-4f01-a0c7-b00ca3147c7d" testId="526a4f86-1db9-672d-d979-83c1c987a92a" testName="OrderedDropsAnOptionalEdgeWhoseEndpointDoesNotExist" computerName="worlesenric" duration="00:00:00.0036960" startTime="2026-09-26T13:08:13.8758639+08:00" endTime="2026-09-26T13:08:13.8795600+08:00" testType="13cdc9d9-ddb5-4fa4-a97d-d965ccfc6d4b" outcome="Passed" testListId="8c84fa94-04c1-424b-9868-57a2d4851a1d" relativeResultsDirectory="8afd3827-c378-4f01-a0c7-b00ca3147c7d" />
    <UnitTestResult executionId="28d64bb6-b0ba-4099-a196-4d6bf2b3348c" testId="879fd8ad-56ef-791a-74c0-45fb5cf76a89" testName="ATargetExclusionOfOneCapabilityLeavesUnrelatedCapabilitiesAvailable" computerName="worlesenric" duration="00:00:00.0004640" startTime="2026-09-26T13:08:22.2677196+08:00" endTime="2026-09-26T13:08:22.2681836+08:00" testType="13cdc9d9-ddb5-4fa4-a97d-d965ccfc6d4b" outcome="Passed" testListId="8c84fa94-04c1-424b-9868-57a2d4851a1d" relativeResultsDirectory="28d64bb6-b0ba-4099-a196-4d6bf2b3348c" />
    <UnitTestResult executionId="e4822fcd-2d58-44e4-9f9e-1601816f3a6a" testId="7ca6817b-abe2-f26c-2654-b2ebbc74c52b" testName="IncompatibleAcceptsASingleActiveMember" computerName="worlesenric" duration="00:00:00.0055680" startTime="2026-09-26T13:08:13.8668235+08:00" endTime="2026-09-26T13:08:13.8723917+08:00" testType="13cdc9d9-ddb5-4fa4-a97d-d965ccfc6d4b" outcome="Passed" testListId="8c84fa94-04c1-424b-9868-57a2d4851a1d" relativeResultsDirectory="e4822fcd-2d58-44e4-9f9e-1601816f3a6a" />
    <UnitTestResult executionId="388d9b10-2f07-4bdf-a8dc-f61a84f193fa" testId="788e5e2b-4068-9b74-495d-f293a9988c39" testName="AnEditOutsideTheTargetPathLeavesTheVariantReusable" computerName="worlesenric" duration="00:00:00.0018470" startTime="2026-09-26T13:08:13.9084365+08:00" endTime="2026-09-26T13:08:13.9102831+08:00" testType="13cdc9d9-ddb5-4fa4-a97d-d965ccfc6d4b" outcome="Passed" testListId="8c84fa94-04c1-424b-9868-57a2d4851a1d" relativeResultsDirectory="388d9b10-2f07-4bdf-a8dc-f61a84f193fa" />
    <UnitTestResult executionId="689d1d3e-dcfe-48b1-9d47-00930874c40c" testId="093b2339-16a1-a987-b36c-6730ba0fe126" testName="ALargerBudgetIsAnExplicitConfigurationChangeThatSucceeds" computerName="worlesenric" duration="00:00:00.0005390" startTime="2026-09-26T13:08:23.2947443+08:00" endTime="2026-09-26T13:08:23.2952831+08:00" testType="13cdc9d9-ddb5-4fa4-a97d-d965ccfc6d4b" outcome="Passed" testListId="8c84fa94-04c1-424b-9868-57a2d4851a1d" relativeResultsDirectory="689d1d3e-dcfe-48b1-9d47-00930874c40c" />
    <UnitTestResult executionId="6a6df909-784e-4628-9d3c-a70ec90c9df7" testId="40fd60c9-f9b3-b6e9-fbb3-e286ea302052" testName="ASelectionOverrideForANonSelectablePolicyIsACatalogError" computerName="worlesenric" duration="00:00:00.0003400" startTime="2026-09-26T13:08:23.2632975+08:00" endTime="2026-09-26T13:08:23.2636376+08:00" testType="13cdc9d9-ddb5-4fa4-a97d-d965ccfc6d4b" outcome="Passed" testListId="8c84fa94-04c1-424b-9868-57a2d4851a1d" relativeResultsDirectory="6a6df909-784e-4628-9d3c-a70ec90c9df7" />
    <UnitTestResult executionId="4e8ebea8-1623-4377-9eb2-0d9b9180137d" testId="b3c52cdc-b4af-4979-0697-1fe95c67a2c7" testName="AProviderChangeInOneBranchDoesNotVisitTheOtherBranch" computerName="worlesenric" duration="00:00:00.0011680" startTime="2026-09-26T13:08:22.2584733+08:00" endTime="2026-09-26T13:08:22.2596409+08:00" testType="13cdc9d9-ddb5-4fa4-a97d-d965ccfc6d4b" outcome="Passed" testListId="8c84fa94-04c1-424b-9868-57a2d4851a1d" relativeResultsDirectory="4e8ebea8-1623-4377-9eb2-0d9b9180137d" />
    <UnitTestResult executionId="5574f9b8-b33e-4356-9080-8ac4557e7c3c" testId="9630bd8a-bf7a-f23f-f176-003df2ecd868" testName="TheIncrementalEngineMatchesTheOracleOnTheCardVocabularyToo" computerName="worlesenric" duration="00:00:02.8590830" startTime="2026-09-26T13:08:19.3865284+08:00" endTime="2026-09-26T13:08:22.2456107+08:00" testType="13cdc9d9-ddb5-4fa4-a97d-d965ccfc6d4b" outcome="Passed" testListId="8c84fa94-04c1-424b-9868-57a2d4851a1d" relativeResultsDirectory="5574f9b8-b33e-4356-9080-8ac4557e7c3c" />
    <UnitTestResult executionId="e651f909-d8c9-4510-91c6-0e8c96591b57" testId="b8090f22-99f1-c723-e3d9-30834fe8cdfd" testName="EveryPolicyProducesTheSameResultUnderEveryInsertionPermutation" computerName="worlesenric" duration="00:00:00.0629420" startTime="2026-09-26T13:08:13.7994060+08:00" endTime="2026-09-26T13:08:13.8623478+08:00" testType="13cdc9d9-ddb5-4fa4-a97d-d965ccfc6d4b" outcome="Passed" testListId="8c84fa94-04c1-424b-9868-57a2d4851a1d" relativeResultsDirectory="e651f909-d8c9-4510-91c6-0e8c96591b57" />
    <UnitTestResult executionId="79b5b34b-cec1-4cb3-8fdc-5265cb62db45" testId="d46decf6-fa73-91bf-4da1-fa5386cd1226" testName="RemovingTheLastSupporterRemovesTheSlotAndItsSupport" computerName="worlesenric" duration="00:00:00.0003040" startTime="2026-09-26T13:08:23.2647002+08:00" endTime="2026-09-26T13:08:23.2650045+08:00" testType="13cdc9d9-ddb5-4fa4-a97d-d965ccfc6d4b" outcome="Passed" testListId="8c84fa94-04c1-424b-9868-57a2d4851a1d" relativeResultsDirectory="79b5b34b-cec1-4cb3-8fdc-5265cb62db45" />
    <UnitTestResult executionId="2c3b08f2-1c15-471e-8b12-5060a0d1cf79" testId="94ef296f-b3c1-c944-f9f3-a44a0a1c7966" testName="OrderedRejectsADeclaredCycleWithItsCandidatesAsWitnesses" computerName="worlesenric" duration="00:00:00.0008290" startTime="2026-09-26T13:08:13.8796139+08:00" endTime="2026-09-26T13:08:13.8804423+08:00" testType="13cdc9d9-ddb5-4fa4-a97d-d965ccfc6d4b" outcome="Passed" testListId="8c84fa94-04c1-424b-9868-57a2d4851a1d" relativeResultsDirectory="2c3b08f2-1c15-471e-8b12-5060a0d1cf79" />
    <UnitTestResult executionId="58b56b32-1915-4dbd-b8bc-08a63b2b4e68" testId="5c524bc9-30fb-d145-425b-50489be79722" testName="TheCacheIsBoundedAndItsEvictionIsObservable" computerName="worlesenric" duration="00:00:00.0011240" startTime="2026-09-26T13:08:13.9154173+08:00" endTime="2026-09-26T13:08:13.9165414+08:00" testType="13cdc9d9-ddb5-4fa4-a97d-d965ccfc6d4b" outcome="Passed" testListId="8c84fa94-04c1-424b-9868-57a2d4851a1d" relativeResultsDirectory="58b56b32-1915-4dbd-b8bc-08a63b2b4e68" />
    <UnitTestResult executionId="7bfb25f9-3f8e-453e-95e6-bbcfc341a587" testId="fd5f982c-d36a-5425-d1e6-94e0f5242311" testName="AModeSwitchReportsTheWholeWorldAsItsCost" computerName="worlesenric" duration="00:00:00.0013260" startTime="2026-09-26T13:08:22.2547858+08:00" endTime="2026-09-26T13:08:22.2561119+08:00" testType="13cdc9d9-ddb5-4fa4-a97d-d965ccfc6d4b" outcome="Passed" testListId="8c84fa94-04c1-424b-9868-57a2d4851a1d" relativeResultsDirectory="7bfb25f9-3f8e-453e-95e6-bbcfc341a587" />
    <UnitTestResult executionId="ae343bfe-6543-480a-93bd-5e8800660b7c" testId="c778003a-4a5f-6378-9174-13534a7e8874" testName="RefC01_SpawnSeatDUnderLeagueAReceivesTheSameDerivedContributionWithoutAnImport" computerName="worlesenric" duration="00:00:00.0003750" startTime="2026-09-26T13:08:23.2808951+08:00" endTime="2026-09-26T13:08:23.2812703+08:00" testType="13cdc9d9-ddb5-4fa4-a97d-d965ccfc6d4b" outcome="Passed" testListId="8c84fa94-04c1-424b-9868-57a2d4851a1d" relativeResultsDirectory="ae343bfe-6543-480a-93bd-5e8800660b7c" />
    <UnitTestResult executionId="e90ff2fa-d49b-4684-b494-9724ed8df29c" testId="a0ca4bba-1a8e-c2a3-fb8f-b857f71a577e" testName="AConflictOnTheOtherModeLeavesTheOldAssemblyPublished" computerName="worlesenric" duration="00:00:00.0007990" startTime="2026-09-26T13:08:23.2904159+08:00" endTime="2026-09-26T13:08:23.2912144+08:00" testType="13cdc9d9-ddb5-4fa4-a97d-d965ccfc6d4b" outcome="Passed" testListId="8c84fa94-04c1-424b-9868-57a2d4851a1d" relativeResultsDirectory="e90ff2fa-d49b-4684-b494-9724ed8df29c" />
    <UnitTestResult executionId="19f13cf5-d4a4-4ac0-b3d7-08095f1c364c" testId="44780751-e2e8-8902-5171-558cc9da6ec7" testName="RefN05_ARemovedAndReintroducedChapterLeavesTheTargetsUnboundThenBoundAgain" computerName="worlesenric" duration="00:00:00.0016660" startTime="2026-09-26T13:08:23.2866558+08:00" endTime="2026-09-26T13:08:23.2883221+08:00" testType="13cdc9d9-ddb5-4fa4-a97d-d965ccfc6d4b" outcome="Passed" testListId="8c84fa94-04c1-424b-9868-57a2d4851a1d" relativeResultsDirectory="19f13cf5-d4a4-4ac0-b3d7-08095f1c364c" />
    <UnitTestResult executionId="a8a393e5-8b19-4480-9798-fdfd2b981ac4" testId="dccb82d6-c5d5-9082-18fe-9654b46d878f" testName="RefC05_MovingASeatToTheQuietLeagueChangesTheBonusAndPreservesStableIdentity" computerName="worlesenric" duration="00:00:00.0007490" startTime="2026-09-26T13:08:23.2826449+08:00" endTime="2026-09-26T13:08:23.2833937+08:00" testType="13cdc9d9-ddb5-4fa4-a97d-d965ccfc6d4b" outcome="Passed" testListId="8c84fa94-04c1-424b-9868-57a2d4851a1d" relativeResultsDirectory="a8a393e5-8b19-4480-9798-fdfd2b981ac4" />
    <UnitTestResult executionId="d1c015fb-8048-4d04-857f-e3c8807836f7" testId="ce852ba9-bf8a-e350-2f50-096608a9d441" testName="ASelfProducingRuleIsRejected" computerName="worlesenric" duration="00:00:00.0002170" startTime="2026-09-26T13:08:23.2980332+08:00" endTime="2026-09-26T13:08:23.2982506+08:00" testType="13cdc9d9-ddb5-4fa4-a97d-d965ccfc6d4b" outcome="Passed" testListId="8c84fa94-04c1-424b-9868-57a2d4851a1d" relativeResultsDirectory="d1c015fb-8048-4d04-857f-e3c8807836f7" />
    <UnitTestResult executionId="da77ca3c-64a2-425f-9bcb-f63d6008b283" testId="e5c4b8e9-4702-a681-19f9-c6a4f40dfc8d" testName="AnIsolationBoundaryIsRecordedAsTheOriginatingBlocker" computerName="worlesenric" duration="00:00:00.0008340" startTime="2026-09-26T13:08:23.2707629+08:00" endTime="2026-09-26T13:08:23.2715966+08:00" testType="13cdc9d9-ddb5-4fa4-a97d-d965ccfc6d4b" outcome="Passed" testListId="8c84fa94-04c1-424b-9868-57a2d4851a1d" relativeResultsDirectory="da77ca3c-64a2-425f-9bcb-f63d6008b283" />
    <UnitTestResult executionId="772f62bd-34e6-4a94-adbb-dc70e1f6d2da" testId="71c8d5d3-03fc-75aa-e12b-c1a0dfdaac9b" testName="ASpawnUnderANewScopeResolvesTheSameInheritanceAsItsSiblings" computerName="worlesenric" duration="00:00:00.0009200" startTime="2026-09-26T13:08:13.9132275+08:00" endTime="2026-09-26T13:08:13.9141473+08:00" testType="13cdc9d9-ddb5-4fa4-a97d-d965ccfc6d4b" outcome="Passed" testListId="8c84fa94-04c1-424b-9868-57a2d4851a1d" relativeResultsDirectory="772f62bd-34e6-4a94-adbb-dc70e1f6d2da" />
    <UnitTestResult executionId="a7c3f566-dcb3-4e5b-bd45-c35ee5b684eb" testId="24824c6f-f226-9cd1-ed5f-4d6cbeacd943" testName="RefN01_ChapterBindsCompatibleDescendantsAndFutureVillagersButNotPropsIsolationOrSiblings" computerName="worlesenric" duration="00:00:00.0006010" startTime="2026-09-26T13:08:23.2846601+08:00" endTime="2026-09-26T13:08:23.2852607+08:00" testType="13cdc9d9-ddb5-4fa4-a97d-d965ccfc6d4b" outcome="Passed" testListId="8c84fa94-04c1-424b-9868-57a2d4851a1d" relativeResultsDirectory="a7c3f566-dcb3-4e5b-bd45-c35ee5b684eb" />
    <UnitTestResult executionId="faf4fedb-a718-4b5d-90bb-20a3b4449996" testId="e532689f-b715-472c-d088-68978557a37a" testName="AnInactiveInstallationContributesNothingAndItsPriorContributionsRetract" computerName="worlesenric" duration="00:00:00.0006810" startTime="2026-09-26T13:08:23.2621787+08:00" endTime="2026-09-26T13:08:23.2628598+08:00" testType="13cdc9d9-ddb5-4fa4-a97d-d965ccfc6d4b" outcome="Passed" testListId="8c84fa94-04c1-424b-9868-57a2d4851a1d" relativeResultsDirectory="faf4fedb-a718-4b5d-90bb-20a3b4449996" />
    <UnitTestResult executionId="a7663a60-816b-45b3-aa50-84f201276666" testId="09f6f65d-a61b-d269-1825-7483e7a00f45" testName="AnExplicitSelectionOverrideChoosesTheEligibleCandidate" computerName="worlesenric" duration="00:00:00.0004310" startTime="2026-09-26T13:08:23.2617335+08:00" endTime="2026-09-26T13:08:23.2621641+08:00" testType="13cdc9d9-ddb5-4fa4-a97d-d965ccfc6d4b" outcome="Passed" testListId="8c84fa94-04c1-424b-9868-57a2d4851a1d" relativeResultsDirectory="a7663a60-816b-45b3-aa50-84f201276666" />
    <UnitTestResult executionId="27ec123f-1bb0-4def-80d1-6960aa102262" testId="5b038a66-3016-9450-02bc-0dcb06ebd092" testName="TheOracleAndTheEngineAgreeOnTheReferenceCompositions" computerName="worlesenric" duration="00:00:00.0013980" startTime="2026-09-26T13:08:22.2769533+08:00" endTime="2026-09-26T13:08:22.2783510+08:00" testType="13cdc9d9-ddb5-4fa4-a97d-d965ccfc6d4b" outcome="Passed" testListId="8c84fa94-04c1-424b-9868-57a2d4851a1d" relativeResultsDirectory="27ec123f-1bb0-4def-80d1-6960aa102262" />
    <UnitTestResult executionId="cad6d451-89dc-4832-a59f-061f6c017b71" testId="167eb855-2e5c-f004-ed6f-c4e4fd5e0833" testName="ACapabilityBoundaryBlocksAnOutsideRuleForTheBoundarySubtree" computerName="worlesenric" duration="00:00:00.0016940" startTime="2026-09-26T13:08:22.2631448+08:00" endTime="2026-09-26T13:08:22.2648387+08:00" testType="13cdc9d9-ddb5-4fa4-a97d-d965ccfc6d4b" outcome="Passed" testListId="8c84fa94-04c1-424b-9868-57a2d4851a1d" relativeResultsDirectory="cad6d451-89dc-4832-a59f-061f6c017b71" />
    <UnitTestResult executionId="74c474dc-b24c-41b6-bd32-3cee4e92c346" testId="7eb646c8-4214-23f1-747c-815997e5165e" testName="OrderedRejectsARequiredKeyWithoutAnEndpoint" computerName="worlesenric" duration="00:00:00.0009440" startTime="2026-09-26T13:08:13.8804727+08:00" endTime="2026-09-26T13:08:13.8814169+08:00" testType="13cdc9d9-ddb5-4fa4-a97d-d965ccfc6d4b" outcome="Passed" testListId="8c84fa94-04c1-424b-9868-57a2d4851a1d" relativeResultsDirectory="74c474dc-b24c-41b6-bd32-3cee4e92c346" />
    <UnitTestResult executionId="7d7368a9-1fe5-48ce-af78-439f6002b156" testId="c7d79c68-40af-a98c-3b4b-a66be7939ae7" testName="RetractingOneOfTwoSupportersPreservesTheSurvivorAndReportsTheLostSupport" computerName="worlesenric" duration="00:00:00.0009240" startTime="2026-09-26T13:08:23.2654397+08:00" endTime="2026-09-26T13:08:23.2663636+08:00" testType="13cdc9d9-ddb5-4fa4-a97d-d965ccfc6d4b" outcome="Passed" testListId="8c84fa94-04c1-424b-9868-57a2d4851a1d" relativeResultsDirectory="7d7368a9-1fe5-48ce-af78-439f6002b156" />
    <UnitTestResult executionId="eb2d859c-3156-4363-829e-fa12bef972b5" testId="ce4cf1eb-e539-26dc-591c-5ca5181d76a4" testName="TheOldAndNewProviderClosureOfAMovedScopeAreDiffed" computerName="worlesenric" duration="00:00:00.0016960" startTime="2026-09-26T13:08:22.2606491+08:00" endTime="2026-09-26T13:08:22.2623446+08:00" testType="13cdc9d9-ddb5-4fa4-a97d-d965ccfc6d4b" outcome="Passed" testListId="8c84fa94-04c1-424b-9868-57a2d4851a1d" relativeResultsDirectory="eb2d859c-3156-4363-829e-fa12bef972b5" />
    <UnitTestResult executionId="735e06c6-a56f-4875-931d-f1c1fda0f865" testId="2c1e0453-e51b-b627-d400-bb73b0856756" testName="ReparentingASubtreeDiffsTheOldAndTheNewProviderClosure" computerName="worlesenric" duration="00:00:00.0009750" startTime="2026-09-26T13:08:22.2596585+08:00" endTime="2026-09-26T13:08:22.2606338+08:00" testType="13cdc9d9-ddb5-4fa4-a97d-d965ccfc6d4b" outcome="Passed" testListId="8c84fa94-04c1-424b-9868-57a2d4851a1d" relativeResultsDirectory="735e06c6-a56f-4875-931d-f1c1fda0f865" />
    <UnitTestResult executionId="d059db16-582b-4460-8a85-5f476ca93600" testId="ea8400f5-7eb2-6540-c39f-8acf8008a90c" testName="ATargetOutsideEveryCandidatePopulationGetsNoInventedExplanationButStaysUnchanged" computerName="worlesenric" duration="00:00:00.0009000" startTime="2026-09-26T13:08:23.2755081+08:00" endTime="2026-09-26T13:08:23.2764081+08:00" testType="13cdc9d9-ddb5-4fa4-a97d-d965ccfc6d4b" outcome="Passed" testListId="8c84fa94-04c1-424b-9868-57a2d4851a1d" relativeResultsDirectory="d059db16-582b-4460-8a85-5f476ca93600" />
    <UnitTestResult executionId="1cda93b5-53ac-4f90-b75d-bfcab2e7c935" testId="1103850b-76b5-f2df-d2df-cb87cbb0047b" testName="ACarriedTargetKeepsItsProvenanceAndSupportExactly" computerName="worlesenric" duration="00:00:00.0008600" startTime="2026-09-26T13:08:22.2487218+08:00" endTime="2026-09-26T13:08:22.2495817+08:00" testType="13cdc9d9-ddb5-4fa4-a97d-d965ccfc6d4b" outcome="Passed" testListId="8c84fa94-04c1-424b-9868-57a2d4851a1d" relativeResultsDirectory="1cda93b5-53ac-4f90-b75d-bfcab2e7c935" />
    <UnitTestResult executionId="a2c5879c-8e9b-437f-9c37-3d143ad0e6bc" testId="abebd710-7e72-4aa1-9df2-f96f59fd05c1" testName="ASiblingBranchIsNeitherBlockedNorGrantedByAnotherBranchesBoundary" computerName="worlesenric" duration="00:00:00.0002350" startTime="2026-09-26T13:08:22.2674743+08:00" endTime="2026-09-26T13:08:22.2677097+08:00" testType="13cdc9d9-ddb5-4fa4-a97d-d965ccfc6d4b" outcome="Passed" testListId="8c84fa94-04c1-424b-9868-57a2d4851a1d" relativeResultsDirectory="a2c5879c-8e9b-437f-9c37-3d143ad0e6bc" />
    <UnitTestResult executionId="a6eb5336-a3c0-4244-9a53-dcadf5ae5173" testId="6ab95b9e-beec-a210-30dc-624a55018b93" testName="AMutuallyDependentPairOfRulesIsRejectedAsACatalogError" computerName="worlesenric" duration="00:00:00.0005710" startTime="2026-09-26T13:08:23.2956477+08:00" endTime="2026-09-26T13:08:23.2962187+08:00" testType="13cdc9d9-ddb5-4fa4-a97d-d965ccfc6d4b" outcome="Passed" testListId="8c84fa94-04c1-424b-9868-57a2d4851a1d" relativeResultsDirectory="a6eb5336-a3c0-4244-9a53-dcadf5ae5173" />
    <UnitTestResult executionId="25aae744-922c-46e0-8f1c-8588293fd8c8" testId="9bdd362e-8458-b09f-af2f-291f703051bf" testName="AnOverrideNamingAnIneligibleCandidateRejectsInsteadOfFallingBack" computerName="worlesenric" duration="00:00:00.0002240" startTime="2026-09-26T13:08:23.2628722+08:00" endTime="2026-09-26T13:08:23.2630957+08:00" testType="13cdc9d9-ddb5-4fa4-a97d-d965ccfc6d4b" outcome="Passed" testListId="8c84fa94-04c1-424b-9868-57a2d4851a1d" relativeResultsDirectory="25aae744-922c-46e0-8f1c-8588293fd8c8" />
    <UnitTestResult executionId="aa30909d-279c-4743-afcf-07e71c843adb" testId="53877da4-940f-6b38-b5dc-9de8328fef00" testName="CrossCapabilityIncompatibilityRejectsTheWholeProposalWhenBothWouldBeActive" computerName="worlesenric" duration="00:00:00.0041480" startTime="2026-09-26T13:08:13.7952290+08:00" endTime="2026-09-26T13:08:13.7993765+08:00" testType="13cdc9d9-ddb5-4fa4-a97d-d965ccfc6d4b" outcome="Passed" testListId="8c84fa94-04c1-424b-9868-57a2d4851a1d" relativeResultsDirectory="aa30909d-279c-4743-afcf-07e71c843adb" />
    <UnitTestResult executionId="204cead2-a341-4c90-9777-8f092999a25a" testId="33d75b7b-0249-0e64-c801-9b21498e6fa3" testName="TheIncrementalEngineAlsoAgreesWithAFullRecomputationOnExplanations" computerName="worlesenric" duration="00:00:00.4564220" startTime="2026-09-26T13:08:13.9499635+08:00" endTime="2026-09-26T13:08:14.4063853+08:00" testType="13cdc9d9-ddb5-4fa4-a97d-d965ccfc6d4b" outcome="Passed" testListId="8c84fa94-04c1-424b-9868-57a2d4851a1d" relativeResultsDirectory="204cead2-a341-4c90-9777-8f092999a25a" />
    <UnitTestResult executionId="cd390eb5-d61e-4ac8-88f6-12e1107b1432" testId="4deee96f-64fe-3a47-b69c-0f1038de16bd" testName="AModeSwitchReportsAWholeWorldInvalidation" computerName="worlesenric" duration="00:00:00.0329180" startTime="2026-09-26T13:08:13.9166810+08:00" endTime="2026-09-26T13:08:13.9495987+08:00" testType="13cdc9d9-ddb5-4fa4-a97d-d965ccfc6d4b" outcome="Passed" testListId="8c84fa94-04c1-424b-9868-57a2d4851a1d" relativeResultsDirectory="cd390eb5-d61e-4ac8-88f6-12e1107b1432" />
    <UnitTestResult executionId="df2edfa8-639c-4b30-b3f6-c2b9c2677992" testId="fa56e56f-cf76-9c3b-7fa6-899845720ed9" testName="AMissingLowerStratumPrerequisiteLeavesTheDependentRuleRejectedWithAWitness" computerName="worlesenric" duration="00:00:00.0003410" startTime="2026-09-26T13:08:23.2952953+08:00" endTime="2026-09-26T13:08:23.2956363+08:00" testType="13cdc9d9-ddb5-4fa4-a97d-d965ccfc6d4b" outcome="Passed" testListId="8c84fa94-04c1-424b-9868-57a2d4851a1d" relativeResultsDirectory="df2edfa8-639c-4b30-b3f6-c2b9c2677992" />
    <UnitTestResult executionId="b13fab37-7958-4a5b-9add-daaebe9204a2" testId="e04b8dc9-0daa-f3a3-0920-ffe979a486ce" testName="AScopeAddressedOverrideAppliesToTheSubtreeWhenDeclaredSo" computerName="worlesenric" duration="00:00:00.0001810" startTime="2026-09-26T13:08:23.2631077+08:00" endTime="2026-09-26T13:08:23.2632882+08:00" testType="13cdc9d9-ddb5-4fa4-a97d-d965ccfc6d4b" outcome="Passed" testListId="8c84fa94-04c1-424b-9868-57a2d4851a1d" relativeResultsDirectory="b13fab37-7958-4a5b-9add-daaebe9204a2" />
    <UnitTestResult executionId="783becaa-8c44-42cc-9309-808d87edddfb" testId="aacbad72-9acf-7716-1f8d-d11fa9137074" testName="TheExplainReaderPagesBoundedRecordsAndLabelsItsSource" computerName="worlesenric" duration="00:00:00.0027210" startTime="2026-09-26T13:08:23.2776205+08:00" endTime="2026-09-26T13:08:23.2803412+08:00" testType="13cdc9d9-ddb5-4fa4-a97d-d965ccfc6d4b" outcome="Passed" testListId="8c84fa94-04c1-424b-9868-57a2d4851a1d" relativeResultsDirectory="783becaa-8c44-42cc-9309-808d87edddfb" />
    <UnitTestResult executionId="61c52cdb-967b-43cb-b860-238164393e41" testId="008e0ab9-c055-6260-5cad-8c30f714b210" testName="ADescriptorChangeOnOneTargetTouchesNoOtherTarget" computerName="worlesenric" duration="00:00:00.0008880" startTime="2026-09-26T13:08:22.2495992+08:00" endTime="2026-09-26T13:08:22.2504869+08:00" testType="13cdc9d9-ddb5-4fa4-a97d-d965ccfc6d4b" outcome="Passed" testListId="8c84fa94-04c1-424b-9868-57a2d4851a1d" relativeResultsDirectory="61c52cdb-967b-43cb-b860-238164393e41" />
    <UnitTestResult executionId="061a7e67-6ac5-4e99-82a5-00d8c6bfa6b7" testId="8e48178a-af81-57de-8f74-ad6ca479703b" testName="AProviderExclusionOnAScopeSubtreeStopsOnlyThatProvidersContribution" computerName="worlesenric" duration="00:00:00.0002960" startTime="2026-09-26T13:08:22.2663474+08:00" endTime="2026-09-26T13:08:22.2666435+08:00" testType="13cdc9d9-ddb5-4fa4-a97d-d965ccfc6d4b" outcome="Passed" testListId="8c84fa94-04c1-424b-9868-57a2d4851a1d" relativeResultsDirectory="061a7e67-6ac5-4e99-82a5-00d8c6bfa6b7" />
    <UnitTestResult executionId="36ccf06b-695c-4161-abe9-9ac7ee8830fe" testId="670b474a-9e21-ba19-0931-926d99ace730" testName="AHigherExplicitPriorityBeatsANearerProviderScope" computerName="worlesenric" duration="00:00:00.0005520" startTime="2026-09-26T13:08:23.2611667+08:00" endTime="2026-09-26T13:08:23.2617184+08:00" testType="13cdc9d9-ddb5-4fa4-a97d-d965ccfc6d4b" outcome="Passed" testListId="8c84fa94-04c1-424b-9868-57a2d4851a1d" relativeResultsDirectory="36ccf06b-695c-4161-abe9-9ac7ee8830fe" />
    <UnitTestResult executionId="567e2906-74fc-469b-aff2-9488b9429ab1" testId="91d6a99d-4818-f5b7-b9f5-2d4e427d1be3" testName="APayloadReconfigurationStalesTheVariant" computerName="worlesenric" duration="00:00:00.0011530" startTime="2026-09-26T13:08:13.9120569+08:00" endTime="2026-09-26T13:08:13.9132101+08:00" testType="13cdc9d9-ddb5-4fa4-a97d-d965ccfc6d4b" outcome="Passed" testListId="8c84fa94-04c1-424b-9868-57a2d4851a1d" relativeResultsDirectory="567e2906-74fc-469b-aff2-9488b9429ab1" />
    <UnitTestResult executionId="4e48256a-78c9-4c73-884c-75f67840bf59" testId="49d7edf4-cdcd-52a8-0d00-27957568a799" testName="RefP03_TheFiniteNarrativeChainTerminatesWithinTheReferenceBudget" computerName="worlesenric" duration="00:00:00.0005470" startTime="2026-09-26T13:08:23.2894408+08:00" endTime="2026-09-26T13:08:23.2899878+08:00" testType="13cdc9d9-ddb5-4fa4-a97d-d965ccfc6d4b" outcome="Passed" testListId="8c84fa94-04c1-424b-9868-57a2d4851a1d" relativeResultsDirectory="4e48256a-78c9-4c73-884c-75f67840bf59" />
    <UnitTestResult executionId="bdda7499-41e9-4ca1-96b3-d59bed5f8e4e" testId="b707340d-e747-b06b-0421-b8acfdc6085d" testName="AdditiveFoldsEveryContributionThroughTheRegisteredReducer" computerName="worlesenric" duration="00:00:00.2000150" startTime="2026-09-26T13:08:13.5531995+08:00" endTime="2026-09-26T13:08:13.7531575+08:00" testType="13cdc9d9-ddb5-4fa4-a97d-d965ccfc6d4b" outcome="Passed" testListId="8c84fa94-04c1-424b-9868-57a2d4851a1d" relativeResultsDirectory="bdda7499-41e9-4ca1-96b3-d59bed5f8e4e" />
    <UnitTestResult executionId="ec16a2d9-803e-4708-a2d1-5a6a09acc7c1" testId="5200d254-7169-db57-ab3b-0fe6c84da81b" testName="CandidateQuotaExhaustionRejectsWithCountsAndCausesAndNoPartialClosure" computerName="worlesenric" duration="00:00:00.0002230" startTime="2026-09-26T13:08:23.2982600+08:00" endTime="2026-09-26T13:08:23.2984827+08:00" testType="13cdc9d9-ddb5-4fa4-a97d-d965ccfc6d4b" outcome="Passed" testListId="8c84fa94-04c1-424b-9868-57a2d4851a1d" relativeResultsDirectory="ec16a2d9-803e-4708-a2d1-5a6a09acc7c1" />
    <UnitTestResult executionId="86a5b4a1-2b79-4e4b-ab7d-3e4b3dcfb028" testId="34f3f553-3b00-b57d-27a6-99fe7fe59b60" testName="RefC01_FestivalScoresEveryEligibleSeatAndNeitherTheScoreboardNorTheIsolatedPracticeSeat" computerName="worlesenric" duration="00:00:00.0004380" startTime="2026-09-26T13:08:23.2804446+08:00" endTime="2026-09-26T13:08:23.2808828+08:00" testType="13cdc9d9-ddb5-4fa4-a97d-d965ccfc6d4b" outcome="Passed" testListId="8c84fa94-04c1-424b-9868-57a2d4851a1d" relativeResultsDirectory="86a5b4a1-2b79-4e4b-ab7d-3e4b3dcfb028" />
    <UnitTestResult executionId="6549d63c-44af-4caa-a758-4328f7e4e539" testId="766969f9-7fd8-f9dd-8ad7-e4395354c9b1" testName="OrderedSortsByDeclaredKeys" computerName="worlesenric" duration="00:00:00.0017430" startTime="2026-09-26T13:08:13.8821607+08:00" endTime="2026-09-26T13:08:13.8839036+08:00" testType="13cdc9d9-ddb5-4fa4-a97d-d965ccfc6d4b" outcome="Passed" testListId="8c84fa94-04c1-424b-9868-57a2d4851a1d" relativeResultsDirectory="6549d63c-44af-4caa-a758-4328f7e4e539" />
    <UnitTestResult executionId="2630c44d-74ea-475c-872c-feba071e7fa4" testId="074776b2-1bd5-7de5-7012-1ecb1ad94a03" testName="AModeSwitchAndACatalogChangeAlsoChangeTheFingerprint" computerName="worlesenric" duration="00:00:00.0184360" startTime="2026-09-26T13:08:13.8899772+08:00" endTime="2026-09-26T13:08:13.9084133+08:00" testType="13cdc9d9-ddb5-4fa4-a97d-d965ccfc6d4b" outcome="Passed" testListId="8c84fa94-04c1-424b-9868-57a2d4851a1d" relativeResultsDirectory="2630c44d-74ea-475c-872c-feba071e7fa4" />
    <UnitTestResult executionId="44b4190b-921e-4a16-85a7-c2c3ab1c3efa" testId="06b68e39-085b-59c6-7654-8595e320bcca" testName="ABoundaryEditOnOneScopeLeavesSiblingsUntouched" computerName="worlesenric" duration="00:00:00.0028430" startTime="2026-09-26T13:08:22.2458532+08:00" endTime="2026-09-26T13:08:22.2486959+08:00" testType="13cdc9d9-ddb5-4fa4-a97d-d965ccfc6d4b" outcome="Passed" testListId="8c84fa94-04c1-424b-9868-57a2d4851a1d" relativeResultsDirectory="44b4190b-921e-4a16-85a7-c2c3ab1c3efa" />
    <UnitTestResult executionId="325441e9-967a-4dd4-ad0e-a1a2dac5de46" testId="c3edd630-253a-7ac1-bc8d-f2cbdfd1cec5" testName="ARuleExclusionDeniesOnlyThatRule" computerName="worlesenric" duration="00:00:00.0005760" startTime="2026-09-26T13:08:22.2668859+08:00" endTime="2026-09-26T13:08:22.2674614+08:00" testType="13cdc9d9-ddb5-4fa4-a97d-d965ccfc6d4b" outcome="Passed" testListId="8c84fa94-04c1-424b-9868-57a2d4851a1d" relativeResultsDirectory="325441e9-967a-4dd4-ad0e-a1a2dac5de46" />
    <UnitTestResult executionId="90a111f4-0ead-44d3-8584-80e8c150c581" testId="aa555be4-07dc-fc57-2117-55d5a1f7cc5e" testName="AProviderInstalledInsideTheBoundaryStillWorks" computerName="worlesenric" duration="00:00:00.0002220" startTime="2026-09-26T13:08:22.2666551+08:00" endTime="2026-09-26T13:08:22.2668770+08:00" testType="13cdc9d9-ddb5-4fa4-a97d-d965ccfc6d4b" outcome="Passed" testListId="8c84fa94-04c1-424b-9868-57a2d4851a1d" relativeResultsDirectory="90a111f4-0ead-44d3-8584-80e8c150c581" />
    <UnitTestResult executionId="740f5bed-3c0e-4a31-8d0f-dbdb6e905ec9" testId="98d9bdfe-8f3c-e27e-22d0-e85147529d7f" testName="ANoChangeSnapshotCarriesEveryTargetAndProducesAnEmptyDelta" computerName="worlesenric" duration="00:00:00.0006860" startTime="2026-09-26T13:08:22.2561290+08:00" endTime="2026-09-26T13:08:22.2568154+08:00" testType="13cdc9d9-ddb5-4fa4-a97d-d965ccfc6d4b" outcome="Passed" testListId="8c84fa94-04c1-424b-9868-57a2d4851a1d" relativeResultsDirectory="740f5bed-3c0e-4a31-8d0f-dbdb6e905ec9" />
    <UnitTestResult executionId="bc4aabdd-5e87-45d8-8f01-e44890dce276" testId="7c783a46-0263-2894-d431-585edd62005f" testName="TheRuntimeAndTheOracleAgreeOnRandomCompositionsWithoutAnyOperationSequence" computerName="worlesenric" duration="00:00:00.0099310" startTime="2026-09-26T13:08:23.2510699+08:00" endTime="2026-09-26T13:08:23.2610008+08:00" testType="13cdc9d9-ddb5-4fa4-a97d-d965ccfc6d4b" outcome="Passed" testListId="8c84fa94-04c1-424b-9868-57a2d4851a1d" relativeResultsDirectory="bc4aabdd-5e87-45d8-8f01-e44890dce276" />
    <UnitTestResult executionId="4c949202-9f01-4f96-b2cd-c2474ed739e4" testId="13fd8a2b-c4dc-1f03-5878-fbbec661b262" testName="OrderedRejectsTwoCandidatesClaimingTheSameOrderingKey" computerName="worlesenric" duration="00:00:00.0007090" startTime="2026-09-26T13:08:13.8814355+08:00" endTime="2026-09-26T13:08:13.8821443+08:00" testType="13cdc9d9-ddb5-4fa4-a97d-d965ccfc6d4b" outcome="Passed" testListId="8c84fa94-04c1-424b-9868-57a2d4851a1d" relativeResultsDirectory="4c949202-9f01-4f96-b2cd-c2474ed739e4" />
    <UnitTestResult executionId="8ef0bbf7-bc57-4cef-a562-88fa56af2824" testId="13f32852-2e54-be51-aa3d-9ac0c84b9082" testName="AnUngatedRuleIsUnaffectedByTheModeGateTable" computerName="worlesenric" duration="00:00:00.0006140" startTime="2026-09-26T13:08:22.2704418+08:00" endTime="2026-09-26T13:08:22.2710558+08:00" testType="13cdc9d9-ddb5-4fa4-a97d-d965ccfc6d4b" outcome="Passed" testListId="8c84fa94-04c1-424b-9868-57a2d4851a1d" relativeResultsDirectory="8ef0bbf7-bc57-4cef-a562-88fa56af2824" />
    <UnitTestResult executionId="6ef5eef0-6f69-4e2c-b0ca-88c23a5c297d" testId="34a149d1-6efd-6318-d56b-2db2571a674a" testName="TemporaryByteQuotaExhaustionRejects" computerName="worlesenric" duration="00:00:00.0001700" startTime="2026-09-26T13:08:23.2993468+08:00" endTime="2026-09-26T13:08:23.2995172+08:00" testType="13cdc9d9-ddb5-4fa4-a97d-d965ccfc6d4b" outcome="Passed" testListId="8c84fa94-04c1-424b-9868-57a2d4851a1d" relativeResultsDirectory="6ef5eef0-6f69-4e2c-b0ca-88c23a5c297d" />
    <UnitTestResult executionId="f69b39ef-e6df-401b-b208-89168374f45b" testId="98fd2a98-cce3-89bf-8be2-5937a913e40d" testName="RefC05_ModeSwitchBetweenAutomaticAndConservativeKeepsOnlyTheOptedInSeat" computerName="worlesenric" duration="00:00:00.0008410" startTime="2026-09-26T13:08:23.2817912+08:00" endTime="2026-09-26T13:08:23.2826321+08:00" testType="13cdc9d9-ddb5-4fa4-a97d-d965ccfc6d4b" outcome="Passed" testListId="8c84fa94-04c1-424b-9868-57a2d4851a1d" relativeResultsDirectory="f69b39ef-e6df-401b-b208-89168374f45b" />
    <UnitTestResult executionId="86371843-3f30-4da7-8301-3382bc16b545" testId="82b323a4-f3ad-ec7a-0243-ead3c079b5f3" testName="ADescendantsRuleStillUsesTheModeGateForATargetInTheProvidersOwnScope" computerName="worlesenric" duration="00:00:00.0010000" startTime="2026-09-26T13:08:22.2685339+08:00" endTime="2026-09-26T13:08:22.2695338+08:00" testType="13cdc9d9-ddb5-4fa4-a97d-d965ccfc6d4b" outcome="Passed" testListId="8c84fa94-04c1-424b-9868-57a2d4851a1d" relativeResultsDirectory="86371843-3f30-4da7-8301-3382bc16b545" />
    <UnitTestResult executionId="24bde840-f585-4bde-bee6-cf5b24f4f598" testId="a2be5f49-30ab-15f0-8262-2106ed0062c0" testName="RefC06_AnUnresolvedExclusiveConflictRejectsTheWholeProposalAndKeepsTheOldAssembly" computerName="worlesenric" duration="00:00:00.0006540" startTime="2026-09-26T13:08:23.2834068+08:00" endTime="2026-09-26T13:08:23.2840608+08:00" testType="13cdc9d9-ddb5-4fa4-a97d-d965ccfc6d4b" outcome="Passed" testListId="8c84fa94-04c1-424b-9868-57a2d4851a1d" relativeResultsDirectory="24bde840-f585-4bde-bee6-cf5b24f4f598" />
    <UnitTestResult executionId="14e38e8d-1ff8-43f1-9826-b32c0761cad1" testId="2b0acfcc-c9a5-8528-a55e-c78aabfd23df" testName="ADiamondThatDiscoversTheSameContributionTwiceSuppressesTheDuplicate" computerName="worlesenric" duration="00:00:00.0004240" startTime="2026-09-26T13:08:23.2938603+08:00" endTime="2026-09-26T13:08:23.2942842+08:00" testType="13cdc9d9-ddb5-4fa4-a97d-d965ccfc6d4b" outcome="Passed" testListId="8c84fa94-04c1-424b-9868-57a2d4851a1d" relativeResultsDirectory="14e38e8d-1ff8-43f1-9826-b32c0761cad1" />
    <UnitTestResult executionId="c9bcd7b2-24f1-48f7-8ee1-44f5489e7a87" testId="bb6a32d7-c733-62e5-4633-738eea3ec3ad" testName="RefN01_AChapterBindsItsOwnBranchWithItsOwnDefinitions" computerName="worlesenric" duration="00:00:00.0005740" startTime="2026-09-26T13:08:23.2840743+08:00" endTime="2026-09-26T13:08:23.2846484+08:00" testType="13cdc9d9-ddb5-4fa4-a97d-d965ccfc6d4b" outcome="Passed" testListId="8c84fa94-04c1-424b-9868-57a2d4851a1d" relativeResultsDirectory="c9bcd7b2-24f1-48f7-8ee1-44f5489e7a87" />
  </Results>
  <TestDefinitions>
    <UnitTest name="AProviderExclusionOnAScopeSubtreeStopsOnlyThatProvidersContribution" storage="/home/worlesenric/wkspace/gc-wt/w6-gate/dotnet/tests/gamecore.derivation.tests/bin/release/net8.0/gamecore.derivation.tests.dll" id="8e48178a-af81-57de-8f74-ad6ca479703b">
      <Execution id="061a7e67-6ac5-4e99-82a5-00d8c6bfa6b7" />
      <TestMethod codeBase="/home/worlesenric/wkspace/gc-wt/w6-gate/dotnet/tests/GameCore.Derivation.Tests/bin/Release/net8.0/GameCore.Derivation.Tests.dll" adapterTypeName="executor://nunit3testexecutor/" className="GameCore.Derivation.Tests.IsolationAndExclusionTests" name="AProviderExclusionOnAScopeSubtreeStopsOnlyThatProvidersContribution" />
    </UnitTest>
    <UnitTest name="TheRuntimeAndTheOracleAgreeOnEverySeedAndStep" storage="/home/worlesenric/wkspace/gc-wt/w6-gate/dotnet/tests/gamecore.derivation.tests/bin/release/net8.0/gamecore.derivation.tests.dll" id="28742101-fe1f-331f-fd89-2dbc9377d12b">
      <Execution id="6a96e7cf-9c73-42ec-a3fc-ca4bc9daa1c7" />
      <TestMethod codeBase="/home/worlesenric/wkspace/gc-wt/w6-gate/dotnet/tests/GameCore.Derivation.Tests/bin/Release/net8.0/GameCore.Derivation.Tests.dll" adapterTypeName="executor://nunit3testexecutor/" className="GameCore.Derivation.Tests.OracleAgreementTests" name="TheRuntimeAndTheOracleAgreeOnEverySeedAndStep" />
    </UnitTest>
    <UnitTest name="OrderedDropsAnOptionalEdgeWhoseEndpointDoesNotExist" storage="/home/worlesenric/wkspace/gc-wt/w6-gate/dotnet/tests/gamecore.derivation.tests/bin/release/net8.0/gamecore.derivation.tests.dll" id="526a4f86-1db9-672d-d979-83c1c987a92a">
      <Execution id="8afd3827-c378-4f01-a0c7-b00ca3147c7d" />
      <TestMethod codeBase="/home/worlesenric/wkspace/gc-wt/w6-gate/dotnet/tests/GameCore.Derivation.Tests/bin/Release/net8.0/GameCore.Derivation.Tests.dll" adapterTypeName="executor://nunit3testexecutor/" className="GameCore.Derivation.Tests.CompositionPolicyTests" name="OrderedDropsAnOptionalEdgeWhoseEndpointDoesNotExist" />
    </UnitTest>
    <UnitTest name="ACarriedTargetKeepsItsProvenanceAndSupportExactly" storage="/home/worlesenric/wkspace/gc-wt/w6-gate/dotnet/tests/gamecore.derivation.tests/bin/release/net8.0/gamecore.derivation.tests.dll" id="1103850b-76b5-f2df-d2df-cb87cbb0047b">
      <Execution id="1cda93b5-53ac-4f90-b75d-bfcab2e7c935" />
      <TestMethod codeBase="/home/worlesenric/wkspace/gc-wt/w6-gate/dotnet/tests/GameCore.Derivation.Tests/bin/Release/net8.0/GameCore.Derivation.Tests.dll" adapterTypeName="executor://nunit3testexecutor/" className="GameCore.Derivation.Tests.InvalidationLocalityTests" name="ACarriedTargetKeepsItsProvenanceAndSupportExactly" />
    </UnitTest>
    <UnitTest name="ReplayingTheSameDerivationProducesTheSameResultHash" storage="/home/worlesenric/wkspace/gc-wt/w6-gate/dotnet/tests/gamecore.derivation.tests/bin/release/net8.0/gamecore.derivation.tests.dll" id="c1521347-e685-c497-06d6-f3b2786a0c58">
      <Execution id="50f994ce-52bb-4a6f-a886-fc287dc624f9" />
      <TestMethod codeBase="/home/worlesenric/wkspace/gc-wt/w6-gate/dotnet/tests/GameCore.Derivation.Tests/bin/Release/net8.0/GameCore.Derivation.Tests.dll" adapterTypeName="executor://nunit3testexecutor/" className="GameCore.Derivation.Tests.PrecedenceAndSupportTests" name="ReplayingTheSameDerivationProducesTheSameResultHash" />
    </UnitTest>
    <UnitTest name="AProviderChangeInOneBranchDoesNotVisitTheOtherBranch" storage="/home/worlesenric/wkspace/gc-wt/w6-gate/dotnet/tests/gamecore.derivation.tests/bin/release/net8.0/gamecore.derivation.tests.dll" id="b3c52cdc-b4af-4979-0697-1fe95c67a2c7">
      <Execution id="4e8ebea8-1623-4377-9eb2-0d9b9180137d" />
      <TestMethod codeBase="/home/worlesenric/wkspace/gc-wt/w6-gate/dotnet/tests/GameCore.Derivation.Tests/bin/Release/net8.0/GameCore.Derivation.Tests.dll" adapterTypeName="executor://nunit3testexecutor/" className="GameCore.Derivation.Tests.InvalidationLocalityTests" name="AProviderChangeInOneBranchDoesNotVisitTheOtherBranch" />
    </UnitTest>
    <UnitTest name="ConservativeGrantsAnExportedCapabilityImportedByTheTargetScope" storage="/home/worlesenric/wkspace/gc-wt/w6-gate/dotnet/tests/gamecore.derivation.tests/bin/release/net8.0/gamecore.derivation.tests.dll" id="843b5114-31c0-a0c7-8cd1-301be6040ac4">
      <Execution id="b643d458-9703-4565-a661-46dcff411ff5" />
      <TestMethod codeBase="/home/worlesenric/wkspace/gc-wt/w6-gate/dotnet/tests/GameCore.Derivation.Tests/bin/Release/net8.0/GameCore.Derivation.Tests.dll" adapterTypeName="executor://nunit3testexecutor/" className="GameCore.Derivation.Tests.ModeGrantTests" name="ConservativeGrantsAnExportedCapabilityImportedByTheTargetScope" />
    </UnitTest>
    <UnitTest name="RefC05_ModeSwitchBetweenAutomaticAndConservativeKeepsOnlyTheOptedInSeat" storage="/home/worlesenric/wkspace/gc-wt/w6-gate/dotnet/tests/gamecore.derivation.tests/bin/release/net8.0/gamecore.derivation.tests.dll" id="98fd2a98-cce3-89bf-8be2-5937a913e40d">
      <Execution id="f69b39ef-e6df-401b-b208-89168374f45b" />
      <TestMethod codeBase="/home/worlesenric/wkspace/gc-wt/w6-gate/dotnet/tests/GameCore.Derivation.Tests/bin/Release/net8.0/GameCore.Derivation.Tests.dll" adapterTypeName="executor://nunit3testexecutor/" className="GameCore.Derivation.Tests.ReferenceCompositionTests" name="RefC05_ModeSwitchBetweenAutomaticAndConservativeKeepsOnlyTheOptedInSeat" />
    </UnitTest>
    <UnitTest name="AnExplicitSelectionOverrideChoosesTheEligibleCandidate" storage="/home/worlesenric/wkspace/gc-wt/w6-gate/dotnet/tests/gamecore.derivation.tests/bin/release/net8.0/gamecore.derivation.tests.dll" id="09f6f65d-a61b-d269-1825-7483e7a00f45">
      <Execution id="a7663a60-816b-45b3-aa50-84f201276666" />
      <TestMethod codeBase="/home/worlesenric/wkspace/gc-wt/w6-gate/dotnet/tests/GameCore.Derivation.Tests/bin/Release/net8.0/GameCore.Derivation.Tests.dll" adapterTypeName="executor://nunit3testexecutor/" className="GameCore.Derivation.Tests.PrecedenceAndSupportTests" name="AnExplicitSelectionOverrideChoosesTheEligibleCandidate" />
    </UnitTest>
    <UnitTest name="ANoChangeSnapshotCarriesEveryTargetAndProducesAnEmptyDelta" storage="/home/worlesenric/wkspace/gc-wt/w6-gate/dotnet/tests/gamecore.derivation.tests/bin/release/net8.0/gamecore.derivation.tests.dll" id="98d9bdfe-8f3c-e27e-22d0-e85147529d7f">
      <Execution id="740f5bed-3c0e-4a31-8d0f-dbdb6e905ec9" />
      <TestMethod codeBase="/home/worlesenric/wkspace/gc-wt/w6-gate/dotnet/tests/GameCore.Derivation.Tests/bin/Release/net8.0/GameCore.Derivation.Tests.dll" adapterTypeName="executor://nunit3testexecutor/" className="GameCore.Derivation.Tests.InvalidationLocalityTests" name="ANoChangeSnapshotCarriesEveryTargetAndProducesAnEmptyDelta" />
    </UnitTest>
    <UnitTest name="RefP02_ExclusionsAndBoundariesHoldInBothModesWithIdentifiedBlockers" storage="/home/worlesenric/wkspace/gc-wt/w6-gate/dotnet/tests/gamecore.derivation.tests/bin/release/net8.0/gamecore.derivation.tests.dll" id="6c789893-6dbd-9ddb-4677-66305fea8677">
      <Execution id="0aeee84a-6655-4b5e-a43f-585cc16262ce" />
      <TestMethod codeBase="/home/worlesenric/wkspace/gc-wt/w6-gate/dotnet/tests/GameCore.Derivation.Tests/bin/Release/net8.0/GameCore.Derivation.Tests.dll" adapterTypeName="executor://nunit3testexecutor/" className="GameCore.Derivation.Tests.ReferenceCompositionTests" name="RefP02_ExclusionsAndBoundariesHoldInBothModesWithIdentifiedBlockers" />
    </UnitTest>
    <UnitTest name="CrossCapabilityIncompatibilityRejectsTheWholeProposalWhenBothWouldBeActive" storage="/home/worlesenric/wkspace/gc-wt/w6-gate/dotnet/tests/gamecore.derivation.tests/bin/release/net8.0/gamecore.derivation.tests.dll" id="53877da4-940f-6b38-b5dc-9de8328fef00">
      <Execution id="aa30909d-279c-4743-afcf-07e71c843adb" />
      <TestMethod codeBase="/home/worlesenric/wkspace/gc-wt/w6-gate/dotnet/tests/GameCore.Derivation.Tests/bin/Release/net8.0/GameCore.Derivation.Tests.dll" adapterTypeName="executor://nunit3testexecutor/" className="GameCore.Derivation.Tests.CompositionPolicyTests" name="CrossCapabilityIncompatibilityRejectsTheWholeProposalWhenBothWouldBeActive" />
    </UnitTest>
    <UnitTest name="ALargerBudgetIsAnExplicitConfigurationChangeThatSucceeds" storage="/home/worlesenric/wkspace/gc-wt/w6-gate/dotnet/tests/gamecore.derivation.tests/bin/release/net8.0/gamecore.derivation.tests.dll" id="093b2339-16a1-a987-b36c-6730ba0fe126">
      <Execution id="689d1d3e-dcfe-48b1-9d47-00930874c40c" />
      <TestMethod codeBase="/home/worlesenric/wkspace/gc-wt/w6-gate/dotnet/tests/GameCore.Derivation.Tests/bin/Release/net8.0/GameCore.Derivation.Tests.dll" adapterTypeName="executor://nunit3testexecutor/" className="GameCore.Derivation.Tests.TerminationAndBudgetTests" name="ALargerBudgetIsAnExplicitConfigurationChangeThatSucceeds" />
    </UnitTest>
    <UnitTest name="ExclusiveRejectsMoreThanOneCandidateEvenWhenRanksDiffer" storage="/home/worlesenric/wkspace/gc-wt/w6-gate/dotnet/tests/gamecore.derivation.tests/bin/release/net8.0/gamecore.derivation.tests.dll" id="5c30bab8-1ef8-41ff-dfd6-7224f96294c6">
      <Execution id="86f8c218-2a98-4c3d-8b17-67632d071289" />
      <TestMethod codeBase="/home/worlesenric/wkspace/gc-wt/w6-gate/dotnet/tests/GameCore.Derivation.Tests/bin/Release/net8.0/GameCore.Derivation.Tests.dll" adapterTypeName="executor://nunit3testexecutor/" className="GameCore.Derivation.Tests.CompositionPolicyTests" name="ExclusiveRejectsMoreThanOneCandidateEvenWhenRanksDiffer" />
    </UnitTest>
    <UnitTest name="AnUngatedRuleIsUnaffectedByTheModeGateTable" storage="/home/worlesenric/wkspace/gc-wt/w6-gate/dotnet/tests/gamecore.derivation.tests/bin/release/net8.0/gamecore.derivation.tests.dll" id="13f32852-2e54-be51-aa3d-9ac0c84b9082">
      <Execution id="8ef0bbf7-bc57-4cef-a562-88fa56af2824" />
      <TestMethod codeBase="/home/worlesenric/wkspace/gc-wt/w6-gate/dotnet/tests/GameCore.Derivation.Tests/bin/Release/net8.0/GameCore.Derivation.Tests.dll" adapterTypeName="executor://nunit3testexecutor/" className="GameCore.Derivation.Tests.ModeGrantTests" name="AnUngatedRuleIsUnaffectedByTheModeGateTable" />
    </UnitTest>
    <UnitTest name="ASpawnUnderANewScopeResolvesTheSameInheritanceAsItsSiblings" storage="/home/worlesenric/wkspace/gc-wt/w6-gate/dotnet/tests/gamecore.derivation.tests/bin/release/net8.0/gamecore.derivation.tests.dll" id="71c8d5d3-03fc-75aa-e12b-c1a0dfdaac9b">
      <Execution id="772f62bd-34e6-4a94-adbb-dc70e1f6d2da" />
      <TestMethod codeBase="/home/worlesenric/wkspace/gc-wt/w6-gate/dotnet/tests/GameCore.Derivation.Tests/bin/Release/net8.0/GameCore.Derivation.Tests.dll" adapterTypeName="executor://nunit3testexecutor/" className="GameCore.Derivation.Tests.DerivedRecipeCacheTests" name="ASpawnUnderANewScopeResolvesTheSameInheritanceAsItsSiblings" />
    </UnitTest>
    <UnitTest name="OrderedRejectsADeclaredCycleWithItsCandidatesAsWitnesses" storage="/home/worlesenric/wkspace/gc-wt/w6-gate/dotnet/tests/gamecore.derivation.tests/bin/release/net8.0/gamecore.derivation.tests.dll" id="94ef296f-b3c1-c944-f9f3-a44a0a1c7966">
      <Execution id="2c3b08f2-1c15-471e-8b12-5060a0d1cf79" />
      <TestMethod codeBase="/home/worlesenric/wkspace/gc-wt/w6-gate/dotnet/tests/GameCore.Derivation.Tests/bin/Release/net8.0/GameCore.Derivation.Tests.dll" adapterTypeName="executor://nunit3testexecutor/" className="GameCore.Derivation.Tests.CompositionPolicyTests" name="OrderedRejectsADeclaredCycleWithItsCandidatesAsWitnesses" />
    </UnitTest>
    <UnitTest name="RemovingTheLastSupporterRemovesTheSlotAndItsSupport" storage="/home/worlesenric/wkspace/gc-wt/w6-gate/dotnet/tests/gamecore.derivation.tests/bin/release/net8.0/gamecore.derivation.tests.dll" id="d46decf6-fa73-91bf-4da1-fa5386cd1226">
      <Execution id="79b5b34b-cec1-4cb3-8fdc-5265cb62db45" />
      <TestMethod codeBase="/home/worlesenric/wkspace/gc-wt/w6-gate/dotnet/tests/GameCore.Derivation.Tests/bin/Release/net8.0/GameCore.Derivation.Tests.dll" adapterTypeName="executor://nunit3testexecutor/" className="GameCore.Derivation.Tests.PrecedenceAndSupportTests" name="RemovingTheLastSupporterRemovesTheSlotAndItsSupport" />
    </UnitTest>
    <UnitTest name="AProviderInstalledInsideTheBoundaryStillWorks" storage="/home/worlesenric/wkspace/gc-wt/w6-gate/dotnet/tests/gamecore.derivation.tests/bin/release/net8.0/gamecore.derivation.tests.dll" id="aa555be4-07dc-fc57-2117-55d5a1f7cc5e">
      <Execution id="90a111f4-0ead-44d3-8584-80e8c150c581" />
      <TestMethod codeBase="/home/worlesenric/wkspace/gc-wt/w6-gate/dotnet/tests/GameCore.Derivation.Tests/bin/Release/net8.0/GameCore.Derivation.Tests.dll" adapterTypeName="executor://nunit3testexecutor/" className="GameCore.Derivation.Tests.IsolationAndExclusionTests" name="AProviderInstalledInsideTheBoundaryStillWorks" />
    </UnitTest>
    <UnitTest name="AConflictOnTheOtherModeLeavesTheOldAssemblyPublished" storage="/home/worlesenric/wkspace/gc-wt/w6-gate/dotnet/tests/gamecore.derivation.tests/bin/release/net8.0/gamecore.derivation.tests.dll" id="a0ca4bba-1a8e-c2a3-fb8f-b857f71a577e">
      <Execution id="e90ff2fa-d49b-4684-b494-9724ed8df29c" />
      <TestMethod codeBase="/home/worlesenric/wkspace/gc-wt/w6-gate/dotnet/tests/GameCore.Derivation.Tests/bin/Release/net8.0/GameCore.Derivation.Tests.dll" adapterTypeName="executor://nunit3testexecutor/" className="GameCore.Derivation.Tests.ReferenceMoveAndModeTests" name="AConflictOnTheOtherModeLeavesTheOldAssemblyPublished" />
    </UnitTest>
    <UnitTest name="AdditiveWithoutAReducerProducesTheCanonicalSetUnion" storage="/home/worlesenric/wkspace/gc-wt/w6-gate/dotnet/tests/gamecore.derivation.tests/bin/release/net8.0/gamecore.derivation.tests.dll" id="350e0595-81ed-ffbf-674f-bb88719b34a5">
      <Execution id="88871393-968f-48e1-b1e1-175b4ffedb66" />
      <TestMethod codeBase="/home/worlesenric/wkspace/gc-wt/w6-gate/dotnet/tests/GameCore.Derivation.Tests/bin/Release/net8.0/GameCore.Derivation.Tests.dll" adapterTypeName="executor://nunit3testexecutor/" className="GameCore.Derivation.Tests.CompositionPolicyTests" name="AdditiveWithoutAReducerProducesTheCanonicalSetUnion" />
    </UnitTest>
    <UnitTest name="ApplyCostEstimateExhaustionRejects" storage="/home/worlesenric/wkspace/gc-wt/w6-gate/dotnet/tests/gamecore.derivation.tests/bin/release/net8.0/gamecore.derivation.tests.dll" id="3d7e4d47-4208-1582-b342-d6ee93c7781b">
      <Execution id="1029bb13-56d7-44e0-ae0a-4fae3b20df1e" />
      <TestMethod codeBase="/home/worlesenric/wkspace/gc-wt/w6-gate/dotnet/tests/GameCore.Derivation.Tests/bin/Release/net8.0/GameCore.Derivation.Tests.dll" adapterTypeName="executor://nunit3testexecutor/" className="GameCore.Derivation.Tests.TerminationAndBudgetTests" name="ApplyCostEstimateExhaustionRejects" />
    </UnitTest>
    <UnitTest name="OrderedRejectsTwoCandidatesClaimingTheSameOrderingKey" storage="/home/worlesenric/wkspace/gc-wt/w6-gate/dotnet/tests/gamecore.derivation.tests/bin/release/net8.0/gamecore.derivation.tests.dll" id="13fd8a2b-c4dc-1f03-5878-fbbec661b262">
      <Execution id="4c949202-9f01-4f96-b2cd-c2474ed739e4" />
      <TestMethod codeBase="/home/worlesenric/wkspace/gc-wt/w6-gate/dotnet/tests/GameCore.Derivation.Tests/bin/Release/net8.0/GameCore.Derivation.Tests.dll" adapterTypeName="executor://nunit3testexecutor/" className="GameCore.Derivation.Tests.CompositionPolicyTests" name="OrderedRejectsTwoCandidatesClaimingTheSameOrderingKey" />
    </UnitTest>
    <UnitTest name="AutomaticAppliesToAFutureDescendantWithNoPerInstanceImport" storage="/home/worlesenric/wkspace/gc-wt/w6-gate/dotnet/tests/gamecore.derivation.tests/bin/release/net8.0/gamecore.derivation.tests.dll" id="269eec10-c786-58c9-2be8-830e26f2e9a1">
      <Execution id="9cbfaf69-6205-4b5a-95df-6120e47d943a" />
      <TestMethod codeBase="/home/worlesenric/wkspace/gc-wt/w6-gate/dotnet/tests/GameCore.Derivation.Tests/bin/Release/net8.0/GameCore.Derivation.Tests.dll" adapterTypeName="executor://nunit3testexecutor/" className="GameCore.Derivation.Tests.ModeGrantTests" name="AutomaticAppliesToAFutureDescendantWithNoPerInstanceImport" />
    </UnitTest>
    <UnitTest name="RefN04_MovingVillageToChapterTwoRebindsTheVillagersAndKeepsTheirIdentity" storage="/home/worlesenric/wkspace/gc-wt/w6-gate/dotnet/tests/gamecore.derivation.tests/bin/release/net8.0/gamecore.derivation.tests.dll" id="1d2c817a-0846-08db-2327-78f8b99a4e58">
      <Execution id="f573dde6-6c64-42d7-abd3-1d6e9e3df95d" />
      <TestMethod codeBase="/home/worlesenric/wkspace/gc-wt/w6-gate/dotnet/tests/GameCore.Derivation.Tests/bin/Release/net8.0/GameCore.Derivation.Tests.dll" adapterTypeName="executor://nunit3testexecutor/" className="GameCore.Derivation.Tests.ReferenceCompositionTests" name="RefN04_MovingVillageToChapterTwoRebindsTheVillagersAndKeepsTheirIdentity" />
    </UnitTest>
    <UnitTest name="AMutuallyDependentPairOfRulesIsRejectedAsACatalogError" storage="/home/worlesenric/wkspace/gc-wt/w6-gate/dotnet/tests/gamecore.derivation.tests/bin/release/net8.0/gamecore.derivation.tests.dll" id="6ab95b9e-beec-a210-30dc-624a55018b93">
      <Execution id="a6eb5336-a3c0-4244-9a53-dcadf5ae5173" />
      <TestMethod codeBase="/home/worlesenric/wkspace/gc-wt/w6-gate/dotnet/tests/GameCore.Derivation.Tests/bin/Release/net8.0/GameCore.Derivation.Tests.dll" adapterTypeName="executor://nunit3testexecutor/" className="GameCore.Derivation.Tests.TerminationAndBudgetTests" name="AMutuallyDependentPairOfRulesIsRejectedAsACatalogError" />
    </UnitTest>
    <UnitTest name="ACompleteOptInKeepsItsBindingInConservative" storage="/home/worlesenric/wkspace/gc-wt/w6-gate/dotnet/tests/gamecore.derivation.tests/bin/release/net8.0/gamecore.derivation.tests.dll" id="612254d0-f1ca-3596-67a4-bc106c49fe6e">
      <Execution id="01330cef-92f9-4f59-984c-134c87127f02" />
      <TestMethod codeBase="/home/worlesenric/wkspace/gc-wt/w6-gate/dotnet/tests/GameCore.Derivation.Tests/bin/Release/net8.0/GameCore.Derivation.Tests.dll" adapterTypeName="executor://nunit3testexecutor/" className="GameCore.Derivation.Tests.ReferenceMoveAndModeTests" name="ACompleteOptInKeepsItsBindingInConservative" />
    </UnitTest>
    <UnitTest name="RefN05_ARemovedAndReintroducedChapterLeavesTheTargetsUnboundThenBoundAgain" storage="/home/worlesenric/wkspace/gc-wt/w6-gate/dotnet/tests/gamecore.derivation.tests/bin/release/net8.0/gamecore.derivation.tests.dll" id="44780751-e2e8-8902-5171-558cc9da6ec7">
      <Execution id="19f13cf5-d4a4-4ac0-b3d7-08095f1c364c" />
      <TestMethod codeBase="/home/worlesenric/wkspace/gc-wt/w6-gate/dotnet/tests/GameCore.Derivation.Tests/bin/Release/net8.0/GameCore.Derivation.Tests.dll" adapterTypeName="executor://nunit3testexecutor/" className="GameCore.Derivation.Tests.ReferenceCompositionTests" name="RefN05_ARemovedAndReintroducedChapterLeavesTheTargetsUnboundThenBoundAgain" />
    </UnitTest>
    <UnitTest name="TheIncrementalEngineAlsoAgreesWithAFullRecomputationOnExplanations" storage="/home/worlesenric/wkspace/gc-wt/w6-gate/dotnet/tests/gamecore.derivation.tests/bin/release/net8.0/gamecore.derivation.tests.dll" id="33d75b7b-0249-0e64-c801-9b21498e6fa3">
      <Execution id="204cead2-a341-4c90-9777-8f092999a25a" />
      <TestMethod codeBase="/home/worlesenric/wkspace/gc-wt/w6-gate/dotnet/tests/GameCore.Derivation.Tests/bin/Release/net8.0/GameCore.Derivation.Tests.dll" adapterTypeName="executor://nunit3testexecutor/" className="GameCore.Derivation.Tests.IncrementalAgreementTests" name="TheIncrementalEngineAlsoAgreesWithAFullRecomputationOnExplanations" />
    </UnitTest>
    <UnitTest name="AnIneligibleSelectorVersionIsReportedWithItsOwnStatus" storage="/home/worlesenric/wkspace/gc-wt/w6-gate/dotnet/tests/gamecore.derivation.tests/bin/release/net8.0/gamecore.derivation.tests.dll" id="40c43985-1975-c7e0-4284-0fde65078022">
      <Execution id="0a9263c6-a8dd-4e09-b0fc-874786826073" />
      <TestMethod codeBase="/home/worlesenric/wkspace/gc-wt/w6-gate/dotnet/tests/GameCore.Derivation.Tests/bin/Release/net8.0/GameCore.Derivation.Tests.dll" adapterTypeName="executor://nunit3testexecutor/" className="GameCore.Derivation.Tests.ProvenanceTests" name="AnIneligibleSelectorVersionIsReportedWithItsOwnStatus" />
    </UnitTest>
    <UnitTest name="TheOracleAndTheEngineAgreeOnTheReferenceCompositions" storage="/home/worlesenric/wkspace/gc-wt/w6-gate/dotnet/tests/gamecore.derivation.tests/bin/release/net8.0/gamecore.derivation.tests.dll" id="5b038a66-3016-9450-02bc-0dcb06ebd092">
      <Execution id="27ec123f-1bb0-4def-80d1-6960aa102262" />
      <TestMethod codeBase="/home/worlesenric/wkspace/gc-wt/w6-gate/dotnet/tests/GameCore.Derivation.Tests/bin/Release/net8.0/GameCore.Derivation.Tests.dll" adapterTypeName="executor://nunit3testexecutor/" className="GameCore.Derivation.Tests.OracleAgreementTests" name="TheOracleAndTheEngineAgreeOnTheReferenceCompositions" />
    </UnitTest>
[...]
    </UnitTest>
  </TestDefinitions>
  <TestEntries>
    <TestEntry testId="f582c52c-727b-7674-04e7-da652c7c572f" executionId="abc0d17a-df04-4fab-8b41-b08bb354ea7f" testListId="8c84fa94-04c1-424b-9868-57a2d4851a1d" />
    <TestEntry testId="ce6a163a-68d4-9ff7-d70d-9362d3902455" executionId="b97f5678-ebc1-47c4-b715-d2b5cc2bdfec" testListId="8c84fa94-04c1-424b-9868-57a2d4851a1d" />
    <TestEntry testId="350e0595-81ed-ffbf-674f-bb88719b34a5" executionId="88871393-968f-48e1-b1e1-175b4ffedb66" testListId="8c84fa94-04c1-424b-9868-57a2d4851a1d" />
    <TestEntry testId="681767f6-9228-caa9-5c98-b907ad33e032" executionId="d2ad9dcb-e60d-4a6c-8615-4ddd15b21783" testListId="8c84fa94-04c1-424b-9868-57a2d4851a1d" />
    <TestEntry testId="24b2e343-1fd6-fc1b-0459-4ffa985c8f70" executionId="85c60e30-f413-46b0-901e-50d90cc42c12" testListId="8c84fa94-04c1-424b-9868-57a2d4851a1d" />
    <TestEntry testId="b7537a1d-5c90-4d23-b6ee-34b7fb7ba983" executionId="7c41dfb2-d463-4f09-9d1f-f6c082c8cf8b" testListId="8c84fa94-04c1-424b-9868-57a2d4851a1d" />
    <TestEntry testId="2bba5057-fbe4-53b8-e488-1880afb4c43c" executionId="2e290c3b-4127-4135-be16-efb64ea5cbd3" testListId="8c84fa94-04c1-424b-9868-57a2d4851a1d" />
    <TestEntry testId="ae5d7d72-03d4-2fc7-8877-053abbc90626" executionId="629ccc38-0de5-4c82-8da4-70e2a4e3cb22" testListId="8c84fa94-04c1-424b-9868-57a2d4851a1d" />
    <TestEntry testId="40c43985-1975-c7e0-4284-0fde65078022" executionId="0a9263c6-a8dd-4e09-b0fc-874786826073" testListId="8c84fa94-04c1-424b-9868-57a2d4851a1d" />
    <TestEntry testId="1d2c817a-0846-08db-2327-78f8b99a4e58" executionId="f573dde6-6c64-42d7-abd3-1d6e9e3df95d" testListId="8c84fa94-04c1-424b-9868-57a2d4851a1d" />
    <TestEntry testId="4c05094b-c42f-26e1-c69b-b1026eb935d8" executionId="4b99114b-036e-4786-a1bf-24519946e215" testListId="8c84fa94-04c1-424b-9868-57a2d4851a1d" />
    <TestEntry testId="c1521347-e685-c497-06d6-f3b2786a0c58" executionId="50f994ce-52bb-4a6f-a886-fc287dc624f9" testListId="8c84fa94-04c1-424b-9868-57a2d4851a1d" />
    <TestEntry testId="ed5c5c9b-8552-38e9-860f-f869d9659fee" executionId="483fab1d-bb7c-4cb2-b24f-8589c9d4ae7d" testListId="8c84fa94-04c1-424b-9868-57a2d4851a1d" />
    <TestEntry testId="6c789893-6dbd-9ddb-4677-66305fea8677" executionId="0aeee84a-6655-4b5e-a43f-585cc16262ce" testListId="8c84fa94-04c1-424b-9868-57a2d4851a1d" />
    <TestEntry testId="5a5ec945-7206-491c-12bd-ecefa49124f2" executionId="5dab1528-10b0-4e37-9822-4b5625f00be0" testListId="8c84fa94-04c1-424b-9868-57a2d4851a1d" />
    <TestEntry testId="ba3fb245-e60c-5609-f383-f616607cf685" executionId="99786f27-42d2-44ec-bcd5-6d4dc5c8da4d" testListId="8c84fa94-04c1-424b-9868-57a2d4851a1d" />
    <TestEntry testId="c833a160-d840-8a53-c06a-53bb8f5f4575" executionId="db22f2fd-e45e-4073-a39e-c90cc8e1204f" testListId="8c84fa94-04c1-424b-9868-57a2d4851a1d" />
    <TestEntry testId="3427fcae-b29e-66b7-52ff-7e7eca8b6d99" executionId="58bd59ec-909f-4da8-940a-e0258bc7c2a3" testListId="8c84fa94-04c1-424b-9868-57a2d4851a1d" />
    <TestEntry testId="4bcac53a-e85e-7e6f-3e11-abd31db86978" executionId="b4ad4990-25c6-41ef-a678-9b62f3b2d8ae" testListId="8c84fa94-04c1-424b-9868-57a2d4851a1d" />
    <TestEntry testId="269eec10-c786-58c9-2be8-830e26f2e9a1" executionId="9cbfaf69-6205-4b5a-95df-6120e47d943a" testListId="8c84fa94-04c1-424b-9868-57a2d4851a1d" />
    <TestEntry testId="1352c5eb-225f-01a5-220e-b379d1ad1ebb" executionId="10753497-0fd9-40ea-93e8-25d05692936f" testListId="8c84fa94-04c1-424b-9868-57a2d4851a1d" />
    <TestEntry testId="2aca1bfc-ba5a-16c2-50b1-b9c87af5a04d" executionId="b9838b49-bb47-47bc-92db-61d8b2411422" testListId="8c84fa94-04c1-424b-9868-57a2d4851a1d" />
    <TestEntry testId="da74904a-6095-99d3-ba1a-347205bbeac8" executionId="3a127170-33cb-4720-80cf-918700d730d3" testListId="8c84fa94-04c1-424b-9868-57a2d4851a1d" />
    <TestEntry testId="83ef58d6-00af-eea2-6649-cf07b0726fc0" executionId="f1fae46c-873e-451b-8ea9-eb3635e5f3b1" testListId="8c84fa94-04c1-424b-9868-57a2d4851a1d" />
    <TestEntry testId="978fc7d8-ba1c-fbc0-2fd0-8839d334a660" executionId="0c50dc42-5b0e-4a87-8c35-3fa084901df3" testListId="8c84fa94-04c1-424b-9868-57a2d4851a1d" />
    <TestEntry testId="5c30bab8-1ef8-41ff-dfd6-7224f96294c6" executionId="86f8c218-2a98-4c3d-8b17-67632d071289" testListId="8c84fa94-04c1-424b-9868-57a2d4851a1d" />
    <TestEntry testId="b0e223e3-0496-0147-dd03-0e4335de20fb" executionId="91dd4f16-a49c-4339-b159-59763fbd3c36" testListId="8c84fa94-04c1-424b-9868-57a2d4851a1d" />
    <TestEntry testId="e55722a5-dbf7-30ff-fa1e-f88b06cc116d" executionId="190d94fc-4ea6-455a-b12f-494a0a36923a" testListId="8c84fa94-04c1-424b-9868-57a2d4851a1d" />
    <TestEntry testId="1619fa05-6118-91b8-ca3d-9319e56c3426" executionId="47e8efc0-b0e9-4eb4-a4f2-03079dc7517a" testListId="8c84fa94-04c1-424b-9868-57a2d4851a1d" />
    <TestEntry testId="56f4b301-08aa-06bc-4454-af40367ec8d5" executionId="c405e036-a596-4f81-b653-7035746c4df2" testListId="8c84fa94-04c1-424b-9868-57a2d4851a1d" />
    <TestEntry testId="f25b835e-c07c-4d1e-5157-5da0043429b9" executionId="669a3d7c-98a9-46ec-aae2-3a617978215a" testListId="8c84fa94-04c1-424b-9868-57a2d4851a1d" />
    <TestEntry testId="612254d0-f1ca-3596-67a4-bc106c49fe6e" executionId="01330cef-92f9-4f59-984c-134c87127f02" testListId="8c84fa94-04c1-424b-9868-57a2d4851a1d" />
    <TestEntry testId="d0a1c2ce-8d03-00b7-449b-ec7ea67eceda" executionId="b8b28877-ad63-4d02-8bc4-40b66d494114" testListId="8c84fa94-04c1-424b-9868-57a2d4851a1d" />
    <TestEntry testId="64486b7b-f86d-10ef-df96-d0f2c29dccc9" executionId="e875f79c-22ec-4d0b-b9cd-a38a36041ff6" testListId="8c84fa94-04c1-424b-9868-57a2d4851a1d" />
    <TestEntry testId="f51cfb29-e23a-58f4-2ddf-57e87ccb900e" executionId="2bd6cd5d-a9dc-4195-95d5-cb1e54dbaf3f" testListId="8c84fa94-04c1-424b-9868-57a2d4851a1d" />
    <TestEntry testId="1eae1f43-964c-fa73-6927-10b1243a905c" executionId="834c15cf-4ce9-47b6-878e-51e146d1883c" testListId="8c84fa94-04c1-424b-9868-57a2d4851a1d" />
    <TestEntry testId="ff950aa4-4a3f-0d36-2512-af93d269315e" executionId="708704ee-ee56-4b84-bc68-7173e51eb224" testListId="8c84fa94-04c1-424b-9868-57a2d4851a1d" />
    <TestEntry testId="83fd31a3-550f-e88e-9271-1a21dededa73" executionId="c2c09462-50e3-4aa0-a09b-fd4eef2dda3e" testListId="8c84fa94-04c1-424b-9868-57a2d4851a1d" />
    <TestEntry testId="18b23bbb-b347-4158-6b0e-0cd5ec1fd5d0" executionId="c8a4c7f6-8359-4fa4-9d56-6852525349e3" testListId="8c84fa94-04c1-424b-9868-57a2d4851a1d" />
    <TestEntry testId="aaa1eff6-af89-6772-dd73-59bb6b407164" executionId="916a7791-61fe-4564-8d9a-abf8e8b23b23" testListId="8c84fa94-04c1-424b-9868-57a2d4851a1d" />
    <TestEntry testId="13e6cc34-9418-7a7a-6098-30bb0096cd20" executionId="a06216b0-a126-4ee3-8853-2ef564051bee" testListId="8c84fa94-04c1-424b-9868-57a2d4851a1d" />
    <TestEntry testId="07a425a4-3282-9a0b-4afb-b2462523da9f" executionId="86777b7f-4490-4546-8fe7-0752565b53c7" testListId="8c84fa94-04c1-424b-9868-57a2d4851a1d" />
    <TestEntry testId="843b5114-31c0-a0c7-8cd1-301be6040ac4" executionId="b643d458-9703-4565-a661-46dcff411ff5" testListId="8c84fa94-04c1-424b-9868-57a2d4851a1d" />
    <TestEntry testId="3d7e4d47-4208-1582-b342-d6ee93c7781b" executionId="1029bb13-56d7-44e0-ae0a-4fae3b20df1e" testListId="8c84fa94-04c1-424b-9868-57a2d4851a1d" />
    <TestEntry testId="7ba3aaaa-8aec-3f17-c8e8-748e3ca2eaa2" executionId="2b16646e-79a1-45b3-b815-1d88a71835c0" testListId="8c84fa94-04c1-424b-9868-57a2d4851a1d" />
    <TestEntry testId="f4e04d59-f32a-7c83-bb54-ce37d851ee69" executionId="a149d21f-d33e-465b-9885-6a1d7b889f88" testListId="8c84fa94-04c1-424b-9868-57a2d4851a1d" />
    <TestEntry testId="28742101-fe1f-331f-fd89-2dbc9377d12b" executionId="6a96e7cf-9c73-42ec-a3fc-ca4bc9daa1c7" testListId="8c84fa94-04c1-424b-9868-57a2d4851a1d" />
    <TestEntry testId="2721b543-db98-af3b-fbcb-df62537da6ec" executionId="a739dbfc-6a40-413a-a5e6-5ac2d277ec24" testListId="8c84fa94-04c1-424b-9868-57a2d4851a1d" />
    <TestEntry testId="3f79f781-5fde-cc09-9d51-645b41dd6d8c" executionId="a63ea603-66b2-494f-b041-c769717cf8d3" testListId="8c84fa94-04c1-424b-9868-57a2d4851a1d" />
    <TestEntry testId="3debaba7-eafa-0b12-0a1c-02f0658f5c86" executionId="397f5659-ff59-4916-9166-df2520b1c35e" testListId="8c84fa94-04c1-424b-9868-57a2d4851a1d" />
    <TestEntry testId="cfcd80ab-6e28-ff43-acac-5b093d36032d" executionId="10b47b49-6f9b-4884-90b4-e87507f9d8b6" testListId="8c84fa94-04c1-424b-9868-57a2d4851a1d" />
    <TestEntry testId="526a4f86-1db9-672d-d979-83c1c987a92a" executionId="8afd3827-c378-4f01-a0c7-b00ca3147c7d" testListId="8c84fa94-04c1-424b-9868-57a2d4851a1d" />
    <TestEntry testId="879fd8ad-56ef-791a-74c0-45fb5cf76a89" executionId="28d64bb6-b0ba-4099-a196-4d6bf2b3348c" testListId="8c84fa94-04c1-424b-9868-57a2d4851a1d" />
    <TestEntry testId="7ca6817b-abe2-f26c-2654-b2ebbc74c52b" executionId="e4822fcd-2d58-44e4-9f9e-1601816f3a6a" testListId="8c84fa94-04c1-424b-9868-57a2d4851a1d" />
    <TestEntry testId="788e5e2b-4068-9b74-495d-f293a9988c39" executionId="388d9b10-2f07-4bdf-a8dc-f61a84f193fa" testListId="8c84fa94-04c1-424b-9868-57a2d4851a1d" />
    <TestEntry testId="093b2339-16a1-a987-b36c-6730ba0fe126" executionId="689d1d3e-dcfe-48b1-9d47-00930874c40c" testListId="8c84fa94-04c1-424b-9868-57a2d4851a1d" />
    <TestEntry testId="40fd60c9-f9b3-b6e9-fbb3-e286ea302052" executionId="6a6df909-784e-4628-9d3c-a70ec90c9df7" testListId="8c84fa94-04c1-424b-9868-57a2d4851a1d" />
    <TestEntry testId="b3c52cdc-b4af-4979-0697-1fe95c67a2c7" executionId="4e8ebea8-1623-4377-9eb2-0d9b9180137d" testListId="8c84fa94-04c1-424b-9868-57a2d4851a1d" />
    <TestEntry testId="9630bd8a-bf7a-f23f-f176-003df2ecd868" executionId="5574f9b8-b33e-4356-9080-8ac4557e7c3c" testListId="8c84fa94-04c1-424b-9868-57a2d4851a1d" />
    <TestEntry testId="b8090f22-99f1-c723-e3d9-30834fe8cdfd" executionId="e651f909-d8c9-4510-91c6-0e8c96591b57" testListId="8c84fa94-04c1-424b-9868-57a2d4851a1d" />
    <TestEntry testId="d46decf6-fa73-91bf-4da1-fa5386cd1226" executionId="79b5b34b-cec1-4cb3-8fdc-5265cb62db45" testListId="8c84fa94-04c1-424b-9868-57a2d4851a1d" />
    <TestEntry testId="94ef296f-b3c1-c944-f9f3-a44a0a1c7966" executionId="2c3b08f2-1c15-471e-8b12-5060a0d1cf79" testListId="8c84fa94-04c1-424b-9868-57a2d4851a1d" />
    <TestEntry testId="5c524bc9-30fb-d145-425b-50489be79722" executionId="58b56b32-1915-4dbd-b8bc-08a63b2b4e68" testListId="8c84fa94-04c1-424b-9868-57a2d4851a1d" />
    <TestEntry testId="fd5f982c-d36a-5425-d1e6-94e0f5242311" executionId="7bfb25f9-3f8e-453e-95e6-bbcfc341a587" testListId="8c84fa94-04c1-424b-9868-57a2d4851a1d" />
    <TestEntry testId="c778003a-4a5f-6378-9174-13534a7e8874" executionId="ae343bfe-6543-480a-93bd-5e8800660b7c" testListId="8c84fa94-04c1-424b-9868-57a2d4851a1d" />
    <TestEntry testId="a0ca4bba-1a8e-c2a3-fb8f-b857f71a577e" executionId="e90ff2fa-d49b-4684-b494-9724ed8df29c" testListId="8c84fa94-04c1-424b-9868-57a2d4851a1d" />
    <TestEntry testId="44780751-e2e8-8902-5171-558cc9da6ec7" executionId="19f13cf5-d4a4-4ac0-b3d7-08095f1c364c" testListId="8c84fa94-04c1-424b-9868-57a2d4851a1d" />
    <TestEntry testId="dccb82d6-c5d5-9082-18fe-9654b46d878f" executionId="a8a393e5-8b19-4480-9798-fdfd2b981ac4" testListId="8c84fa94-04c1-424b-9868-57a2d4851a1d" />
    <TestEntry testId="ce852ba9-bf8a-e350-2f50-096608a9d441" executionId="d1c015fb-8048-4d04-857f-e3c8807836f7" testListId="8c84fa94-04c1-424b-9868-57a2d4851a1d" />
    <TestEntry testId="e5c4b8e9-4702-a681-19f9-c6a4f40dfc8d" executionId="da77ca3c-64a2-425f-9bcb-f63d6008b283" testListId="8c84fa94-04c1-424b-9868-57a2d4851a1d" />
    <TestEntry testId="71c8d5d3-03fc-75aa-e12b-c1a0dfdaac9b" executionId="772f62bd-34e6-4a94-adbb-dc70e1f6d2da" testListId="8c84fa94-04c1-424b-9868-57a2d4851a1d" />
    <TestEntry testId="24824c6f-f226-9cd1-ed5f-4d6cbeacd943" executionId="a7c3f566-dcb3-4e5b-bd45-c35ee5b684eb" testListId="8c84fa94-04c1-424b-9868-57a2d4851a1d" />
    <TestEntry testId="e532689f-b715-472c-d088-68978557a37a" executionId="faf4fedb-a718-4b5d-90bb-20a3b4449996" testListId="8c84fa94-04c1-424b-9868-57a2d4851a1d" />
    <TestEntry testId="09f6f65d-a61b-d269-1825-7483e7a00f45" executionId="a7663a60-816b-45b3-aa50-84f201276666" testListId="8c84fa94-04c1-424b-9868-57a2d4851a1d" />
    <TestEntry testId="5b038a66-3016-9450-02bc-0dcb06ebd092" executionId="27ec123f-1bb0-4def-80d1-6960aa102262" testListId="8c84fa94-04c1-424b-9868-57a2d4851a1d" />
    <TestEntry testId="167eb855-2e5c-f004-ed6f-c4e4fd5e0833" executionId="cad6d451-89dc-4832-a59f-061f6c017b71" testListId="8c84fa94-04c1-424b-9868-57a2d4851a1d" />
    <TestEntry testId="7eb646c8-4214-23f1-747c-815997e5165e" executionId="74c474dc-b24c-41b6-bd32-3cee4e92c346" testListId="8c84fa94-04c1-424b-9868-57a2d4851a1d" />
    <TestEntry testId="c7d79c68-40af-a98c-3b4b-a66be7939ae7" executionId="7d7368a9-1fe5-48ce-af78-439f6002b156" testListId="8c84fa94-04c1-424b-9868-57a2d4851a1d" />
    <TestEntry testId="ce4cf1eb-e539-26dc-591c-5ca5181d76a4" executionId="eb2d859c-3156-4363-829e-fa12bef972b5" testListId="8c84fa94-04c1-424b-9868-57a2d4851a1d" />
    <TestEntry testId="2c1e0453-e51b-b627-d400-bb73b0856756" executionId="735e06c6-a56f-4875-931d-f1c1fda0f865" testListId="8c84fa94-04c1-424b-9868-57a2d4851a1d" />
    <TestEntry testId="ea8400f5-7eb2-6540-c39f-8acf8008a90c" executionId="d059db16-582b-4460-8a85-5f476ca93600" testListId="8c84fa94-04c1-424b-9868-57a2d4851a1d" />
    <TestEntry testId="1103850b-76b5-f2df-d2df-cb87cbb0047b" executionId="1cda93b5-53ac-4f90-b75d-bfcab2e7c935" testListId="8c84fa94-04c1-424b-9868-57a2d4851a1d" />
    <TestEntry testId="abebd710-7e72-4aa1-9df2-f96f59fd05c1" executionId="a2c5879c-8e9b-437f-9c37-3d143ad0e6bc" testListId="8c84fa94-04c1-424b-9868-57a2d4851a1d" />
    <TestEntry testId="6ab95b9e-beec-a210-30dc-624a55018b93" executionId="a6eb5336-a3c0-4244-9a53-dcadf5ae5173" testListId="8c84fa94-04c1-424b-9868-57a2d4851a1d" />
    <TestEntry testId="9bdd362e-8458-b09f-af2f-291f703051bf" executionId="25aae744-922c-46e0-8f1c-8588293fd8c8" testListId="8c84fa94-04c1-424b-9868-57a2d4851a1d" />
    <TestEntry testId="53877da4-940f-6b38-b5dc-9de8328fef00" executionId="aa30909d-279c-4743-afcf-07e71c843adb" testListId="8c84fa94-04c1-424b-9868-57a2d4851a1d" />
    <TestEntry testId="33d75b7b-0249-0e64-c801-9b21498e6fa3" executionId="204cead2-a341-4c90-9777-8f092999a25a" testListId="8c84fa94-04c1-424b-9868-57a2d4851a1d" />
    <TestEntry testId="4deee96f-64fe-3a47-b69c-0f1038de16bd" executionId="cd390eb5-d61e-4ac8-88f6-12e1107b1432" testListId="8c84fa94-04c1-424b-9868-57a2d4851a1d" />
    <TestEntry testId="fa56e56f-cf76-9c3b-7fa6-899845720ed9" executionId="df2edfa8-639c-4b30-b3f6-c2b9c2677992" testListId="8c84fa94-04c1-424b-9868-57a2d4851a1d" />
    <TestEntry testId="e04b8dc9-0daa-f3a3-0920-ffe979a486ce" executionId="b13fab37-7958-4a5b-9add-daaebe9204a2" testListId="8c84fa94-04c1-424b-9868-57a2d4851a1d" />
    <TestEntry testId="aacbad72-9acf-7716-1f8d-d11fa9137074" executionId="783becaa-8c44-42cc-9309-808d87edddfb" testListId="8c84fa94-04c1-424b-9868-57a2d4851a1d" />
    <TestEntry testId="008e0ab9-c055-6260-5cad-8c30f714b210" executionId="61c52cdb-967b-43cb-b860-238164393e41" testListId="8c84fa94-04c1-424b-9868-57a2d4851a1d" />
    <TestEntry testId="8e48178a-af81-57de-8f74-ad6ca479703b" executionId="061a7e67-6ac5-4e99-82a5-00d8c6bfa6b7" testListId="8c84fa94-04c1-424b-9868-57a2d4851a1d" />
    <TestEntry testId="670b474a-9e21-ba19-0931-926d99ace730" executionId="36ccf06b-695c-4161-abe9-9ac7ee8830fe" testListId="8c84fa94-04c1-424b-9868-57a2d4851a1d" />
    <TestEntry testId="91d6a99d-4818-f5b7-b9f5-2d4e427d1be3" executionId="567e2906-74fc-469b-aff2-9488b9429ab1" testListId="8c84fa94-04c1-424b-9868-57a2d4851a1d" />
    <TestEntry testId="49d7edf4-cdcd-52a8-0d00-27957568a799" executionId="4e48256a-78c9-4c73-884c-75f67840bf59" testListId="8c84fa94-04c1-424b-9868-57a2d4851a1d" />
    <TestEntry testId="b707340d-e747-b06b-0421-b8acfdc6085d" executionId="bdda7499-41e9-4ca1-96b3-d59bed5f8e4e" testListId="8c84fa94-04c1-424b-9868-57a2d4851a1d" />
    <TestEntry testId="5200d254-7169-db57-ab3b-0fe6c84da81b" executionId="ec16a2d9-803e-4708-a2d1-5a6a09acc7c1" testListId="8c84fa94-04c1-424b-9868-57a2d4851a1d" />
    <TestEntry testId="34f3f553-3b00-b57d-27a6-99fe7fe59b60" executionId="86a5b4a1-2b79-4e4b-ab7d-3e4b3dcfb028" testListId="8c84fa94-04c1-424b-9868-57a2d4851a1d" />
    <TestEntry testId="766969f9-7fd8-f9dd-8ad7-e4395354c9b1" executionId="6549d63c-44af-4caa-a758-4328f7e4e539" testListId="8c84fa94-04c1-424b-9868-57a2d4851a1d" />
    <TestEntry testId="074776b2-1bd5-7de5-7012-1ecb1ad94a03" executionId="2630c44d-74ea-475c-872c-feba071e7fa4" testListId="8c84fa94-04c1-424b-9868-57a2d4851a1d" />
    <TestEntry testId="06b68e39-085b-59c6-7654-8595e320bcca" executionId="44b4190b-921e-4a16-85a7-c2c3ab1c3efa" testListId="8c84fa94-04c1-424b-9868-57a2d4851a1d" />
    <TestEntry testId="c3edd630-253a-7ac1-bc8d-f2cbdfd1cec5" executionId="325441e9-967a-4dd4-ad0e-a1a2dac5de46" testListId="8c84fa94-04c1-424b-9868-57a2d4851a1d" />
    <TestEntry testId="aa555be4-07dc-fc57-2117-55d5a1f7cc5e" executionId="90a111f4-0ead-44d3-8584-80e8c150c581" testListId="8c84fa94-04c1-424b-9868-57a2d4851a1d" />
    <TestEntry testId="98d9bdfe-8f3c-e27e-22d0-e85147529d7f" executionId="740f5bed-3c0e-4a31-8d0f-dbdb6e905ec9" testListId="8c84fa94-04c1-424b-9868-57a2d4851a1d" />
    <TestEntry testId="7c783a46-0263-2894-d431-585edd62005f" executionId="bc4aabdd-5e87-45d8-8f01-e44890dce276" testListId="8c84fa94-04c1-424b-9868-57a2d4851a1d" />
    <TestEntry testId="13fd8a2b-c4dc-1f03-5878-fbbec661b262" executionId="4c949202-9f01-4f96-b2cd-c2474ed739e4" testListId="8c84fa94-04c1-424b-9868-57a2d4851a1d" />
    <TestEntry testId="13f32852-2e54-be51-aa3d-9ac0c84b9082" executionId="8ef0bbf7-bc57-4cef-a562-88fa56af2824" testListId="8c84fa94-04c1-424b-9868-57a2d4851a1d" />
    <TestEntry testId="34a149d1-6efd-6318-d56b-2db2571a674a" executionId="6ef5eef0-6f69-4e2c-b0ca-88c23a5c297d" testListId="8c84fa94-04c1-424b-9868-57a2d4851a1d" />
    <TestEntry testId="98fd2a98-cce3-89bf-8be2-5937a913e40d" executionId="f69b39ef-e6df-401b-b208-89168374f45b" testListId="8c84fa94-04c1-424b-9868-57a2d4851a1d" />
    <TestEntry testId="82b323a4-f3ad-ec7a-0243-ead3c079b5f3" executionId="86371843-3f30-4da7-8301-3382bc16b545" testListId="8c84fa94-04c1-424b-9868-57a2d4851a1d" />
    <TestEntry testId="a2be5f49-30ab-15f0-8262-2106ed0062c0" executionId="24bde840-f585-4bde-bee6-cf5b24f4f598" testListId="8c84fa94-04c1-424b-9868-57a2d4851a1d" />
    <TestEntry testId="2b0acfcc-c9a5-8528-a55e-c78aabfd23df" executionId="14e38e8d-1ff8-43f1-9826-b32c0761cad1" testListId="8c84fa94-04c1-424b-9868-57a2d4851a1d" />
    <TestEntry testId="bb6a32d7-c733-62e5-4633-738eea3ec3ad" executionId="c9bcd7b2-24f1-48f7-8ee1-44f5489e7a87" testListId="8c84fa94-04c1-424b-9868-57a2d4851a1d" />
  </TestEntries>
  <TestLists>
    <TestList name="Results Not in a List" id="8c84fa94-04c1-424b-9868-57a2d4851a1d" />
    <TestList name="All Loaded Results" id="19431567-8539-422a-85d7-44ee4e166bda" />
  </TestLists>
  <ResultSummary outcome="Completed">
    <Counters total="114" executed="114" passed="114" failed="0" error="0" timeout="0" aborted="0" inconclusive="0" passedButRunAborted="0" notRunnable="0" notExecuted="0" disconnected="0" warning="0" completed="0" inProgress="0" pending="0" />
    <Output>
      <StdOut>NUnit Adapter 4.5.0.0: Test execution started
Running all tests in /home/worlesenric/wkspace/gc-wt/w6-gate/dotnet/tests/GameCore.Derivation.Tests/bin/Release/net8.0/GameCore.Derivation.Tests.dll
   NUnit3TestExecutor discovered 114 of 114 NUnit test cases using Current Discovery mode, Non-Explicit run
NUnit Adapter 4.5.0.0: Test execution complete
</StdOut>
    </Output>
  </ResultSummary>
</TestRun>